<!DOCTYPE html>

<html>
  <head>
  <meta charset='utf-8'>
  <title>TestNG reports</title>

    <link type="text/css" href="testng-reports.css" rel="stylesheet" />  
    <script type="text/javascript" src="jquery-1.7.1.min.js"></script>
    <script type="text/javascript" src="testng-reports.js"></script>
    <script type="text/javascript" src="https://www.google.com/jsapi"></script>
    <script type='text/javascript'>
      google.load('visualization', '1', {packages:['table']});
      google.setOnLoadCallback(drawTable);
      var suiteTableInitFunctions = new Array();
      var suiteTableData = new Array();
    </script>
    <!--
      <script type="text/javascript" src="jquery-ui/js/jquery-ui-1.8.16.custom.min.js"></script>
     -->
  </head>

  <body>
    <div class="top-banner-root">
      <span class="top-banner-title-font">Test results</span>
      <br/>
      <span class="top-banner-font-1">1 suite, 16 failed tests</span>
    </div> <!-- top-banner-root -->
    <div class="navigator-root">
      <div class="navigator-suite-header">
        <span>All suites</span>
        <a href="#" class="collapse-all-link" title="Collapse/expand all the suites">
          <img class="collapse-all-icon" src="collapseall.gif">
          </img> <!-- collapse-all-icon -->
        </a> <!-- collapse-all-link -->
      </div> <!-- navigator-suite-header -->
      <div class="suite">
        <div class="rounded-window">
          <div class="suite-header light-rounded-window-top">
            <a href="#" class="navigator-link" panel-name="suite-Default_suite">
              <span class="suite-name border-failed">Default suite</span>
            </a> <!-- navigator-link -->
          </div> <!-- suite-header light-rounded-window-top -->
          <div class="navigator-suite-content">
            <div class="suite-section-title">
              <span>Info</span>
            </div> <!-- suite-section-title -->
            <div class="suite-section-content">
              <ul>
                <li>
                  <a href="#" class="navigator-link " panel-name="test-xml-Default_suite">
                    <span>C:\Users\sana.afroz\AppData\Local\Temp\testng-eclipse--695117101\testng-customsuite.xml</span>
                  </a> <!-- navigator-link  -->
                </li>
                <li>
                  <a href="#" class="navigator-link " panel-name="testlist-Default_suite">
                    <span class="test-stats">1 test</span>
                  </a> <!-- navigator-link  -->
                </li>
                <li>
                  <a href="#" class="navigator-link " panel-name="group-Default_suite">
                    <span>0 groups</span>
                  </a> <!-- navigator-link  -->
                </li>
                <li>
                  <a href="#" class="navigator-link " panel-name="times-Default_suite">
                    <span>Times</span>
                  </a> <!-- navigator-link  -->
                </li>
                <li>
                  <a href="#" class="navigator-link " panel-name="reporter-Default_suite">
                    <span>Reporter output</span>
                  </a> <!-- navigator-link  -->
                </li>
                <li>
                  <a href="#" class="navigator-link " panel-name="ignored-methods-Default_suite">
                    <span>Ignored methods</span>
                  </a> <!-- navigator-link  -->
                </li>
                <li>
                  <a href="#" class="navigator-link " panel-name="chronological-Default_suite">
                    <span>Chronological view</span>
                  </a> <!-- navigator-link  -->
                </li>
              </ul>
            </div> <!-- suite-section-content -->
            <div class="result-section">
              <div class="suite-section-title">
                <span>Results</span>
              </div> <!-- suite-section-title -->
              <div class="suite-section-content">
                <ul>
                  <li>
                    <span class="method-stats">82 methods, 16 failed,   66 passed</span>
                  </li>
                  <li>
                    <span class="method-list-title failed">Failed methods</span>
                    <span class="show-or-hide-methods failed">
                      <a href="#" panel-name="suite-Default_suite" class="hide-methods failed suite-Default_suite"> (hide)</a> <!-- hide-methods failed suite-Default_suite -->
                      <a href="#" panel-name="suite-Default_suite" class="show-methods failed suite-Default_suite"> (show)</a> <!-- show-methods failed suite-Default_suite -->
                    </span>
                    <div class="method-list-content failed suite-Default_suite">
                      <span>
                        <img width="3%" src="failed.png"/>
                        <a href="#" class="method navigator-link" panel-name="suite-Default_suite" title="com.znodellc.admin9xqa.Znode9X.executor.Execute" hash-for-method="getSteps(Attribute Test11, 71.0, Select a Simple Select dropdown from Attribute Type, DropDown, Znode9X.addNe...)">getSteps(Attribute Test11, 71.0, Select a Simple Select dropdown from Attribute Type, DropDown, Znode9X.addNe...)</a> <!-- method navigator-link -->
                      </span>
                      <br/>
                      <span>
                        <img width="3%" src="failed.png"/>
                        <a href="#" class="method navigator-link" panel-name="suite-Default_suite" title="com.znodellc.admin9xqa.Znode9X.executor.Execute" hash-for-method="getSteps(Attribute Test11, 72.0, Enter value in Code field, SendKeys, Znode9X.addNew.code, Size, NA, NA, , )">getSteps(Attribute Test11, 72.0, Enter value in Code field, SendKeys, Znode9X.addNew.code, Size, NA, NA, , )</a> <!-- method navigator-link -->
                      </span>
                      <br/>
                      <span>
                        <img width="3%" src="failed.png"/>
                        <a href="#" class="method navigator-link" panel-name="suite-Default_suite" title="com.znodellc.admin9xqa.Znode9X.executor.Execute" hash-for-method="getSteps(Attribute Test10, 66.0, Select Attribute Group DropDown, DropDown, Znode9X.addNew.attributeGroup, Zn...)">getSteps(Attribute Test10, 66.0, Select Attribute Group DropDown, DropDown, Znode9X.addNew.attributeGroup, Zn...)</a> <!-- method navigator-link -->
                      </span>
                      <br/>
                      <span>
                        <img width="3%" src="failed.png"/>
                        <a href="#" class="method navigator-link" panel-name="suite-Default_suite" title="com.znodellc.admin9xqa.Znode9X.executor.Execute" hash-for-method="getSteps(Attribute Test11, 80.0, Click on Save, Click, Znode9X.addNew.save, NA, NA, NA, , )">getSteps(Attribute Test11, 80.0, Click on Save, Click, Znode9X.addNew.save, NA, NA, NA, , )</a> <!-- method navigator-link -->
                      </span>
                      <br/>
                      <span>
                        <img width="3%" src="failed.png"/>
                        <a href="#" class="method navigator-link" panel-name="suite-Default_suite" title="com.znodellc.admin9xqa.Znode9X.executor.Execute" hash-for-method="getSteps(Attribute Test11, 78.0, Click on Yes in Is Used In Search, Click, Znode9X.addNew.yesUseInSearch, NA,...)">getSteps(Attribute Test11, 78.0, Click on Yes in Is Used In Search, Click, Znode9X.addNew.yesUseInSearch, NA,...)</a> <!-- method navigator-link -->
                      </span>
                      <br/>
                      <span>
                        <img width="3%" src="failed.png"/>
                        <a href="#" class="method navigator-link" panel-name="suite-Default_suite" title="com.znodellc.admin9xqa.Znode9X.executor.Execute" hash-for-method="getSteps(Attribute Test11, 76.0, Select Attribute Group DropDown, DropDown, Znode9X.addNew.attributeGroup, Im...)">getSteps(Attribute Test11, 76.0, Select Attribute Group DropDown, DropDown, Znode9X.addNew.attributeGroup, Im...)</a> <!-- method navigator-link -->
                      </span>
                      <br/>
                      <span>
                        <img width="3%" src="failed.png"/>
                        <a href="#" class="method navigator-link" panel-name="suite-Default_suite" title="com.znodellc.admin9xqa.Znode9X.executor.Execute" hash-for-method="getSteps(Attribute Test10, 69.0, Click on Cancel button, Click, Znode9X.addNew.cancel, NA, NA, NA, , )">getSteps(Attribute Test10, 69.0, Click on Cancel button, Click, Znode9X.addNew.cancel, NA, NA, NA, , )</a> <!-- method navigator-link -->
                      </span>
                      <br/>
                      <span>
                        <img width="3%" src="failed.png"/>
                        <a href="#" class="method navigator-link" panel-name="suite-Default_suite" title="com.znodellc.admin9xqa.Znode9X.executor.Execute" hash-for-method="getSteps(Attribute Test11, 77.0, Click on No in Is Comparable field, Click, Znode9X.addNew.noComparable, NA, ...)">getSteps(Attribute Test11, 77.0, Click on No in Is Comparable field, Click, Znode9X.addNew.noComparable, NA, ...)</a> <!-- method navigator-link -->
                      </span>
                      <br/>
                      <span>
                        <img width="3%" src="failed.png"/>
                        <a href="#" class="method navigator-link" panel-name="suite-Default_suite" title="com.znodellc.admin9xqa.Znode9X.executor.Execute" hash-for-method="getSteps(Attribute Test10, 68.0, Check for Validation, Assertion, Znode9X.addNew.saveValidation, Record creat...)">getSteps(Attribute Test10, 68.0, Check for Validation, Assertion, Znode9X.addNew.saveValidation, Record creat...)</a> <!-- method navigator-link -->
                      </span>
                      <br/>
                      <span>
                        <img width="3%" src="failed.png"/>
                        <a href="#" class="method navigator-link" panel-name="suite-Default_suite" title="com.znodellc.admin9xqa.Znode9X.executor.Execute" hash-for-method="getSteps(Attribute Test11, 73.0, Click on No in Required Field, Click, Znode9X.addNew.noRequired, NA, NA, NA,...)">getSteps(Attribute Test11, 73.0, Click on No in Required Field, Click, Znode9X.addNew.noRequired, NA, NA, NA,...)</a> <!-- method navigator-link -->
                      </span>
                      <br/>
                      <span>
                        <img width="3%" src="failed.png"/>
                        <a href="#" class="method navigator-link" panel-name="suite-Default_suite" title="com.znodellc.admin9xqa.Znode9X.executor.Execute" hash-for-method="getSteps(Attribute Test11, 81.0, Check for Validation, Assertion, Znode9X.addNew.saveValidation, Record creat...)">getSteps(Attribute Test11, 81.0, Check for Validation, Assertion, Znode9X.addNew.saveValidation, Record creat...)</a> <!-- method navigator-link -->
                      </span>
                      <br/>
                      <span>
                        <img width="3%" src="failed.png"/>
                        <a href="#" class="method navigator-link" panel-name="suite-Default_suite" title="com.znodellc.admin9xqa.Znode9X.executor.Execute" hash-for-method="getSteps(Attribute Test11, 70.0, Click on AddNew, Click, Znode9X.addNew.addnewoption, NA, NA, NA, , )">getSteps(Attribute Test11, 70.0, Click on AddNew, Click, Znode9X.addNew.addnewoption, NA, NA, NA, , )</a> <!-- method navigator-link -->
                      </span>
                      <br/>
                      <span>
                        <img width="3%" src="failed.png"/>
                        <a href="#" class="method navigator-link" panel-name="suite-Default_suite" title="com.znodellc.admin9xqa.Znode9X.executor.Execute" hash-for-method="getSteps(Attribute Test11, 82.0, Click on Cancel button, Click, Znode9X.addNew.cancel, NA, NA, NA, , )">getSteps(Attribute Test11, 82.0, Click on Cancel button, Click, Znode9X.addNew.cancel, NA, NA, NA, , )</a> <!-- method navigator-link -->
                      </span>
                      <br/>
                      <span>
                        <img width="3%" src="failed.png"/>
                        <a href="#" class="method navigator-link" panel-name="suite-Default_suite" title="com.znodellc.admin9xqa.Znode9X.executor.Execute" hash-for-method="getSteps(Attribute Test11, 75.0, Click on No in Is Localizable field, Click, Znode9X.addNew.noLocalizable, NA...)">getSteps(Attribute Test11, 75.0, Click on No in Is Localizable field, Click, Znode9X.addNew.noLocalizable, NA...)</a> <!-- method navigator-link -->
                      </span>
                      <br/>
                      <span>
                        <img width="3%" src="failed.png"/>
                        <a href="#" class="method navigator-link" panel-name="suite-Default_suite" title="com.znodellc.admin9xqa.Znode9X.executor.Execute" hash-for-method="getSteps(Attribute Test11, 79.0, Click on Yes in Is Used for facets  field, Click, Znode9X.addNew.yesIsUseFor...)">getSteps(Attribute Test11, 79.0, Click on Yes in Is Used for facets  field, Click, Znode9X.addNew.yesIsUseFor...)</a> <!-- method navigator-link -->
                      </span>
                      <br/>
                      <span>
                        <img width="3%" src="failed.png"/>
                        <a href="#" class="method navigator-link" panel-name="suite-Default_suite" title="com.znodellc.admin9xqa.Znode9X.executor.Execute" hash-for-method="getSteps(Attribute Test11, 74.0, Click on Yes in Is configurable field, Click, Znode9X.addNew.yesIsConfigurab...)">getSteps(Attribute Test11, 74.0, Click on Yes in Is configurable field, Click, Znode9X.addNew.yesIsConfigurab...)</a> <!-- method navigator-link -->
                      </span>
                      <br/>
                    </div> <!-- method-list-content failed suite-Default_suite -->
                  </li>
                  <li>
                    <span class="method-list-title passed">Passed methods</span>
                    <span class="show-or-hide-methods passed">
                      <a href="#" panel-name="suite-Default_suite" class="hide-methods passed suite-Default_suite"> (hide)</a> <!-- hide-methods passed suite-Default_suite -->
                      <a href="#" panel-name="suite-Default_suite" class="show-methods passed suite-Default_suite"> (show)</a> <!-- show-methods passed suite-Default_suite -->
                    </span>
                    <div class="method-list-content passed suite-Default_suite">
                      <span>
                        <img width="3%" src="passed.png"/>
                        <a href="#" class="method navigator-link" panel-name="suite-Default_suite" title="com.znodellc.admin9xqa.Znode9X.executor.Execute" hash-for-method="getSteps(Attribute Test9, 58.0, Check for Validation, Assertion, Znode9X.addNew.saveValidation, Record create...)">getSteps(Attribute Test9, 58.0, Check for Validation, Assertion, Znode9X.addNew.saveValidation, Record create...)</a> <!-- method navigator-link -->
                      </span>
                      <br/>
                      <span>
                        <img width="3%" src="passed.png"/>
                        <a href="#" class="method navigator-link" panel-name="suite-Default_suite" title="com.znodellc.admin9xqa.Znode9X.executor.Execute" hash-for-method="getSteps(Attribute Test6, 29.0, Click on Cancel button, Click, Znode9X.addNew.cancel, NA, NA, NA, , )">getSteps(Attribute Test6, 29.0, Click on Cancel button, Click, Znode9X.addNew.cancel, NA, NA, NA, , )</a> <!-- method navigator-link -->
                      </span>
                      <br/>
                      <span>
                        <img width="3%" src="passed.png"/>
                        <a href="#" class="method navigator-link" panel-name="suite-Default_suite" title="com.znodellc.admin9xqa.Znode9X.executor.Execute" hash-for-method="getSteps(Attribute Test8, 44.0, Enter value in Help Description field, SendKeys, Znode9X.addNew.helpDescripti...)">getSteps(Attribute Test8, 44.0, Enter value in Help Description field, SendKeys, Znode9X.addNew.helpDescripti...)</a> <!-- method navigator-link -->
                      </span>
                      <br/>
                      <span>
                        <img width="3%" src="passed.png"/>
                        <a href="#" class="method navigator-link" panel-name="suite-Default_suite" title="com.znodellc.admin9xqa.Znode9X.executor.Execute" hash-for-method="getSteps(Attribute Test8, 46.0, Check for Validation, Assertion, Znode9X.addNew.saveValidation, Record create...)">getSteps(Attribute Test8, 46.0, Check for Validation, Assertion, Znode9X.addNew.saveValidation, Record create...)</a> <!-- method navigator-link -->
                      </span>
                      <br/>
                      <span>
                        <img width="3%" src="passed.png"/>
                        <a href="#" class="method navigator-link" panel-name="suite-Default_suite" title="com.znodellc.admin9xqa.Znode9X.executor.Execute" hash-for-method="getSteps(Attribute Test6, 27.0, Click on Save, Click, Znode9X.addNew.save, NA, NA, NA, , )">getSteps(Attribute Test6, 27.0, Click on Save, Click, Znode9X.addNew.save, NA, NA, NA, , )</a> <!-- method navigator-link -->
                      </span>
                      <br/>
                      <span>
                        <img width="3%" src="passed.png"/>
                        <a href="#" class="method navigator-link" panel-name="suite-Default_suite" title="com.znodellc.admin9xqa.Znode9X.executor.Execute" hash-for-method="getSteps(Attribute Test7, 30.0, Click on Add New, Click, Znode9X.addNew.addnewoption, NA, NA, NA, , )">getSteps(Attribute Test7, 30.0, Click on Add New, Click, Znode9X.addNew.addnewoption, NA, NA, NA, , )</a> <!-- method navigator-link -->
                      </span>
                      <br/>
                      <span>
                        <img width="3%" src="passed.png"/>
                        <a href="#" class="method navigator-link" panel-name="suite-Default_suite" title="com.znodellc.admin9xqa.Znode9X.executor.Execute" hash-for-method="getSteps(Attribute Test6, 26.0, Enter already available code in code field, SendKeys, Znode9X.addNew.code, Co...)">getSteps(Attribute Test6, 26.0, Enter already available code in code field, SendKeys, Znode9X.addNew.code, Co...)</a> <!-- method navigator-link -->
                      </span>
                      <br/>
                      <span>
                        <img width="3%" src="passed.png"/>
                        <a href="#" class="method navigator-link" panel-name="suite-Default_suite" title="com.znodellc.admin9xqa.Znode9X.executor.Execute" hash-for-method="getSteps(Attribute Test1, 2.0, Enter correct username, SendKeys, Znode9X.addNew.username, admin@znode.com, NA...)">getSteps(Attribute Test1, 2.0, Enter correct username, SendKeys, Znode9X.addNew.username, admin@znode.com, NA...)</a> <!-- method navigator-link -->
                      </span>
                      <br/>
                      <span>
                        <img width="3%" src="passed.png"/>
                        <a href="#" class="method navigator-link" panel-name="suite-Default_suite" title="com.znodellc.admin9xqa.Znode9X.executor.Execute" hash-for-method="getSteps(Attribute Test9, 59.0, Click on Cancel button, Click, Znode9X.addNew.cancel, NA, NA, NA, , )">getSteps(Attribute Test9, 59.0, Click on Cancel button, Click, Znode9X.addNew.cancel, NA, NA, NA, , )</a> <!-- method navigator-link -->
                      </span>
                      <br/>
                      <span>
                        <img width="3%" src="passed.png"/>
                        <a href="#" class="method navigator-link" panel-name="suite-Default_suite" title="com.znodellc.admin9xqa.Znode9X.executor.Execute" hash-for-method="getSteps(Attribute Test1, 6.0, Click on products attribute in PIM module, Click, Znode9X.addNew.productAttrib...)">getSteps(Attribute Test1, 6.0, Click on products attribute in PIM module, Click, Znode9X.addNew.productAttrib...)</a> <!-- method navigator-link -->
                      </span>
                      <br/>
                      <span>
                        <img width="3%" src="passed.png"/>
                        <a href="#" class="method navigator-link" panel-name="suite-Default_suite" title="com.znodellc.admin9xqa.Znode9X.executor.Execute" hash-for-method="getSteps(Attribute Test9, 57.0, Click on Save, Click, Znode9X.addNew.save, NA, NA, NA, , )">getSteps(Attribute Test9, 57.0, Click on Save, Click, Znode9X.addNew.save, NA, NA, NA, , )</a> <!-- method navigator-link -->
                      </span>
                      <br/>
                      <span>
                        <img width="3%" src="passed.png"/>
                        <a href="#" class="method navigator-link" panel-name="suite-Default_suite" title="com.znodellc.admin9xqa.Znode9X.executor.Execute" hash-for-method="getSteps(Attribute Test7, 31.0, Select a Yes/No dropdown in Attribute Type, DropDown, Znode9X.addNew.attribut...)">getSteps(Attribute Test7, 31.0, Select a Yes/No dropdown in Attribute Type, DropDown, Znode9X.addNew.attribut...)</a> <!-- method navigator-link -->
                      </span>
                      <br/>
                      <span>
                        <img width="3%" src="passed.png"/>
                        <a href="#" class="method navigator-link" panel-name="suite-Default_suite" title="com.znodellc.admin9xqa.Znode9X.executor.Execute" hash-for-method="getSteps(Attribute Test7, 32.0, Enter value in Code field, SendKeys, Znode9X.addNew.code, Support, NA, NA, , )">getSteps(Attribute Test7, 32.0, Enter value in Code field, SendKeys, Znode9X.addNew.code, Support, NA, NA, , )</a> <!-- method navigator-link -->
                      </span>
                      <br/>
                      <span>
                        <img width="3%" src="passed.png"/>
                        <a href="#" class="method navigator-link" panel-name="suite-Default_suite" title="com.znodellc.admin9xqa.Znode9X.executor.Execute" hash-for-method="getSteps(Attribute Test2, 8.0, Keep all the fields Blank and click on Cancel button, Click, Znode9X.addNew.ca...)">getSteps(Attribute Test2, 8.0, Keep all the fields Blank and click on Cancel button, Click, Znode9X.addNew.ca...)</a> <!-- method navigator-link -->
                      </span>
                      <br/>
                      <span>
                        <img width="3%" src="passed.png"/>
                        <a href="#" class="method navigator-link" panel-name="suite-Default_suite" title="com.znodellc.admin9xqa.Znode9X.executor.Execute" hash-for-method="getSteps(Attribute Test5, 23.0, Click on Cancel button, Click, Znode9X.addNew.cancel, NA, NA, NA, , )">getSteps(Attribute Test5, 23.0, Click on Cancel button, Click, Znode9X.addNew.cancel, NA, NA, NA, , )</a> <!-- method navigator-link -->
                      </span>
                      <br/>
                      <span>
                        <img width="3%" src="passed.png"/>
                        <a href="#" class="method navigator-link" panel-name="suite-Default_suite" title="com.znodellc.admin9xqa.Znode9X.executor.Execute" hash-for-method="getSteps(Attribute Test4, 15.0, Keep all the fields blank and click on Save&amp;Close Button, Click, Znode9X.addN...)">getSteps(Attribute Test4, 15.0, Keep all the fields blank and click on Save&Close Button, Click, Znode9X.addN...)</a> <!-- method navigator-link -->
                      </span>
                      <br/>
                      <span>
                        <img width="3%" src="passed.png"/>
                        <a href="#" class="method navigator-link" panel-name="suite-Default_suite" title="com.znodellc.admin9xqa.Znode9X.executor.Execute" hash-for-method="getSteps(Attribute Test5, 18.0, Click on Add New, Click, Znode9X.addNew.addnewoption, NA, NA, NA, , )">getSteps(Attribute Test5, 18.0, Click on Add New, Click, Znode9X.addNew.addnewoption, NA, NA, NA, , )</a> <!-- method navigator-link -->
                      </span>
                      <br/>
                      <span>
                        <img width="3%" src="passed.png"/>
                        <a href="#" class="method navigator-link" panel-name="suite-Default_suite" title="com.znodellc.admin9xqa.Znode9X.executor.Execute" hash-for-method="getSteps(Attribute Test9, 53.0, Click on No in Is Comparable field, Click, Znode9X.addNew.noComparable, NA, N...)">getSteps(Attribute Test9, 53.0, Click on No in Is Comparable field, Click, Znode9X.addNew.noComparable, NA, N...)</a> <!-- method navigator-link -->
                      </span>
                      <br/>
                      <span>
                        <img width="3%" src="passed.png"/>
                        <a href="#" class="method navigator-link" panel-name="suite-Default_suite" title="com.znodellc.admin9xqa.Znode9X.executor.Execute" hash-for-method="getSteps(Attribute Test8, 45.0, Click on Save, Click, Znode9X.addNew.save, NA, NA, NA, , )">getSteps(Attribute Test8, 45.0, Click on Save, Click, Znode9X.addNew.save, NA, NA, NA, , )</a> <!-- method navigator-link -->
                      </span>
                      <br/>
                      <span>
                        <img width="3%" src="passed.png"/>
                        <a href="#" class="method navigator-link" panel-name="suite-Default_suite" title="com.znodellc.admin9xqa.Znode9X.executor.Execute" hash-for-method="getSteps(Attribute Test9, 54.0, Click on Yes in Is Used In Search, Click, Znode9X.addNew.yesUseInSearch, NA, ...)">getSteps(Attribute Test9, 54.0, Click on Yes in Is Used In Search, Click, Znode9X.addNew.yesUseInSearch, NA, ...)</a> <!-- method navigator-link -->
                      </span>
                      <br/>
                      <span>
                        <img width="3%" src="passed.png"/>
                        <a href="#" class="method navigator-link" panel-name="suite-Default_suite" title="com.znodellc.admin9xqa.Znode9X.executor.Execute" hash-for-method="getSteps(Attribute Test5, 21.0, Click on Save, Click, Znode9X.addNew.save, NA, NA, NA, , )">getSteps(Attribute Test5, 21.0, Click on Save, Click, Znode9X.addNew.save, NA, NA, NA, , )</a> <!-- method navigator-link -->
                      </span>
                      <br/>
                      <span>
                        <img width="3%" src="passed.png"/>
                        <a href="#" class="method navigator-link" panel-name="suite-Default_suite" title="com.znodellc.admin9xqa.Znode9X.executor.Execute" hash-for-method="getSteps(Attribute Test7, 34.0, Enter value in Help Description field, SendKeys, Znode9X.addNew.helpDescripti...)">getSteps(Attribute Test7, 34.0, Enter value in Help Description field, SendKeys, Znode9X.addNew.helpDescripti...)</a> <!-- method navigator-link -->
                      </span>
                      <br/>
                      <span>
                        <img width="3%" src="passed.png"/>
                        <a href="#" class="method navigator-link" panel-name="suite-Default_suite" title="com.znodellc.admin9xqa.Znode9X.executor.Execute" hash-for-method="getSteps(Attribute Test3, 10.0, Click on Add New, Click, Znode9X.addNew.addnewoption, NA, NA, NA, , )">getSteps(Attribute Test3, 10.0, Click on Add New, Click, Znode9X.addNew.addnewoption, NA, NA, NA, , )</a> <!-- method navigator-link -->
                      </span>
                      <br/>
                      <span>
                        <img width="3%" src="passed.png"/>
                        <a href="#" class="method navigator-link" panel-name="suite-Default_suite" title="com.znodellc.admin9xqa.Znode9X.executor.Execute" hash-for-method="getSteps(Attribute Test6, 25.0, Select a text dropdown in Attribute Type, DropDown, Znode9X.addNew.attributeT...)">getSteps(Attribute Test6, 25.0, Select a text dropdown in Attribute Type, DropDown, Znode9X.addNew.attributeT...)</a> <!-- method navigator-link -->
                      </span>
                      <br/>
                      <span>
                        <img width="3%" src="passed.png"/>
                        <a href="#" class="method navigator-link" panel-name="suite-Default_suite" title="com.znodellc.admin9xqa.Znode9X.executor.Execute" hash-for-method="getSteps(Attribute Test10, 64.0, Select Validation Rule Dropdown, DropDown, Znode9X.addNew.validationRule, Al...)">getSteps(Attribute Test10, 64.0, Select Validation Rule Dropdown, DropDown, Znode9X.addNew.validationRule, Al...)</a> <!-- method navigator-link -->
                      </span>
                      <br/>
                      <span>
                        <img width="3%" src="passed.png"/>
                        <a href="#" class="method navigator-link" panel-name="suite-Default_suite" title="com.znodellc.admin9xqa.Znode9X.executor.Execute" hash-for-method="getSteps(Attribute Test9, 55.0, Enter value in Help Description field, SendKeys, Znode9X.addNew.helpDescripti...)">getSteps(Attribute Test9, 55.0, Enter value in Help Description field, SendKeys, Znode9X.addNew.helpDescripti...)</a> <!-- method navigator-link -->
                      </span>
                      <br/>
                      <span>
                        <img width="3%" src="passed.png"/>
                        <a href="#" class="method navigator-link" panel-name="suite-Default_suite" title="com.znodellc.admin9xqa.Znode9X.executor.Execute" hash-for-method="getSteps(Attribute Test7, 35.0, Click on Save, Click, Znode9X.addNew.save, NA, NA, NA, , )">getSteps(Attribute Test7, 35.0, Click on Save, Click, Znode9X.addNew.save, NA, NA, NA, , )</a> <!-- method navigator-link -->
                      </span>
                      <br/>
                      <span>
                        <img width="3%" src="passed.png"/>
                        <a href="#" class="method navigator-link" panel-name="suite-Default_suite" title="com.znodellc.admin9xqa.Znode9X.executor.Execute" hash-for-method="getSteps(Attribute Test8, 41.0, Click on No in Is Localizable field, Click, Znode9X.addNew.noLocalizable, NA,...)">getSteps(Attribute Test8, 41.0, Click on No in Is Localizable field, Click, Znode9X.addNew.noLocalizable, NA,...)</a> <!-- method navigator-link -->
                      </span>
                      <br/>
                      <span>
                        <img width="3%" src="passed.png"/>
                        <a href="#" class="method navigator-link" panel-name="suite-Default_suite" title="com.znodellc.admin9xqa.Znode9X.executor.Execute" hash-for-method="getSteps(Attribute Test10, 60.0, Click on AddNew, Click, Znode9X.addNew.addnewoption, NA, NA, NA, , )">getSteps(Attribute Test10, 60.0, Click on AddNew, Click, Znode9X.addNew.addnewoption, NA, NA, NA, , )</a> <!-- method navigator-link -->
                      </span>
                      <br/>
                      <span>
                        <img width="3%" src="passed.png"/>
                        <a href="#" class="method navigator-link" panel-name="suite-Default_suite" title="com.znodellc.admin9xqa.Znode9X.executor.Execute" hash-for-method="getSteps(Attribute Test5, 22.0, Check for Validation, Assertion, Znode9X.addNew.saveValidation, Record create...)">getSteps(Attribute Test5, 22.0, Check for Validation, Assertion, Znode9X.addNew.saveValidation, Record create...)</a> <!-- method navigator-link -->
                      </span>
                      <br/>
                      <span>
                        <img width="3%" src="passed.png"/>
                        <a href="#" class="method navigator-link" panel-name="suite-Default_suite" title="com.znodellc.admin9xqa.Znode9X.executor.Execute" hash-for-method="getSteps(Attribute Test7, 36.0, Check for Validation, Assertion, Znode9X.addNew.saveValidation, Record create...)">getSteps(Attribute Test7, 36.0, Check for Validation, Assertion, Znode9X.addNew.saveValidation, Record create...)</a> <!-- method navigator-link -->
                      </span>
                      <br/>
                      <span>
                        <img width="3%" src="passed.png"/>
                        <a href="#" class="method navigator-link" panel-name="suite-Default_suite" title="com.znodellc.admin9xqa.Znode9X.executor.Execute" hash-for-method="getSteps(Attribute Test3, 11.0, Keep all the fields blank and Click on Save Button, Click, Znode9X.addNew.sav...)">getSteps(Attribute Test3, 11.0, Keep all the fields blank and Click on Save Button, Click, Znode9X.addNew.sav...)</a> <!-- method navigator-link -->
                      </span>
                      <br/>
                      <span>
                        <img width="3%" src="passed.png"/>
                        <a href="#" class="method navigator-link" panel-name="suite-Default_suite" title="com.znodellc.admin9xqa.Znode9X.executor.Execute" hash-for-method="getSteps(Attribute Test7, 33.0, Select Attribute Group DropDown, DropDown, Znode9X.addNew.attributeGroup, Pro...)">getSteps(Attribute Test7, 33.0, Select Attribute Group DropDown, DropDown, Znode9X.addNew.attributeGroup, Pro...)</a> <!-- method navigator-link -->
                      </span>
                      <br/>
                      <span>
                        <img width="3%" src="passed.png"/>
                        <a href="#" class="method navigator-link" panel-name="suite-Default_suite" title="com.znodellc.admin9xqa.Znode9X.executor.Execute" hash-for-method="getSteps(Attribute Test10, 63.0, Click on Yes in Is Personizable field, Click, Znode9X.addNew.yesIsPersonaliz...)">getSteps(Attribute Test10, 63.0, Click on Yes in Is Personizable field, Click, Znode9X.addNew.yesIsPersonaliz...)</a> <!-- method navigator-link -->
                      </span>
                      <br/>
                      <span>
                        <img width="3%" src="passed.png"/>
                        <a href="#" class="method navigator-link" panel-name="suite-Default_suite" title="com.znodellc.admin9xqa.Znode9X.executor.Execute" hash-for-method="getSteps(Attribute Test5, 19.0, Select a text dropdown in Attribute Type, DropDown, Znode9X.addNew.attributeT...)">getSteps(Attribute Test5, 19.0, Select a text dropdown in Attribute Type, DropDown, Znode9X.addNew.attributeT...)</a> <!-- method navigator-link -->
                      </span>
                      <br/>
                      <span>
                        <img width="3%" src="passed.png"/>
                        <a href="#" class="method navigator-link" panel-name="suite-Default_suite" title="com.znodellc.admin9xqa.Znode9X.executor.Execute" hash-for-method="getSteps(Attribute Test4, 16.0, Check for Validation, Assertion, Znode9X.addNew.codeValidation, Please enter ...)">getSteps(Attribute Test4, 16.0, Check for Validation, Assertion, Znode9X.addNew.codeValidation, Please enter ...)</a> <!-- method navigator-link -->
                      </span>
                      <br/>
                      <span>
                        <img width="3%" src="passed.png"/>
                        <a href="#" class="method navigator-link" panel-name="suite-Default_suite" title="com.znodellc.admin9xqa.Znode9X.executor.Execute" hash-for-method="getSteps(Attribute Test9, 52.0, Select Attribute Group DropDown, DropDown, Znode9X.addNew.attributeGroup, Shi...)">getSteps(Attribute Test9, 52.0, Select Attribute Group DropDown, DropDown, Znode9X.addNew.attributeGroup, Shi...)</a> <!-- method navigator-link -->
                      </span>
                      <br/>
                      <span>
                        <img width="3%" src="passed.png"/>
                        <a href="#" class="method navigator-link" panel-name="suite-Default_suite" title="com.znodellc.admin9xqa.Znode9X.executor.Execute" hash-for-method="getSteps(Attribute Test3, 13.0, Click on Cancel button, Click, Znode9X.addNew.cancel, NA, NA, NA, , )">getSteps(Attribute Test3, 13.0, Click on Cancel button, Click, Znode9X.addNew.cancel, NA, NA, NA, , )</a> <!-- method navigator-link -->
                      </span>
                      <br/>
                      <span>
                        <img width="3%" src="passed.png"/>
                        <a href="#" class="method navigator-link" panel-name="suite-Default_suite" title="com.znodellc.admin9xqa.Znode9X.executor.Execute" hash-for-method="getSteps(Attribute Test2, 7.0, Click on Add New, Click, Znode9X.addNew.addnewoption, NA, NA, NA, , )">getSteps(Attribute Test2, 7.0, Click on Add New, Click, Znode9X.addNew.addnewoption, NA, NA, NA, , )</a> <!-- method navigator-link -->
                      </span>
                      <br/>
                      <span>
                        <img width="3%" src="passed.png"/>
                        <a href="#" class="method navigator-link" panel-name="suite-Default_suite" title="com.znodellc.admin9xqa.Znode9X.executor.Execute" hash-for-method="getSteps(Attribute Test9, 47.0, Click on Add New, Click, Znode9X.addNew.addnewoption, NA, NA, NA, , )">getSteps(Attribute Test9, 47.0, Click on Add New, Click, Znode9X.addNew.addnewoption, NA, NA, NA, , )</a> <!-- method navigator-link -->
                      </span>
                      <br/>
                      <span>
                        <img width="3%" src="passed.png"/>
                        <a href="#" class="method navigator-link" panel-name="suite-Default_suite" title="com.znodellc.admin9xqa.Znode9X.executor.Execute" hash-for-method="getSteps(Attribute Test10, 61.0, Select a Text dropdown from Attribute Type, DropDown, Znode9X.addNew.attribu...)">getSteps(Attribute Test10, 61.0, Select a Text dropdown from Attribute Type, DropDown, Znode9X.addNew.attribu...)</a> <!-- method navigator-link -->
                      </span>
                      <br/>
                      <span>
                        <img width="3%" src="passed.png"/>
                        <a href="#" class="method navigator-link" panel-name="suite-Default_suite" title="com.znodellc.admin9xqa.Znode9X.executor.Execute" hash-for-method="getSteps(Attribute Test8, 43.0, Select Attribute Group DropDown, DropDown, Znode9X.addNew.attributeGroup, Pro...)">getSteps(Attribute Test8, 43.0, Select Attribute Group DropDown, DropDown, Znode9X.addNew.attributeGroup, Pro...)</a> <!-- method navigator-link -->
                      </span>
                      <br/>
                      <span>
                        <img width="3%" src="passed.png"/>
                        <a href="#" class="method navigator-link" panel-name="suite-Default_suite" title="com.znodellc.admin9xqa.Znode9X.executor.Execute" hash-for-method="getSteps(Attribute Test8, 47.0, Click on Cancel button, Click, Znode9X.addNew.cancel, NA, NA, NA, , )">getSteps(Attribute Test8, 47.0, Click on Cancel button, Click, Znode9X.addNew.cancel, NA, NA, NA, , )</a> <!-- method navigator-link -->
                      </span>
                      <br/>
                      <span>
                        <img width="3%" src="passed.png"/>
                        <a href="#" class="method navigator-link" panel-name="suite-Default_suite" title="com.znodellc.admin9xqa.Znode9X.executor.Execute" hash-for-method="getSteps(Attribute Test5, 20.0, Enter the value in Code field and keep locale field Blank, SendKeys, Znode9X....)">getSteps(Attribute Test5, 20.0, Enter the value in Code field and keep locale field Blank, SendKeys, Znode9X....)</a> <!-- method navigator-link -->
                      </span>
                      <br/>
                      <span>
                        <img width="3%" src="passed.png"/>
                        <a href="#" class="method navigator-link" panel-name="suite-Default_suite" title="com.znodellc.admin9xqa.Znode9X.executor.Execute" hash-for-method="getSteps(Attribute Test8, 40.0, Enter value in Code field, SendKeys, Znode9X.addNew.code, Fabric, NA, NA, , )">getSteps(Attribute Test8, 40.0, Enter value in Code field, SendKeys, Znode9X.addNew.code, Fabric, NA, NA, , )</a> <!-- method navigator-link -->
                      </span>
                      <br/>
                      <span>
                        <img width="3%" src="passed.png"/>
                        <a href="#" class="method navigator-link" panel-name="suite-Default_suite" title="com.znodellc.admin9xqa.Znode9X.executor.Execute" hash-for-method="getSteps(Attribute Test9, 48.0, Select a Text Area dropdown from Attribute Type, DropDown, Znode9X.addNew.att...)">getSteps(Attribute Test9, 48.0, Select a Text Area dropdown from Attribute Type, DropDown, Znode9X.addNew.att...)</a> <!-- method navigator-link -->
                      </span>
                      <br/>
                      <span>
                        <img width="3%" src="passed.png"/>
                        <a href="#" class="method navigator-link" panel-name="suite-Default_suite" title="com.znodellc.admin9xqa.Znode9X.executor.Execute" hash-for-method="getSteps(Attribute Test8, 42.0, Click on Yes in WYSIWYG Enabled, Click, Znode9X.addNew.yesWYSIWYGEnabled, NA,...)">getSteps(Attribute Test8, 42.0, Click on Yes in WYSIWYG Enabled, Click, Znode9X.addNew.yesWYSIWYGEnabled, NA,...)</a> <!-- method navigator-link -->
                      </span>
                      <br/>
                      <span>
                        <img width="3%" src="passed.png"/>
                        <a href="#" class="method navigator-link" panel-name="suite-Default_suite" title="com.znodellc.admin9xqa.Znode9X.executor.Execute" hash-for-method="getSteps(Attribute Test1, 3.0, Enter correct password, SendKeys, Znode9X.addNew.password, admin12345, NA, NA,...)">getSteps(Attribute Test1, 3.0, Enter correct password, SendKeys, Znode9X.addNew.password, admin12345, NA, NA,...)</a> <!-- method navigator-link -->
                      </span>
                      <br/>
                      <span>
                        <img width="3%" src="passed.png"/>
                        <a href="#" class="method navigator-link" panel-name="suite-Default_suite" title="com.znodellc.admin9xqa.Znode9X.executor.Execute" hash-for-method="getSteps(Attribute Test9, 51.0, Enter value in Max Characters field, SendKeys, Znode9X.addNew.maxChar, 100, N...)">getSteps(Attribute Test9, 51.0, Enter value in Max Characters field, SendKeys, Znode9X.addNew.maxChar, 100, N...)</a> <!-- method navigator-link -->
                      </span>
                      <br/>
                      <span>
                        <img width="3%" src="passed.png"/>
                        <a href="#" class="method navigator-link" panel-name="suite-Default_suite" title="com.znodellc.admin9xqa.Znode9X.executor.Execute" hash-for-method="getSteps(Attribute Test2, 9.0, It navigates back to Attribute page., AssertPageTitle, Znode9X.addNew.Validati...)">getSteps(Attribute Test2, 9.0, It navigates back to Attribute page., AssertPageTitle, Znode9X.addNew.Validati...)</a> <!-- method navigator-link -->
                      </span>
                      <br/>
                      <span>
                        <img width="3%" src="passed.png"/>
                        <a href="#" class="method navigator-link" panel-name="suite-Default_suite" title="com.znodellc.admin9xqa.Znode9X.executor.Execute" hash-for-method="getSteps(Attribute Test9, 50.0, Click on No in WYSIWYG Enabled field, Click, Znode9X.addNew.noWYSIWYGEnabled,...)">getSteps(Attribute Test9, 50.0, Click on No in WYSIWYG Enabled field, Click, Znode9X.addNew.noWYSIWYGEnabled,...)</a> <!-- method navigator-link -->
                      </span>
                      <br/>
                      <span>
                        <img width="3%" src="passed.png"/>
                        <a href="#" class="method navigator-link" panel-name="suite-Default_suite" title="com.znodellc.admin9xqa.Znode9X.executor.Execute" hash-for-method="getSteps(Attribute Test8, 39.0, Select a Text Area dropdown from Attribute Type, DropDown, Znode9X.addNew.att...)">getSteps(Attribute Test8, 39.0, Select a Text Area dropdown from Attribute Type, DropDown, Znode9X.addNew.att...)</a> <!-- method navigator-link -->
                      </span>
                      <br/>
                      <span>
                        <img width="3%" src="passed.png"/>
                        <a href="#" class="method navigator-link" panel-name="suite-Default_suite" title="com.znodellc.admin9xqa.Znode9X.executor.Execute" hash-for-method="getSteps(Attribute Test1, 5.0, Click on Menu button, Click, Znode9X.addNew.menu, NA, NA, NA, , )">getSteps(Attribute Test1, 5.0, Click on Menu button, Click, Znode9X.addNew.menu, NA, NA, NA, , )</a> <!-- method navigator-link -->
                      </span>
                      <br/>
                      <span>
                        <img width="3%" src="passed.png"/>
                        <a href="#" class="method navigator-link" panel-name="suite-Default_suite" title="com.znodellc.admin9xqa.Znode9X.executor.Execute" hash-for-method="getSteps(Attribute Test6, 28.0, Check for Validation, Assertion, Znode9X.addNew.duplicateCodeValidation, Attr...)">getSteps(Attribute Test6, 28.0, Check for Validation, Assertion, Znode9X.addNew.duplicateCodeValidation, Attr...)</a> <!-- method navigator-link -->
                      </span>
                      <br/>
                      <span>
                        <img width="3%" src="passed.png"/>
                        <a href="#" class="method navigator-link" panel-name="suite-Default_suite" title="com.znodellc.admin9xqa.Znode9X.executor.Execute" hash-for-method="getSteps(Attribute Test10, 62.0, Enter value in Code field, SendKeys, Znode9X.addNew.code, Dimension, NA, NA,...)">getSteps(Attribute Test10, 62.0, Enter value in Code field, SendKeys, Znode9X.addNew.code, Dimension, NA, NA,...)</a> <!-- method navigator-link -->
                      </span>
                      <br/>
                      <span>
                        <img width="3%" src="passed.png"/>
                        <a href="#" class="method navigator-link" panel-name="suite-Default_suite" title="com.znodellc.admin9xqa.Znode9X.executor.Execute" hash-for-method="getSteps(Attribute Test7, 37.0, Click on Cancel button, Click, Znode9X.addNew.cancel, NA, NA, NA, , )">getSteps(Attribute Test7, 37.0, Click on Cancel button, Click, Znode9X.addNew.cancel, NA, NA, NA, , )</a> <!-- method navigator-link -->
                      </span>
                      <br/>
                      <span>
                        <img width="3%" src="passed.png"/>
                        <a href="#" class="method navigator-link" panel-name="suite-Default_suite" title="com.znodellc.admin9xqa.Znode9X.executor.Execute" hash-for-method="getSteps(Attribute Test10, 65.0, Enter value in Max Characters field, SendKeys, Znode9X.addNew.maxChar, 89, N...)">getSteps(Attribute Test10, 65.0, Enter value in Max Characters field, SendKeys, Znode9X.addNew.maxChar, 89, N...)</a> <!-- method navigator-link -->
                      </span>
                      <br/>
                      <span>
                        <img width="3%" src="passed.png"/>
                        <a href="#" class="method navigator-link" panel-name="suite-Default_suite" title="com.znodellc.admin9xqa.Znode9X.executor.Execute" hash-for-method="getSteps(Attribute Test4, 17.0, Click on Cancel button, Click, Znode9X.addNew.cancel, NA, NA, NA, , )">getSteps(Attribute Test4, 17.0, Click on Cancel button, Click, Znode9X.addNew.cancel, NA, NA, NA, , )</a> <!-- method navigator-link -->
                      </span>
                      <br/>
                      <span>
                        <img width="3%" src="passed.png"/>
                        <a href="#" class="method navigator-link" panel-name="suite-Default_suite" title="com.znodellc.admin9xqa.Znode9X.executor.Execute" hash-for-method="getSteps(Attribute Test9, 49.0, Enter value in Code field, SendKeys, Znode9X.addNew.code, Seller, NA, NA, , )">getSteps(Attribute Test9, 49.0, Enter value in Code field, SendKeys, Znode9X.addNew.code, Seller, NA, NA, , )</a> <!-- method navigator-link -->
                      </span>
                      <br/>
                      <span>
                        <img width="3%" src="passed.png"/>
                        <a href="#" class="method navigator-link" panel-name="suite-Default_suite" title="com.znodellc.admin9xqa.Znode9X.executor.Execute" hash-for-method="getSteps(Attribute Test6, 24.0, Click on Add New, Click, Znode9X.addNew.addnewoption, NA, NA, NA, , )">getSteps(Attribute Test6, 24.0, Click on Add New, Click, Znode9X.addNew.addnewoption, NA, NA, NA, , )</a> <!-- method navigator-link -->
                      </span>
                      <br/>
                      <span>
                        <img width="3%" src="passed.png"/>
                        <a href="#" class="method navigator-link" panel-name="suite-Default_suite" title="com.znodellc.admin9xqa.Znode9X.executor.Execute" hash-for-method="getSteps(Attribute Test3, 12.0, Check for Validation, Assertion, Znode9X.addNew.codeValidation, Please enter ...)">getSteps(Attribute Test3, 12.0, Check for Validation, Assertion, Znode9X.addNew.codeValidation, Please enter ...)</a> <!-- method navigator-link -->
                      </span>
                      <br/>
                      <span>
                        <img width="3%" src="passed.png"/>
                        <a href="#" class="method navigator-link" panel-name="suite-Default_suite" title="com.znodellc.admin9xqa.Znode9X.executor.Execute" hash-for-method="getSteps(Attribute Test10, 67.0, Click on Save, Click, Znode9X.addNew.save, NA, NA, NA, , )">getSteps(Attribute Test10, 67.0, Click on Save, Click, Znode9X.addNew.save, NA, NA, NA, , )</a> <!-- method navigator-link -->
                      </span>
                      <br/>
                      <span>
                        <img width="3%" src="passed.png"/>
                        <a href="#" class="method navigator-link" panel-name="suite-Default_suite" title="com.znodellc.admin9xqa.Znode9X.executor.Execute" hash-for-method="getSteps(Attribute Test4, 14.0, Click on Add New, Click, Znode9X.addNew.addnewoption, NA, NA, NA, , )">getSteps(Attribute Test4, 14.0, Click on Add New, Click, Znode9X.addNew.addnewoption, NA, NA, NA, , )</a> <!-- method navigator-link -->
                      </span>
                      <br/>
                      <span>
                        <img width="3%" src="passed.png"/>
                        <a href="#" class="method navigator-link" panel-name="suite-Default_suite" title="com.znodellc.admin9xqa.Znode9X.executor.Execute" hash-for-method="getSteps(Attribute Test1, 4.0, click on login, Click, Znode9X.addNew.loginbutton, NA, NA, NA, , )">getSteps(Attribute Test1, 4.0, click on login, Click, Znode9X.addNew.loginbutton, NA, NA, NA, , )</a> <!-- method navigator-link -->
                      </span>
                      <br/>
                      <span>
                        <img width="3%" src="passed.png"/>
                        <a href="#" class="method navigator-link" panel-name="suite-Default_suite" title="com.znodellc.admin9xqa.Znode9X.executor.Execute" hash-for-method="getSteps(Attribute Test8, 38.0, Click on Add New, Click, Znode9X.addNew.addnewoption, NA, NA, NA, , )">getSteps(Attribute Test8, 38.0, Click on Add New, Click, Znode9X.addNew.addnewoption, NA, NA, NA, , )</a> <!-- method navigator-link -->
                      </span>
                      <br/>
                      <span>
                        <img width="3%" src="passed.png"/>
                        <a href="#" class="method navigator-link" panel-name="suite-Default_suite" title="com.znodellc.admin9xqa.Znode9X.executor.Execute" hash-for-method="getSteps(Attribute Test1, 1.0, Open the Brower, LaunchBrowser, NA, http://admin9xqa.znodellc.com/, Chrome, NA...)">getSteps(Attribute Test1, 1.0, Open the Brower, LaunchBrowser, NA, http://admin9xqa.znodellc.com/, Chrome, NA...)</a> <!-- method navigator-link -->
                      </span>
                      <br/>
                    </div> <!-- method-list-content passed suite-Default_suite -->
                  </li>
                </ul>
              </div> <!-- suite-section-content -->
            </div> <!-- result-section -->
          </div> <!-- navigator-suite-content -->
        </div> <!-- rounded-window -->
      </div> <!-- suite -->
    </div> <!-- navigator-root -->
    <div class="wrapper">
      <div class="main-panel-root">
        <div panel-name="suite-Default_suite" class="panel Default_suite">
          <div class="suite-Default_suite-class-failed">
            <div class="main-panel-header rounded-window-top">
              <img src="failed.png"/>
              <span class="class-name">com.znodellc.admin9xqa.Znode9X.executor.Execute</span>
            </div> <!-- main-panel-header rounded-window-top -->
            <div class="main-panel-content rounded-window-bottom">
              <div class="method">
                <div class="method-content">
                  <a name="getSteps(Attribute Test11, 71.0, Select a Simple Select dropdown from Attribute Type, DropDown, Znode9X.addNe...)">
                  </a> <!-- getSteps(Attribute Test11, 71.0, Select a Simple Select dropdown from Attribute Type, DropDown, Znode9X.addNe...) -->
                  <span class="method-name">getSteps</span>
                  <span class="parameters">(Attribute Test11, 71.0, Select a Simple Select dropdown from Attribute Type, DropDown, Znode9X.addNew.attributeType, Simple Select, NA, NA, , )</span>
                  <div class="stack-trace">org.openqa.selenium.WebDriverException: chrome not reachable
  (Session info: chrome=56.0.2924.87)
  (Driver info: chromedriver=2.28.455520 (cc17746adff54984afff480136733114c6b3704b),platform=Windows NT 10.0.14393 x86_64) (WARNING: The server did not provide any stacktrace information)
Command duration or timeout: 4.05 seconds
Build info: version: &apos;3.3.1&apos;, revision: &apos;5234b325d5&apos;, time: &apos;2017-03-10 09:10:29 +0000&apos;
System info: host: &apos;MSD001&apos;, ip: &apos;172.17.2.178&apos;, os.name: &apos;Windows 10&apos;, os.arch: &apos;amd64&apos;, os.version: &apos;10.0&apos;, java.version: &apos;1.8.0_121&apos;
Driver info: org.openqa.selenium.chrome.ChromeDriver
Capabilities [{applicationCacheEnabled=false, rotatable=false, mobileEmulationEnabled=false, networkConnectionEnabled=false, chrome={chromedriverVersion=2.28.455520 (cc17746adff54984afff480136733114c6b3704b), userDataDir=C:\Users\SANA~1.AFR\AppData\Local\Temp\scoped_dir9252_20332}, takesHeapSnapshot=true, pageLoadStrategy=normal, databaseEnabled=false, handlesAlerts=true, hasTouchScreen=false, version=56.0.2924.87, platform=XP, browserConnectionEnabled=false, nativeEvents=true, acceptSslCerts=true, locationContextEnabled=true, webStorageEnabled=true, browserName=chrome, takesScreenshot=true, javascriptEnabled=true, cssSelectorsEnabled=true, unexpectedAlertBehaviour=}]
Session ID: 4ac66c7286d825f4d3f1790243e21168
*** Element info: {Using=id, value=attributeTypeList}
	at sun.reflect.NativeConstructorAccessorImpl.newInstance0(Native Method)
	at sun.reflect.NativeConstructorAccessorImpl.newInstance(NativeConstructorAccessorImpl.java:62)
	at sun.reflect.DelegatingConstructorAccessorImpl.newInstance(DelegatingConstructorAccessorImpl.java:45)
	at java.lang.reflect.Constructor.newInstance(Constructor.java:423)
	at org.openqa.selenium.remote.ErrorHandler.createThrowable(ErrorHandler.java:216)
	at org.openqa.selenium.remote.ErrorHandler.throwIfResponseFailed(ErrorHandler.java:168)
	at org.openqa.selenium.remote.RemoteWebDriver.execute(RemoteWebDriver.java:638)
	at org.openqa.selenium.remote.RemoteWebDriver.findElement(RemoteWebDriver.java:371)
	at org.openqa.selenium.remote.RemoteWebDriver.findElementById(RemoteWebDriver.java:420)
	at org.openqa.selenium.By$ById.findElement(By.java:218)
	at org.openqa.selenium.remote.RemoteWebDriver.findElement(RemoteWebDriver.java:363)
	at com.znodellc.admin9xqa.Znode9X.baseScript.PropertiesFile.getLocator(PropertiesFile.java:36)
	at com.znodellc.admin9xqa.Znode9X.keywords.DropDown.handleDropDown(DropDown.java:12)
	at com.znodellc.admin9xqa.Znode9X.executor.ExecuteKeywords.ExecuteTheKeywords(ExecuteKeywords.java:49)
	at com.znodellc.admin9xqa.Znode9X.executor.Execute.getSteps(Execute.java:19)
	at sun.reflect.GeneratedMethodAccessor2.invoke(Unknown Source)
	at sun.reflect.DelegatingMethodAccessorImpl.invoke(DelegatingMethodAccessorImpl.java:43)
	at java.lang.reflect.Method.invoke(Method.java:498)
	at org.testng.internal.MethodInvocationHelper.invokeMethod(MethodInvocationHelper.java:104)
	at org.testng.internal.Invoker.invokeMethod(Invoker.java:645)
	at org.testng.internal.Invoker.invokeTestMethod(Invoker.java:851)
	at org.testng.internal.Invoker.invokeTestMethods(Invoker.java:1177)
	at org.testng.internal.TestMethodWorker.invokeTestMethods(TestMethodWorker.java:129)
	at org.testng.internal.TestMethodWorker.run(TestMethodWorker.java:112)
	at org.testng.TestRunner.privateRun(TestRunner.java:756)
	at org.testng.TestRunner.run(TestRunner.java:610)
	at org.testng.SuiteRunner.runTest(SuiteRunner.java:387)
	at org.testng.SuiteRunner.runSequentially(SuiteRunner.java:382)
	at org.testng.SuiteRunner.privateRun(SuiteRunner.java:340)
	at org.testng.SuiteRunner.run(SuiteRunner.java:289)
	at org.testng.SuiteRunnerWorker.runSuite(SuiteRunnerWorker.java:52)
	at org.testng.SuiteRunnerWorker.run(SuiteRunnerWorker.java:86)
	at org.testng.TestNG.runSuitesSequentially(TestNG.java:1293)
	at org.testng.TestNG.runSuitesLocally(TestNG.java:1218)
	at org.testng.TestNG.runSuites(TestNG.java:1133)
	at org.testng.TestNG.run(TestNG.java:1104)
	at org.testng.remote.AbstractRemoteTestNG.run(AbstractRemoteTestNG.java:132)
	at org.testng.remote.RemoteTestNG.initAndRun(RemoteTestNG.java:236)
	at org.testng.remote.RemoteTestNG.main(RemoteTestNG.java:81)

</div> <!-- stack-trace -->
                </div> <!-- method-content -->
              </div> <!-- method -->
              <div class="method">
                <div class="method-content">
                  <a name="getSteps(Attribute Test11, 72.0, Enter value in Code field, SendKeys, Znode9X.addNew.code, Size, NA, NA, , )">
                  </a> <!-- getSteps(Attribute Test11, 72.0, Enter value in Code field, SendKeys, Znode9X.addNew.code, Size, NA, NA, , ) -->
                  <span class="method-name">getSteps</span>
                  <span class="parameters">(Attribute Test11, 72.0, Enter value in Code field, SendKeys, Znode9X.addNew.code, Size, NA, NA, , )</span>
                  <div class="stack-trace">org.openqa.selenium.WebDriverException: chrome not reachable
  (Session info: chrome=56.0.2924.87)
  (Driver info: chromedriver=2.28.455520 (cc17746adff54984afff480136733114c6b3704b),platform=Windows NT 10.0.14393 x86_64) (WARNING: The server did not provide any stacktrace information)
Command duration or timeout: 4.07 seconds
Build info: version: &apos;3.3.1&apos;, revision: &apos;5234b325d5&apos;, time: &apos;2017-03-10 09:10:29 +0000&apos;
System info: host: &apos;MSD001&apos;, ip: &apos;172.17.2.178&apos;, os.name: &apos;Windows 10&apos;, os.arch: &apos;amd64&apos;, os.version: &apos;10.0&apos;, java.version: &apos;1.8.0_121&apos;
Driver info: org.openqa.selenium.chrome.ChromeDriver
Capabilities [{applicationCacheEnabled=false, rotatable=false, mobileEmulationEnabled=false, networkConnectionEnabled=false, chrome={chromedriverVersion=2.28.455520 (cc17746adff54984afff480136733114c6b3704b), userDataDir=C:\Users\SANA~1.AFR\AppData\Local\Temp\scoped_dir9252_20332}, takesHeapSnapshot=true, pageLoadStrategy=normal, databaseEnabled=false, handlesAlerts=true, hasTouchScreen=false, version=56.0.2924.87, platform=XP, browserConnectionEnabled=false, nativeEvents=true, acceptSslCerts=true, locationContextEnabled=true, webStorageEnabled=true, browserName=chrome, takesScreenshot=true, javascriptEnabled=true, cssSelectorsEnabled=true, unexpectedAlertBehaviour=}]
Session ID: 4ac66c7286d825f4d3f1790243e21168
*** Element info: {Using=id, value=AttributeCode}
	at sun.reflect.NativeConstructorAccessorImpl.newInstance0(Native Method)
	at sun.reflect.NativeConstructorAccessorImpl.newInstance(NativeConstructorAccessorImpl.java:62)
	at sun.reflect.DelegatingConstructorAccessorImpl.newInstance(DelegatingConstructorAccessorImpl.java:45)
	at java.lang.reflect.Constructor.newInstance(Constructor.java:423)
	at org.openqa.selenium.remote.ErrorHandler.createThrowable(ErrorHandler.java:216)
	at org.openqa.selenium.remote.ErrorHandler.throwIfResponseFailed(ErrorHandler.java:168)
	at org.openqa.selenium.remote.RemoteWebDriver.execute(RemoteWebDriver.java:638)
	at org.openqa.selenium.remote.RemoteWebDriver.findElement(RemoteWebDriver.java:371)
	at org.openqa.selenium.remote.RemoteWebDriver.findElementById(RemoteWebDriver.java:420)
	at org.openqa.selenium.By$ById.findElement(By.java:218)
	at org.openqa.selenium.remote.RemoteWebDriver.findElement(RemoteWebDriver.java:363)
	at com.znodellc.admin9xqa.Znode9X.baseScript.PropertiesFile.getLocator(PropertiesFile.java:36)
	at com.znodellc.admin9xqa.Znode9X.keywords.SendKeys.sendText(SendKeys.java:14)
	at com.znodellc.admin9xqa.Znode9X.executor.ExecuteKeywords.ExecuteTheKeywords(ExecuteKeywords.java:31)
	at com.znodellc.admin9xqa.Znode9X.executor.Execute.getSteps(Execute.java:19)
	at sun.reflect.GeneratedMethodAccessor2.invoke(Unknown Source)
	at sun.reflect.DelegatingMethodAccessorImpl.invoke(DelegatingMethodAccessorImpl.java:43)
	at java.lang.reflect.Method.invoke(Method.java:498)
	at org.testng.internal.MethodInvocationHelper.invokeMethod(MethodInvocationHelper.java:104)
	at org.testng.internal.Invoker.invokeMethod(Invoker.java:645)
	at org.testng.internal.Invoker.invokeTestMethod(Invoker.java:851)
	at org.testng.internal.Invoker.invokeTestMethods(Invoker.java:1177)
	at org.testng.internal.TestMethodWorker.invokeTestMethods(TestMethodWorker.java:129)
	at org.testng.internal.TestMethodWorker.run(TestMethodWorker.java:112)
	at org.testng.TestRunner.privateRun(TestRunner.java:756)
	at org.testng.TestRunner.run(TestRunner.java:610)
	at org.testng.SuiteRunner.runTest(SuiteRunner.java:387)
	at org.testng.SuiteRunner.runSequentially(SuiteRunner.java:382)
	at org.testng.SuiteRunner.privateRun(SuiteRunner.java:340)
	at org.testng.SuiteRunner.run(SuiteRunner.java:289)
	at org.testng.SuiteRunnerWorker.runSuite(SuiteRunnerWorker.java:52)
	at org.testng.SuiteRunnerWorker.run(SuiteRunnerWorker.java:86)
	at org.testng.TestNG.runSuitesSequentially(TestNG.java:1293)
	at org.testng.TestNG.runSuitesLocally(TestNG.java:1218)
	at org.testng.TestNG.runSuites(TestNG.java:1133)
	at org.testng.TestNG.run(TestNG.java:1104)
	at org.testng.remote.AbstractRemoteTestNG.run(AbstractRemoteTestNG.java:132)
	at org.testng.remote.RemoteTestNG.initAndRun(RemoteTestNG.java:236)
	at org.testng.remote.RemoteTestNG.main(RemoteTestNG.java:81)

</div> <!-- stack-trace -->
                </div> <!-- method-content -->
              </div> <!-- method -->
              <div class="method">
                <div class="method-content">
                  <a name="getSteps(Attribute Test10, 66.0, Select Attribute Group DropDown, DropDown, Znode9X.addNew.attributeGroup, Zn...)">
                  </a> <!-- getSteps(Attribute Test10, 66.0, Select Attribute Group DropDown, DropDown, Znode9X.addNew.attributeGroup, Zn...) -->
                  <span class="method-name">getSteps</span>
                  <span class="parameters">(Attribute Test10, 66.0, Select Attribute Group DropDown, DropDown, Znode9X.addNew.attributeGroup, ZnodePIMGroup, NA, NA, , )</span>
                  <div class="stack-trace">org.openqa.selenium.ElementNotVisibleException: element not visible: Element is not currently visible and may not be manipulated
  (Session info: chrome=56.0.2924.87)
  (Driver info: chromedriver=2.28.455520 (cc17746adff54984afff480136733114c6b3704b),platform=Windows NT 10.0.14393 x86_64) (WARNING: The server did not provide any stacktrace information)
Command duration or timeout: 43 milliseconds
Build info: version: &apos;3.3.1&apos;, revision: &apos;5234b325d5&apos;, time: &apos;2017-03-10 09:10:29 +0000&apos;
System info: host: &apos;MSD001&apos;, ip: &apos;172.17.2.178&apos;, os.name: &apos;Windows 10&apos;, os.arch: &apos;amd64&apos;, os.version: &apos;10.0&apos;, java.version: &apos;1.8.0_121&apos;
Driver info: org.openqa.selenium.chrome.ChromeDriver
Capabilities [{applicationCacheEnabled=false, rotatable=false, mobileEmulationEnabled=false, networkConnectionEnabled=false, chrome={chromedriverVersion=2.28.455520 (cc17746adff54984afff480136733114c6b3704b), userDataDir=C:\Users\SANA~1.AFR\AppData\Local\Temp\scoped_dir9252_20332}, takesHeapSnapshot=true, pageLoadStrategy=normal, databaseEnabled=false, handlesAlerts=true, hasTouchScreen=false, version=56.0.2924.87, platform=XP, browserConnectionEnabled=false, nativeEvents=true, acceptSslCerts=true, locationContextEnabled=true, webStorageEnabled=true, browserName=chrome, takesScreenshot=true, javascriptEnabled=true, cssSelectorsEnabled=true, unexpectedAlertBehaviour=}]
Session ID: 4ac66c7286d825f4d3f1790243e21168
	at sun.reflect.NativeConstructorAccessorImpl.newInstance0(Native Method)
	at sun.reflect.NativeConstructorAccessorImpl.newInstance(NativeConstructorAccessorImpl.java:62)
	at sun.reflect.DelegatingConstructorAccessorImpl.newInstance(DelegatingConstructorAccessorImpl.java:45)
	at java.lang.reflect.Constructor.newInstance(Constructor.java:423)
	at org.openqa.selenium.remote.ErrorHandler.createThrowable(ErrorHandler.java:216)
	at org.openqa.selenium.remote.ErrorHandler.throwIfResponseFailed(ErrorHandler.java:168)
	at org.openqa.selenium.remote.RemoteWebDriver.execute(RemoteWebDriver.java:638)
	at org.openqa.selenium.remote.RemoteWebElement.execute(RemoteWebElement.java:274)
	at org.openqa.selenium.remote.RemoteWebElement.click(RemoteWebElement.java:84)
	at org.openqa.selenium.support.ui.Select.setSelected(Select.java:324)
	at org.openqa.selenium.support.ui.Select.selectByVisibleText(Select.java:120)
	at com.znodellc.admin9xqa.Znode9X.keywords.DropDown.handleDropDown(DropDown.java:16)
	at com.znodellc.admin9xqa.Znode9X.executor.ExecuteKeywords.ExecuteTheKeywords(ExecuteKeywords.java:49)
	at com.znodellc.admin9xqa.Znode9X.executor.Execute.getSteps(Execute.java:19)
	at sun.reflect.GeneratedMethodAccessor2.invoke(Unknown Source)
	at sun.reflect.DelegatingMethodAccessorImpl.invoke(DelegatingMethodAccessorImpl.java:43)
	at java.lang.reflect.Method.invoke(Method.java:498)
	at org.testng.internal.MethodInvocationHelper.invokeMethod(MethodInvocationHelper.java:104)
	at org.testng.internal.Invoker.invokeMethod(Invoker.java:645)
	at org.testng.internal.Invoker.invokeTestMethod(Invoker.java:851)
	at org.testng.internal.Invoker.invokeTestMethods(Invoker.java:1177)
	at org.testng.internal.TestMethodWorker.invokeTestMethods(TestMethodWorker.java:129)
	at org.testng.internal.TestMethodWorker.run(TestMethodWorker.java:112)
	at org.testng.TestRunner.privateRun(TestRunner.java:756)
	at org.testng.TestRunner.run(TestRunner.java:610)
	at org.testng.SuiteRunner.runTest(SuiteRunner.java:387)
	at org.testng.SuiteRunner.runSequentially(SuiteRunner.java:382)
	at org.testng.SuiteRunner.privateRun(SuiteRunner.java:340)
	at org.testng.SuiteRunner.run(SuiteRunner.java:289)
	at org.testng.SuiteRunnerWorker.runSuite(SuiteRunnerWorker.java:52)
	at org.testng.SuiteRunnerWorker.run(SuiteRunnerWorker.java:86)
	at org.testng.TestNG.runSuitesSequentially(TestNG.java:1293)
	at org.testng.TestNG.runSuitesLocally(TestNG.java:1218)
	at org.testng.TestNG.runSuites(TestNG.java:1133)
	at org.testng.TestNG.run(TestNG.java:1104)
	at org.testng.remote.AbstractRemoteTestNG.run(AbstractRemoteTestNG.java:132)
	at org.testng.remote.RemoteTestNG.initAndRun(RemoteTestNG.java:236)
	at org.testng.remote.RemoteTestNG.main(RemoteTestNG.java:81)

</div> <!-- stack-trace -->
                </div> <!-- method-content -->
              </div> <!-- method -->
              <div class="method">
                <div class="method-content">
                  <a name="getSteps(Attribute Test11, 80.0, Click on Save, Click, Znode9X.addNew.save, NA, NA, NA, , )">
                  </a> <!-- getSteps(Attribute Test11, 80.0, Click on Save, Click, Znode9X.addNew.save, NA, NA, NA, , ) -->
                  <span class="method-name">getSteps</span>
                  <span class="parameters">(Attribute Test11, 80.0, Click on Save, Click, Znode9X.addNew.save, NA, NA, NA, , )</span>
                  <div class="stack-trace">org.openqa.selenium.WebDriverException: chrome not reachable
  (Session info: chrome=56.0.2924.87)
  (Driver info: chromedriver=2.28.455520 (cc17746adff54984afff480136733114c6b3704b),platform=Windows NT 10.0.14393 x86_64) (WARNING: The server did not provide any stacktrace information)
Command duration or timeout: 4.04 seconds
Build info: version: &apos;3.3.1&apos;, revision: &apos;5234b325d5&apos;, time: &apos;2017-03-10 09:10:29 +0000&apos;
System info: host: &apos;MSD001&apos;, ip: &apos;172.17.2.178&apos;, os.name: &apos;Windows 10&apos;, os.arch: &apos;amd64&apos;, os.version: &apos;10.0&apos;, java.version: &apos;1.8.0_121&apos;
Driver info: org.openqa.selenium.chrome.ChromeDriver
Capabilities [{applicationCacheEnabled=false, rotatable=false, mobileEmulationEnabled=false, networkConnectionEnabled=false, chrome={chromedriverVersion=2.28.455520 (cc17746adff54984afff480136733114c6b3704b), userDataDir=C:\Users\SANA~1.AFR\AppData\Local\Temp\scoped_dir9252_20332}, takesHeapSnapshot=true, pageLoadStrategy=normal, databaseEnabled=false, handlesAlerts=true, hasTouchScreen=false, version=56.0.2924.87, platform=XP, browserConnectionEnabled=false, nativeEvents=true, acceptSslCerts=true, locationContextEnabled=true, webStorageEnabled=true, browserName=chrome, takesScreenshot=true, javascriptEnabled=true, cssSelectorsEnabled=true, unexpectedAlertBehaviour=}]
Session ID: 4ac66c7286d825f4d3f1790243e21168
*** Element info: {Using=id, value=dvSave}
	at sun.reflect.NativeConstructorAccessorImpl.newInstance0(Native Method)
	at sun.reflect.NativeConstructorAccessorImpl.newInstance(NativeConstructorAccessorImpl.java:62)
	at sun.reflect.DelegatingConstructorAccessorImpl.newInstance(DelegatingConstructorAccessorImpl.java:45)
	at java.lang.reflect.Constructor.newInstance(Constructor.java:423)
	at org.openqa.selenium.remote.ErrorHandler.createThrowable(ErrorHandler.java:216)
	at org.openqa.selenium.remote.ErrorHandler.throwIfResponseFailed(ErrorHandler.java:168)
	at org.openqa.selenium.remote.RemoteWebDriver.execute(RemoteWebDriver.java:638)
	at org.openqa.selenium.remote.RemoteWebDriver.findElement(RemoteWebDriver.java:371)
	at org.openqa.selenium.remote.RemoteWebDriver.findElementById(RemoteWebDriver.java:420)
	at org.openqa.selenium.By$ById.findElement(By.java:218)
	at org.openqa.selenium.remote.RemoteWebDriver.findElement(RemoteWebDriver.java:363)
	at com.znodellc.admin9xqa.Znode9X.baseScript.PropertiesFile.getLocator(PropertiesFile.java:36)
	at com.znodellc.admin9xqa.Znode9X.keywords.Click.clickAction(Click.java:17)
	at com.znodellc.admin9xqa.Znode9X.executor.ExecuteKeywords.ExecuteTheKeywords(ExecuteKeywords.java:36)
	at com.znodellc.admin9xqa.Znode9X.executor.Execute.getSteps(Execute.java:19)
	at sun.reflect.GeneratedMethodAccessor2.invoke(Unknown Source)
	at sun.reflect.DelegatingMethodAccessorImpl.invoke(DelegatingMethodAccessorImpl.java:43)
	at java.lang.reflect.Method.invoke(Method.java:498)
	at org.testng.internal.MethodInvocationHelper.invokeMethod(MethodInvocationHelper.java:104)
	at org.testng.internal.Invoker.invokeMethod(Invoker.java:645)
	at org.testng.internal.Invoker.invokeTestMethod(Invoker.java:851)
	at org.testng.internal.Invoker.invokeTestMethods(Invoker.java:1177)
	at org.testng.internal.TestMethodWorker.invokeTestMethods(TestMethodWorker.java:129)
	at org.testng.internal.TestMethodWorker.run(TestMethodWorker.java:112)
	at org.testng.TestRunner.privateRun(TestRunner.java:756)
	at org.testng.TestRunner.run(TestRunner.java:610)
	at org.testng.SuiteRunner.runTest(SuiteRunner.java:387)
	at org.testng.SuiteRunner.runSequentially(SuiteRunner.java:382)
	at org.testng.SuiteRunner.privateRun(SuiteRunner.java:340)
	at org.testng.SuiteRunner.run(SuiteRunner.java:289)
	at org.testng.SuiteRunnerWorker.runSuite(SuiteRunnerWorker.java:52)
	at org.testng.SuiteRunnerWorker.run(SuiteRunnerWorker.java:86)
	at org.testng.TestNG.runSuitesSequentially(TestNG.java:1293)
	at org.testng.TestNG.runSuitesLocally(TestNG.java:1218)
	at org.testng.TestNG.runSuites(TestNG.java:1133)
	at org.testng.TestNG.run(TestNG.java:1104)
	at org.testng.remote.AbstractRemoteTestNG.run(AbstractRemoteTestNG.java:132)
	at org.testng.remote.RemoteTestNG.initAndRun(RemoteTestNG.java:236)
	at org.testng.remote.RemoteTestNG.main(RemoteTestNG.java:81)

</div> <!-- stack-trace -->
                </div> <!-- method-content -->
              </div> <!-- method -->
              <div class="method">
                <div class="method-content">
                  <a name="getSteps(Attribute Test11, 78.0, Click on Yes in Is Used In Search, Click, Znode9X.addNew.yesUseInSearch, NA,...)">
                  </a> <!-- getSteps(Attribute Test11, 78.0, Click on Yes in Is Used In Search, Click, Znode9X.addNew.yesUseInSearch, NA,...) -->
                  <span class="method-name">getSteps</span>
                  <span class="parameters">(Attribute Test11, 78.0, Click on Yes in Is Used In Search, Click, Znode9X.addNew.yesUseInSearch, NA, NA, NA, , )</span>
                  <div class="stack-trace">org.openqa.selenium.WebDriverException: chrome not reachable
  (Session info: chrome=56.0.2924.87)
  (Driver info: chromedriver=2.28.455520 (cc17746adff54984afff480136733114c6b3704b),platform=Windows NT 10.0.14393 x86_64) (WARNING: The server did not provide any stacktrace information)
Command duration or timeout: 4.02 seconds
Build info: version: &apos;3.3.1&apos;, revision: &apos;5234b325d5&apos;, time: &apos;2017-03-10 09:10:29 +0000&apos;
System info: host: &apos;MSD001&apos;, ip: &apos;172.17.2.178&apos;, os.name: &apos;Windows 10&apos;, os.arch: &apos;amd64&apos;, os.version: &apos;10.0&apos;, java.version: &apos;1.8.0_121&apos;
Driver info: org.openqa.selenium.chrome.ChromeDriver
Capabilities [{applicationCacheEnabled=false, rotatable=false, mobileEmulationEnabled=false, networkConnectionEnabled=false, chrome={chromedriverVersion=2.28.455520 (cc17746adff54984afff480136733114c6b3704b), userDataDir=C:\Users\SANA~1.AFR\AppData\Local\Temp\scoped_dir9252_20332}, takesHeapSnapshot=true, pageLoadStrategy=normal, databaseEnabled=false, handlesAlerts=true, hasTouchScreen=false, version=56.0.2924.87, platform=XP, browserConnectionEnabled=false, nativeEvents=true, acceptSslCerts=true, locationContextEnabled=true, webStorageEnabled=true, browserName=chrome, takesScreenshot=true, javascriptEnabled=true, cssSelectorsEnabled=true, unexpectedAlertBehaviour=}]
Session ID: 4ac66c7286d825f4d3f1790243e21168
*** Element info: {Using=xpath, value=(//label[text()=&apos;Yes&apos;])[6]}
	at sun.reflect.NativeConstructorAccessorImpl.newInstance0(Native Method)
	at sun.reflect.NativeConstructorAccessorImpl.newInstance(NativeConstructorAccessorImpl.java:62)
	at sun.reflect.DelegatingConstructorAccessorImpl.newInstance(DelegatingConstructorAccessorImpl.java:45)
	at java.lang.reflect.Constructor.newInstance(Constructor.java:423)
	at org.openqa.selenium.remote.ErrorHandler.createThrowable(ErrorHandler.java:216)
	at org.openqa.selenium.remote.ErrorHandler.throwIfResponseFailed(ErrorHandler.java:168)
	at org.openqa.selenium.remote.RemoteWebDriver.execute(RemoteWebDriver.java:638)
	at org.openqa.selenium.remote.RemoteWebDriver.findElement(RemoteWebDriver.java:371)
	at org.openqa.selenium.remote.RemoteWebDriver.findElementByXPath(RemoteWebDriver.java:476)
	at org.openqa.selenium.By$ByXPath.findElement(By.java:361)
	at org.openqa.selenium.remote.RemoteWebDriver.findElement(RemoteWebDriver.java:363)
	at com.znodellc.admin9xqa.Znode9X.baseScript.PropertiesFile.getLocator(PropertiesFile.java:64)
	at com.znodellc.admin9xqa.Znode9X.keywords.Click.clickAction(Click.java:17)
	at com.znodellc.admin9xqa.Znode9X.executor.ExecuteKeywords.ExecuteTheKeywords(ExecuteKeywords.java:36)
	at com.znodellc.admin9xqa.Znode9X.executor.Execute.getSteps(Execute.java:19)
	at sun.reflect.GeneratedMethodAccessor2.invoke(Unknown Source)
	at sun.reflect.DelegatingMethodAccessorImpl.invoke(DelegatingMethodAccessorImpl.java:43)
	at java.lang.reflect.Method.invoke(Method.java:498)
	at org.testng.internal.MethodInvocationHelper.invokeMethod(MethodInvocationHelper.java:104)
	at org.testng.internal.Invoker.invokeMethod(Invoker.java:645)
	at org.testng.internal.Invoker.invokeTestMethod(Invoker.java:851)
	at org.testng.internal.Invoker.invokeTestMethods(Invoker.java:1177)
	at org.testng.internal.TestMethodWorker.invokeTestMethods(TestMethodWorker.java:129)
	at org.testng.internal.TestMethodWorker.run(TestMethodWorker.java:112)
	at org.testng.TestRunner.privateRun(TestRunner.java:756)
	at org.testng.TestRunner.run(TestRunner.java:610)
	at org.testng.SuiteRunner.runTest(SuiteRunner.java:387)
	at org.testng.SuiteRunner.runSequentially(SuiteRunner.java:382)
	at org.testng.SuiteRunner.privateRun(SuiteRunner.java:340)
	at org.testng.SuiteRunner.run(SuiteRunner.java:289)
	at org.testng.SuiteRunnerWorker.runSuite(SuiteRunnerWorker.java:52)
	at org.testng.SuiteRunnerWorker.run(SuiteRunnerWorker.java:86)
	at org.testng.TestNG.runSuitesSequentially(TestNG.java:1293)
	at org.testng.TestNG.runSuitesLocally(TestNG.java:1218)
	at org.testng.TestNG.runSuites(TestNG.java:1133)
	at org.testng.TestNG.run(TestNG.java:1104)
	at org.testng.remote.AbstractRemoteTestNG.run(AbstractRemoteTestNG.java:132)
	at org.testng.remote.RemoteTestNG.initAndRun(RemoteTestNG.java:236)
	at org.testng.remote.RemoteTestNG.main(RemoteTestNG.java:81)

</div> <!-- stack-trace -->
                </div> <!-- method-content -->
              </div> <!-- method -->
              <div class="method">
                <div class="method-content">
                  <a name="getSteps(Attribute Test11, 76.0, Select Attribute Group DropDown, DropDown, Znode9X.addNew.attributeGroup, Im...)">
                  </a> <!-- getSteps(Attribute Test11, 76.0, Select Attribute Group DropDown, DropDown, Znode9X.addNew.attributeGroup, Im...) -->
                  <span class="method-name">getSteps</span>
                  <span class="parameters">(Attribute Test11, 76.0, Select Attribute Group DropDown, DropDown, Znode9X.addNew.attributeGroup, Image, NA, NA, , )</span>
                  <div class="stack-trace">org.openqa.selenium.WebDriverException: chrome not reachable
  (Session info: chrome=56.0.2924.87)
  (Driver info: chromedriver=2.28.455520 (cc17746adff54984afff480136733114c6b3704b),platform=Windows NT 10.0.14393 x86_64) (WARNING: The server did not provide any stacktrace information)
Command duration or timeout: 4.01 seconds
Build info: version: &apos;3.3.1&apos;, revision: &apos;5234b325d5&apos;, time: &apos;2017-03-10 09:10:29 +0000&apos;
System info: host: &apos;MSD001&apos;, ip: &apos;172.17.2.178&apos;, os.name: &apos;Windows 10&apos;, os.arch: &apos;amd64&apos;, os.version: &apos;10.0&apos;, java.version: &apos;1.8.0_121&apos;
Driver info: org.openqa.selenium.chrome.ChromeDriver
Capabilities [{applicationCacheEnabled=false, rotatable=false, mobileEmulationEnabled=false, networkConnectionEnabled=false, chrome={chromedriverVersion=2.28.455520 (cc17746adff54984afff480136733114c6b3704b), userDataDir=C:\Users\SANA~1.AFR\AppData\Local\Temp\scoped_dir9252_20332}, takesHeapSnapshot=true, pageLoadStrategy=normal, databaseEnabled=false, handlesAlerts=true, hasTouchScreen=false, version=56.0.2924.87, platform=XP, browserConnectionEnabled=false, nativeEvents=true, acceptSslCerts=true, locationContextEnabled=true, webStorageEnabled=true, browserName=chrome, takesScreenshot=true, javascriptEnabled=true, cssSelectorsEnabled=true, unexpectedAlertBehaviour=}]
Session ID: 4ac66c7286d825f4d3f1790243e21168
*** Element info: {Using=id, value=PimAttributeGroupId}
	at sun.reflect.NativeConstructorAccessorImpl.newInstance0(Native Method)
	at sun.reflect.NativeConstructorAccessorImpl.newInstance(NativeConstructorAccessorImpl.java:62)
	at sun.reflect.DelegatingConstructorAccessorImpl.newInstance(DelegatingConstructorAccessorImpl.java:45)
	at java.lang.reflect.Constructor.newInstance(Constructor.java:423)
	at org.openqa.selenium.remote.ErrorHandler.createThrowable(ErrorHandler.java:216)
	at org.openqa.selenium.remote.ErrorHandler.throwIfResponseFailed(ErrorHandler.java:168)
	at org.openqa.selenium.remote.RemoteWebDriver.execute(RemoteWebDriver.java:638)
	at org.openqa.selenium.remote.RemoteWebDriver.findElement(RemoteWebDriver.java:371)
	at org.openqa.selenium.remote.RemoteWebDriver.findElementById(RemoteWebDriver.java:420)
	at org.openqa.selenium.By$ById.findElement(By.java:218)
	at org.openqa.selenium.remote.RemoteWebDriver.findElement(RemoteWebDriver.java:363)
	at com.znodellc.admin9xqa.Znode9X.baseScript.PropertiesFile.getLocator(PropertiesFile.java:36)
	at com.znodellc.admin9xqa.Znode9X.keywords.DropDown.handleDropDown(DropDown.java:12)
	at com.znodellc.admin9xqa.Znode9X.executor.ExecuteKeywords.ExecuteTheKeywords(ExecuteKeywords.java:49)
	at com.znodellc.admin9xqa.Znode9X.executor.Execute.getSteps(Execute.java:19)
	at sun.reflect.GeneratedMethodAccessor2.invoke(Unknown Source)
	at sun.reflect.DelegatingMethodAccessorImpl.invoke(DelegatingMethodAccessorImpl.java:43)
	at java.lang.reflect.Method.invoke(Method.java:498)
	at org.testng.internal.MethodInvocationHelper.invokeMethod(MethodInvocationHelper.java:104)
	at org.testng.internal.Invoker.invokeMethod(Invoker.java:645)
	at org.testng.internal.Invoker.invokeTestMethod(Invoker.java:851)
	at org.testng.internal.Invoker.invokeTestMethods(Invoker.java:1177)
	at org.testng.internal.TestMethodWorker.invokeTestMethods(TestMethodWorker.java:129)
	at org.testng.internal.TestMethodWorker.run(TestMethodWorker.java:112)
	at org.testng.TestRunner.privateRun(TestRunner.java:756)
	at org.testng.TestRunner.run(TestRunner.java:610)
	at org.testng.SuiteRunner.runTest(SuiteRunner.java:387)
	at org.testng.SuiteRunner.runSequentially(SuiteRunner.java:382)
	at org.testng.SuiteRunner.privateRun(SuiteRunner.java:340)
	at org.testng.SuiteRunner.run(SuiteRunner.java:289)
	at org.testng.SuiteRunnerWorker.runSuite(SuiteRunnerWorker.java:52)
	at org.testng.SuiteRunnerWorker.run(SuiteRunnerWorker.java:86)
	at org.testng.TestNG.runSuitesSequentially(TestNG.java:1293)
	at org.testng.TestNG.runSuitesLocally(TestNG.java:1218)
	at org.testng.TestNG.runSuites(TestNG.java:1133)
	at org.testng.TestNG.run(TestNG.java:1104)
	at org.testng.remote.AbstractRemoteTestNG.run(AbstractRemoteTestNG.java:132)
	at org.testng.remote.RemoteTestNG.initAndRun(RemoteTestNG.java:236)
	at org.testng.remote.RemoteTestNG.main(RemoteTestNG.java:81)

</div> <!-- stack-trace -->
                </div> <!-- method-content -->
              </div> <!-- method -->
              <div class="method">
                <div class="method-content">
                  <a name="getSteps(Attribute Test10, 69.0, Click on Cancel button, Click, Znode9X.addNew.cancel, NA, NA, NA, , )">
                  </a> <!-- getSteps(Attribute Test10, 69.0, Click on Cancel button, Click, Znode9X.addNew.cancel, NA, NA, NA, , ) -->
                  <span class="method-name">getSteps</span>
                  <span class="parameters">(Attribute Test10, 69.0, Click on Cancel button, Click, Znode9X.addNew.cancel, NA, NA, NA, , )</span>
                  <div class="stack-trace">org.openqa.selenium.WebDriverException: chrome not reachable
  (Session info: chrome=56.0.2924.87)
  (Driver info: chromedriver=2.28.455520 (cc17746adff54984afff480136733114c6b3704b),platform=Windows NT 10.0.14393 x86_64) (WARNING: The server did not provide any stacktrace information)
Command duration or timeout: 4.07 seconds
Build info: version: &apos;3.3.1&apos;, revision: &apos;5234b325d5&apos;, time: &apos;2017-03-10 09:10:29 +0000&apos;
System info: host: &apos;MSD001&apos;, ip: &apos;172.17.2.178&apos;, os.name: &apos;Windows 10&apos;, os.arch: &apos;amd64&apos;, os.version: &apos;10.0&apos;, java.version: &apos;1.8.0_121&apos;
Driver info: org.openqa.selenium.chrome.ChromeDriver
Capabilities [{applicationCacheEnabled=false, rotatable=false, mobileEmulationEnabled=false, networkConnectionEnabled=false, chrome={chromedriverVersion=2.28.455520 (cc17746adff54984afff480136733114c6b3704b), userDataDir=C:\Users\SANA~1.AFR\AppData\Local\Temp\scoped_dir9252_20332}, takesHeapSnapshot=true, pageLoadStrategy=normal, databaseEnabled=false, handlesAlerts=true, hasTouchScreen=false, version=56.0.2924.87, platform=XP, browserConnectionEnabled=false, nativeEvents=true, acceptSslCerts=true, locationContextEnabled=true, webStorageEnabled=true, browserName=chrome, takesScreenshot=true, javascriptEnabled=true, cssSelectorsEnabled=true, unexpectedAlertBehaviour=}]
Session ID: 4ac66c7286d825f4d3f1790243e21168
*** Element info: {Using=xpath, value=(//a[@class=&apos;btn-text-icon&apos;])[1]}
	at sun.reflect.NativeConstructorAccessorImpl.newInstance0(Native Method)
	at sun.reflect.NativeConstructorAccessorImpl.newInstance(NativeConstructorAccessorImpl.java:62)
	at sun.reflect.DelegatingConstructorAccessorImpl.newInstance(DelegatingConstructorAccessorImpl.java:45)
	at java.lang.reflect.Constructor.newInstance(Constructor.java:423)
	at org.openqa.selenium.remote.ErrorHandler.createThrowable(ErrorHandler.java:216)
	at org.openqa.selenium.remote.ErrorHandler.throwIfResponseFailed(ErrorHandler.java:168)
	at org.openqa.selenium.remote.RemoteWebDriver.execute(RemoteWebDriver.java:638)
	at org.openqa.selenium.remote.RemoteWebDriver.findElement(RemoteWebDriver.java:371)
	at org.openqa.selenium.remote.RemoteWebDriver.findElementByXPath(RemoteWebDriver.java:476)
	at org.openqa.selenium.By$ByXPath.findElement(By.java:361)
	at org.openqa.selenium.remote.RemoteWebDriver.findElement(RemoteWebDriver.java:363)
	at com.znodellc.admin9xqa.Znode9X.baseScript.PropertiesFile.getLocator(PropertiesFile.java:64)
	at com.znodellc.admin9xqa.Znode9X.keywords.Click.clickAction(Click.java:17)
	at com.znodellc.admin9xqa.Znode9X.executor.ExecuteKeywords.ExecuteTheKeywords(ExecuteKeywords.java:36)
	at com.znodellc.admin9xqa.Znode9X.executor.Execute.getSteps(Execute.java:19)
	at sun.reflect.GeneratedMethodAccessor2.invoke(Unknown Source)
	at sun.reflect.DelegatingMethodAccessorImpl.invoke(DelegatingMethodAccessorImpl.java:43)
	at java.lang.reflect.Method.invoke(Method.java:498)
	at org.testng.internal.MethodInvocationHelper.invokeMethod(MethodInvocationHelper.java:104)
	at org.testng.internal.Invoker.invokeMethod(Invoker.java:645)
	at org.testng.internal.Invoker.invokeTestMethod(Invoker.java:851)
	at org.testng.internal.Invoker.invokeTestMethods(Invoker.java:1177)
	at org.testng.internal.TestMethodWorker.invokeTestMethods(TestMethodWorker.java:129)
	at org.testng.internal.TestMethodWorker.run(TestMethodWorker.java:112)
	at org.testng.TestRunner.privateRun(TestRunner.java:756)
	at org.testng.TestRunner.run(TestRunner.java:610)
	at org.testng.SuiteRunner.runTest(SuiteRunner.java:387)
	at org.testng.SuiteRunner.runSequentially(SuiteRunner.java:382)
	at org.testng.SuiteRunner.privateRun(SuiteRunner.java:340)
	at org.testng.SuiteRunner.run(SuiteRunner.java:289)
	at org.testng.SuiteRunnerWorker.runSuite(SuiteRunnerWorker.java:52)
	at org.testng.SuiteRunnerWorker.run(SuiteRunnerWorker.java:86)
	at org.testng.TestNG.runSuitesSequentially(TestNG.java:1293)
	at org.testng.TestNG.runSuitesLocally(TestNG.java:1218)
	at org.testng.TestNG.runSuites(TestNG.java:1133)
	at org.testng.TestNG.run(TestNG.java:1104)
	at org.testng.remote.AbstractRemoteTestNG.run(AbstractRemoteTestNG.java:132)
	at org.testng.remote.RemoteTestNG.initAndRun(RemoteTestNG.java:236)
	at org.testng.remote.RemoteTestNG.main(RemoteTestNG.java:81)

</div> <!-- stack-trace -->
                </div> <!-- method-content -->
              </div> <!-- method -->
              <div class="method">
                <div class="method-content">
                  <a name="getSteps(Attribute Test11, 77.0, Click on No in Is Comparable field, Click, Znode9X.addNew.noComparable, NA, ...)">
                  </a> <!-- getSteps(Attribute Test11, 77.0, Click on No in Is Comparable field, Click, Znode9X.addNew.noComparable, NA, ...) -->
                  <span class="method-name">getSteps</span>
                  <span class="parameters">(Attribute Test11, 77.0, Click on No in Is Comparable field, Click, Znode9X.addNew.noComparable, NA, NA, NA, , )</span>
                  <div class="stack-trace">org.openqa.selenium.WebDriverException: chrome not reachable
  (Session info: chrome=56.0.2924.87)
  (Driver info: chromedriver=2.28.455520 (cc17746adff54984afff480136733114c6b3704b),platform=Windows NT 10.0.14393 x86_64) (WARNING: The server did not provide any stacktrace information)
Command duration or timeout: 4.02 seconds
Build info: version: &apos;3.3.1&apos;, revision: &apos;5234b325d5&apos;, time: &apos;2017-03-10 09:10:29 +0000&apos;
System info: host: &apos;MSD001&apos;, ip: &apos;172.17.2.178&apos;, os.name: &apos;Windows 10&apos;, os.arch: &apos;amd64&apos;, os.version: &apos;10.0&apos;, java.version: &apos;1.8.0_121&apos;
Driver info: org.openqa.selenium.chrome.ChromeDriver
Capabilities [{applicationCacheEnabled=false, rotatable=false, mobileEmulationEnabled=false, networkConnectionEnabled=false, chrome={chromedriverVersion=2.28.455520 (cc17746adff54984afff480136733114c6b3704b), userDataDir=C:\Users\SANA~1.AFR\AppData\Local\Temp\scoped_dir9252_20332}, takesHeapSnapshot=true, pageLoadStrategy=normal, databaseEnabled=false, handlesAlerts=true, hasTouchScreen=false, version=56.0.2924.87, platform=XP, browserConnectionEnabled=false, nativeEvents=true, acceptSslCerts=true, locationContextEnabled=true, webStorageEnabled=true, browserName=chrome, takesScreenshot=true, javascriptEnabled=true, cssSelectorsEnabled=true, unexpectedAlertBehaviour=}]
Session ID: 4ac66c7286d825f4d3f1790243e21168
*** Element info: {Using=xpath, value=(//label[text()=&apos;No&apos;])[5]}
	at sun.reflect.NativeConstructorAccessorImpl.newInstance0(Native Method)
	at sun.reflect.NativeConstructorAccessorImpl.newInstance(NativeConstructorAccessorImpl.java:62)
	at sun.reflect.DelegatingConstructorAccessorImpl.newInstance(DelegatingConstructorAccessorImpl.java:45)
	at java.lang.reflect.Constructor.newInstance(Constructor.java:423)
	at org.openqa.selenium.remote.ErrorHandler.createThrowable(ErrorHandler.java:216)
	at org.openqa.selenium.remote.ErrorHandler.throwIfResponseFailed(ErrorHandler.java:168)
	at org.openqa.selenium.remote.RemoteWebDriver.execute(RemoteWebDriver.java:638)
	at org.openqa.selenium.remote.RemoteWebDriver.findElement(RemoteWebDriver.java:371)
	at org.openqa.selenium.remote.RemoteWebDriver.findElementByXPath(RemoteWebDriver.java:476)
	at org.openqa.selenium.By$ByXPath.findElement(By.java:361)
	at org.openqa.selenium.remote.RemoteWebDriver.findElement(RemoteWebDriver.java:363)
	at com.znodellc.admin9xqa.Znode9X.baseScript.PropertiesFile.getLocator(PropertiesFile.java:64)
	at com.znodellc.admin9xqa.Znode9X.keywords.Click.clickAction(Click.java:17)
	at com.znodellc.admin9xqa.Znode9X.executor.ExecuteKeywords.ExecuteTheKeywords(ExecuteKeywords.java:36)
	at com.znodellc.admin9xqa.Znode9X.executor.Execute.getSteps(Execute.java:19)
	at sun.reflect.GeneratedMethodAccessor2.invoke(Unknown Source)
	at sun.reflect.DelegatingMethodAccessorImpl.invoke(DelegatingMethodAccessorImpl.java:43)
	at java.lang.reflect.Method.invoke(Method.java:498)
	at org.testng.internal.MethodInvocationHelper.invokeMethod(MethodInvocationHelper.java:104)
	at org.testng.internal.Invoker.invokeMethod(Invoker.java:645)
	at org.testng.internal.Invoker.invokeTestMethod(Invoker.java:851)
	at org.testng.internal.Invoker.invokeTestMethods(Invoker.java:1177)
	at org.testng.internal.TestMethodWorker.invokeTestMethods(TestMethodWorker.java:129)
	at org.testng.internal.TestMethodWorker.run(TestMethodWorker.java:112)
	at org.testng.TestRunner.privateRun(TestRunner.java:756)
	at org.testng.TestRunner.run(TestRunner.java:610)
	at org.testng.SuiteRunner.runTest(SuiteRunner.java:387)
	at org.testng.SuiteRunner.runSequentially(SuiteRunner.java:382)
	at org.testng.SuiteRunner.privateRun(SuiteRunner.java:340)
	at org.testng.SuiteRunner.run(SuiteRunner.java:289)
	at org.testng.SuiteRunnerWorker.runSuite(SuiteRunnerWorker.java:52)
	at org.testng.SuiteRunnerWorker.run(SuiteRunnerWorker.java:86)
	at org.testng.TestNG.runSuitesSequentially(TestNG.java:1293)
	at org.testng.TestNG.runSuitesLocally(TestNG.java:1218)
	at org.testng.TestNG.runSuites(TestNG.java:1133)
	at org.testng.TestNG.run(TestNG.java:1104)
	at org.testng.remote.AbstractRemoteTestNG.run(AbstractRemoteTestNG.java:132)
	at org.testng.remote.RemoteTestNG.initAndRun(RemoteTestNG.java:236)
	at org.testng.remote.RemoteTestNG.main(RemoteTestNG.java:81)

</div> <!-- stack-trace -->
                </div> <!-- method-content -->
              </div> <!-- method -->
              <div class="method">
                <div class="method-content">
                  <a name="getSteps(Attribute Test10, 68.0, Check for Validation, Assertion, Znode9X.addNew.saveValidation, Record creat...)">
                  </a> <!-- getSteps(Attribute Test10, 68.0, Check for Validation, Assertion, Znode9X.addNew.saveValidation, Record creat...) -->
                  <span class="method-name">getSteps</span>
                  <span class="parameters">(Attribute Test10, 68.0, Check for Validation, Assertion, Znode9X.addNew.saveValidation, Record created successfully., NA, NA, , )</span>
                  <div class="stack-trace">java.lang.NullPointerException
	at com.znodellc.admin9xqa.Znode9X.keywords.Assertion.validateSuccesMsg(Assertion.java:19)
	at com.znodellc.admin9xqa.Znode9X.executor.ExecuteKeywords.ExecuteTheKeywords(ExecuteKeywords.java:41)
	at com.znodellc.admin9xqa.Znode9X.executor.Execute.getSteps(Execute.java:19)
	at sun.reflect.GeneratedMethodAccessor2.invoke(Unknown Source)
	at sun.reflect.DelegatingMethodAccessorImpl.invoke(DelegatingMethodAccessorImpl.java:43)
	at java.lang.reflect.Method.invoke(Method.java:498)
	at org.testng.internal.MethodInvocationHelper.invokeMethod(MethodInvocationHelper.java:104)
	at org.testng.internal.Invoker.invokeMethod(Invoker.java:645)
	at org.testng.internal.Invoker.invokeTestMethod(Invoker.java:851)
	at org.testng.internal.Invoker.invokeTestMethods(Invoker.java:1177)
	at org.testng.internal.TestMethodWorker.invokeTestMethods(TestMethodWorker.java:129)
	at org.testng.internal.TestMethodWorker.run(TestMethodWorker.java:112)
	at org.testng.TestRunner.privateRun(TestRunner.java:756)
	at org.testng.TestRunner.run(TestRunner.java:610)
	at org.testng.SuiteRunner.runTest(SuiteRunner.java:387)
	at org.testng.SuiteRunner.runSequentially(SuiteRunner.java:382)
	at org.testng.SuiteRunner.privateRun(SuiteRunner.java:340)
	at org.testng.SuiteRunner.run(SuiteRunner.java:289)
	at org.testng.SuiteRunnerWorker.runSuite(SuiteRunnerWorker.java:52)
	at org.testng.SuiteRunnerWorker.run(SuiteRunnerWorker.java:86)
	at org.testng.TestNG.runSuitesSequentially(TestNG.java:1293)
	at org.testng.TestNG.runSuitesLocally(TestNG.java:1218)
	at org.testng.TestNG.runSuites(TestNG.java:1133)
	at org.testng.TestNG.run(TestNG.java:1104)
	at org.testng.remote.AbstractRemoteTestNG.run(AbstractRemoteTestNG.java:132)
	at org.testng.remote.RemoteTestNG.initAndRun(RemoteTestNG.java:236)
	at org.testng.remote.RemoteTestNG.main(RemoteTestNG.java:81)

</div> <!-- stack-trace -->
                </div> <!-- method-content -->
              </div> <!-- method -->
              <div class="method">
                <div class="method-content">
                  <a name="getSteps(Attribute Test11, 73.0, Click on No in Required Field, Click, Znode9X.addNew.noRequired, NA, NA, NA,...)">
                  </a> <!-- getSteps(Attribute Test11, 73.0, Click on No in Required Field, Click, Znode9X.addNew.noRequired, NA, NA, NA,...) -->
                  <span class="method-name">getSteps</span>
                  <span class="parameters">(Attribute Test11, 73.0, Click on No in Required Field, Click, Znode9X.addNew.noRequired, NA, NA, NA, , )</span>
                  <div class="stack-trace">org.openqa.selenium.WebDriverException: chrome not reachable
  (Session info: chrome=56.0.2924.87)
  (Driver info: chromedriver=2.28.455520 (cc17746adff54984afff480136733114c6b3704b),platform=Windows NT 10.0.14393 x86_64) (WARNING: The server did not provide any stacktrace information)
Command duration or timeout: 4.02 seconds
Build info: version: &apos;3.3.1&apos;, revision: &apos;5234b325d5&apos;, time: &apos;2017-03-10 09:10:29 +0000&apos;
System info: host: &apos;MSD001&apos;, ip: &apos;172.17.2.178&apos;, os.name: &apos;Windows 10&apos;, os.arch: &apos;amd64&apos;, os.version: &apos;10.0&apos;, java.version: &apos;1.8.0_121&apos;
Driver info: org.openqa.selenium.chrome.ChromeDriver
Capabilities [{applicationCacheEnabled=false, rotatable=false, mobileEmulationEnabled=false, networkConnectionEnabled=false, chrome={chromedriverVersion=2.28.455520 (cc17746adff54984afff480136733114c6b3704b), userDataDir=C:\Users\SANA~1.AFR\AppData\Local\Temp\scoped_dir9252_20332}, takesHeapSnapshot=true, pageLoadStrategy=normal, databaseEnabled=false, handlesAlerts=true, hasTouchScreen=false, version=56.0.2924.87, platform=XP, browserConnectionEnabled=false, nativeEvents=true, acceptSslCerts=true, locationContextEnabled=true, webStorageEnabled=true, browserName=chrome, takesScreenshot=true, javascriptEnabled=true, cssSelectorsEnabled=true, unexpectedAlertBehaviour=}]
Session ID: 4ac66c7286d825f4d3f1790243e21168
*** Element info: {Using=xpath, value=(//label[text()=&apos;No&apos;])[1]}
	at sun.reflect.NativeConstructorAccessorImpl.newInstance0(Native Method)
	at sun.reflect.NativeConstructorAccessorImpl.newInstance(NativeConstructorAccessorImpl.java:62)
	at sun.reflect.DelegatingConstructorAccessorImpl.newInstance(DelegatingConstructorAccessorImpl.java:45)
	at java.lang.reflect.Constructor.newInstance(Constructor.java:423)
	at org.openqa.selenium.remote.ErrorHandler.createThrowable(ErrorHandler.java:216)
	at org.openqa.selenium.remote.ErrorHandler.throwIfResponseFailed(ErrorHandler.java:168)
	at org.openqa.selenium.remote.RemoteWebDriver.execute(RemoteWebDriver.java:638)
	at org.openqa.selenium.remote.RemoteWebDriver.findElement(RemoteWebDriver.java:371)
	at org.openqa.selenium.remote.RemoteWebDriver.findElementByXPath(RemoteWebDriver.java:476)
	at org.openqa.selenium.By$ByXPath.findElement(By.java:361)
	at org.openqa.selenium.remote.RemoteWebDriver.findElement(RemoteWebDriver.java:363)
	at com.znodellc.admin9xqa.Znode9X.baseScript.PropertiesFile.getLocator(PropertiesFile.java:64)
	at com.znodellc.admin9xqa.Znode9X.keywords.Click.clickAction(Click.java:17)
	at com.znodellc.admin9xqa.Znode9X.executor.ExecuteKeywords.ExecuteTheKeywords(ExecuteKeywords.java:36)
	at com.znodellc.admin9xqa.Znode9X.executor.Execute.getSteps(Execute.java:19)
	at sun.reflect.GeneratedMethodAccessor2.invoke(Unknown Source)
	at sun.reflect.DelegatingMethodAccessorImpl.invoke(DelegatingMethodAccessorImpl.java:43)
	at java.lang.reflect.Method.invoke(Method.java:498)
	at org.testng.internal.MethodInvocationHelper.invokeMethod(MethodInvocationHelper.java:104)
	at org.testng.internal.Invoker.invokeMethod(Invoker.java:645)
	at org.testng.internal.Invoker.invokeTestMethod(Invoker.java:851)
	at org.testng.internal.Invoker.invokeTestMethods(Invoker.java:1177)
	at org.testng.internal.TestMethodWorker.invokeTestMethods(TestMethodWorker.java:129)
	at org.testng.internal.TestMethodWorker.run(TestMethodWorker.java:112)
	at org.testng.TestRunner.privateRun(TestRunner.java:756)
	at org.testng.TestRunner.run(TestRunner.java:610)
	at org.testng.SuiteRunner.runTest(SuiteRunner.java:387)
	at org.testng.SuiteRunner.runSequentially(SuiteRunner.java:382)
	at org.testng.SuiteRunner.privateRun(SuiteRunner.java:340)
	at org.testng.SuiteRunner.run(SuiteRunner.java:289)
	at org.testng.SuiteRunnerWorker.runSuite(SuiteRunnerWorker.java:52)
	at org.testng.SuiteRunnerWorker.run(SuiteRunnerWorker.java:86)
	at org.testng.TestNG.runSuitesSequentially(TestNG.java:1293)
	at org.testng.TestNG.runSuitesLocally(TestNG.java:1218)
	at org.testng.TestNG.runSuites(TestNG.java:1133)
	at org.testng.TestNG.run(TestNG.java:1104)
	at org.testng.remote.AbstractRemoteTestNG.run(AbstractRemoteTestNG.java:132)
	at org.testng.remote.RemoteTestNG.initAndRun(RemoteTestNG.java:236)
	at org.testng.remote.RemoteTestNG.main(RemoteTestNG.java:81)

</div> <!-- stack-trace -->
                </div> <!-- method-content -->
              </div> <!-- method -->
              <div class="method">
                <div class="method-content">
                  <a name="getSteps(Attribute Test11, 81.0, Check for Validation, Assertion, Znode9X.addNew.saveValidation, Record creat...)">
                  </a> <!-- getSteps(Attribute Test11, 81.0, Check for Validation, Assertion, Znode9X.addNew.saveValidation, Record creat...) -->
                  <span class="method-name">getSteps</span>
                  <span class="parameters">(Attribute Test11, 81.0, Check for Validation, Assertion, Znode9X.addNew.saveValidation, Record created successfully., NA, NA, , )</span>
                  <div class="stack-trace">org.openqa.selenium.WebDriverException: chrome not reachable
  (Session info: chrome=56.0.2924.87)
  (Driver info: chromedriver=2.28.455520 (cc17746adff54984afff480136733114c6b3704b),platform=Windows NT 10.0.14393 x86_64) (WARNING: The server did not provide any stacktrace information)
Command duration or timeout: 4.06 seconds
Build info: version: &apos;3.3.1&apos;, revision: &apos;5234b325d5&apos;, time: &apos;2017-03-10 09:10:29 +0000&apos;
System info: host: &apos;MSD001&apos;, ip: &apos;172.17.2.178&apos;, os.name: &apos;Windows 10&apos;, os.arch: &apos;amd64&apos;, os.version: &apos;10.0&apos;, java.version: &apos;1.8.0_121&apos;
Driver info: org.openqa.selenium.chrome.ChromeDriver
Capabilities [{applicationCacheEnabled=false, rotatable=false, mobileEmulationEnabled=false, networkConnectionEnabled=false, chrome={chromedriverVersion=2.28.455520 (cc17746adff54984afff480136733114c6b3704b), userDataDir=C:\Users\SANA~1.AFR\AppData\Local\Temp\scoped_dir9252_20332}, takesHeapSnapshot=true, pageLoadStrategy=normal, databaseEnabled=false, handlesAlerts=true, hasTouchScreen=false, version=56.0.2924.87, platform=XP, browserConnectionEnabled=false, nativeEvents=true, acceptSslCerts=true, locationContextEnabled=true, webStorageEnabled=true, browserName=chrome, takesScreenshot=true, javascriptEnabled=true, cssSelectorsEnabled=true, unexpectedAlertBehaviour=}]
Session ID: 4ac66c7286d825f4d3f1790243e21168
*** Element info: {Using=xpath, value=//p[@class=&apos;text-center&apos;]}
	at sun.reflect.NativeConstructorAccessorImpl.newInstance0(Native Method)
	at sun.reflect.NativeConstructorAccessorImpl.newInstance(NativeConstructorAccessorImpl.java:62)
	at sun.reflect.DelegatingConstructorAccessorImpl.newInstance(DelegatingConstructorAccessorImpl.java:45)
	at java.lang.reflect.Constructor.newInstance(Constructor.java:423)
	at org.openqa.selenium.remote.ErrorHandler.createThrowable(ErrorHandler.java:216)
	at org.openqa.selenium.remote.ErrorHandler.throwIfResponseFailed(ErrorHandler.java:168)
	at org.openqa.selenium.remote.RemoteWebDriver.execute(RemoteWebDriver.java:638)
	at org.openqa.selenium.remote.RemoteWebDriver.findElement(RemoteWebDriver.java:371)
	at org.openqa.selenium.remote.RemoteWebDriver.findElementByXPath(RemoteWebDriver.java:476)
	at org.openqa.selenium.By$ByXPath.findElement(By.java:361)
	at org.openqa.selenium.remote.RemoteWebDriver.findElement(RemoteWebDriver.java:363)
	at com.znodellc.admin9xqa.Znode9X.baseScript.PropertiesFile.getLocator(PropertiesFile.java:64)
	at com.znodellc.admin9xqa.Znode9X.keywords.Assertion.validateSuccesMsg(Assertion.java:19)
	at com.znodellc.admin9xqa.Znode9X.executor.ExecuteKeywords.ExecuteTheKeywords(ExecuteKeywords.java:41)
	at com.znodellc.admin9xqa.Znode9X.executor.Execute.getSteps(Execute.java:19)
	at sun.reflect.GeneratedMethodAccessor2.invoke(Unknown Source)
	at sun.reflect.DelegatingMethodAccessorImpl.invoke(DelegatingMethodAccessorImpl.java:43)
	at java.lang.reflect.Method.invoke(Method.java:498)
	at org.testng.internal.MethodInvocationHelper.invokeMethod(MethodInvocationHelper.java:104)
	at org.testng.internal.Invoker.invokeMethod(Invoker.java:645)
	at org.testng.internal.Invoker.invokeTestMethod(Invoker.java:851)
	at org.testng.internal.Invoker.invokeTestMethods(Invoker.java:1177)
	at org.testng.internal.TestMethodWorker.invokeTestMethods(TestMethodWorker.java:129)
	at org.testng.internal.TestMethodWorker.run(TestMethodWorker.java:112)
	at org.testng.TestRunner.privateRun(TestRunner.java:756)
	at org.testng.TestRunner.run(TestRunner.java:610)
	at org.testng.SuiteRunner.runTest(SuiteRunner.java:387)
	at org.testng.SuiteRunner.runSequentially(SuiteRunner.java:382)
	at org.testng.SuiteRunner.privateRun(SuiteRunner.java:340)
	at org.testng.SuiteRunner.run(SuiteRunner.java:289)
	at org.testng.SuiteRunnerWorker.runSuite(SuiteRunnerWorker.java:52)
	at org.testng.SuiteRunnerWorker.run(SuiteRunnerWorker.java:86)
	at org.testng.TestNG.runSuitesSequentially(TestNG.java:1293)
	at org.testng.TestNG.runSuitesLocally(TestNG.java:1218)
	at org.testng.TestNG.runSuites(TestNG.java:1133)
	at org.testng.TestNG.run(TestNG.java:1104)
	at org.testng.remote.AbstractRemoteTestNG.run(AbstractRemoteTestNG.java:132)
	at org.testng.remote.RemoteTestNG.initAndRun(RemoteTestNG.java:236)
	at org.testng.remote.RemoteTestNG.main(RemoteTestNG.java:81)

</div> <!-- stack-trace -->
                </div> <!-- method-content -->
              </div> <!-- method -->
              <div class="method">
                <div class="method-content">
                  <a name="getSteps(Attribute Test11, 70.0, Click on AddNew, Click, Znode9X.addNew.addnewoption, NA, NA, NA, , )">
                  </a> <!-- getSteps(Attribute Test11, 70.0, Click on AddNew, Click, Znode9X.addNew.addnewoption, NA, NA, NA, , ) -->
                  <span class="method-name">getSteps</span>
                  <span class="parameters">(Attribute Test11, 70.0, Click on AddNew, Click, Znode9X.addNew.addnewoption, NA, NA, NA, , )</span>
                  <div class="stack-trace">org.openqa.selenium.WebDriverException: chrome not reachable
  (Session info: chrome=56.0.2924.87)
  (Driver info: chromedriver=2.28.455520 (cc17746adff54984afff480136733114c6b3704b),platform=Windows NT 10.0.14393 x86_64) (WARNING: The server did not provide any stacktrace information)
Command duration or timeout: 4.01 seconds
Build info: version: &apos;3.3.1&apos;, revision: &apos;5234b325d5&apos;, time: &apos;2017-03-10 09:10:29 +0000&apos;
System info: host: &apos;MSD001&apos;, ip: &apos;172.17.2.178&apos;, os.name: &apos;Windows 10&apos;, os.arch: &apos;amd64&apos;, os.version: &apos;10.0&apos;, java.version: &apos;1.8.0_121&apos;
Driver info: org.openqa.selenium.chrome.ChromeDriver
Capabilities [{applicationCacheEnabled=false, rotatable=false, mobileEmulationEnabled=false, networkConnectionEnabled=false, chrome={chromedriverVersion=2.28.455520 (cc17746adff54984afff480136733114c6b3704b), userDataDir=C:\Users\SANA~1.AFR\AppData\Local\Temp\scoped_dir9252_20332}, takesHeapSnapshot=true, pageLoadStrategy=normal, databaseEnabled=false, handlesAlerts=true, hasTouchScreen=false, version=56.0.2924.87, platform=XP, browserConnectionEnabled=false, nativeEvents=true, acceptSslCerts=true, locationContextEnabled=true, webStorageEnabled=true, browserName=chrome, takesScreenshot=true, javascriptEnabled=true, cssSelectorsEnabled=true, unexpectedAlertBehaviour=}]
Session ID: 4ac66c7286d825f4d3f1790243e21168
*** Element info: {Using=xpath, value=//a[@class=&apos;btn-text-icon&apos;]}
	at sun.reflect.NativeConstructorAccessorImpl.newInstance0(Native Method)
	at sun.reflect.NativeConstructorAccessorImpl.newInstance(NativeConstructorAccessorImpl.java:62)
	at sun.reflect.DelegatingConstructorAccessorImpl.newInstance(DelegatingConstructorAccessorImpl.java:45)
	at java.lang.reflect.Constructor.newInstance(Constructor.java:423)
	at org.openqa.selenium.remote.ErrorHandler.createThrowable(ErrorHandler.java:216)
	at org.openqa.selenium.remote.ErrorHandler.throwIfResponseFailed(ErrorHandler.java:168)
	at org.openqa.selenium.remote.RemoteWebDriver.execute(RemoteWebDriver.java:638)
	at org.openqa.selenium.remote.RemoteWebDriver.findElement(RemoteWebDriver.java:371)
	at org.openqa.selenium.remote.RemoteWebDriver.findElementByXPath(RemoteWebDriver.java:476)
	at org.openqa.selenium.By$ByXPath.findElement(By.java:361)
	at org.openqa.selenium.remote.RemoteWebDriver.findElement(RemoteWebDriver.java:363)
	at com.znodellc.admin9xqa.Znode9X.baseScript.PropertiesFile.getLocator(PropertiesFile.java:64)
	at com.znodellc.admin9xqa.Znode9X.keywords.Click.clickAction(Click.java:17)
	at com.znodellc.admin9xqa.Znode9X.executor.ExecuteKeywords.ExecuteTheKeywords(ExecuteKeywords.java:36)
	at com.znodellc.admin9xqa.Znode9X.executor.Execute.getSteps(Execute.java:19)
	at sun.reflect.GeneratedMethodAccessor2.invoke(Unknown Source)
	at sun.reflect.DelegatingMethodAccessorImpl.invoke(DelegatingMethodAccessorImpl.java:43)
	at java.lang.reflect.Method.invoke(Method.java:498)
	at org.testng.internal.MethodInvocationHelper.invokeMethod(MethodInvocationHelper.java:104)
	at org.testng.internal.Invoker.invokeMethod(Invoker.java:645)
	at org.testng.internal.Invoker.invokeTestMethod(Invoker.java:851)
	at org.testng.internal.Invoker.invokeTestMethods(Invoker.java:1177)
	at org.testng.internal.TestMethodWorker.invokeTestMethods(TestMethodWorker.java:129)
	at org.testng.internal.TestMethodWorker.run(TestMethodWorker.java:112)
	at org.testng.TestRunner.privateRun(TestRunner.java:756)
	at org.testng.TestRunner.run(TestRunner.java:610)
	at org.testng.SuiteRunner.runTest(SuiteRunner.java:387)
	at org.testng.SuiteRunner.runSequentially(SuiteRunner.java:382)
	at org.testng.SuiteRunner.privateRun(SuiteRunner.java:340)
	at org.testng.SuiteRunner.run(SuiteRunner.java:289)
	at org.testng.SuiteRunnerWorker.runSuite(SuiteRunnerWorker.java:52)
	at org.testng.SuiteRunnerWorker.run(SuiteRunnerWorker.java:86)
	at org.testng.TestNG.runSuitesSequentially(TestNG.java:1293)
	at org.testng.TestNG.runSuitesLocally(TestNG.java:1218)
	at org.testng.TestNG.runSuites(TestNG.java:1133)
	at org.testng.TestNG.run(TestNG.java:1104)
	at org.testng.remote.AbstractRemoteTestNG.run(AbstractRemoteTestNG.java:132)
	at org.testng.remote.RemoteTestNG.initAndRun(RemoteTestNG.java:236)
	at org.testng.remote.RemoteTestNG.main(RemoteTestNG.java:81)

</div> <!-- stack-trace -->
                </div> <!-- method-content -->
              </div> <!-- method -->
              <div class="method">
                <div class="method-content">
                  <a name="getSteps(Attribute Test11, 82.0, Click on Cancel button, Click, Znode9X.addNew.cancel, NA, NA, NA, , )">
                  </a> <!-- getSteps(Attribute Test11, 82.0, Click on Cancel button, Click, Znode9X.addNew.cancel, NA, NA, NA, , ) -->
                  <span class="method-name">getSteps</span>
                  <span class="parameters">(Attribute Test11, 82.0, Click on Cancel button, Click, Znode9X.addNew.cancel, NA, NA, NA, , )</span>
                  <div class="stack-trace">org.openqa.selenium.WebDriverException: chrome not reachable
  (Session info: chrome=56.0.2924.87)
  (Driver info: chromedriver=2.28.455520 (cc17746adff54984afff480136733114c6b3704b),platform=Windows NT 10.0.14393 x86_64) (WARNING: The server did not provide any stacktrace information)
Command duration or timeout: 4.08 seconds
Build info: version: &apos;3.3.1&apos;, revision: &apos;5234b325d5&apos;, time: &apos;2017-03-10 09:10:29 +0000&apos;
System info: host: &apos;MSD001&apos;, ip: &apos;172.17.2.178&apos;, os.name: &apos;Windows 10&apos;, os.arch: &apos;amd64&apos;, os.version: &apos;10.0&apos;, java.version: &apos;1.8.0_121&apos;
Driver info: org.openqa.selenium.chrome.ChromeDriver
Capabilities [{applicationCacheEnabled=false, rotatable=false, mobileEmulationEnabled=false, networkConnectionEnabled=false, chrome={chromedriverVersion=2.28.455520 (cc17746adff54984afff480136733114c6b3704b), userDataDir=C:\Users\SANA~1.AFR\AppData\Local\Temp\scoped_dir9252_20332}, takesHeapSnapshot=true, pageLoadStrategy=normal, databaseEnabled=false, handlesAlerts=true, hasTouchScreen=false, version=56.0.2924.87, platform=XP, browserConnectionEnabled=false, nativeEvents=true, acceptSslCerts=true, locationContextEnabled=true, webStorageEnabled=true, browserName=chrome, takesScreenshot=true, javascriptEnabled=true, cssSelectorsEnabled=true, unexpectedAlertBehaviour=}]
Session ID: 4ac66c7286d825f4d3f1790243e21168
*** Element info: {Using=xpath, value=(//a[@class=&apos;btn-text-icon&apos;])[1]}
	at sun.reflect.NativeConstructorAccessorImpl.newInstance0(Native Method)
	at sun.reflect.NativeConstructorAccessorImpl.newInstance(NativeConstructorAccessorImpl.java:62)
	at sun.reflect.DelegatingConstructorAccessorImpl.newInstance(DelegatingConstructorAccessorImpl.java:45)
	at java.lang.reflect.Constructor.newInstance(Constructor.java:423)
	at org.openqa.selenium.remote.ErrorHandler.createThrowable(ErrorHandler.java:216)
	at org.openqa.selenium.remote.ErrorHandler.throwIfResponseFailed(ErrorHandler.java:168)
	at org.openqa.selenium.remote.RemoteWebDriver.execute(RemoteWebDriver.java:638)
	at org.openqa.selenium.remote.RemoteWebDriver.findElement(RemoteWebDriver.java:371)
	at org.openqa.selenium.remote.RemoteWebDriver.findElementByXPath(RemoteWebDriver.java:476)
	at org.openqa.selenium.By$ByXPath.findElement(By.java:361)
	at org.openqa.selenium.remote.RemoteWebDriver.findElement(RemoteWebDriver.java:363)
	at com.znodellc.admin9xqa.Znode9X.baseScript.PropertiesFile.getLocator(PropertiesFile.java:64)
	at com.znodellc.admin9xqa.Znode9X.keywords.Click.clickAction(Click.java:17)
	at com.znodellc.admin9xqa.Znode9X.executor.ExecuteKeywords.ExecuteTheKeywords(ExecuteKeywords.java:36)
	at com.znodellc.admin9xqa.Znode9X.executor.Execute.getSteps(Execute.java:19)
	at sun.reflect.GeneratedMethodAccessor2.invoke(Unknown Source)
	at sun.reflect.DelegatingMethodAccessorImpl.invoke(DelegatingMethodAccessorImpl.java:43)
	at java.lang.reflect.Method.invoke(Method.java:498)
	at org.testng.internal.MethodInvocationHelper.invokeMethod(MethodInvocationHelper.java:104)
	at org.testng.internal.Invoker.invokeMethod(Invoker.java:645)
	at org.testng.internal.Invoker.invokeTestMethod(Invoker.java:851)
	at org.testng.internal.Invoker.invokeTestMethods(Invoker.java:1177)
	at org.testng.internal.TestMethodWorker.invokeTestMethods(TestMethodWorker.java:129)
	at org.testng.internal.TestMethodWorker.run(TestMethodWorker.java:112)
	at org.testng.TestRunner.privateRun(TestRunner.java:756)
	at org.testng.TestRunner.run(TestRunner.java:610)
	at org.testng.SuiteRunner.runTest(SuiteRunner.java:387)
	at org.testng.SuiteRunner.runSequentially(SuiteRunner.java:382)
	at org.testng.SuiteRunner.privateRun(SuiteRunner.java:340)
	at org.testng.SuiteRunner.run(SuiteRunner.java:289)
	at org.testng.SuiteRunnerWorker.runSuite(SuiteRunnerWorker.java:52)
	at org.testng.SuiteRunnerWorker.run(SuiteRunnerWorker.java:86)
	at org.testng.TestNG.runSuitesSequentially(TestNG.java:1293)
	at org.testng.TestNG.runSuitesLocally(TestNG.java:1218)
	at org.testng.TestNG.runSuites(TestNG.java:1133)
	at org.testng.TestNG.run(TestNG.java:1104)
	at org.testng.remote.AbstractRemoteTestNG.run(AbstractRemoteTestNG.java:132)
	at org.testng.remote.RemoteTestNG.initAndRun(RemoteTestNG.java:236)
	at org.testng.remote.RemoteTestNG.main(RemoteTestNG.java:81)

</div> <!-- stack-trace -->
                </div> <!-- method-content -->
              </div> <!-- method -->
              <div class="method">
                <div class="method-content">
                  <a name="getSteps(Attribute Test11, 75.0, Click on No in Is Localizable field, Click, Znode9X.addNew.noLocalizable, NA...)">
                  </a> <!-- getSteps(Attribute Test11, 75.0, Click on No in Is Localizable field, Click, Znode9X.addNew.noLocalizable, NA...) -->
                  <span class="method-name">getSteps</span>
                  <span class="parameters">(Attribute Test11, 75.0, Click on No in Is Localizable field, Click, Znode9X.addNew.noLocalizable, NA, NA, NA, , )</span>
                  <div class="stack-trace">org.openqa.selenium.WebDriverException: chrome not reachable
  (Session info: chrome=56.0.2924.87)
  (Driver info: chromedriver=2.28.455520 (cc17746adff54984afff480136733114c6b3704b),platform=Windows NT 10.0.14393 x86_64) (WARNING: The server did not provide any stacktrace information)
Command duration or timeout: 4.01 seconds
Build info: version: &apos;3.3.1&apos;, revision: &apos;5234b325d5&apos;, time: &apos;2017-03-10 09:10:29 +0000&apos;
System info: host: &apos;MSD001&apos;, ip: &apos;172.17.2.178&apos;, os.name: &apos;Windows 10&apos;, os.arch: &apos;amd64&apos;, os.version: &apos;10.0&apos;, java.version: &apos;1.8.0_121&apos;
Driver info: org.openqa.selenium.chrome.ChromeDriver
Capabilities [{applicationCacheEnabled=false, rotatable=false, mobileEmulationEnabled=false, networkConnectionEnabled=false, chrome={chromedriverVersion=2.28.455520 (cc17746adff54984afff480136733114c6b3704b), userDataDir=C:\Users\SANA~1.AFR\AppData\Local\Temp\scoped_dir9252_20332}, takesHeapSnapshot=true, pageLoadStrategy=normal, databaseEnabled=false, handlesAlerts=true, hasTouchScreen=false, version=56.0.2924.87, platform=XP, browserConnectionEnabled=false, nativeEvents=true, acceptSslCerts=true, locationContextEnabled=true, webStorageEnabled=true, browserName=chrome, takesScreenshot=true, javascriptEnabled=true, cssSelectorsEnabled=true, unexpectedAlertBehaviour=}]
Session ID: 4ac66c7286d825f4d3f1790243e21168
*** Element info: {Using=xpath, value=(//label[text()=&apos;No&apos;])[4]}
	at sun.reflect.NativeConstructorAccessorImpl.newInstance0(Native Method)
	at sun.reflect.NativeConstructorAccessorImpl.newInstance(NativeConstructorAccessorImpl.java:62)
	at sun.reflect.DelegatingConstructorAccessorImpl.newInstance(DelegatingConstructorAccessorImpl.java:45)
	at java.lang.reflect.Constructor.newInstance(Constructor.java:423)
	at org.openqa.selenium.remote.ErrorHandler.createThrowable(ErrorHandler.java:216)
	at org.openqa.selenium.remote.ErrorHandler.throwIfResponseFailed(ErrorHandler.java:168)
	at org.openqa.selenium.remote.RemoteWebDriver.execute(RemoteWebDriver.java:638)
	at org.openqa.selenium.remote.RemoteWebDriver.findElement(RemoteWebDriver.java:371)
	at org.openqa.selenium.remote.RemoteWebDriver.findElementByXPath(RemoteWebDriver.java:476)
	at org.openqa.selenium.By$ByXPath.findElement(By.java:361)
	at org.openqa.selenium.remote.RemoteWebDriver.findElement(RemoteWebDriver.java:363)
	at com.znodellc.admin9xqa.Znode9X.baseScript.PropertiesFile.getLocator(PropertiesFile.java:64)
	at com.znodellc.admin9xqa.Znode9X.keywords.Click.clickAction(Click.java:17)
	at com.znodellc.admin9xqa.Znode9X.executor.ExecuteKeywords.ExecuteTheKeywords(ExecuteKeywords.java:36)
	at com.znodellc.admin9xqa.Znode9X.executor.Execute.getSteps(Execute.java:19)
	at sun.reflect.GeneratedMethodAccessor2.invoke(Unknown Source)
	at sun.reflect.DelegatingMethodAccessorImpl.invoke(DelegatingMethodAccessorImpl.java:43)
	at java.lang.reflect.Method.invoke(Method.java:498)
	at org.testng.internal.MethodInvocationHelper.invokeMethod(MethodInvocationHelper.java:104)
	at org.testng.internal.Invoker.invokeMethod(Invoker.java:645)
	at org.testng.internal.Invoker.invokeTestMethod(Invoker.java:851)
	at org.testng.internal.Invoker.invokeTestMethods(Invoker.java:1177)
	at org.testng.internal.TestMethodWorker.invokeTestMethods(TestMethodWorker.java:129)
	at org.testng.internal.TestMethodWorker.run(TestMethodWorker.java:112)
	at org.testng.TestRunner.privateRun(TestRunner.java:756)
	at org.testng.TestRunner.run(TestRunner.java:610)
	at org.testng.SuiteRunner.runTest(SuiteRunner.java:387)
	at org.testng.SuiteRunner.runSequentially(SuiteRunner.java:382)
	at org.testng.SuiteRunner.privateRun(SuiteRunner.java:340)
	at org.testng.SuiteRunner.run(SuiteRunner.java:289)
	at org.testng.SuiteRunnerWorker.runSuite(SuiteRunnerWorker.java:52)
	at org.testng.SuiteRunnerWorker.run(SuiteRunnerWorker.java:86)
	at org.testng.TestNG.runSuitesSequentially(TestNG.java:1293)
	at org.testng.TestNG.runSuitesLocally(TestNG.java:1218)
	at org.testng.TestNG.runSuites(TestNG.java:1133)
	at org.testng.TestNG.run(TestNG.java:1104)
	at org.testng.remote.AbstractRemoteTestNG.run(AbstractRemoteTestNG.java:132)
	at org.testng.remote.RemoteTestNG.initAndRun(RemoteTestNG.java:236)
	at org.testng.remote.RemoteTestNG.main(RemoteTestNG.java:81)

</div> <!-- stack-trace -->
                </div> <!-- method-content -->
              </div> <!-- method -->
              <div class="method">
                <div class="method-content">
                  <a name="getSteps(Attribute Test11, 79.0, Click on Yes in Is Used for facets  field, Click, Znode9X.addNew.yesIsUseFor...)">
                  </a> <!-- getSteps(Attribute Test11, 79.0, Click on Yes in Is Used for facets  field, Click, Znode9X.addNew.yesIsUseFor...) -->
                  <span class="method-name">getSteps</span>
                  <span class="parameters">(Attribute Test11, 79.0, Click on Yes in Is Used for facets  field, Click, Znode9X.addNew.yesIsUseForFacets, NA, NA, NA, , )</span>
                  <div class="stack-trace">org.openqa.selenium.WebDriverException: chrome not reachable
  (Session info: chrome=56.0.2924.87)
  (Driver info: chromedriver=2.28.455520 (cc17746adff54984afff480136733114c6b3704b),platform=Windows NT 10.0.14393 x86_64) (WARNING: The server did not provide any stacktrace information)
Command duration or timeout: 4.04 seconds
Build info: version: &apos;3.3.1&apos;, revision: &apos;5234b325d5&apos;, time: &apos;2017-03-10 09:10:29 +0000&apos;
System info: host: &apos;MSD001&apos;, ip: &apos;172.17.2.178&apos;, os.name: &apos;Windows 10&apos;, os.arch: &apos;amd64&apos;, os.version: &apos;10.0&apos;, java.version: &apos;1.8.0_121&apos;
Driver info: org.openqa.selenium.chrome.ChromeDriver
Capabilities [{applicationCacheEnabled=false, rotatable=false, mobileEmulationEnabled=false, networkConnectionEnabled=false, chrome={chromedriverVersion=2.28.455520 (cc17746adff54984afff480136733114c6b3704b), userDataDir=C:\Users\SANA~1.AFR\AppData\Local\Temp\scoped_dir9252_20332}, takesHeapSnapshot=true, pageLoadStrategy=normal, databaseEnabled=false, handlesAlerts=true, hasTouchScreen=false, version=56.0.2924.87, platform=XP, browserConnectionEnabled=false, nativeEvents=true, acceptSslCerts=true, locationContextEnabled=true, webStorageEnabled=true, browserName=chrome, takesScreenshot=true, javascriptEnabled=true, cssSelectorsEnabled=true, unexpectedAlertBehaviour=}]
Session ID: 4ac66c7286d825f4d3f1790243e21168
*** Element info: {Using=xpath, value=(//label[text()=&apos;Yes&apos;])[7]}
	at sun.reflect.NativeConstructorAccessorImpl.newInstance0(Native Method)
	at sun.reflect.NativeConstructorAccessorImpl.newInstance(NativeConstructorAccessorImpl.java:62)
	at sun.reflect.DelegatingConstructorAccessorImpl.newInstance(DelegatingConstructorAccessorImpl.java:45)
	at java.lang.reflect.Constructor.newInstance(Constructor.java:423)
	at org.openqa.selenium.remote.ErrorHandler.createThrowable(ErrorHandler.java:216)
	at org.openqa.selenium.remote.ErrorHandler.throwIfResponseFailed(ErrorHandler.java:168)
	at org.openqa.selenium.remote.RemoteWebDriver.execute(RemoteWebDriver.java:638)
	at org.openqa.selenium.remote.RemoteWebDriver.findElement(RemoteWebDriver.java:371)
	at org.openqa.selenium.remote.RemoteWebDriver.findElementByXPath(RemoteWebDriver.java:476)
	at org.openqa.selenium.By$ByXPath.findElement(By.java:361)
	at org.openqa.selenium.remote.RemoteWebDriver.findElement(RemoteWebDriver.java:363)
	at com.znodellc.admin9xqa.Znode9X.baseScript.PropertiesFile.getLocator(PropertiesFile.java:64)
	at com.znodellc.admin9xqa.Znode9X.keywords.Click.clickAction(Click.java:17)
	at com.znodellc.admin9xqa.Znode9X.executor.ExecuteKeywords.ExecuteTheKeywords(ExecuteKeywords.java:36)
	at com.znodellc.admin9xqa.Znode9X.executor.Execute.getSteps(Execute.java:19)
	at sun.reflect.GeneratedMethodAccessor2.invoke(Unknown Source)
	at sun.reflect.DelegatingMethodAccessorImpl.invoke(DelegatingMethodAccessorImpl.java:43)
	at java.lang.reflect.Method.invoke(Method.java:498)
	at org.testng.internal.MethodInvocationHelper.invokeMethod(MethodInvocationHelper.java:104)
	at org.testng.internal.Invoker.invokeMethod(Invoker.java:645)
	at org.testng.internal.Invoker.invokeTestMethod(Invoker.java:851)
	at org.testng.internal.Invoker.invokeTestMethods(Invoker.java:1177)
	at org.testng.internal.TestMethodWorker.invokeTestMethods(TestMethodWorker.java:129)
	at org.testng.internal.TestMethodWorker.run(TestMethodWorker.java:112)
	at org.testng.TestRunner.privateRun(TestRunner.java:756)
	at org.testng.TestRunner.run(TestRunner.java:610)
	at org.testng.SuiteRunner.runTest(SuiteRunner.java:387)
	at org.testng.SuiteRunner.runSequentially(SuiteRunner.java:382)
	at org.testng.SuiteRunner.privateRun(SuiteRunner.java:340)
	at org.testng.SuiteRunner.run(SuiteRunner.java:289)
	at org.testng.SuiteRunnerWorker.runSuite(SuiteRunnerWorker.java:52)
	at org.testng.SuiteRunnerWorker.run(SuiteRunnerWorker.java:86)
	at org.testng.TestNG.runSuitesSequentially(TestNG.java:1293)
	at org.testng.TestNG.runSuitesLocally(TestNG.java:1218)
	at org.testng.TestNG.runSuites(TestNG.java:1133)
	at org.testng.TestNG.run(TestNG.java:1104)
	at org.testng.remote.AbstractRemoteTestNG.run(AbstractRemoteTestNG.java:132)
	at org.testng.remote.RemoteTestNG.initAndRun(RemoteTestNG.java:236)
	at org.testng.remote.RemoteTestNG.main(RemoteTestNG.java:81)

</div> <!-- stack-trace -->
                </div> <!-- method-content -->
              </div> <!-- method -->
              <div class="method">
                <div class="method-content">
                  <a name="getSteps(Attribute Test11, 74.0, Click on Yes in Is configurable field, Click, Znode9X.addNew.yesIsConfigurab...)">
                  </a> <!-- getSteps(Attribute Test11, 74.0, Click on Yes in Is configurable field, Click, Znode9X.addNew.yesIsConfigurab...) -->
                  <span class="method-name">getSteps</span>
                  <span class="parameters">(Attribute Test11, 74.0, Click on Yes in Is configurable field, Click, Znode9X.addNew.yesIsConfigurable, NA, NA, NA, , )</span>
                  <div class="stack-trace">org.openqa.selenium.WebDriverException: chrome not reachable
  (Session info: chrome=56.0.2924.87)
  (Driver info: chromedriver=2.28.455520 (cc17746adff54984afff480136733114c6b3704b),platform=Windows NT 10.0.14393 x86_64) (WARNING: The server did not provide any stacktrace information)
Command duration or timeout: 4.02 seconds
Build info: version: &apos;3.3.1&apos;, revision: &apos;5234b325d5&apos;, time: &apos;2017-03-10 09:10:29 +0000&apos;
System info: host: &apos;MSD001&apos;, ip: &apos;172.17.2.178&apos;, os.name: &apos;Windows 10&apos;, os.arch: &apos;amd64&apos;, os.version: &apos;10.0&apos;, java.version: &apos;1.8.0_121&apos;
Driver info: org.openqa.selenium.chrome.ChromeDriver
Capabilities [{applicationCacheEnabled=false, rotatable=false, mobileEmulationEnabled=false, networkConnectionEnabled=false, chrome={chromedriverVersion=2.28.455520 (cc17746adff54984afff480136733114c6b3704b), userDataDir=C:\Users\SANA~1.AFR\AppData\Local\Temp\scoped_dir9252_20332}, takesHeapSnapshot=true, pageLoadStrategy=normal, databaseEnabled=false, handlesAlerts=true, hasTouchScreen=false, version=56.0.2924.87, platform=XP, browserConnectionEnabled=false, nativeEvents=true, acceptSslCerts=true, locationContextEnabled=true, webStorageEnabled=true, browserName=chrome, takesScreenshot=true, javascriptEnabled=true, cssSelectorsEnabled=true, unexpectedAlertBehaviour=}]
Session ID: 4ac66c7286d825f4d3f1790243e21168
*** Element info: {Using=xpath, value=(//label[text()=&apos;Yes&apos;])[2]}
	at sun.reflect.NativeConstructorAccessorImpl.newInstance0(Native Method)
	at sun.reflect.NativeConstructorAccessorImpl.newInstance(NativeConstructorAccessorImpl.java:62)
	at sun.reflect.DelegatingConstructorAccessorImpl.newInstance(DelegatingConstructorAccessorImpl.java:45)
	at java.lang.reflect.Constructor.newInstance(Constructor.java:423)
	at org.openqa.selenium.remote.ErrorHandler.createThrowable(ErrorHandler.java:216)
	at org.openqa.selenium.remote.ErrorHandler.throwIfResponseFailed(ErrorHandler.java:168)
	at org.openqa.selenium.remote.RemoteWebDriver.execute(RemoteWebDriver.java:638)
	at org.openqa.selenium.remote.RemoteWebDriver.findElement(RemoteWebDriver.java:371)
	at org.openqa.selenium.remote.RemoteWebDriver.findElementByXPath(RemoteWebDriver.java:476)
	at org.openqa.selenium.By$ByXPath.findElement(By.java:361)
	at org.openqa.selenium.remote.RemoteWebDriver.findElement(RemoteWebDriver.java:363)
	at com.znodellc.admin9xqa.Znode9X.baseScript.PropertiesFile.getLocator(PropertiesFile.java:64)
	at com.znodellc.admin9xqa.Znode9X.keywords.Click.clickAction(Click.java:17)
	at com.znodellc.admin9xqa.Znode9X.executor.ExecuteKeywords.ExecuteTheKeywords(ExecuteKeywords.java:36)
	at com.znodellc.admin9xqa.Znode9X.executor.Execute.getSteps(Execute.java:19)
	at sun.reflect.GeneratedMethodAccessor2.invoke(Unknown Source)
	at sun.reflect.DelegatingMethodAccessorImpl.invoke(DelegatingMethodAccessorImpl.java:43)
	at java.lang.reflect.Method.invoke(Method.java:498)
	at org.testng.internal.MethodInvocationHelper.invokeMethod(MethodInvocationHelper.java:104)
	at org.testng.internal.Invoker.invokeMethod(Invoker.java:645)
	at org.testng.internal.Invoker.invokeTestMethod(Invoker.java:851)
	at org.testng.internal.Invoker.invokeTestMethods(Invoker.java:1177)
	at org.testng.internal.TestMethodWorker.invokeTestMethods(TestMethodWorker.java:129)
	at org.testng.internal.TestMethodWorker.run(TestMethodWorker.java:112)
	at org.testng.TestRunner.privateRun(TestRunner.java:756)
	at org.testng.TestRunner.run(TestRunner.java:610)
	at org.testng.SuiteRunner.runTest(SuiteRunner.java:387)
	at org.testng.SuiteRunner.runSequentially(SuiteRunner.java:382)
	at org.testng.SuiteRunner.privateRun(SuiteRunner.java:340)
	at org.testng.SuiteRunner.run(SuiteRunner.java:289)
	at org.testng.SuiteRunnerWorker.runSuite(SuiteRunnerWorker.java:52)
	at org.testng.SuiteRunnerWorker.run(SuiteRunnerWorker.java:86)
	at org.testng.TestNG.runSuitesSequentially(TestNG.java:1293)
	at org.testng.TestNG.runSuitesLocally(TestNG.java:1218)
	at org.testng.TestNG.runSuites(TestNG.java:1133)
	at org.testng.TestNG.run(TestNG.java:1104)
	at org.testng.remote.AbstractRemoteTestNG.run(AbstractRemoteTestNG.java:132)
	at org.testng.remote.RemoteTestNG.initAndRun(RemoteTestNG.java:236)
	at org.testng.remote.RemoteTestNG.main(RemoteTestNG.java:81)

</div> <!-- stack-trace -->
                </div> <!-- method-content -->
              </div> <!-- method -->
            </div> <!-- main-panel-content rounded-window-bottom -->
          </div> <!-- suite-Default_suite-class-failed -->
          <div class="suite-Default_suite-class-passed">
            <div class="main-panel-header rounded-window-top">
              <img src="passed.png"/>
              <span class="class-name">com.znodellc.admin9xqa.Znode9X.executor.Execute</span>
            </div> <!-- main-panel-header rounded-window-top -->
            <div class="main-panel-content rounded-window-bottom">
              <div class="method">
                <div class="method-content">
                  <a name="getSteps(Attribute Test9, 58.0, Check for Validation, Assertion, Znode9X.addNew.saveValidation, Record create...)">
                  </a> <!-- getSteps(Attribute Test9, 58.0, Check for Validation, Assertion, Znode9X.addNew.saveValidation, Record create...) -->
                  <span class="method-name">getSteps</span>
                  <span class="parameters">(Attribute Test9, 58.0, Check for Validation, Assertion, Znode9X.addNew.saveValidation, Record created successfully., NA, NA, , )</span>
                </div> <!-- method-content -->
              </div> <!-- method -->
              <div class="method">
                <div class="method-content">
                  <a name="getSteps(Attribute Test6, 29.0, Click on Cancel button, Click, Znode9X.addNew.cancel, NA, NA, NA, , )">
                  </a> <!-- getSteps(Attribute Test6, 29.0, Click on Cancel button, Click, Znode9X.addNew.cancel, NA, NA, NA, , ) -->
                  <span class="method-name">getSteps</span>
                  <span class="parameters">(Attribute Test6, 29.0, Click on Cancel button, Click, Znode9X.addNew.cancel, NA, NA, NA, , )</span>
                </div> <!-- method-content -->
              </div> <!-- method -->
              <div class="method">
                <div class="method-content">
                  <a name="getSteps(Attribute Test8, 44.0, Enter value in Help Description field, SendKeys, Znode9X.addNew.helpDescripti...)">
                  </a> <!-- getSteps(Attribute Test8, 44.0, Enter value in Help Description field, SendKeys, Znode9X.addNew.helpDescripti...) -->
                  <span class="method-name">getSteps</span>
                  <span class="parameters">(Attribute Test8, 44.0, Enter value in Help Description field, SendKeys, Znode9X.addNew.helpDescription, xyz, NA, NA, , )</span>
                </div> <!-- method-content -->
              </div> <!-- method -->
              <div class="method">
                <div class="method-content">
                  <a name="getSteps(Attribute Test8, 46.0, Check for Validation, Assertion, Znode9X.addNew.saveValidation, Record create...)">
                  </a> <!-- getSteps(Attribute Test8, 46.0, Check for Validation, Assertion, Znode9X.addNew.saveValidation, Record create...) -->
                  <span class="method-name">getSteps</span>
                  <span class="parameters">(Attribute Test8, 46.0, Check for Validation, Assertion, Znode9X.addNew.saveValidation, Record created successfully., NA, NA, , )</span>
                </div> <!-- method-content -->
              </div> <!-- method -->
              <div class="method">
                <div class="method-content">
                  <a name="getSteps(Attribute Test6, 27.0, Click on Save, Click, Znode9X.addNew.save, NA, NA, NA, , )">
                  </a> <!-- getSteps(Attribute Test6, 27.0, Click on Save, Click, Znode9X.addNew.save, NA, NA, NA, , ) -->
                  <span class="method-name">getSteps</span>
                  <span class="parameters">(Attribute Test6, 27.0, Click on Save, Click, Znode9X.addNew.save, NA, NA, NA, , )</span>
                </div> <!-- method-content -->
              </div> <!-- method -->
              <div class="method">
                <div class="method-content">
                  <a name="getSteps(Attribute Test7, 30.0, Click on Add New, Click, Znode9X.addNew.addnewoption, NA, NA, NA, , )">
                  </a> <!-- getSteps(Attribute Test7, 30.0, Click on Add New, Click, Znode9X.addNew.addnewoption, NA, NA, NA, , ) -->
                  <span class="method-name">getSteps</span>
                  <span class="parameters">(Attribute Test7, 30.0, Click on Add New, Click, Znode9X.addNew.addnewoption, NA, NA, NA, , )</span>
                </div> <!-- method-content -->
              </div> <!-- method -->
              <div class="method">
                <div class="method-content">
                  <a name="getSteps(Attribute Test6, 26.0, Enter already available code in code field, SendKeys, Znode9X.addNew.code, Co...)">
                  </a> <!-- getSteps(Attribute Test6, 26.0, Enter already available code in code field, SendKeys, Znode9X.addNew.code, Co...) -->
                  <span class="method-name">getSteps</span>
                  <span class="parameters">(Attribute Test6, 26.0, Enter already available code in code field, SendKeys, Znode9X.addNew.code, Colour, NA, NA, , )</span>
                </div> <!-- method-content -->
              </div> <!-- method -->
              <div class="method">
                <div class="method-content">
                  <a name="getSteps(Attribute Test1, 2.0, Enter correct username, SendKeys, Znode9X.addNew.username, admin@znode.com, NA...)">
                  </a> <!-- getSteps(Attribute Test1, 2.0, Enter correct username, SendKeys, Znode9X.addNew.username, admin@znode.com, NA...) -->
                  <span class="method-name">getSteps</span>
                  <span class="parameters">(Attribute Test1, 2.0, Enter correct username, SendKeys, Znode9X.addNew.username, admin@znode.com, NA, NA, , )</span>
                </div> <!-- method-content -->
              </div> <!-- method -->
              <div class="method">
                <div class="method-content">
                  <a name="getSteps(Attribute Test9, 59.0, Click on Cancel button, Click, Znode9X.addNew.cancel, NA, NA, NA, , )">
                  </a> <!-- getSteps(Attribute Test9, 59.0, Click on Cancel button, Click, Znode9X.addNew.cancel, NA, NA, NA, , ) -->
                  <span class="method-name">getSteps</span>
                  <span class="parameters">(Attribute Test9, 59.0, Click on Cancel button, Click, Znode9X.addNew.cancel, NA, NA, NA, , )</span>
                </div> <!-- method-content -->
              </div> <!-- method -->
              <div class="method">
                <div class="method-content">
                  <a name="getSteps(Attribute Test1, 6.0, Click on products attribute in PIM module, Click, Znode9X.addNew.productAttrib...)">
                  </a> <!-- getSteps(Attribute Test1, 6.0, Click on products attribute in PIM module, Click, Znode9X.addNew.productAttrib...) -->
                  <span class="method-name">getSteps</span>
                  <span class="parameters">(Attribute Test1, 6.0, Click on products attribute in PIM module, Click, Znode9X.addNew.productAttributes, NA, NA, NA, , )</span>
                </div> <!-- method-content -->
              </div> <!-- method -->
              <div class="method">
                <div class="method-content">
                  <a name="getSteps(Attribute Test9, 57.0, Click on Save, Click, Znode9X.addNew.save, NA, NA, NA, , )">
                  </a> <!-- getSteps(Attribute Test9, 57.0, Click on Save, Click, Znode9X.addNew.save, NA, NA, NA, , ) -->
                  <span class="method-name">getSteps</span>
                  <span class="parameters">(Attribute Test9, 57.0, Click on Save, Click, Znode9X.addNew.save, NA, NA, NA, , )</span>
                </div> <!-- method-content -->
              </div> <!-- method -->
              <div class="method">
                <div class="method-content">
                  <a name="getSteps(Attribute Test7, 31.0, Select a Yes/No dropdown in Attribute Type, DropDown, Znode9X.addNew.attribut...)">
                  </a> <!-- getSteps(Attribute Test7, 31.0, Select a Yes/No dropdown in Attribute Type, DropDown, Znode9X.addNew.attribut...) -->
                  <span class="method-name">getSteps</span>
                  <span class="parameters">(Attribute Test7, 31.0, Select a Yes/No dropdown in Attribute Type, DropDown, Znode9X.addNew.attributeType, Yes/No, NA, NA, , )</span>
                </div> <!-- method-content -->
              </div> <!-- method -->
              <div class="method">
                <div class="method-content">
                  <a name="getSteps(Attribute Test7, 32.0, Enter value in Code field, SendKeys, Znode9X.addNew.code, Support, NA, NA, , )">
                  </a> <!-- getSteps(Attribute Test7, 32.0, Enter value in Code field, SendKeys, Znode9X.addNew.code, Support, NA, NA, , ) -->
                  <span class="method-name">getSteps</span>
                  <span class="parameters">(Attribute Test7, 32.0, Enter value in Code field, SendKeys, Znode9X.addNew.code, Support, NA, NA, , )</span>
                </div> <!-- method-content -->
              </div> <!-- method -->
              <div class="method">
                <div class="method-content">
                  <a name="getSteps(Attribute Test2, 8.0, Keep all the fields Blank and click on Cancel button, Click, Znode9X.addNew.ca...)">
                  </a> <!-- getSteps(Attribute Test2, 8.0, Keep all the fields Blank and click on Cancel button, Click, Znode9X.addNew.ca...) -->
                  <span class="method-name">getSteps</span>
                  <span class="parameters">(Attribute Test2, 8.0, Keep all the fields Blank and click on Cancel button, Click, Znode9X.addNew.cancel, NA, NA, NA, , )</span>
                </div> <!-- method-content -->
              </div> <!-- method -->
              <div class="method">
                <div class="method-content">
                  <a name="getSteps(Attribute Test5, 23.0, Click on Cancel button, Click, Znode9X.addNew.cancel, NA, NA, NA, , )">
                  </a> <!-- getSteps(Attribute Test5, 23.0, Click on Cancel button, Click, Znode9X.addNew.cancel, NA, NA, NA, , ) -->
                  <span class="method-name">getSteps</span>
                  <span class="parameters">(Attribute Test5, 23.0, Click on Cancel button, Click, Znode9X.addNew.cancel, NA, NA, NA, , )</span>
                </div> <!-- method-content -->
              </div> <!-- method -->
              <div class="method">
                <div class="method-content">
                  <a name="getSteps(Attribute Test4, 15.0, Keep all the fields blank and click on Save&amp;Close Button, Click, Znode9X.addN...)">
                  </a> <!-- getSteps(Attribute Test4, 15.0, Keep all the fields blank and click on Save&Close Button, Click, Znode9X.addN...) -->
                  <span class="method-name">getSteps</span>
                  <span class="parameters">(Attribute Test4, 15.0, Keep all the fields blank and click on Save&Close Button, Click, Znode9X.addNew.save&Close, NA, NA, NA, , )</span>
                </div> <!-- method-content -->
              </div> <!-- method -->
              <div class="method">
                <div class="method-content">
                  <a name="getSteps(Attribute Test5, 18.0, Click on Add New, Click, Znode9X.addNew.addnewoption, NA, NA, NA, , )">
                  </a> <!-- getSteps(Attribute Test5, 18.0, Click on Add New, Click, Znode9X.addNew.addnewoption, NA, NA, NA, , ) -->
                  <span class="method-name">getSteps</span>
                  <span class="parameters">(Attribute Test5, 18.0, Click on Add New, Click, Znode9X.addNew.addnewoption, NA, NA, NA, , )</span>
                </div> <!-- method-content -->
              </div> <!-- method -->
              <div class="method">
                <div class="method-content">
                  <a name="getSteps(Attribute Test9, 53.0, Click on No in Is Comparable field, Click, Znode9X.addNew.noComparable, NA, N...)">
                  </a> <!-- getSteps(Attribute Test9, 53.0, Click on No in Is Comparable field, Click, Znode9X.addNew.noComparable, NA, N...) -->
                  <span class="method-name">getSteps</span>
                  <span class="parameters">(Attribute Test9, 53.0, Click on No in Is Comparable field, Click, Znode9X.addNew.noComparable, NA, NA, NA, , )</span>
                </div> <!-- method-content -->
              </div> <!-- method -->
              <div class="method">
                <div class="method-content">
                  <a name="getSteps(Attribute Test8, 45.0, Click on Save, Click, Znode9X.addNew.save, NA, NA, NA, , )">
                  </a> <!-- getSteps(Attribute Test8, 45.0, Click on Save, Click, Znode9X.addNew.save, NA, NA, NA, , ) -->
                  <span class="method-name">getSteps</span>
                  <span class="parameters">(Attribute Test8, 45.0, Click on Save, Click, Znode9X.addNew.save, NA, NA, NA, , )</span>
                </div> <!-- method-content -->
              </div> <!-- method -->
              <div class="method">
                <div class="method-content">
                  <a name="getSteps(Attribute Test9, 54.0, Click on Yes in Is Used In Search, Click, Znode9X.addNew.yesUseInSearch, NA, ...)">
                  </a> <!-- getSteps(Attribute Test9, 54.0, Click on Yes in Is Used In Search, Click, Znode9X.addNew.yesUseInSearch, NA, ...) -->
                  <span class="method-name">getSteps</span>
                  <span class="parameters">(Attribute Test9, 54.0, Click on Yes in Is Used In Search, Click, Znode9X.addNew.yesUseInSearch, NA, NA, NA, , )</span>
                </div> <!-- method-content -->
              </div> <!-- method -->
              <div class="method">
                <div class="method-content">
                  <a name="getSteps(Attribute Test5, 21.0, Click on Save, Click, Znode9X.addNew.save, NA, NA, NA, , )">
                  </a> <!-- getSteps(Attribute Test5, 21.0, Click on Save, Click, Znode9X.addNew.save, NA, NA, NA, , ) -->
                  <span class="method-name">getSteps</span>
                  <span class="parameters">(Attribute Test5, 21.0, Click on Save, Click, Znode9X.addNew.save, NA, NA, NA, , )</span>
                </div> <!-- method-content -->
              </div> <!-- method -->
              <div class="method">
                <div class="method-content">
                  <a name="getSteps(Attribute Test7, 34.0, Enter value in Help Description field, SendKeys, Znode9X.addNew.helpDescripti...)">
                  </a> <!-- getSteps(Attribute Test7, 34.0, Enter value in Help Description field, SendKeys, Znode9X.addNew.helpDescripti...) -->
                  <span class="method-name">getSteps</span>
                  <span class="parameters">(Attribute Test7, 34.0, Enter value in Help Description field, SendKeys, Znode9X.addNew.helpDescription, abc, NA, NA, , )</span>
                </div> <!-- method-content -->
              </div> <!-- method -->
              <div class="method">
                <div class="method-content">
                  <a name="getSteps(Attribute Test3, 10.0, Click on Add New, Click, Znode9X.addNew.addnewoption, NA, NA, NA, , )">
                  </a> <!-- getSteps(Attribute Test3, 10.0, Click on Add New, Click, Znode9X.addNew.addnewoption, NA, NA, NA, , ) -->
                  <span class="method-name">getSteps</span>
                  <span class="parameters">(Attribute Test3, 10.0, Click on Add New, Click, Znode9X.addNew.addnewoption, NA, NA, NA, , )</span>
                </div> <!-- method-content -->
              </div> <!-- method -->
              <div class="method">
                <div class="method-content">
                  <a name="getSteps(Attribute Test6, 25.0, Select a text dropdown in Attribute Type, DropDown, Znode9X.addNew.attributeT...)">
                  </a> <!-- getSteps(Attribute Test6, 25.0, Select a text dropdown in Attribute Type, DropDown, Znode9X.addNew.attributeT...) -->
                  <span class="method-name">getSteps</span>
                  <span class="parameters">(Attribute Test6, 25.0, Select a text dropdown in Attribute Type, DropDown, Znode9X.addNew.attributeType, Text, NA, NA, , )</span>
                </div> <!-- method-content -->
              </div> <!-- method -->
              <div class="method">
                <div class="method-content">
                  <a name="getSteps(Attribute Test10, 64.0, Select Validation Rule Dropdown, DropDown, Znode9X.addNew.validationRule, Al...)">
                  </a> <!-- getSteps(Attribute Test10, 64.0, Select Validation Rule Dropdown, DropDown, Znode9X.addNew.validationRule, Al...) -->
                  <span class="method-name">getSteps</span>
                  <span class="parameters">(Attribute Test10, 64.0, Select Validation Rule Dropdown, DropDown, Znode9X.addNew.validationRule, Alphanumeric, NA, NA, , )</span>
                </div> <!-- method-content -->
              </div> <!-- method -->
              <div class="method">
                <div class="method-content">
                  <a name="getSteps(Attribute Test9, 55.0, Enter value in Help Description field, SendKeys, Znode9X.addNew.helpDescripti...)">
                  </a> <!-- getSteps(Attribute Test9, 55.0, Enter value in Help Description field, SendKeys, Znode9X.addNew.helpDescripti...) -->
                  <span class="method-name">getSteps</span>
                  <span class="parameters">(Attribute Test9, 55.0, Enter value in Help Description field, SendKeys, Znode9X.addNew.helpDescription, xyz, NA, NA, , )</span>
                </div> <!-- method-content -->
              </div> <!-- method -->
              <div class="method">
                <div class="method-content">
                  <a name="getSteps(Attribute Test7, 35.0, Click on Save, Click, Znode9X.addNew.save, NA, NA, NA, , )">
                  </a> <!-- getSteps(Attribute Test7, 35.0, Click on Save, Click, Znode9X.addNew.save, NA, NA, NA, , ) -->
                  <span class="method-name">getSteps</span>
                  <span class="parameters">(Attribute Test7, 35.0, Click on Save, Click, Znode9X.addNew.save, NA, NA, NA, , )</span>
                </div> <!-- method-content -->
              </div> <!-- method -->
              <div class="method">
                <div class="method-content">
                  <a name="getSteps(Attribute Test8, 41.0, Click on No in Is Localizable field, Click, Znode9X.addNew.noLocalizable, NA,...)">
                  </a> <!-- getSteps(Attribute Test8, 41.0, Click on No in Is Localizable field, Click, Znode9X.addNew.noLocalizable, NA,...) -->
                  <span class="method-name">getSteps</span>
                  <span class="parameters">(Attribute Test8, 41.0, Click on No in Is Localizable field, Click, Znode9X.addNew.noLocalizable, NA, NA, NA, , )</span>
                </div> <!-- method-content -->
              </div> <!-- method -->
              <div class="method">
                <div class="method-content">
                  <a name="getSteps(Attribute Test10, 60.0, Click on AddNew, Click, Znode9X.addNew.addnewoption, NA, NA, NA, , )">
                  </a> <!-- getSteps(Attribute Test10, 60.0, Click on AddNew, Click, Znode9X.addNew.addnewoption, NA, NA, NA, , ) -->
                  <span class="method-name">getSteps</span>
                  <span class="parameters">(Attribute Test10, 60.0, Click on AddNew, Click, Znode9X.addNew.addnewoption, NA, NA, NA, , )</span>
                </div> <!-- method-content -->
              </div> <!-- method -->
              <div class="method">
                <div class="method-content">
                  <a name="getSteps(Attribute Test5, 22.0, Check for Validation, Assertion, Znode9X.addNew.saveValidation, Record create...)">
                  </a> <!-- getSteps(Attribute Test5, 22.0, Check for Validation, Assertion, Znode9X.addNew.saveValidation, Record create...) -->
                  <span class="method-name">getSteps</span>
                  <span class="parameters">(Attribute Test5, 22.0, Check for Validation, Assertion, Znode9X.addNew.saveValidation, Record created successfully., NA, NA, , )</span>
                </div> <!-- method-content -->
              </div> <!-- method -->
              <div class="method">
                <div class="method-content">
                  <a name="getSteps(Attribute Test7, 36.0, Check for Validation, Assertion, Znode9X.addNew.saveValidation, Record create...)">
                  </a> <!-- getSteps(Attribute Test7, 36.0, Check for Validation, Assertion, Znode9X.addNew.saveValidation, Record create...) -->
                  <span class="method-name">getSteps</span>
                  <span class="parameters">(Attribute Test7, 36.0, Check for Validation, Assertion, Znode9X.addNew.saveValidation, Record created successfully., NA, NA, , )</span>
                </div> <!-- method-content -->
              </div> <!-- method -->
              <div class="method">
                <div class="method-content">
                  <a name="getSteps(Attribute Test3, 11.0, Keep all the fields blank and Click on Save Button, Click, Znode9X.addNew.sav...)">
                  </a> <!-- getSteps(Attribute Test3, 11.0, Keep all the fields blank and Click on Save Button, Click, Znode9X.addNew.sav...) -->
                  <span class="method-name">getSteps</span>
                  <span class="parameters">(Attribute Test3, 11.0, Keep all the fields blank and Click on Save Button, Click, Znode9X.addNew.save, NA, NA, NA, , )</span>
                </div> <!-- method-content -->
              </div> <!-- method -->
              <div class="method">
                <div class="method-content">
                  <a name="getSteps(Attribute Test7, 33.0, Select Attribute Group DropDown, DropDown, Znode9X.addNew.attributeGroup, Pro...)">
                  </a> <!-- getSteps(Attribute Test7, 33.0, Select Attribute Group DropDown, DropDown, Znode9X.addNew.attributeGroup, Pro...) -->
                  <span class="method-name">getSteps</span>
                  <span class="parameters">(Attribute Test7, 33.0, Select Attribute Group DropDown, DropDown, Znode9X.addNew.attributeGroup, ProductInfo, NA, NA, , )</span>
                </div> <!-- method-content -->
              </div> <!-- method -->
              <div class="method">
                <div class="method-content">
                  <a name="getSteps(Attribute Test10, 63.0, Click on Yes in Is Personizable field, Click, Znode9X.addNew.yesIsPersonaliz...)">
                  </a> <!-- getSteps(Attribute Test10, 63.0, Click on Yes in Is Personizable field, Click, Znode9X.addNew.yesIsPersonaliz...) -->
                  <span class="method-name">getSteps</span>
                  <span class="parameters">(Attribute Test10, 63.0, Click on Yes in Is Personizable field, Click, Znode9X.addNew.yesIsPersonalizable, NA, NA, NA, , )</span>
                </div> <!-- method-content -->
              </div> <!-- method -->
              <div class="method">
                <div class="method-content">
                  <a name="getSteps(Attribute Test5, 19.0, Select a text dropdown in Attribute Type, DropDown, Znode9X.addNew.attributeT...)">
                  </a> <!-- getSteps(Attribute Test5, 19.0, Select a text dropdown in Attribute Type, DropDown, Znode9X.addNew.attributeT...) -->
                  <span class="method-name">getSteps</span>
                  <span class="parameters">(Attribute Test5, 19.0, Select a text dropdown in Attribute Type, DropDown, Znode9X.addNew.attributeType, Text, NA, NA, , )</span>
                </div> <!-- method-content -->
              </div> <!-- method -->
              <div class="method">
                <div class="method-content">
                  <a name="getSteps(Attribute Test4, 16.0, Check for Validation, Assertion, Znode9X.addNew.codeValidation, Please enter ...)">
                  </a> <!-- getSteps(Attribute Test4, 16.0, Check for Validation, Assertion, Znode9X.addNew.codeValidation, Please enter ...) -->
                  <span class="method-name">getSteps</span>
                  <span class="parameters">(Attribute Test4, 16.0, Check for Validation, Assertion, Znode9X.addNew.codeValidation, Please enter attribute code., NA, NA, , )</span>
                </div> <!-- method-content -->
              </div> <!-- method -->
              <div class="method">
                <div class="method-content">
                  <a name="getSteps(Attribute Test9, 52.0, Select Attribute Group DropDown, DropDown, Znode9X.addNew.attributeGroup, Shi...)">
                  </a> <!-- getSteps(Attribute Test9, 52.0, Select Attribute Group DropDown, DropDown, Znode9X.addNew.attributeGroup, Shi...) -->
                  <span class="method-name">getSteps</span>
                  <span class="parameters">(Attribute Test9, 52.0, Select Attribute Group DropDown, DropDown, Znode9X.addNew.attributeGroup, ShippingSettings, NA, NA, , )</span>
                </div> <!-- method-content -->
              </div> <!-- method -->
              <div class="method">
                <div class="method-content">
                  <a name="getSteps(Attribute Test3, 13.0, Click on Cancel button, Click, Znode9X.addNew.cancel, NA, NA, NA, , )">
                  </a> <!-- getSteps(Attribute Test3, 13.0, Click on Cancel button, Click, Znode9X.addNew.cancel, NA, NA, NA, , ) -->
                  <span class="method-name">getSteps</span>
                  <span class="parameters">(Attribute Test3, 13.0, Click on Cancel button, Click, Znode9X.addNew.cancel, NA, NA, NA, , )</span>
                </div> <!-- method-content -->
              </div> <!-- method -->
              <div class="method">
                <div class="method-content">
                  <a name="getSteps(Attribute Test2, 7.0, Click on Add New, Click, Znode9X.addNew.addnewoption, NA, NA, NA, , )">
                  </a> <!-- getSteps(Attribute Test2, 7.0, Click on Add New, Click, Znode9X.addNew.addnewoption, NA, NA, NA, , ) -->
                  <span class="method-name">getSteps</span>
                  <span class="parameters">(Attribute Test2, 7.0, Click on Add New, Click, Znode9X.addNew.addnewoption, NA, NA, NA, , )</span>
                </div> <!-- method-content -->
              </div> <!-- method -->
              <div class="method">
                <div class="method-content">
                  <a name="getSteps(Attribute Test9, 47.0, Click on Add New, Click, Znode9X.addNew.addnewoption, NA, NA, NA, , )">
                  </a> <!-- getSteps(Attribute Test9, 47.0, Click on Add New, Click, Znode9X.addNew.addnewoption, NA, NA, NA, , ) -->
                  <span class="method-name">getSteps</span>
                  <span class="parameters">(Attribute Test9, 47.0, Click on Add New, Click, Znode9X.addNew.addnewoption, NA, NA, NA, , )</span>
                </div> <!-- method-content -->
              </div> <!-- method -->
              <div class="method">
                <div class="method-content">
                  <a name="getSteps(Attribute Test10, 61.0, Select a Text dropdown from Attribute Type, DropDown, Znode9X.addNew.attribu...)">
                  </a> <!-- getSteps(Attribute Test10, 61.0, Select a Text dropdown from Attribute Type, DropDown, Znode9X.addNew.attribu...) -->
                  <span class="method-name">getSteps</span>
                  <span class="parameters">(Attribute Test10, 61.0, Select a Text dropdown from Attribute Type, DropDown, Znode9X.addNew.attributeType, Text, NA, NA, , )</span>
                </div> <!-- method-content -->
              </div> <!-- method -->
              <div class="method">
                <div class="method-content">
                  <a name="getSteps(Attribute Test8, 43.0, Select Attribute Group DropDown, DropDown, Znode9X.addNew.attributeGroup, Pro...)">
                  </a> <!-- getSteps(Attribute Test8, 43.0, Select Attribute Group DropDown, DropDown, Znode9X.addNew.attributeGroup, Pro...) -->
                  <span class="method-name">getSteps</span>
                  <span class="parameters">(Attribute Test8, 43.0, Select Attribute Group DropDown, DropDown, Znode9X.addNew.attributeGroup, ProductSetting, NA, NA, , )</span>
                </div> <!-- method-content -->
              </div> <!-- method -->
              <div class="method">
                <div class="method-content">
                  <a name="getSteps(Attribute Test8, 47.0, Click on Cancel button, Click, Znode9X.addNew.cancel, NA, NA, NA, , )">
                  </a> <!-- getSteps(Attribute Test8, 47.0, Click on Cancel button, Click, Znode9X.addNew.cancel, NA, NA, NA, , ) -->
                  <span class="method-name">getSteps</span>
                  <span class="parameters">(Attribute Test8, 47.0, Click on Cancel button, Click, Znode9X.addNew.cancel, NA, NA, NA, , )</span>
                </div> <!-- method-content -->
              </div> <!-- method -->
              <div class="method">
                <div class="method-content">
                  <a name="getSteps(Attribute Test5, 20.0, Enter the value in Code field and keep locale field Blank, SendKeys, Znode9X....)">
                  </a> <!-- getSteps(Attribute Test5, 20.0, Enter the value in Code field and keep locale field Blank, SendKeys, Znode9X....) -->
                  <span class="method-name">getSteps</span>
                  <span class="parameters">(Attribute Test5, 20.0, Enter the value in Code field and keep locale field Blank, SendKeys, Znode9X.addNew.code, Colour, NA, NA, , )</span>
                </div> <!-- method-content -->
              </div> <!-- method -->
              <div class="method">
                <div class="method-content">
                  <a name="getSteps(Attribute Test8, 40.0, Enter value in Code field, SendKeys, Znode9X.addNew.code, Fabric, NA, NA, , )">
                  </a> <!-- getSteps(Attribute Test8, 40.0, Enter value in Code field, SendKeys, Znode9X.addNew.code, Fabric, NA, NA, , ) -->
                  <span class="method-name">getSteps</span>
                  <span class="parameters">(Attribute Test8, 40.0, Enter value in Code field, SendKeys, Znode9X.addNew.code, Fabric, NA, NA, , )</span>
                </div> <!-- method-content -->
              </div> <!-- method -->
              <div class="method">
                <div class="method-content">
                  <a name="getSteps(Attribute Test9, 48.0, Select a Text Area dropdown from Attribute Type, DropDown, Znode9X.addNew.att...)">
                  </a> <!-- getSteps(Attribute Test9, 48.0, Select a Text Area dropdown from Attribute Type, DropDown, Znode9X.addNew.att...) -->
                  <span class="method-name">getSteps</span>
                  <span class="parameters">(Attribute Test9, 48.0, Select a Text Area dropdown from Attribute Type, DropDown, Znode9X.addNew.attributeType, Text Area, NA, NA, , )</span>
                </div> <!-- method-content -->
              </div> <!-- method -->
              <div class="method">
                <div class="method-content">
                  <a name="getSteps(Attribute Test8, 42.0, Click on Yes in WYSIWYG Enabled, Click, Znode9X.addNew.yesWYSIWYGEnabled, NA,...)">
                  </a> <!-- getSteps(Attribute Test8, 42.0, Click on Yes in WYSIWYG Enabled, Click, Znode9X.addNew.yesWYSIWYGEnabled, NA,...) -->
                  <span class="method-name">getSteps</span>
                  <span class="parameters">(Attribute Test8, 42.0, Click on Yes in WYSIWYG Enabled, Click, Znode9X.addNew.yesWYSIWYGEnabled, NA, NA, NA, , )</span>
                </div> <!-- method-content -->
              </div> <!-- method -->
              <div class="method">
                <div class="method-content">
                  <a name="getSteps(Attribute Test1, 3.0, Enter correct password, SendKeys, Znode9X.addNew.password, admin12345, NA, NA,...)">
                  </a> <!-- getSteps(Attribute Test1, 3.0, Enter correct password, SendKeys, Znode9X.addNew.password, admin12345, NA, NA,...) -->
                  <span class="method-name">getSteps</span>
                  <span class="parameters">(Attribute Test1, 3.0, Enter correct password, SendKeys, Znode9X.addNew.password, admin12345, NA, NA, , )</span>
                </div> <!-- method-content -->
              </div> <!-- method -->
              <div class="method">
                <div class="method-content">
                  <a name="getSteps(Attribute Test9, 51.0, Enter value in Max Characters field, SendKeys, Znode9X.addNew.maxChar, 100, N...)">
                  </a> <!-- getSteps(Attribute Test9, 51.0, Enter value in Max Characters field, SendKeys, Znode9X.addNew.maxChar, 100, N...) -->
                  <span class="method-name">getSteps</span>
                  <span class="parameters">(Attribute Test9, 51.0, Enter value in Max Characters field, SendKeys, Znode9X.addNew.maxChar, 100, NA, NA, , )</span>
                </div> <!-- method-content -->
              </div> <!-- method -->
              <div class="method">
                <div class="method-content">
                  <a name="getSteps(Attribute Test2, 9.0, It navigates back to Attribute page., AssertPageTitle, Znode9X.addNew.Validati...)">
                  </a> <!-- getSteps(Attribute Test2, 9.0, It navigates back to Attribute page., AssertPageTitle, Znode9X.addNew.Validati...) -->
                  <span class="method-name">getSteps</span>
                  <span class="parameters">(Attribute Test2, 9.0, It navigates back to Attribute page., AssertPageTitle, Znode9X.addNew.Validation, PIM | Multifront, NA, NA, , )</span>
                </div> <!-- method-content -->
              </div> <!-- method -->
              <div class="method">
                <div class="method-content">
                  <a name="getSteps(Attribute Test9, 50.0, Click on No in WYSIWYG Enabled field, Click, Znode9X.addNew.noWYSIWYGEnabled,...)">
                  </a> <!-- getSteps(Attribute Test9, 50.0, Click on No in WYSIWYG Enabled field, Click, Znode9X.addNew.noWYSIWYGEnabled,...) -->
                  <span class="method-name">getSteps</span>
                  <span class="parameters">(Attribute Test9, 50.0, Click on No in WYSIWYG Enabled field, Click, Znode9X.addNew.noWYSIWYGEnabled, NA, NA, NA, , )</span>
                </div> <!-- method-content -->
              </div> <!-- method -->
              <div class="method">
                <div class="method-content">
                  <a name="getSteps(Attribute Test8, 39.0, Select a Text Area dropdown from Attribute Type, DropDown, Znode9X.addNew.att...)">
                  </a> <!-- getSteps(Attribute Test8, 39.0, Select a Text Area dropdown from Attribute Type, DropDown, Znode9X.addNew.att...) -->
                  <span class="method-name">getSteps</span>
                  <span class="parameters">(Attribute Test8, 39.0, Select a Text Area dropdown from Attribute Type, DropDown, Znode9X.addNew.attributeType, Text Area, NA, NA, , )</span>
                </div> <!-- method-content -->
              </div> <!-- method -->
              <div class="method">
                <div class="method-content">
                  <a name="getSteps(Attribute Test1, 5.0, Click on Menu button, Click, Znode9X.addNew.menu, NA, NA, NA, , )">
                  </a> <!-- getSteps(Attribute Test1, 5.0, Click on Menu button, Click, Znode9X.addNew.menu, NA, NA, NA, , ) -->
                  <span class="method-name">getSteps</span>
                  <span class="parameters">(Attribute Test1, 5.0, Click on Menu button, Click, Znode9X.addNew.menu, NA, NA, NA, , )</span>
                </div> <!-- method-content -->
              </div> <!-- method -->
              <div class="method">
                <div class="method-content">
                  <a name="getSteps(Attribute Test6, 28.0, Check for Validation, Assertion, Znode9X.addNew.duplicateCodeValidation, Attr...)">
                  </a> <!-- getSteps(Attribute Test6, 28.0, Check for Validation, Assertion, Znode9X.addNew.duplicateCodeValidation, Attr...) -->
                  <span class="method-name">getSteps</span>
                  <span class="parameters">(Attribute Test6, 28.0, Check for Validation, Assertion, Znode9X.addNew.duplicateCodeValidation, Attribute Code Already exist., NA, NA, , )</span>
                </div> <!-- method-content -->
              </div> <!-- method -->
              <div class="method">
                <div class="method-content">
                  <a name="getSteps(Attribute Test10, 62.0, Enter value in Code field, SendKeys, Znode9X.addNew.code, Dimension, NA, NA,...)">
                  </a> <!-- getSteps(Attribute Test10, 62.0, Enter value in Code field, SendKeys, Znode9X.addNew.code, Dimension, NA, NA,...) -->
                  <span class="method-name">getSteps</span>
                  <span class="parameters">(Attribute Test10, 62.0, Enter value in Code field, SendKeys, Znode9X.addNew.code, Dimension, NA, NA, , )</span>
                </div> <!-- method-content -->
              </div> <!-- method -->
              <div class="method">
                <div class="method-content">
                  <a name="getSteps(Attribute Test7, 37.0, Click on Cancel button, Click, Znode9X.addNew.cancel, NA, NA, NA, , )">
                  </a> <!-- getSteps(Attribute Test7, 37.0, Click on Cancel button, Click, Znode9X.addNew.cancel, NA, NA, NA, , ) -->
                  <span class="method-name">getSteps</span>
                  <span class="parameters">(Attribute Test7, 37.0, Click on Cancel button, Click, Znode9X.addNew.cancel, NA, NA, NA, , )</span>
                </div> <!-- method-content -->
              </div> <!-- method -->
              <div class="method">
                <div class="method-content">
                  <a name="getSteps(Attribute Test10, 65.0, Enter value in Max Characters field, SendKeys, Znode9X.addNew.maxChar, 89, N...)">
                  </a> <!-- getSteps(Attribute Test10, 65.0, Enter value in Max Characters field, SendKeys, Znode9X.addNew.maxChar, 89, N...) -->
                  <span class="method-name">getSteps</span>
                  <span class="parameters">(Attribute Test10, 65.0, Enter value in Max Characters field, SendKeys, Znode9X.addNew.maxChar, 89, NA, NA, , )</span>
                </div> <!-- method-content -->
              </div> <!-- method -->
              <div class="method">
                <div class="method-content">
                  <a name="getSteps(Attribute Test4, 17.0, Click on Cancel button, Click, Znode9X.addNew.cancel, NA, NA, NA, , )">
                  </a> <!-- getSteps(Attribute Test4, 17.0, Click on Cancel button, Click, Znode9X.addNew.cancel, NA, NA, NA, , ) -->
                  <span class="method-name">getSteps</span>
                  <span class="parameters">(Attribute Test4, 17.0, Click on Cancel button, Click, Znode9X.addNew.cancel, NA, NA, NA, , )</span>
                </div> <!-- method-content -->
              </div> <!-- method -->
              <div class="method">
                <div class="method-content">
                  <a name="getSteps(Attribute Test9, 49.0, Enter value in Code field, SendKeys, Znode9X.addNew.code, Seller, NA, NA, , )">
                  </a> <!-- getSteps(Attribute Test9, 49.0, Enter value in Code field, SendKeys, Znode9X.addNew.code, Seller, NA, NA, , ) -->
                  <span class="method-name">getSteps</span>
                  <span class="parameters">(Attribute Test9, 49.0, Enter value in Code field, SendKeys, Znode9X.addNew.code, Seller, NA, NA, , )</span>
                </div> <!-- method-content -->
              </div> <!-- method -->
              <div class="method">
                <div class="method-content">
                  <a name="getSteps(Attribute Test6, 24.0, Click on Add New, Click, Znode9X.addNew.addnewoption, NA, NA, NA, , )">
                  </a> <!-- getSteps(Attribute Test6, 24.0, Click on Add New, Click, Znode9X.addNew.addnewoption, NA, NA, NA, , ) -->
                  <span class="method-name">getSteps</span>
                  <span class="parameters">(Attribute Test6, 24.0, Click on Add New, Click, Znode9X.addNew.addnewoption, NA, NA, NA, , )</span>
                </div> <!-- method-content -->
              </div> <!-- method -->
              <div class="method">
                <div class="method-content">
                  <a name="getSteps(Attribute Test3, 12.0, Check for Validation, Assertion, Znode9X.addNew.codeValidation, Please enter ...)">
                  </a> <!-- getSteps(Attribute Test3, 12.0, Check for Validation, Assertion, Znode9X.addNew.codeValidation, Please enter ...) -->
                  <span class="method-name">getSteps</span>
                  <span class="parameters">(Attribute Test3, 12.0, Check for Validation, Assertion, Znode9X.addNew.codeValidation, Please enter attribute code., NA, NA, , )</span>
                </div> <!-- method-content -->
              </div> <!-- method -->
              <div class="method">
                <div class="method-content">
                  <a name="getSteps(Attribute Test10, 67.0, Click on Save, Click, Znode9X.addNew.save, NA, NA, NA, , )">
                  </a> <!-- getSteps(Attribute Test10, 67.0, Click on Save, Click, Znode9X.addNew.save, NA, NA, NA, , ) -->
                  <span class="method-name">getSteps</span>
                  <span class="parameters">(Attribute Test10, 67.0, Click on Save, Click, Znode9X.addNew.save, NA, NA, NA, , )</span>
                </div> <!-- method-content -->
              </div> <!-- method -->
              <div class="method">
                <div class="method-content">
                  <a name="getSteps(Attribute Test4, 14.0, Click on Add New, Click, Znode9X.addNew.addnewoption, NA, NA, NA, , )">
                  </a> <!-- getSteps(Attribute Test4, 14.0, Click on Add New, Click, Znode9X.addNew.addnewoption, NA, NA, NA, , ) -->
                  <span class="method-name">getSteps</span>
                  <span class="parameters">(Attribute Test4, 14.0, Click on Add New, Click, Znode9X.addNew.addnewoption, NA, NA, NA, , )</span>
                </div> <!-- method-content -->
              </div> <!-- method -->
              <div class="method">
                <div class="method-content">
                  <a name="getSteps(Attribute Test1, 4.0, click on login, Click, Znode9X.addNew.loginbutton, NA, NA, NA, , )">
                  </a> <!-- getSteps(Attribute Test1, 4.0, click on login, Click, Znode9X.addNew.loginbutton, NA, NA, NA, , ) -->
                  <span class="method-name">getSteps</span>
                  <span class="parameters">(Attribute Test1, 4.0, click on login, Click, Znode9X.addNew.loginbutton, NA, NA, NA, , )</span>
                </div> <!-- method-content -->
              </div> <!-- method -->
              <div class="method">
                <div class="method-content">
                  <a name="getSteps(Attribute Test8, 38.0, Click on Add New, Click, Znode9X.addNew.addnewoption, NA, NA, NA, , )">
                  </a> <!-- getSteps(Attribute Test8, 38.0, Click on Add New, Click, Znode9X.addNew.addnewoption, NA, NA, NA, , ) -->
                  <span class="method-name">getSteps</span>
                  <span class="parameters">(Attribute Test8, 38.0, Click on Add New, Click, Znode9X.addNew.addnewoption, NA, NA, NA, , )</span>
                </div> <!-- method-content -->
              </div> <!-- method -->
              <div class="method">
                <div class="method-content">
                  <a name="getSteps(Attribute Test1, 1.0, Open the Brower, LaunchBrowser, NA, http://admin9xqa.znodellc.com/, Chrome, NA...)">
                  </a> <!-- getSteps(Attribute Test1, 1.0, Open the Brower, LaunchBrowser, NA, http://admin9xqa.znodellc.com/, Chrome, NA...) -->
                  <span class="method-name">getSteps</span>
                  <span class="parameters">(Attribute Test1, 1.0, Open the Brower, LaunchBrowser, NA, http://admin9xqa.znodellc.com/, Chrome, NA, , )</span>
                </div> <!-- method-content -->
              </div> <!-- method -->
            </div> <!-- main-panel-content rounded-window-bottom -->
          </div> <!-- suite-Default_suite-class-passed -->
        </div> <!-- panel Default_suite -->
        <div panel-name="test-xml-Default_suite" class="panel">
          <div class="main-panel-header rounded-window-top">
            <span class="header-content">C:\Users\sana.afroz\AppData\Local\Temp\testng-eclipse--695117101\testng-customsuite.xml</span>
          </div> <!-- main-panel-header rounded-window-top -->
          <div class="main-panel-content rounded-window-bottom">
            <pre>
&lt;?xml version=&quot;1.0&quot; encoding=&quot;UTF-8&quot;?&gt;
&lt;!DOCTYPE suite SYSTEM &quot;http://testng.org/testng-1.0.dtd&quot;&gt;
&lt;suite guice-stage=&quot;DEVELOPMENT&quot; name=&quot;Default suite&quot;&gt;
  &lt;test verbose=&quot;2&quot; name=&quot;Default test&quot;&gt;
    &lt;classes&gt;
      &lt;class name=&quot;com.znodellc.admin9xqa.Znode9X.executor.Execute&quot;/&gt;
    &lt;/classes&gt;
  &lt;/test&gt; &lt;!-- Default test --&gt;
&lt;/suite&gt; &lt;!-- Default suite --&gt;
            </pre>
          </div> <!-- main-panel-content rounded-window-bottom -->
        </div> <!-- panel -->
        <div panel-name="testlist-Default_suite" class="panel">
          <div class="main-panel-header rounded-window-top">
            <span class="header-content">Tests for Default suite</span>
          </div> <!-- main-panel-header rounded-window-top -->
          <div class="main-panel-content rounded-window-bottom">
            <ul>
              <li>
                <span class="test-name">Default test (1 class)</span>
              </li>
            </ul>
          </div> <!-- main-panel-content rounded-window-bottom -->
        </div> <!-- panel -->
        <div panel-name="group-Default_suite" class="panel">
          <div class="main-panel-header rounded-window-top">
            <span class="header-content">Groups for Default suite</span>
          </div> <!-- main-panel-header rounded-window-top -->
          <div class="main-panel-content rounded-window-bottom">
          </div> <!-- main-panel-content rounded-window-bottom -->
        </div> <!-- panel -->
        <div panel-name="times-Default_suite" class="panel">
          <div class="main-panel-header rounded-window-top">
            <span class="header-content">Times for Default suite</span>
          </div> <!-- main-panel-header rounded-window-top -->
          <div class="main-panel-content rounded-window-bottom">
            <div class="times-div">
              <script type="text/javascript">
suiteTableInitFunctions.push('tableData_Default_suite');
function tableData_Default_suite() {
var data = new google.visualization.DataTable();
data.addColumn('number', 'Number');
data.addColumn('string', 'Method');
data.addColumn('string', 'Class');
data.addColumn('number', 'Time (ms)');
data.addRows(82);
data.setCell(0, 0, 0)
data.setCell(0, 1, 'getSteps')
data.setCell(0, 2, 'com.znodellc.admin9xqa.Znode9X.executor.Execute')
data.setCell(0, 3, 7165);
data.setCell(1, 0, 1)
data.setCell(1, 1, 'getSteps')
data.setCell(1, 2, 'com.znodellc.admin9xqa.Znode9X.executor.Execute')
data.setCell(1, 3, 4514);
data.setCell(2, 0, 2)
data.setCell(2, 1, 'getSteps')
data.setCell(2, 2, 'com.znodellc.admin9xqa.Znode9X.executor.Execute')
data.setCell(2, 3, 4112);
data.setCell(3, 0, 3)
data.setCell(3, 1, 'getSteps')
data.setCell(3, 2, 'com.znodellc.admin9xqa.Znode9X.executor.Execute')
data.setCell(3, 3, 4100);
data.setCell(4, 0, 4)
data.setCell(4, 1, 'getSteps')
data.setCell(4, 2, 'com.znodellc.admin9xqa.Znode9X.executor.Execute')
data.setCell(4, 3, 4096);
data.setCell(5, 0, 5)
data.setCell(5, 1, 'getSteps')
data.setCell(5, 2, 'com.znodellc.admin9xqa.Znode9X.executor.Execute')
data.setCell(5, 3, 4085);
data.setCell(6, 0, 6)
data.setCell(6, 1, 'getSteps')
data.setCell(6, 2, 'com.znodellc.admin9xqa.Znode9X.executor.Execute')
data.setCell(6, 3, 4074);
data.setCell(7, 0, 7)
data.setCell(7, 1, 'getSteps')
data.setCell(7, 2, 'com.znodellc.admin9xqa.Znode9X.executor.Execute')
data.setCell(7, 3, 4063);
data.setCell(8, 0, 8)
data.setCell(8, 1, 'getSteps')
data.setCell(8, 2, 'com.znodellc.admin9xqa.Znode9X.executor.Execute')
data.setCell(8, 3, 4051);
data.setCell(9, 0, 9)
data.setCell(9, 1, 'getSteps')
data.setCell(9, 2, 'com.znodellc.admin9xqa.Znode9X.executor.Execute')
data.setCell(9, 3, 4046);
data.setCell(10, 0, 10)
data.setCell(10, 1, 'getSteps')
data.setCell(10, 2, 'com.znodellc.admin9xqa.Znode9X.executor.Execute')
data.setCell(10, 3, 4044);
data.setCell(11, 0, 11)
data.setCell(11, 1, 'getSteps')
data.setCell(11, 2, 'com.znodellc.admin9xqa.Znode9X.executor.Execute')
data.setCell(11, 3, 4043);
data.setCell(12, 0, 12)
data.setCell(12, 1, 'getSteps')
data.setCell(12, 2, 'com.znodellc.admin9xqa.Znode9X.executor.Execute')
data.setCell(12, 3, 4036);
data.setCell(13, 0, 13)
data.setCell(13, 1, 'getSteps')
data.setCell(13, 2, 'com.znodellc.admin9xqa.Znode9X.executor.Execute')
data.setCell(13, 3, 4033);
data.setCell(14, 0, 14)
data.setCell(14, 1, 'getSteps')
data.setCell(14, 2, 'com.znodellc.admin9xqa.Znode9X.executor.Execute')
data.setCell(14, 3, 4030);
data.setCell(15, 0, 15)
data.setCell(15, 1, 'getSteps')
data.setCell(15, 2, 'com.znodellc.admin9xqa.Znode9X.executor.Execute')
data.setCell(15, 3, 4024);
data.setCell(16, 0, 16)
data.setCell(16, 1, 'getSteps')
data.setCell(16, 2, 'com.znodellc.admin9xqa.Znode9X.executor.Execute')
data.setCell(16, 3, 2668);
data.setCell(17, 0, 17)
data.setCell(17, 1, 'getSteps')
data.setCell(17, 2, 'com.znodellc.admin9xqa.Znode9X.executor.Execute')
data.setCell(17, 3, 2655);
data.setCell(18, 0, 18)
data.setCell(18, 1, 'getSteps')
data.setCell(18, 2, 'com.znodellc.admin9xqa.Znode9X.executor.Execute')
data.setCell(18, 3, 1021);
data.setCell(19, 0, 19)
data.setCell(19, 1, 'getSteps')
data.setCell(19, 2, 'com.znodellc.admin9xqa.Znode9X.executor.Execute')
data.setCell(19, 3, 241);
data.setCell(20, 0, 20)
data.setCell(20, 1, 'getSteps')
data.setCell(20, 2, 'com.znodellc.admin9xqa.Znode9X.executor.Execute')
data.setCell(20, 3, 178);
data.setCell(21, 0, 21)
data.setCell(21, 1, 'getSteps')
data.setCell(21, 2, 'com.znodellc.admin9xqa.Znode9X.executor.Execute')
data.setCell(21, 3, 147);
data.setCell(22, 0, 22)
data.setCell(22, 1, 'getSteps')
data.setCell(22, 2, 'com.znodellc.admin9xqa.Znode9X.executor.Execute')
data.setCell(22, 3, 144);
data.setCell(23, 0, 23)
data.setCell(23, 1, 'getSteps')
data.setCell(23, 2, 'com.znodellc.admin9xqa.Znode9X.executor.Execute')
data.setCell(23, 3, 134);
data.setCell(24, 0, 24)
data.setCell(24, 1, 'getSteps')
data.setCell(24, 2, 'com.znodellc.admin9xqa.Znode9X.executor.Execute')
data.setCell(24, 3, 133);
data.setCell(25, 0, 25)
data.setCell(25, 1, 'getSteps')
data.setCell(25, 2, 'com.znodellc.admin9xqa.Znode9X.executor.Execute')
data.setCell(25, 3, 124);
data.setCell(26, 0, 26)
data.setCell(26, 1, 'getSteps')
data.setCell(26, 2, 'com.znodellc.admin9xqa.Znode9X.executor.Execute')
data.setCell(26, 3, 115);
data.setCell(27, 0, 27)
data.setCell(27, 1, 'getSteps')
data.setCell(27, 2, 'com.znodellc.admin9xqa.Znode9X.executor.Execute')
data.setCell(27, 3, 111);
data.setCell(28, 0, 28)
data.setCell(28, 1, 'getSteps')
data.setCell(28, 2, 'com.znodellc.admin9xqa.Znode9X.executor.Execute')
data.setCell(28, 3, 97);
data.setCell(29, 0, 29)
data.setCell(29, 1, 'getSteps')
data.setCell(29, 2, 'com.znodellc.admin9xqa.Znode9X.executor.Execute')
data.setCell(29, 3, 36);
data.setCell(30, 0, 30)
data.setCell(30, 1, 'getSteps')
data.setCell(30, 2, 'com.znodellc.admin9xqa.Znode9X.executor.Execute')
data.setCell(30, 3, 34);
data.setCell(31, 0, 31)
data.setCell(31, 1, 'getSteps')
data.setCell(31, 2, 'com.znodellc.admin9xqa.Znode9X.executor.Execute')
data.setCell(31, 3, 34);
data.setCell(32, 0, 32)
data.setCell(32, 1, 'getSteps')
data.setCell(32, 2, 'com.znodellc.admin9xqa.Znode9X.executor.Execute')
data.setCell(32, 3, 32);
data.setCell(33, 0, 33)
data.setCell(33, 1, 'getSteps')
data.setCell(33, 2, 'com.znodellc.admin9xqa.Znode9X.executor.Execute')
data.setCell(33, 3, 32);
data.setCell(34, 0, 34)
data.setCell(34, 1, 'getSteps')
data.setCell(34, 2, 'com.znodellc.admin9xqa.Znode9X.executor.Execute')
data.setCell(34, 3, 31);
data.setCell(35, 0, 35)
data.setCell(35, 1, 'getSteps')
data.setCell(35, 2, 'com.znodellc.admin9xqa.Znode9X.executor.Execute')
data.setCell(35, 3, 30);
data.setCell(36, 0, 36)
data.setCell(36, 1, 'getSteps')
data.setCell(36, 2, 'com.znodellc.admin9xqa.Znode9X.executor.Execute')
data.setCell(36, 3, 29);
data.setCell(37, 0, 37)
data.setCell(37, 1, 'getSteps')
data.setCell(37, 2, 'com.znodellc.admin9xqa.Znode9X.executor.Execute')
data.setCell(37, 3, 29);
data.setCell(38, 0, 38)
data.setCell(38, 1, 'getSteps')
data.setCell(38, 2, 'com.znodellc.admin9xqa.Znode9X.executor.Execute')
data.setCell(38, 3, 27);
data.setCell(39, 0, 39)
data.setCell(39, 1, 'getSteps')
data.setCell(39, 2, 'com.znodellc.admin9xqa.Znode9X.executor.Execute')
data.setCell(39, 3, 25);
data.setCell(40, 0, 40)
data.setCell(40, 1, 'getSteps')
data.setCell(40, 2, 'com.znodellc.admin9xqa.Znode9X.executor.Execute')
data.setCell(40, 3, 25);
data.setCell(41, 0, 41)
data.setCell(41, 1, 'getSteps')
data.setCell(41, 2, 'com.znodellc.admin9xqa.Znode9X.executor.Execute')
data.setCell(41, 3, 24);
data.setCell(42, 0, 42)
data.setCell(42, 1, 'getSteps')
data.setCell(42, 2, 'com.znodellc.admin9xqa.Znode9X.executor.Execute')
data.setCell(42, 3, 24);
data.setCell(43, 0, 43)
data.setCell(43, 1, 'getSteps')
data.setCell(43, 2, 'com.znodellc.admin9xqa.Znode9X.executor.Execute')
data.setCell(43, 3, 23);
data.setCell(44, 0, 44)
data.setCell(44, 1, 'getSteps')
data.setCell(44, 2, 'com.znodellc.admin9xqa.Znode9X.executor.Execute')
data.setCell(44, 3, 22);
data.setCell(45, 0, 45)
data.setCell(45, 1, 'getSteps')
data.setCell(45, 2, 'com.znodellc.admin9xqa.Znode9X.executor.Execute')
data.setCell(45, 3, 22);
data.setCell(46, 0, 46)
data.setCell(46, 1, 'getSteps')
data.setCell(46, 2, 'com.znodellc.admin9xqa.Znode9X.executor.Execute')
data.setCell(46, 3, 21);
data.setCell(47, 0, 47)
data.setCell(47, 1, 'getSteps')
data.setCell(47, 2, 'com.znodellc.admin9xqa.Znode9X.executor.Execute')
data.setCell(47, 3, 20);
data.setCell(48, 0, 48)
data.setCell(48, 1, 'getSteps')
data.setCell(48, 2, 'com.znodellc.admin9xqa.Znode9X.executor.Execute')
data.setCell(48, 3, 20);
data.setCell(49, 0, 49)
data.setCell(49, 1, 'getSteps')
data.setCell(49, 2, 'com.znodellc.admin9xqa.Znode9X.executor.Execute')
data.setCell(49, 3, 19);
data.setCell(50, 0, 50)
data.setCell(50, 1, 'getSteps')
data.setCell(50, 2, 'com.znodellc.admin9xqa.Znode9X.executor.Execute')
data.setCell(50, 3, 18);
data.setCell(51, 0, 51)
data.setCell(51, 1, 'getSteps')
data.setCell(51, 2, 'com.znodellc.admin9xqa.Znode9X.executor.Execute')
data.setCell(51, 3, 16);
data.setCell(52, 0, 52)
data.setCell(52, 1, 'getSteps')
data.setCell(52, 2, 'com.znodellc.admin9xqa.Znode9X.executor.Execute')
data.setCell(52, 3, 16);
data.setCell(53, 0, 53)
data.setCell(53, 1, 'getSteps')
data.setCell(53, 2, 'com.znodellc.admin9xqa.Znode9X.executor.Execute')
data.setCell(53, 3, 16);
data.setCell(54, 0, 54)
data.setCell(54, 1, 'getSteps')
data.setCell(54, 2, 'com.znodellc.admin9xqa.Znode9X.executor.Execute')
data.setCell(54, 3, 16);
data.setCell(55, 0, 55)
data.setCell(55, 1, 'getSteps')
data.setCell(55, 2, 'com.znodellc.admin9xqa.Znode9X.executor.Execute')
data.setCell(55, 3, 16);
data.setCell(56, 0, 56)
data.setCell(56, 1, 'getSteps')
data.setCell(56, 2, 'com.znodellc.admin9xqa.Znode9X.executor.Execute')
data.setCell(56, 3, 16);
data.setCell(57, 0, 57)
data.setCell(57, 1, 'getSteps')
data.setCell(57, 2, 'com.znodellc.admin9xqa.Znode9X.executor.Execute')
data.setCell(57, 3, 16);
data.setCell(58, 0, 58)
data.setCell(58, 1, 'getSteps')
data.setCell(58, 2, 'com.znodellc.admin9xqa.Znode9X.executor.Execute')
data.setCell(58, 3, 16);
data.setCell(59, 0, 59)
data.setCell(59, 1, 'getSteps')
data.setCell(59, 2, 'com.znodellc.admin9xqa.Znode9X.executor.Execute')
data.setCell(59, 3, 16);
data.setCell(60, 0, 60)
data.setCell(60, 1, 'getSteps')
data.setCell(60, 2, 'com.znodellc.admin9xqa.Znode9X.executor.Execute')
data.setCell(60, 3, 16);
data.setCell(61, 0, 61)
data.setCell(61, 1, 'getSteps')
data.setCell(61, 2, 'com.znodellc.admin9xqa.Znode9X.executor.Execute')
data.setCell(61, 3, 16);
data.setCell(62, 0, 62)
data.setCell(62, 1, 'getSteps')
data.setCell(62, 2, 'com.znodellc.admin9xqa.Znode9X.executor.Execute')
data.setCell(62, 3, 16);
data.setCell(63, 0, 63)
data.setCell(63, 1, 'getSteps')
data.setCell(63, 2, 'com.znodellc.admin9xqa.Znode9X.executor.Execute')
data.setCell(63, 3, 16);
data.setCell(64, 0, 64)
data.setCell(64, 1, 'getSteps')
data.setCell(64, 2, 'com.znodellc.admin9xqa.Znode9X.executor.Execute')
data.setCell(64, 3, 15);
data.setCell(65, 0, 65)
data.setCell(65, 1, 'getSteps')
data.setCell(65, 2, 'com.znodellc.admin9xqa.Znode9X.executor.Execute')
data.setCell(65, 3, 15);
data.setCell(66, 0, 66)
data.setCell(66, 1, 'getSteps')
data.setCell(66, 2, 'com.znodellc.admin9xqa.Znode9X.executor.Execute')
data.setCell(66, 3, 15);
data.setCell(67, 0, 67)
data.setCell(67, 1, 'getSteps')
data.setCell(67, 2, 'com.znodellc.admin9xqa.Znode9X.executor.Execute')
data.setCell(67, 3, 15);
data.setCell(68, 0, 68)
data.setCell(68, 1, 'getSteps')
data.setCell(68, 2, 'com.znodellc.admin9xqa.Znode9X.executor.Execute')
data.setCell(68, 3, 15);
data.setCell(69, 0, 69)
data.setCell(69, 1, 'getSteps')
data.setCell(69, 2, 'com.znodellc.admin9xqa.Znode9X.executor.Execute')
data.setCell(69, 3, 15);
data.setCell(70, 0, 70)
data.setCell(70, 1, 'getSteps')
data.setCell(70, 2, 'com.znodellc.admin9xqa.Znode9X.executor.Execute')
data.setCell(70, 3, 15);
data.setCell(71, 0, 71)
data.setCell(71, 1, 'getSteps')
data.setCell(71, 2, 'com.znodellc.admin9xqa.Znode9X.executor.Execute')
data.setCell(71, 3, 15);
data.setCell(72, 0, 72)
data.setCell(72, 1, 'getSteps')
data.setCell(72, 2, 'com.znodellc.admin9xqa.Znode9X.executor.Execute')
data.setCell(72, 3, 15);
data.setCell(73, 0, 73)
data.setCell(73, 1, 'getSteps')
data.setCell(73, 2, 'com.znodellc.admin9xqa.Znode9X.executor.Execute')
data.setCell(73, 3, 15);
data.setCell(74, 0, 74)
data.setCell(74, 1, 'getSteps')
data.setCell(74, 2, 'com.znodellc.admin9xqa.Znode9X.executor.Execute')
data.setCell(74, 3, 15);
data.setCell(75, 0, 75)
data.setCell(75, 1, 'getSteps')
data.setCell(75, 2, 'com.znodellc.admin9xqa.Znode9X.executor.Execute')
data.setCell(75, 3, 13);
data.setCell(76, 0, 76)
data.setCell(76, 1, 'getSteps')
data.setCell(76, 2, 'com.znodellc.admin9xqa.Znode9X.executor.Execute')
data.setCell(76, 3, 13);
data.setCell(77, 0, 77)
data.setCell(77, 1, 'getSteps')
data.setCell(77, 2, 'com.znodellc.admin9xqa.Znode9X.executor.Execute')
data.setCell(77, 3, 9);
data.setCell(78, 0, 78)
data.setCell(78, 1, 'getSteps')
data.setCell(78, 2, 'com.znodellc.admin9xqa.Znode9X.executor.Execute')
data.setCell(78, 3, 8);
data.setCell(79, 0, 79)
data.setCell(79, 1, 'getSteps')
data.setCell(79, 2, 'com.znodellc.admin9xqa.Znode9X.executor.Execute')
data.setCell(79, 3, 6);
data.setCell(80, 0, 80)
data.setCell(80, 1, 'getSteps')
data.setCell(80, 2, 'com.znodellc.admin9xqa.Znode9X.executor.Execute')
data.setCell(80, 3, 5);
data.setCell(81, 0, 81)
data.setCell(81, 1, 'getSteps')
data.setCell(81, 2, 'com.znodellc.admin9xqa.Znode9X.executor.Execute')
data.setCell(81, 3, 0);
window.suiteTableData['Default_suite']= { tableData: data, tableDiv: 'times-div-Default_suite'}
return data;
}
              </script>
              <span class="suite-total-time">Total running time: 1 minutes</span>
              <div id="times-div-Default_suite">
              </div> <!-- times-div-Default_suite -->
            </div> <!-- times-div -->
          </div> <!-- main-panel-content rounded-window-bottom -->
        </div> <!-- panel -->
        <div panel-name="reporter-Default_suite" class="panel">
          <div class="main-panel-header rounded-window-top">
            <span class="header-content">Reporter output for Default suite</span>
          </div> <!-- main-panel-header rounded-window-top -->
          <div class="main-panel-content rounded-window-bottom">
          </div> <!-- main-panel-content rounded-window-bottom -->
        </div> <!-- panel -->
        <div panel-name="ignored-methods-Default_suite" class="panel">
          <div class="main-panel-header rounded-window-top">
            <span class="header-content">0 ignored methods</span>
          </div> <!-- main-panel-header rounded-window-top -->
          <div class="main-panel-content rounded-window-bottom">
          </div> <!-- main-panel-content rounded-window-bottom -->
        </div> <!-- panel -->
        <div panel-name="chronological-Default_suite" class="panel">
          <div class="main-panel-header rounded-window-top">
            <span class="header-content">Methods in chronological order</span>
          </div> <!-- main-panel-header rounded-window-top -->
          <div class="main-panel-content rounded-window-bottom">
            <div class="chronological-class">
              <div class="chronological-class-name">com.znodellc.admin9xqa.Znode9X.executor.Execute</div> <!-- chronological-class-name -->
              <div class="test-method">
                <span class="method-name">getSteps(Attribute Test1, 1.0, Open the Brower, LaunchBrowser, NA, http://admin9xqa.znodellc.com/, Chrome, NA...)</span>
                <span class="method-start">0 ms</span>
              </div> <!-- test-method -->
              <div class="test-method">
                <span class="method-name">getSteps(Attribute Test1, 2.0, Enter correct username, SendKeys, Znode9X.addNew.username, admin@znode.com, NA...)</span>
                <span class="method-start">4514 ms</span>
              </div> <!-- test-method -->
              <div class="test-method">
                <span class="method-name">getSteps(Attribute Test1, 3.0, Enter correct password, SendKeys, Znode9X.addNew.password, admin12345, NA, NA,...)</span>
                <span class="method-start">4662 ms</span>
              </div> <!-- test-method -->
              <div class="test-method">
                <span class="method-name">getSteps(Attribute Test1, 4.0, click on login, Click, Znode9X.addNew.loginbutton, NA, NA, NA, , )</span>
                <span class="method-start">4796 ms</span>
              </div> <!-- test-method -->
              <div class="test-method">
                <span class="method-name">getSteps(Attribute Test1, 5.0, Click on Menu button, Click, Znode9X.addNew.menu, NA, NA, NA, , )</span>
                <span class="method-start">7452 ms</span>
              </div> <!-- test-method -->
              <div class="test-method">
                <span class="method-name">getSteps(Attribute Test1, 6.0, Click on products attribute in PIM module, Click, Znode9X.addNew.productAttrib...)</span>
                <span class="method-start">7587 ms</span>
              </div> <!-- test-method -->
              <div class="test-method">
                <span class="method-name">getSteps(Attribute Test2, 7.0, Click on Add New, Click, Znode9X.addNew.addnewoption, NA, NA, NA, , )</span>
                <span class="method-start">10257 ms</span>
              </div> <!-- test-method -->
              <div class="test-method">
                <span class="method-name">getSteps(Attribute Test2, 8.0, Keep all the fields Blank and click on Cancel button, Click, Znode9X.addNew.ca...)</span>
                <span class="method-start">10285 ms</span>
              </div> <!-- test-method -->
              <div class="test-method">
                <span class="method-name">getSteps(Attribute Test2, 9.0, It navigates back to Attribute page., AssertPageTitle, Znode9X.addNew.Validati...)</span>
                <span class="method-start">10321 ms</span>
              </div> <!-- test-method -->
              <div class="test-method">
                <span class="method-name">getSteps(Attribute Test3, 10.0, Click on Add New, Click, Znode9X.addNew.addnewoption, NA, NA, NA, , )</span>
                <span class="method-start">10352 ms</span>
              </div> <!-- test-method -->
              <div class="test-method">
                <span class="method-name">getSteps(Attribute Test3, 11.0, Keep all the fields blank and Click on Save Button, Click, Znode9X.addNew.sav...)</span>
                <span class="method-start">10380 ms</span>
              </div> <!-- test-method -->
              <div class="test-method">
                <span class="method-name">getSteps(Attribute Test3, 12.0, Check for Validation, Assertion, Znode9X.addNew.codeValidation, Please enter ...)</span>
                <span class="method-start">10414 ms</span>
              </div> <!-- test-method -->
              <div class="test-method">
                <span class="method-name">getSteps(Attribute Test3, 13.0, Click on Cancel button, Click, Znode9X.addNew.cancel, NA, NA, NA, , )</span>
                <span class="method-start">10422 ms</span>
              </div> <!-- test-method -->
              <div class="test-method">
                <span class="method-name">getSteps(Attribute Test4, 14.0, Click on Add New, Click, Znode9X.addNew.addnewoption, NA, NA, NA, , )</span>
                <span class="method-start">10453 ms</span>
              </div> <!-- test-method -->
              <div class="test-method">
                <span class="method-name">getSteps(Attribute Test4, 15.0, Keep all the fields blank and click on Save&Close Button, Click, Znode9X.addN...)</span>
                <span class="method-start">10490 ms</span>
              </div> <!-- test-method -->
              <div class="test-method">
                <span class="method-name">getSteps(Attribute Test4, 16.0, Check for Validation, Assertion, Znode9X.addNew.codeValidation, Please enter ...)</span>
                <span class="method-start">10512 ms</span>
              </div> <!-- test-method -->
              <div class="test-method">
                <span class="method-name">getSteps(Attribute Test4, 17.0, Click on Cancel button, Click, Znode9X.addNew.cancel, NA, NA, NA, , )</span>
                <span class="method-start">10532 ms</span>
              </div> <!-- test-method -->
              <div class="test-method">
                <span class="method-name">getSteps(Attribute Test5, 18.0, Click on Add New, Click, Znode9X.addNew.addnewoption, NA, NA, NA, , )</span>
                <span class="method-start">10547 ms</span>
              </div> <!-- test-method -->
              <div class="test-method">
                <span class="method-name">getSteps(Attribute Test5, 19.0, Select a text dropdown in Attribute Type, DropDown, Znode9X.addNew.attributeT...)</span>
                <span class="method-start">10581 ms</span>
              </div> <!-- test-method -->
              <div class="test-method">
                <span class="method-name">getSteps(Attribute Test5, 20.0, Enter the value in Code field and keep locale field Blank, SendKeys, Znode9X....)</span>
                <span class="method-start">10596 ms</span>
              </div> <!-- test-method -->
              <div class="test-method">
                <span class="method-name">getSteps(Attribute Test5, 21.0, Click on Save, Click, Znode9X.addNew.save, NA, NA, NA, , )</span>
                <span class="method-start">10620 ms</span>
              </div> <!-- test-method -->
              <div class="test-method">
                <span class="method-name">getSteps(Attribute Test5, 22.0, Check for Validation, Assertion, Znode9X.addNew.saveValidation, Record create...)</span>
                <span class="method-start">10633 ms</span>
              </div> <!-- test-method -->
              <div class="test-method">
                <span class="method-name">getSteps(Attribute Test5, 23.0, Click on Cancel button, Click, Znode9X.addNew.cancel, NA, NA, NA, , )</span>
                <span class="method-start">10648 ms</span>
              </div> <!-- test-method -->
              <div class="test-method">
                <span class="method-name">getSteps(Attribute Test6, 24.0, Click on Add New, Click, Znode9X.addNew.addnewoption, NA, NA, NA, , )</span>
                <span class="method-start">10678 ms</span>
              </div> <!-- test-method -->
              <div class="test-method">
                <span class="method-name">getSteps(Attribute Test6, 25.0, Select a text dropdown in Attribute Type, DropDown, Znode9X.addNew.attributeT...)</span>
                <span class="method-start">10697 ms</span>
              </div> <!-- test-method -->
              <div class="test-method">
                <span class="method-name">getSteps(Attribute Test6, 26.0, Enter already available code in code field, SendKeys, Znode9X.addNew.code, Co...)</span>
                <span class="method-start">10724 ms</span>
              </div> <!-- test-method -->
              <div class="test-method">
                <span class="method-name">getSteps(Attribute Test6, 27.0, Click on Save, Click, Znode9X.addNew.save, NA, NA, NA, , )</span>
                <span class="method-start">10740 ms</span>
              </div> <!-- test-method -->
              <div class="test-method">
                <span class="method-name">getSteps(Attribute Test6, 28.0, Check for Validation, Assertion, Znode9X.addNew.duplicateCodeValidation, Attr...)</span>
                <span class="method-start">10756 ms</span>
              </div> <!-- test-method -->
              <div class="test-method">
                <span class="method-name">getSteps(Attribute Test6, 29.0, Click on Cancel button, Click, Znode9X.addNew.cancel, NA, NA, NA, , )</span>
                <span class="method-start">10771 ms</span>
              </div> <!-- test-method -->
              <div class="test-method">
                <span class="method-name">getSteps(Attribute Test7, 30.0, Click on Add New, Click, Znode9X.addNew.addnewoption, NA, NA, NA, , )</span>
                <span class="method-start">10795 ms</span>
              </div> <!-- test-method -->
              <div class="test-method">
                <span class="method-name">getSteps(Attribute Test7, 31.0, Select a Yes/No dropdown in Attribute Type, DropDown, Znode9X.addNew.attribut...)</span>
                <span class="method-start">10811 ms</span>
              </div> <!-- test-method -->
              <div class="test-method">
                <span class="method-name">getSteps(Attribute Test7, 32.0, Enter value in Code field, SendKeys, Znode9X.addNew.code, Support, NA, NA, , )</span>
                <span class="method-start">10826 ms</span>
              </div> <!-- test-method -->
              <div class="test-method">
                <span class="method-name">getSteps(Attribute Test7, 33.0, Select Attribute Group DropDown, DropDown, Znode9X.addNew.attributeGroup, Pro...)</span>
                <span class="method-start">10848 ms</span>
              </div> <!-- test-method -->
              <div class="test-method">
                <span class="method-name">getSteps(Attribute Test7, 34.0, Enter value in Help Description field, SendKeys, Znode9X.addNew.helpDescripti...)</span>
                <span class="method-start">10864 ms</span>
              </div> <!-- test-method -->
              <div class="test-method">
                <span class="method-name">getSteps(Attribute Test7, 35.0, Click on Save, Click, Znode9X.addNew.save, NA, NA, NA, , )</span>
                <span class="method-start">10895 ms</span>
              </div> <!-- test-method -->
              <div class="test-method">
                <span class="method-name">getSteps(Attribute Test7, 36.0, Check for Validation, Assertion, Znode9X.addNew.saveValidation, Record create...)</span>
                <span class="method-start">10912 ms</span>
              </div> <!-- test-method -->
              <div class="test-method">
                <span class="method-name">getSteps(Attribute Test7, 37.0, Click on Cancel button, Click, Znode9X.addNew.cancel, NA, NA, NA, , )</span>
                <span class="method-start">10925 ms</span>
              </div> <!-- test-method -->
              <div class="test-method">
                <span class="method-name">getSteps(Attribute Test8, 38.0, Click on Add New, Click, Znode9X.addNew.addnewoption, NA, NA, NA, , )</span>
                <span class="method-start">10941 ms</span>
              </div> <!-- test-method -->
              <div class="test-method">
                <span class="method-name">getSteps(Attribute Test8, 39.0, Select a Text Area dropdown from Attribute Type, DropDown, Znode9X.addNew.att...)</span>
                <span class="method-start">10964 ms</span>
              </div> <!-- test-method -->
              <div class="test-method">
                <span class="method-name">getSteps(Attribute Test8, 40.0, Enter value in Code field, SendKeys, Znode9X.addNew.code, Fabric, NA, NA, , )</span>
                <span class="method-start">10979 ms</span>
              </div> <!-- test-method -->
              <div class="test-method">
                <span class="method-name">getSteps(Attribute Test8, 41.0, Click on No in Is Localizable field, Click, Znode9X.addNew.noLocalizable, NA,...)</span>
                <span class="method-start">10995 ms</span>
              </div> <!-- test-method -->
              <div class="test-method">
                <span class="method-name">getSteps(Attribute Test8, 42.0, Click on Yes in WYSIWYG Enabled, Click, Znode9X.addNew.yesWYSIWYGEnabled, NA,...)</span>
                <span class="method-start">11011 ms</span>
              </div> <!-- test-method -->
              <div class="test-method">
                <span class="method-name">getSteps(Attribute Test8, 43.0, Select Attribute Group DropDown, DropDown, Znode9X.addNew.attributeGroup, Pro...)</span>
                <span class="method-start">11042 ms</span>
              </div> <!-- test-method -->
              <div class="test-method">
                <span class="method-name">getSteps(Attribute Test8, 44.0, Enter value in Help Description field, SendKeys, Znode9X.addNew.helpDescripti...)</span>
                <span class="method-start">11057 ms</span>
              </div> <!-- test-method -->
              <div class="test-method">
                <span class="method-name">getSteps(Attribute Test8, 45.0, Click on Save, Click, Znode9X.addNew.save, NA, NA, NA, , )</span>
                <span class="method-start">11073 ms</span>
              </div> <!-- test-method -->
              <div class="test-method">
                <span class="method-name">getSteps(Attribute Test8, 46.0, Check for Validation, Assertion, Znode9X.addNew.saveValidation, Record create...)</span>
                <span class="method-start">11078 ms</span>
              </div> <!-- test-method -->
              <div class="test-method">
                <span class="method-name">getSteps(Attribute Test8, 47.0, Click on Cancel button, Click, Znode9X.addNew.cancel, NA, NA, NA, , )</span>
                <span class="method-start">11093 ms</span>
              </div> <!-- test-method -->
              <div class="test-method">
                <span class="method-name">getSteps(Attribute Test9, 47.0, Click on Add New, Click, Znode9X.addNew.addnewoption, NA, NA, NA, , )</span>
                <span class="method-start">11109 ms</span>
              </div> <!-- test-method -->
              <div class="test-method">
                <span class="method-name">getSteps(Attribute Test9, 48.0, Select a Text Area dropdown from Attribute Type, DropDown, Znode9X.addNew.att...)</span>
                <span class="method-start">11124 ms</span>
              </div> <!-- test-method -->
              <div class="test-method">
                <span class="method-name">getSteps(Attribute Test9, 49.0, Enter value in Code field, SendKeys, Znode9X.addNew.code, Seller, NA, NA, , )</span>
                <span class="method-start">11156 ms</span>
              </div> <!-- test-method -->
              <div class="test-method">
                <span class="method-name">getSteps(Attribute Test9, 50.0, Click on No in WYSIWYG Enabled field, Click, Znode9X.addNew.noWYSIWYGEnabled,...)</span>
                <span class="method-start">11171 ms</span>
              </div> <!-- test-method -->
              <div class="test-method">
                <span class="method-name">getSteps(Attribute Test9, 51.0, Enter value in Max Characters field, SendKeys, Znode9X.addNew.maxChar, 100, N...)</span>
                <span class="method-start">11191 ms</span>
              </div> <!-- test-method -->
              <div class="test-method">
                <span class="method-name">getSteps(Attribute Test9, 52.0, Select Attribute Group DropDown, DropDown, Znode9X.addNew.attributeGroup, Shi...)</span>
                <span class="method-start">11207 ms</span>
              </div> <!-- test-method -->
              <div class="test-method">
                <span class="method-name">getSteps(Attribute Test9, 53.0, Click on No in Is Comparable field, Click, Znode9X.addNew.noComparable, NA, N...)</span>
                <span class="method-start">11223 ms</span>
              </div> <!-- test-method -->
              <div class="test-method">
                <span class="method-name">getSteps(Attribute Test9, 54.0, Click on Yes in Is Used In Search, Click, Znode9X.addNew.yesUseInSearch, NA, ...)</span>
                <span class="method-start">11251 ms</span>
              </div> <!-- test-method -->
              <div class="test-method">
                <span class="method-name">getSteps(Attribute Test9, 55.0, Enter value in Help Description field, SendKeys, Znode9X.addNew.helpDescripti...)</span>
                <span class="method-start">11257 ms</span>
              </div> <!-- test-method -->
              <div class="test-method">
                <span class="method-name">getSteps(Attribute Test9, 57.0, Click on Save, Click, Znode9X.addNew.save, NA, NA, NA, , )</span>
                <span class="method-start">11272 ms</span>
              </div> <!-- test-method -->
              <div class="test-method">
                <span class="method-name">getSteps(Attribute Test9, 58.0, Check for Validation, Assertion, Znode9X.addNew.saveValidation, Record create...)</span>
                <span class="method-start">11303 ms</span>
              </div> <!-- test-method -->
              <div class="test-method">
                <span class="method-name">getSteps(Attribute Test9, 59.0, Click on Cancel button, Click, Znode9X.addNew.cancel, NA, NA, NA, , )</span>
                <span class="method-start">11323 ms</span>
              </div> <!-- test-method -->
              <div class="test-method">
                <span class="method-name">getSteps(Attribute Test10, 60.0, Click on AddNew, Click, Znode9X.addNew.addnewoption, NA, NA, NA, , )</span>
                <span class="method-start">11332 ms</span>
              </div> <!-- test-method -->
              <div class="test-method">
                <span class="method-name">getSteps(Attribute Test10, 61.0, Select a Text dropdown from Attribute Type, DropDown, Znode9X.addNew.attribu...)</span>
                <span class="method-start">12354 ms</span>
              </div> <!-- test-method -->
              <div class="test-method">
                <span class="method-name">getSteps(Attribute Test10, 62.0, Enter value in Code field, SendKeys, Znode9X.addNew.code, Dimension, NA, NA,...)</span>
                <span class="method-start">12533 ms</span>
              </div> <!-- test-method -->
              <div class="test-method">
                <span class="method-name">getSteps(Attribute Test10, 63.0, Click on Yes in Is Personizable field, Click, Znode9X.addNew.yesIsPersonaliz...)</span>
                <span class="method-start">12775 ms</span>
              </div> <!-- test-method -->
              <div class="test-method">
                <span class="method-name">getSteps(Attribute Test10, 64.0, Select Validation Rule Dropdown, DropDown, Znode9X.addNew.validationRule, Al...)</span>
                <span class="method-start">12891 ms</span>
              </div> <!-- test-method -->
              <div class="test-method">
                <span class="method-name">getSteps(Attribute Test10, 65.0, Enter value in Max Characters field, SendKeys, Znode9X.addNew.maxChar, 89, N...)</span>
                <span class="method-start">13016 ms</span>
              </div> <!-- test-method -->
              <div class="test-method">
                <img src="failed.png">
                </img>
                <span class="method-name">getSteps(Attribute Test10, 66.0, Select Attribute Group DropDown, DropDown, Znode9X.addNew.attributeGroup, Zn...)</span>
                <span class="method-start">13114 ms</span>
              </div> <!-- test-method -->
              <div class="test-method">
                <span class="method-name">getSteps(Attribute Test10, 67.0, Click on Save, Click, Znode9X.addNew.save, NA, NA, NA, , )</span>
                <span class="method-start">13228 ms</span>
              </div> <!-- test-method -->
              <div class="test-method">
                <img src="failed.png">
                </img>
                <span class="method-name">getSteps(Attribute Test10, 68.0, Check for Validation, Assertion, Znode9X.addNew.saveValidation, Record creat...)</span>
                <span class="method-start">13373 ms</span>
              </div> <!-- test-method -->
              <div class="test-method">
                <img src="failed.png">
                </img>
                <span class="method-name">getSteps(Attribute Test10, 69.0, Click on Cancel button, Click, Znode9X.addNew.cancel, NA, NA, NA, , )</span>
                <span class="method-start">20540 ms</span>
              </div> <!-- test-method -->
              <div class="test-method">
                <img src="failed.png">
                </img>
                <span class="method-name">getSteps(Attribute Test11, 70.0, Click on AddNew, Click, Znode9X.addNew.addnewoption, NA, NA, NA, , )</span>
                <span class="method-start">24637 ms</span>
              </div> <!-- test-method -->
              <div class="test-method">
                <img src="failed.png">
                </img>
                <span class="method-name">getSteps(Attribute Test11, 71.0, Select a Simple Select dropdown from Attribute Type, DropDown, Znode9X.addNe...)</span>
                <span class="method-start">28668 ms</span>
              </div> <!-- test-method -->
              <div class="test-method">
                <img src="failed.png">
                </img>
                <span class="method-name">getSteps(Attribute Test11, 72.0, Enter value in Code field, SendKeys, Znode9X.addNew.code, Size, NA, NA, , )</span>
                <span class="method-start">32731 ms</span>
              </div> <!-- test-method -->
              <div class="test-method">
                <img src="failed.png">
                </img>
                <span class="method-name">getSteps(Attribute Test11, 73.0, Click on No in Required Field, Click, Znode9X.addNew.noRequired, NA, NA, NA,...)</span>
                <span class="method-start">36831 ms</span>
              </div> <!-- test-method -->
              <div class="test-method">
                <img src="failed.png">
                </img>
                <span class="method-name">getSteps(Attribute Test11, 74.0, Click on Yes in Is configurable field, Click, Znode9X.addNew.yesIsConfigurab...)</span>
                <span class="method-start">40875 ms</span>
              </div> <!-- test-method -->
              <div class="test-method">
                <img src="failed.png">
                </img>
                <span class="method-name">getSteps(Attribute Test11, 75.0, Click on No in Is Localizable field, Click, Znode9X.addNew.noLocalizable, NA...)</span>
                <span class="method-start">44909 ms</span>
              </div> <!-- test-method -->
              <div class="test-method">
                <img src="failed.png">
                </img>
                <span class="method-name">getSteps(Attribute Test11, 76.0, Select Attribute Group DropDown, DropDown, Znode9X.addNew.attributeGroup, Im...)</span>
                <span class="method-start">48954 ms</span>
              </div> <!-- test-method -->
              <div class="test-method">
                <img src="failed.png">
                </img>
                <span class="method-name">getSteps(Attribute Test11, 77.0, Click on No in Is Comparable field, Click, Znode9X.addNew.noComparable, NA, ...)</span>
                <span class="method-start">52980 ms</span>
              </div> <!-- test-method -->
              <div class="test-method">
                <img src="failed.png">
                </img>
                <span class="method-name">getSteps(Attribute Test11, 78.0, Click on Yes in Is Used In Search, Click, Znode9X.addNew.yesUseInSearch, NA,...)</span>
                <span class="method-start">57027 ms</span>
              </div> <!-- test-method -->
              <div class="test-method">
                <img src="failed.png">
                </img>
                <span class="method-name">getSteps(Attribute Test11, 79.0, Click on Yes in Is Used for facets  field, Click, Znode9X.addNew.yesIsUseFor...)</span>
                <span class="method-start">61064 ms</span>
              </div> <!-- test-method -->
              <div class="test-method">
                <img src="failed.png">
                </img>
                <span class="method-name">getSteps(Attribute Test11, 80.0, Click on Save, Click, Znode9X.addNew.save, NA, NA, NA, , )</span>
                <span class="method-start">65115 ms</span>
              </div> <!-- test-method -->
              <div class="test-method">
                <img src="failed.png">
                </img>
                <span class="method-name">getSteps(Attribute Test11, 81.0, Check for Validation, Assertion, Znode9X.addNew.saveValidation, Record creat...)</span>
                <span class="method-start">69189 ms</span>
              </div> <!-- test-method -->
              <div class="test-method">
                <img src="failed.png">
                </img>
                <span class="method-name">getSteps(Attribute Test11, 82.0, Click on Cancel button, Click, Znode9X.addNew.cancel, NA, NA, NA, , )</span>
                <span class="method-start">73274 ms</span>
              </div> <!-- test-method -->
          </div> <!-- main-panel-content rounded-window-bottom -->
        </div> <!-- panel -->
      </div> <!-- main-panel-root -->
    </div> <!-- wrapper -->
  </body>
</html>
