<?xml version="1.0" encoding="UTF-8"?>
<testng-results skipped="0" failed="1" ignored="0" total="33" passed="32">
  <reporter-output>
  </reporter-output>
  <suite name="Default suite" duration-ms="40094" started-at="2017-06-07T06:28:23Z" finished-at="2017-06-07T06:29:03Z">
    <groups>
    </groups>
    <test name="Default test" duration-ms="40094" started-at="2017-06-07T06:28:23Z" finished-at="2017-06-07T06:29:03Z">
      <class name="com.znodellc.admin9xqa.Znode9X.executor.Execute">
        <test-method status="PASS" signature="getSteps(java.lang.String, java.lang.String, java.lang.String, java.lang.String, java.lang.String, java.lang.String, java.lang.String, java.lang.String, java.lang.String, java.lang.String)[pri:0, instance:com.znodellc.admin9xqa.Znode9X.executor.Execute@d8355a8]" name="getSteps" duration-ms="5205" started-at="2017-06-07T11:58:24Z" data-provider="hybridData" finished-at="2017-06-07T11:58:29Z">
          <params>
            <param index="0">
              <value>
                <![CDATA[Login Test1]]>
              </value>
            </param>
            <param index="1">
              <value>
                <![CDATA[1.0]]>
              </value>
            </param>
            <param index="2">
              <value>
                <![CDATA[Open the Brower]]>
              </value>
            </param>
            <param index="3">
              <value>
                <![CDATA[LaunchBrowser]]>
              </value>
            </param>
            <param index="4">
              <value>
                <![CDATA[NA]]>
              </value>
            </param>
            <param index="5">
              <value>
                <![CDATA[http://admin9xqa.znodellc.com/]]>
              </value>
            </param>
            <param index="6">
              <value>
                <![CDATA[Chrome]]>
              </value>
            </param>
            <param index="7">
              <value>
                <![CDATA[NA]]>
              </value>
            </param>
            <param index="8">
              <value>
                <![CDATA[NA]]>
              </value>
            </param>
            <param index="9">
              <value>
                <![CDATA[NA]]>
              </value>
            </param>
          </params>
          <reporter-output>
          </reporter-output>
        </test-method> <!-- getSteps -->
        <test-method status="PASS" signature="getSteps(java.lang.String, java.lang.String, java.lang.String, java.lang.String, java.lang.String, java.lang.String, java.lang.String, java.lang.String, java.lang.String, java.lang.String)[pri:0, instance:com.znodellc.admin9xqa.Znode9X.executor.Execute@d8355a8]" name="getSteps" duration-ms="136" started-at="2017-06-07T11:58:29Z" data-provider="hybridData" finished-at="2017-06-07T11:58:29Z">
          <params>
            <param index="0">
              <value>
                <![CDATA[Login Test1]]>
              </value>
            </param>
            <param index="1">
              <value>
                <![CDATA[2.0]]>
              </value>
            </param>
            <param index="2">
              <value>
                <![CDATA[Keep the username and password blank]]>
              </value>
            </param>
            <param index="3">
              <value>
                <![CDATA[Click]]>
              </value>
            </param>
            <param index="4">
              <value>
                <![CDATA[Znode9X.login.loginbutton]]>
              </value>
            </param>
            <param index="5">
              <value>
                <![CDATA[NA]]>
              </value>
            </param>
            <param index="6">
              <value>
                <![CDATA[NA]]>
              </value>
            </param>
            <param index="7">
              <value>
                <![CDATA[NA]]>
              </value>
            </param>
            <param index="8">
              <value>
                <![CDATA[NA]]>
              </value>
            </param>
            <param index="9">
              <value>
                <![CDATA[NA]]>
              </value>
            </param>
          </params>
          <reporter-output>
          </reporter-output>
        </test-method> <!-- getSteps -->
        <test-method status="PASS" signature="getSteps(java.lang.String, java.lang.String, java.lang.String, java.lang.String, java.lang.String, java.lang.String, java.lang.String, java.lang.String, java.lang.String, java.lang.String)[pri:0, instance:com.znodellc.admin9xqa.Znode9X.executor.Execute@d8355a8]" name="getSteps" duration-ms="268" started-at="2017-06-07T11:58:29Z" data-provider="hybridData" finished-at="2017-06-07T11:58:29Z">
          <params>
            <param index="0">
              <value>
                <![CDATA[Login Test1]]>
              </value>
            </param>
            <param index="1">
              <value>
                <![CDATA[3.0]]>
              </value>
            </param>
            <param index="2">
              <value>
                <![CDATA[Check username validation]]>
              </value>
            </param>
            <param index="3">
              <value>
                <![CDATA[Assertion]]>
              </value>
            </param>
            <param index="4">
              <value>
                <![CDATA[Znode9X.login.usernameValidationMsg]]>
              </value>
            </param>
            <param index="5">
              <value>
                <![CDATA[Email Address is required.]]>
              </value>
            </param>
            <param index="6">
              <value>
                <![CDATA[NA]]>
              </value>
            </param>
            <param index="7">
              <value>
                <![CDATA[NA]]>
              </value>
            </param>
            <param index="8">
              <value>
                <![CDATA[NA]]>
              </value>
            </param>
            <param index="9">
              <value>
                <![CDATA[Pass]]>
              </value>
            </param>
          </params>
          <reporter-output>
          </reporter-output>
        </test-method> <!-- getSteps -->
        <test-method status="PASS" signature="getSteps(java.lang.String, java.lang.String, java.lang.String, java.lang.String, java.lang.String, java.lang.String, java.lang.String, java.lang.String, java.lang.String, java.lang.String)[pri:0, instance:com.znodellc.admin9xqa.Znode9X.executor.Execute@d8355a8]" name="getSteps" duration-ms="155" started-at="2017-06-07T11:58:29Z" data-provider="hybridData" finished-at="2017-06-07T11:58:29Z">
          <params>
            <param index="0">
              <value>
                <![CDATA[Login Test1]]>
              </value>
            </param>
            <param index="1">
              <value>
                <![CDATA[4.0]]>
              </value>
            </param>
            <param index="2">
              <value>
                <![CDATA[Check password validation]]>
              </value>
            </param>
            <param index="3">
              <value>
                <![CDATA[Assertion]]>
              </value>
            </param>
            <param index="4">
              <value>
                <![CDATA[Znode9X.login.passwordValidationMsg]]>
              </value>
            </param>
            <param index="5">
              <value>
                <![CDATA[Password is required.]]>
              </value>
            </param>
            <param index="6">
              <value>
                <![CDATA[NA]]>
              </value>
            </param>
            <param index="7">
              <value>
                <![CDATA[NA]]>
              </value>
            </param>
            <param index="8">
              <value>
                <![CDATA[NA]]>
              </value>
            </param>
            <param index="9">
              <value>
                <![CDATA[Fail]]>
              </value>
            </param>
          </params>
          <reporter-output>
          </reporter-output>
        </test-method> <!-- getSteps -->
        <test-method status="PASS" signature="getSteps(java.lang.String, java.lang.String, java.lang.String, java.lang.String, java.lang.String, java.lang.String, java.lang.String, java.lang.String, java.lang.String, java.lang.String)[pri:0, instance:com.znodellc.admin9xqa.Znode9X.executor.Execute@d8355a8]" name="getSteps" duration-ms="850" started-at="2017-06-07T11:58:29Z" data-provider="hybridData" finished-at="2017-06-07T11:58:30Z">
          <params>
            <param index="0">
              <value>
                <![CDATA[Login Test1]]>
              </value>
            </param>
            <param index="1">
              <value>
                <![CDATA[5.0]]>
              </value>
            </param>
            <param index="2">
              <value>
                <![CDATA[Close the browser]]>
              </value>
            </param>
            <param index="3">
              <value>
                <![CDATA[CloseBrowser]]>
              </value>
            </param>
            <param index="4">
              <value>
                <![CDATA[NA]]>
              </value>
            </param>
            <param index="5">
              <value>
                <![CDATA[NA]]>
              </value>
            </param>
            <param index="6">
              <value>
                <![CDATA[NA]]>
              </value>
            </param>
            <param index="7">
              <value>
                <![CDATA[NA]]>
              </value>
            </param>
            <param index="8">
              <value>
                <![CDATA[NA]]>
              </value>
            </param>
            <param index="9">
              <value>
                <![CDATA[NA]]>
              </value>
            </param>
          </params>
          <reporter-output>
          </reporter-output>
        </test-method> <!-- getSteps -->
        <test-method status="PASS" signature="getSteps(java.lang.String, java.lang.String, java.lang.String, java.lang.String, java.lang.String, java.lang.String, java.lang.String, java.lang.String, java.lang.String, java.lang.String)[pri:0, instance:com.znodellc.admin9xqa.Znode9X.executor.Execute@d8355a8]" name="getSteps" duration-ms="4361" started-at="2017-06-07T11:58:30Z" data-provider="hybridData" finished-at="2017-06-07T11:58:34Z">
          <params>
            <param index="0">
              <value>
                <![CDATA[Login Test1]]>
              </value>
            </param>
            <param index="1">
              <value>
                <![CDATA[1.0]]>
              </value>
            </param>
            <param index="2">
              <value>
                <![CDATA[Open the Brower]]>
              </value>
            </param>
            <param index="3">
              <value>
                <![CDATA[LaunchBrowser]]>
              </value>
            </param>
            <param index="4">
              <value>
                <![CDATA[NA]]>
              </value>
            </param>
            <param index="5">
              <value>
                <![CDATA[http://admin9xqa.znodellc.com/]]>
              </value>
            </param>
            <param index="6">
              <value>
                <![CDATA[Chrome]]>
              </value>
            </param>
            <param index="7">
              <value>
                <![CDATA[NA]]>
              </value>
            </param>
            <param index="8">
              <value>
                <![CDATA[NA]]>
              </value>
            </param>
            <param index="9">
              <value>
                <![CDATA[NA]]>
              </value>
            </param>
          </params>
          <reporter-output>
          </reporter-output>
        </test-method> <!-- getSteps -->
        <test-method status="PASS" signature="getSteps(java.lang.String, java.lang.String, java.lang.String, java.lang.String, java.lang.String, java.lang.String, java.lang.String, java.lang.String, java.lang.String, java.lang.String)[pri:0, instance:com.znodellc.admin9xqa.Znode9X.executor.Execute@d8355a8]" name="getSteps" duration-ms="115" started-at="2017-06-07T11:58:34Z" data-provider="hybridData" finished-at="2017-06-07T11:58:35Z">
          <params>
            <param index="0">
              <value>
                <![CDATA[Login Test2]]>
              </value>
            </param>
            <param index="1">
              <value>
                <![CDATA[2.0]]>
              </value>
            </param>
            <param index="2">
              <value>
                <![CDATA[Enter Username]]>
              </value>
            </param>
            <param index="3">
              <value>
                <![CDATA[SendKeys]]>
              </value>
            </param>
            <param index="4">
              <value>
                <![CDATA[Znode9X.login.username]]>
              </value>
            </param>
            <param index="5">
              <value>
                <![CDATA[admin@znode.com]]>
              </value>
            </param>
            <param index="6">
              <value>
                <![CDATA[NA]]>
              </value>
            </param>
            <param index="7">
              <value>
                <![CDATA[NA]]>
              </value>
            </param>
            <param index="8">
              <value>
                <![CDATA[NA]]>
              </value>
            </param>
            <param index="9">
              <value>
                <![CDATA[NA]]>
              </value>
            </param>
          </params>
          <reporter-output>
          </reporter-output>
        </test-method> <!-- getSteps -->
        <test-method status="PASS" signature="getSteps(java.lang.String, java.lang.String, java.lang.String, java.lang.String, java.lang.String, java.lang.String, java.lang.String, java.lang.String, java.lang.String, java.lang.String)[pri:0, instance:com.znodellc.admin9xqa.Znode9X.executor.Execute@d8355a8]" name="getSteps" duration-ms="119" started-at="2017-06-07T11:58:35Z" data-provider="hybridData" finished-at="2017-06-07T11:58:35Z">
          <params>
            <param index="0">
              <value>
                <![CDATA[Login Test2]]>
              </value>
            </param>
            <param index="1">
              <value>
                <![CDATA[3.0]]>
              </value>
            </param>
            <param index="2">
              <value>
                <![CDATA[click on login]]>
              </value>
            </param>
            <param index="3">
              <value>
                <![CDATA[Click]]>
              </value>
            </param>
            <param index="4">
              <value>
                <![CDATA[Znode9X.login.loginbutton]]>
              </value>
            </param>
            <param index="5">
              <value>
                <![CDATA[NA]]>
              </value>
            </param>
            <param index="6">
              <value>
                <![CDATA[NA]]>
              </value>
            </param>
            <param index="7">
              <value>
                <![CDATA[NA]]>
              </value>
            </param>
            <param index="8">
              <value>
                <![CDATA[NA]]>
              </value>
            </param>
            <param index="9">
              <value>
                <![CDATA[NA]]>
              </value>
            </param>
          </params>
          <reporter-output>
          </reporter-output>
        </test-method> <!-- getSteps -->
        <test-method status="PASS" signature="getSteps(java.lang.String, java.lang.String, java.lang.String, java.lang.String, java.lang.String, java.lang.String, java.lang.String, java.lang.String, java.lang.String, java.lang.String)[pri:0, instance:com.znodellc.admin9xqa.Znode9X.executor.Execute@d8355a8]" name="getSteps" duration-ms="152" started-at="2017-06-07T11:58:35Z" data-provider="hybridData" finished-at="2017-06-07T11:58:35Z">
          <params>
            <param index="0">
              <value>
                <![CDATA[Login Test2]]>
              </value>
            </param>
            <param index="1">
              <value>
                <![CDATA[4.0]]>
              </value>
            </param>
            <param index="2">
              <value>
                <![CDATA[Check password validation]]>
              </value>
            </param>
            <param index="3">
              <value>
                <![CDATA[Assertion]]>
              </value>
            </param>
            <param index="4">
              <value>
                <![CDATA[Znode9X.login.passwordValidationMsg]]>
              </value>
            </param>
            <param index="5">
              <value>
                <![CDATA[Password is required]]>
              </value>
            </param>
            <param index="6">
              <value>
                <![CDATA[NA]]>
              </value>
            </param>
            <param index="7">
              <value>
                <![CDATA[NA]]>
              </value>
            </param>
            <param index="8">
              <value>
                <![CDATA[NA]]>
              </value>
            </param>
            <param index="9">
              <value>
                <![CDATA[Pass]]>
              </value>
            </param>
          </params>
          <reporter-output>
          </reporter-output>
        </test-method> <!-- getSteps -->
        <test-method status="PASS" signature="getSteps(java.lang.String, java.lang.String, java.lang.String, java.lang.String, java.lang.String, java.lang.String, java.lang.String, java.lang.String, java.lang.String, java.lang.String)[pri:0, instance:com.znodellc.admin9xqa.Znode9X.executor.Execute@d8355a8]" name="getSteps" duration-ms="745" started-at="2017-06-07T11:58:35Z" data-provider="hybridData" finished-at="2017-06-07T11:58:36Z">
          <params>
            <param index="0">
              <value>
                <![CDATA[Login Test2]]>
              </value>
            </param>
            <param index="1">
              <value>
                <![CDATA[5.0]]>
              </value>
            </param>
            <param index="2">
              <value>
                <![CDATA[Close the browser]]>
              </value>
            </param>
            <param index="3">
              <value>
                <![CDATA[CloseBrowser]]>
              </value>
            </param>
            <param index="4">
              <value>
                <![CDATA[NA]]>
              </value>
            </param>
            <param index="5">
              <value>
                <![CDATA[NA]]>
              </value>
            </param>
            <param index="6">
              <value>
                <![CDATA[NA]]>
              </value>
            </param>
            <param index="7">
              <value>
                <![CDATA[NA]]>
              </value>
            </param>
            <param index="8">
              <value>
                <![CDATA[NA]]>
              </value>
            </param>
            <param index="9">
              <value>
                <![CDATA[NA]]>
              </value>
            </param>
          </params>
          <reporter-output>
          </reporter-output>
        </test-method> <!-- getSteps -->
        <test-method status="PASS" signature="getSteps(java.lang.String, java.lang.String, java.lang.String, java.lang.String, java.lang.String, java.lang.String, java.lang.String, java.lang.String, java.lang.String, java.lang.String)[pri:0, instance:com.znodellc.admin9xqa.Znode9X.executor.Execute@d8355a8]" name="getSteps" duration-ms="4239" started-at="2017-06-07T11:58:36Z" data-provider="hybridData" finished-at="2017-06-07T11:58:40Z">
          <params>
            <param index="0">
              <value>
                <![CDATA[Login Test3]]>
              </value>
            </param>
            <param index="1">
              <value>
                <![CDATA[6.0]]>
              </value>
            </param>
            <param index="2">
              <value>
                <![CDATA[Open the Brower]]>
              </value>
            </param>
            <param index="3">
              <value>
                <![CDATA[LaunchBrowser]]>
              </value>
            </param>
            <param index="4">
              <value>
                <![CDATA[NA]]>
              </value>
            </param>
            <param index="5">
              <value>
                <![CDATA[http://admin9xqa.znodellc.com/]]>
              </value>
            </param>
            <param index="6">
              <value>
                <![CDATA[Chrome]]>
              </value>
            </param>
            <param index="7">
              <value>
                <![CDATA[NA]]>
              </value>
            </param>
            <param index="8">
              <value>
                <![CDATA[NA]]>
              </value>
            </param>
            <param index="9">
              <value>
                <![CDATA[NA]]>
              </value>
            </param>
          </params>
          <reporter-output>
          </reporter-output>
        </test-method> <!-- getSteps -->
        <test-method status="PASS" signature="getSteps(java.lang.String, java.lang.String, java.lang.String, java.lang.String, java.lang.String, java.lang.String, java.lang.String, java.lang.String, java.lang.String, java.lang.String)[pri:0, instance:com.znodellc.admin9xqa.Znode9X.executor.Execute@d8355a8]" name="getSteps" duration-ms="102" started-at="2017-06-07T11:58:40Z" data-provider="hybridData" finished-at="2017-06-07T11:58:40Z">
          <params>
            <param index="0">
              <value>
                <![CDATA[Login Test3]]>
              </value>
            </param>
            <param index="1">
              <value>
                <![CDATA[7.0]]>
              </value>
            </param>
            <param index="2">
              <value>
                <![CDATA[Enter Password]]>
              </value>
            </param>
            <param index="3">
              <value>
                <![CDATA[SendKeys]]>
              </value>
            </param>
            <param index="4">
              <value>
                <![CDATA[Znode9X.login.password]]>
              </value>
            </param>
            <param index="5">
              <value>
                <![CDATA[admin12345]]>
              </value>
            </param>
            <param index="6">
              <value>
                <![CDATA[NA]]>
              </value>
            </param>
            <param index="7">
              <value>
                <![CDATA[NA]]>
              </value>
            </param>
            <param index="8">
              <value>
                <![CDATA[NA]]>
              </value>
            </param>
            <param index="9">
              <value>
                <![CDATA[NA]]>
              </value>
            </param>
          </params>
          <reporter-output>
          </reporter-output>
        </test-method> <!-- getSteps -->
        <test-method status="PASS" signature="getSteps(java.lang.String, java.lang.String, java.lang.String, java.lang.String, java.lang.String, java.lang.String, java.lang.String, java.lang.String, java.lang.String, java.lang.String)[pri:0, instance:com.znodellc.admin9xqa.Znode9X.executor.Execute@d8355a8]" name="getSteps" duration-ms="115" started-at="2017-06-07T11:58:40Z" data-provider="hybridData" finished-at="2017-06-07T11:58:40Z">
          <params>
            <param index="0">
              <value>
                <![CDATA[Login Test3]]>
              </value>
            </param>
            <param index="1">
              <value>
                <![CDATA[8.0]]>
              </value>
            </param>
            <param index="2">
              <value>
                <![CDATA[click on login]]>
              </value>
            </param>
            <param index="3">
              <value>
                <![CDATA[Click]]>
              </value>
            </param>
            <param index="4">
              <value>
                <![CDATA[Znode9X.login.loginbutton]]>
              </value>
            </param>
            <param index="5">
              <value>
                <![CDATA[NA]]>
              </value>
            </param>
            <param index="6">
              <value>
                <![CDATA[NA]]>
              </value>
            </param>
            <param index="7">
              <value>
                <![CDATA[NA]]>
              </value>
            </param>
            <param index="8">
              <value>
                <![CDATA[NA]]>
              </value>
            </param>
            <param index="9">
              <value>
                <![CDATA[NA]]>
              </value>
            </param>
          </params>
          <reporter-output>
          </reporter-output>
        </test-method> <!-- getSteps -->
        <test-method status="PASS" signature="getSteps(java.lang.String, java.lang.String, java.lang.String, java.lang.String, java.lang.String, java.lang.String, java.lang.String, java.lang.String, java.lang.String, java.lang.String)[pri:0, instance:com.znodellc.admin9xqa.Znode9X.executor.Execute@d8355a8]" name="getSteps" duration-ms="128" started-at="2017-06-07T11:58:40Z" data-provider="hybridData" finished-at="2017-06-07T11:58:40Z">
          <params>
            <param index="0">
              <value>
                <![CDATA[Login Test3]]>
              </value>
            </param>
            <param index="1">
              <value>
                <![CDATA[9.0]]>
              </value>
            </param>
            <param index="2">
              <value>
                <![CDATA[Check username validation]]>
              </value>
            </param>
            <param index="3">
              <value>
                <![CDATA[Assertion]]>
              </value>
            </param>
            <param index="4">
              <value>
                <![CDATA[Znode9X.login.usernameValidationMsg]]>
              </value>
            </param>
            <param index="5">
              <value>
                <![CDATA[Email Address is required.]]>
              </value>
            </param>
            <param index="6">
              <value>
                <![CDATA[NA]]>
              </value>
            </param>
            <param index="7">
              <value>
                <![CDATA[NA]]>
              </value>
            </param>
            <param index="8">
              <value>
                <![CDATA[NA]]>
              </value>
            </param>
            <param index="9">
              <value>
                <![CDATA[NA]]>
              </value>
            </param>
          </params>
          <reporter-output>
          </reporter-output>
        </test-method> <!-- getSteps -->
        <test-method status="PASS" signature="getSteps(java.lang.String, java.lang.String, java.lang.String, java.lang.String, java.lang.String, java.lang.String, java.lang.String, java.lang.String, java.lang.String, java.lang.String)[pri:0, instance:com.znodellc.admin9xqa.Znode9X.executor.Execute@d8355a8]" name="getSteps" duration-ms="738" started-at="2017-06-07T11:58:40Z" data-provider="hybridData" finished-at="2017-06-07T11:58:41Z">
          <params>
            <param index="0">
              <value>
                <![CDATA[Login Test3]]>
              </value>
            </param>
            <param index="1">
              <value>
                <![CDATA[10.0]]>
              </value>
            </param>
            <param index="2">
              <value>
                <![CDATA[Close the browser]]>
              </value>
            </param>
            <param index="3">
              <value>
                <![CDATA[CloseBrowser]]>
              </value>
            </param>
            <param index="4">
              <value>
                <![CDATA[NA]]>
              </value>
            </param>
            <param index="5">
              <value>
                <![CDATA[NA]]>
              </value>
            </param>
            <param index="6">
              <value>
                <![CDATA[NA]]>
              </value>
            </param>
            <param index="7">
              <value>
                <![CDATA[NA]]>
              </value>
            </param>
            <param index="8">
              <value>
                <![CDATA[NA]]>
              </value>
            </param>
            <param index="9">
              <value>
                <![CDATA[Pass]]>
              </value>
            </param>
          </params>
          <reporter-output>
          </reporter-output>
        </test-method> <!-- getSteps -->
        <test-method status="PASS" signature="getSteps(java.lang.String, java.lang.String, java.lang.String, java.lang.String, java.lang.String, java.lang.String, java.lang.String, java.lang.String, java.lang.String, java.lang.String)[pri:0, instance:com.znodellc.admin9xqa.Znode9X.executor.Execute@d8355a8]" name="getSteps" duration-ms="3931" started-at="2017-06-07T11:58:41Z" data-provider="hybridData" finished-at="2017-06-07T11:58:45Z">
          <params>
            <param index="0">
              <value>
                <![CDATA[Login Test4]]>
              </value>
            </param>
            <param index="1">
              <value>
                <![CDATA[11.0]]>
              </value>
            </param>
            <param index="2">
              <value>
                <![CDATA[Open the Brower]]>
              </value>
            </param>
            <param index="3">
              <value>
                <![CDATA[LaunchBrowser]]>
              </value>
            </param>
            <param index="4">
              <value>
                <![CDATA[NA]]>
              </value>
            </param>
            <param index="5">
              <value>
                <![CDATA[http://admin9xqa.znodellc.com/]]>
              </value>
            </param>
            <param index="6">
              <value>
                <![CDATA[Chrome]]>
              </value>
            </param>
            <param index="7">
              <value>
                <![CDATA[NA]]>
              </value>
            </param>
            <param index="8">
              <value>
                <![CDATA[NA]]>
              </value>
            </param>
            <param index="9">
              <value>
                <![CDATA[NA]]>
              </value>
            </param>
          </params>
          <reporter-output>
          </reporter-output>
        </test-method> <!-- getSteps -->
        <test-method status="PASS" signature="getSteps(java.lang.String, java.lang.String, java.lang.String, java.lang.String, java.lang.String, java.lang.String, java.lang.String, java.lang.String, java.lang.String, java.lang.String)[pri:0, instance:com.znodellc.admin9xqa.Znode9X.executor.Execute@d8355a8]" name="getSteps" duration-ms="120" started-at="2017-06-07T11:58:45Z" data-provider="hybridData" finished-at="2017-06-07T11:58:45Z">
          <params>
            <param index="0">
              <value>
                <![CDATA[Login Test4]]>
              </value>
            </param>
            <param index="1">
              <value>
                <![CDATA[12.0]]>
              </value>
            </param>
            <param index="2">
              <value>
                <![CDATA[Enter wrong username]]>
              </value>
            </param>
            <param index="3">
              <value>
                <![CDATA[SendKeys]]>
              </value>
            </param>
            <param index="4">
              <value>
                <![CDATA[Znode9X.login.username]]>
              </value>
            </param>
            <param index="5">
              <value>
                <![CDATA[123@znode.com]]>
              </value>
            </param>
            <param index="6">
              <value>
                <![CDATA[NA]]>
              </value>
            </param>
            <param index="7">
              <value>
                <![CDATA[NA]]>
              </value>
            </param>
            <param index="8">
              <value>
                <![CDATA[NA]]>
              </value>
            </param>
            <param index="9">
              <value>
                <![CDATA[NA]]>
              </value>
            </param>
          </params>
          <reporter-output>
          </reporter-output>
        </test-method> <!-- getSteps -->
        <test-method status="PASS" signature="getSteps(java.lang.String, java.lang.String, java.lang.String, java.lang.String, java.lang.String, java.lang.String, java.lang.String, java.lang.String, java.lang.String, java.lang.String)[pri:0, instance:com.znodellc.admin9xqa.Znode9X.executor.Execute@d8355a8]" name="getSteps" duration-ms="103" started-at="2017-06-07T11:58:45Z" data-provider="hybridData" finished-at="2017-06-07T11:58:45Z">
          <params>
            <param index="0">
              <value>
                <![CDATA[Login Test4]]>
              </value>
            </param>
            <param index="1">
              <value>
                <![CDATA[13.0]]>
              </value>
            </param>
            <param index="2">
              <value>
                <![CDATA[Enter correct password]]>
              </value>
            </param>
            <param index="3">
              <value>
                <![CDATA[SendKeys]]>
              </value>
            </param>
            <param index="4">
              <value>
                <![CDATA[Znode9X.login.password]]>
              </value>
            </param>
            <param index="5">
              <value>
                <![CDATA[admin12345]]>
              </value>
            </param>
            <param index="6">
              <value>
                <![CDATA[NA]]>
              </value>
            </param>
            <param index="7">
              <value>
                <![CDATA[NA]]>
              </value>
            </param>
            <param index="8">
              <value>
                <![CDATA[NA]]>
              </value>
            </param>
            <param index="9">
              <value>
                <![CDATA[NA]]>
              </value>
            </param>
          </params>
          <reporter-output>
          </reporter-output>
        </test-method> <!-- getSteps -->
        <test-method status="PASS" signature="getSteps(java.lang.String, java.lang.String, java.lang.String, java.lang.String, java.lang.String, java.lang.String, java.lang.String, java.lang.String, java.lang.String, java.lang.String)[pri:0, instance:com.znodellc.admin9xqa.Znode9X.executor.Execute@d8355a8]" name="getSteps" duration-ms="1028" started-at="2017-06-07T11:58:45Z" data-provider="hybridData" finished-at="2017-06-07T11:58:46Z">
          <params>
            <param index="0">
              <value>
                <![CDATA[Login Test4]]>
              </value>
            </param>
            <param index="1">
              <value>
                <![CDATA[14.0]]>
              </value>
            </param>
            <param index="2">
              <value>
                <![CDATA[click on login]]>
              </value>
            </param>
            <param index="3">
              <value>
                <![CDATA[Click]]>
              </value>
            </param>
            <param index="4">
              <value>
                <![CDATA[Znode9X.login.loginbutton]]>
              </value>
            </param>
            <param index="5">
              <value>
                <![CDATA[NA]]>
              </value>
            </param>
            <param index="6">
              <value>
                <![CDATA[NA]]>
              </value>
            </param>
            <param index="7">
              <value>
                <![CDATA[NA]]>
              </value>
            </param>
            <param index="8">
              <value>
                <![CDATA[NA]]>
              </value>
            </param>
            <param index="9">
              <value>
                <![CDATA[NA]]>
              </value>
            </param>
          </params>
          <reporter-output>
          </reporter-output>
        </test-method> <!-- getSteps -->
        <test-method status="PASS" signature="getSteps(java.lang.String, java.lang.String, java.lang.String, java.lang.String, java.lang.String, java.lang.String, java.lang.String, java.lang.String, java.lang.String, java.lang.String)[pri:0, instance:com.znodellc.admin9xqa.Znode9X.executor.Execute@d8355a8]" name="getSteps" duration-ms="113" started-at="2017-06-07T11:58:46Z" data-provider="hybridData" finished-at="2017-06-07T11:58:46Z">
          <params>
            <param index="0">
              <value>
                <![CDATA[Login Test4]]>
              </value>
            </param>
            <param index="1">
              <value>
                <![CDATA[15.0]]>
              </value>
            </param>
            <param index="2">
              <value>
                <![CDATA[Check username validation]]>
              </value>
            </param>
            <param index="3">
              <value>
                <![CDATA[Assertion]]>
              </value>
            </param>
            <param index="4">
              <value>
                <![CDATA[Znode9X.login.wrongUsernameValidationMsg]]>
              </value>
            </param>
            <param index="5">
              <value>
                <![CDATA[Invalid Username or Password.]]>
              </value>
            </param>
            <param index="6">
              <value>
                <![CDATA[NA]]>
              </value>
            </param>
            <param index="7">
              <value>
                <![CDATA[NA]]>
              </value>
            </param>
            <param index="8">
              <value>
                <![CDATA[NA]]>
              </value>
            </param>
            <param index="9">
              <value>
                <![CDATA[NA]]>
              </value>
            </param>
          </params>
          <reporter-output>
          </reporter-output>
        </test-method> <!-- getSteps -->
        <test-method status="PASS" signature="getSteps(java.lang.String, java.lang.String, java.lang.String, java.lang.String, java.lang.String, java.lang.String, java.lang.String, java.lang.String, java.lang.String, java.lang.String)[pri:0, instance:com.znodellc.admin9xqa.Znode9X.executor.Execute@d8355a8]" name="getSteps" duration-ms="765" started-at="2017-06-07T11:58:46Z" data-provider="hybridData" finished-at="2017-06-07T11:58:47Z">
          <params>
            <param index="0">
              <value>
                <![CDATA[Login Test4]]>
              </value>
            </param>
            <param index="1">
              <value>
                <![CDATA[16.0]]>
              </value>
            </param>
            <param index="2">
              <value>
                <![CDATA[Close the browser]]>
              </value>
            </param>
            <param index="3">
              <value>
                <![CDATA[CloseBrowser]]>
              </value>
            </param>
            <param index="4">
              <value>
                <![CDATA[NA]]>
              </value>
            </param>
            <param index="5">
              <value>
                <![CDATA[NA]]>
              </value>
            </param>
            <param index="6">
              <value>
                <![CDATA[NA]]>
              </value>
            </param>
            <param index="7">
              <value>
                <![CDATA[NA]]>
              </value>
            </param>
            <param index="8">
              <value>
                <![CDATA[NA]]>
              </value>
            </param>
            <param index="9">
              <value>
                <![CDATA[NA]]>
              </value>
            </param>
          </params>
          <reporter-output>
          </reporter-output>
        </test-method> <!-- getSteps -->
        <test-method status="PASS" signature="getSteps(java.lang.String, java.lang.String, java.lang.String, java.lang.String, java.lang.String, java.lang.String, java.lang.String, java.lang.String, java.lang.String, java.lang.String)[pri:0, instance:com.znodellc.admin9xqa.Znode9X.executor.Execute@d8355a8]" name="getSteps" duration-ms="4198" started-at="2017-06-07T11:58:47Z" data-provider="hybridData" finished-at="2017-06-07T11:58:51Z">
          <params>
            <param index="0">
              <value>
                <![CDATA[Login Test5]]>
              </value>
            </param>
            <param index="1">
              <value>
                <![CDATA[17.0]]>
              </value>
            </param>
            <param index="2">
              <value>
                <![CDATA[Open the Brower]]>
              </value>
            </param>
            <param index="3">
              <value>
                <![CDATA[LaunchBrowser]]>
              </value>
            </param>
            <param index="4">
              <value>
                <![CDATA[NA]]>
              </value>
            </param>
            <param index="5">
              <value>
                <![CDATA[http://admin9xqa.znodellc.com/]]>
              </value>
            </param>
            <param index="6">
              <value>
                <![CDATA[Chrome]]>
              </value>
            </param>
            <param index="7">
              <value>
                <![CDATA[NA]]>
              </value>
            </param>
            <param index="8">
              <value>
                <![CDATA[NA]]>
              </value>
            </param>
            <param index="9">
              <value>
                <![CDATA[NA]]>
              </value>
            </param>
          </params>
          <reporter-output>
          </reporter-output>
        </test-method> <!-- getSteps -->
        <test-method status="PASS" signature="getSteps(java.lang.String, java.lang.String, java.lang.String, java.lang.String, java.lang.String, java.lang.String, java.lang.String, java.lang.String, java.lang.String, java.lang.String)[pri:0, instance:com.znodellc.admin9xqa.Znode9X.executor.Execute@d8355a8]" name="getSteps" duration-ms="98" started-at="2017-06-07T11:58:51Z" data-provider="hybridData" finished-at="2017-06-07T11:58:51Z">
          <params>
            <param index="0">
              <value>
                <![CDATA[Login Test5]]>
              </value>
            </param>
            <param index="1">
              <value>
                <![CDATA[18.0]]>
              </value>
            </param>
            <param index="2">
              <value>
                <![CDATA[Enter correct username]]>
              </value>
            </param>
            <param index="3">
              <value>
                <![CDATA[SendKeys]]>
              </value>
            </param>
            <param index="4">
              <value>
                <![CDATA[Znode9X.login.username]]>
              </value>
            </param>
            <param index="5">
              <value>
                <![CDATA[admin@znode.com]]>
              </value>
            </param>
            <param index="6">
              <value>
                <![CDATA[NA]]>
              </value>
            </param>
            <param index="7">
              <value>
                <![CDATA[NA]]>
              </value>
            </param>
            <param index="8">
              <value>
                <![CDATA[NA]]>
              </value>
            </param>
            <param index="9">
              <value>
                <![CDATA[NA]]>
              </value>
            </param>
          </params>
          <reporter-output>
          </reporter-output>
        </test-method> <!-- getSteps -->
        <test-method status="PASS" signature="getSteps(java.lang.String, java.lang.String, java.lang.String, java.lang.String, java.lang.String, java.lang.String, java.lang.String, java.lang.String, java.lang.String, java.lang.String)[pri:0, instance:com.znodellc.admin9xqa.Znode9X.executor.Execute@d8355a8]" name="getSteps" duration-ms="90" started-at="2017-06-07T11:58:51Z" data-provider="hybridData" finished-at="2017-06-07T11:58:51Z">
          <params>
            <param index="0">
              <value>
                <![CDATA[Login Test5]]>
              </value>
            </param>
            <param index="1">
              <value>
                <![CDATA[19.0]]>
              </value>
            </param>
            <param index="2">
              <value>
                <![CDATA[Enter incorrect password]]>
              </value>
            </param>
            <param index="3">
              <value>
                <![CDATA[SendKeys]]>
              </value>
            </param>
            <param index="4">
              <value>
                <![CDATA[Znode9X.login.password]]>
              </value>
            </param>
            <param index="5">
              <value>
                <![CDATA[adm1234]]>
              </value>
            </param>
            <param index="6">
              <value>
                <![CDATA[NA]]>
              </value>
            </param>
            <param index="7">
              <value>
                <![CDATA[NA]]>
              </value>
            </param>
            <param index="8">
              <value>
                <![CDATA[NA]]>
              </value>
            </param>
            <param index="9">
              <value>
                <![CDATA[NA]]>
              </value>
            </param>
          </params>
          <reporter-output>
          </reporter-output>
        </test-method> <!-- getSteps -->
        <test-method status="PASS" signature="getSteps(java.lang.String, java.lang.String, java.lang.String, java.lang.String, java.lang.String, java.lang.String, java.lang.String, java.lang.String, java.lang.String, java.lang.String)[pri:0, instance:com.znodellc.admin9xqa.Znode9X.executor.Execute@d8355a8]" name="getSteps" duration-ms="457" started-at="2017-06-07T11:58:51Z" data-provider="hybridData" finished-at="2017-06-07T11:58:52Z">
          <params>
            <param index="0">
              <value>
                <![CDATA[Login Test5]]>
              </value>
            </param>
            <param index="1">
              <value>
                <![CDATA[20.0]]>
              </value>
            </param>
            <param index="2">
              <value>
                <![CDATA[click on login]]>
              </value>
            </param>
            <param index="3">
              <value>
                <![CDATA[Click]]>
              </value>
            </param>
            <param index="4">
              <value>
                <![CDATA[Znode9X.login.loginbutton]]>
              </value>
            </param>
            <param index="5">
              <value>
                <![CDATA[NA]]>
              </value>
            </param>
            <param index="6">
              <value>
                <![CDATA[NA]]>
              </value>
            </param>
            <param index="7">
              <value>
                <![CDATA[NA]]>
              </value>
            </param>
            <param index="8">
              <value>
                <![CDATA[NA]]>
              </value>
            </param>
            <param index="9">
              <value>
                <![CDATA[NA]]>
              </value>
            </param>
          </params>
          <reporter-output>
          </reporter-output>
        </test-method> <!-- getSteps -->
        <test-method status="FAIL" signature="getSteps(java.lang.String, java.lang.String, java.lang.String, java.lang.String, java.lang.String, java.lang.String, java.lang.String, java.lang.String, java.lang.String, java.lang.String)[pri:0, instance:com.znodellc.admin9xqa.Znode9X.executor.Execute@d8355a8]" name="getSteps" duration-ms="91" started-at="2017-06-07T11:58:52Z" data-provider="hybridData" finished-at="2017-06-07T11:58:52Z">
          <params>
            <param index="0">
              <value>
                <![CDATA[Login Test5]]>
              </value>
            </param>
            <param index="1">
              <value>
                <![CDATA[21.0]]>
              </value>
            </param>
            <param index="2">
              <value>
                <![CDATA[Check password validation]]>
              </value>
            </param>
            <param index="3">
              <value>
                <![CDATA[SendKeys]]>
              </value>
            </param>
            <param index="4">
              <value>
                <![CDATA[Znode9X.login.wrongPasswordValidationMsg]]>
              </value>
            </param>
            <param index="5">
              <value>
                <![CDATA[Invalid Username or Password.]]>
              </value>
            </param>
            <param index="6">
              <value>
                <![CDATA[NA]]>
              </value>
            </param>
            <param index="7">
              <value>
                <![CDATA[NA]]>
              </value>
            </param>
            <param index="8">
              <value>
                <![CDATA[NA]]>
              </value>
            </param>
            <param index="9">
              <value>
                <![CDATA[NA]]>
              </value>
            </param>
          </params>
          <exception class="org.openqa.selenium.WebDriverException">
            <message>
              <![CDATA[unknown error: cannot focus element
  (Session info: chrome=56.0.2924.87)
  (Driver info: chromedriver=2.28.455520 (cc17746adff54984afff480136733114c6b3704b),platform=Windows NT 10.0.14393 x86_64) (WARNING: The server did not provide any stacktrace information)
Command duration or timeout: 43 milliseconds
Build info: version: '3.3.1', revision: '5234b325d5', time: '2017-03-10 09:10:29 +0000'
System info: host: 'MSD001', ip: '172.17.2.178', os.name: 'Windows 10', os.arch: 'amd64', os.version: '10.0', java.version: '1.8.0_121'
Driver info: org.openqa.selenium.chrome.ChromeDriver
Capabilities [{applicationCacheEnabled=false, rotatable=false, mobileEmulationEnabled=false, networkConnectionEnabled=false, chrome={chromedriverVersion=2.28.455520 (cc17746adff54984afff480136733114c6b3704b), userDataDir=C:\Users\SANA~1.AFR\AppData\Local\Temp\scoped_dir1668_7552}, takesHeapSnapshot=true, pageLoadStrategy=normal, databaseEnabled=false, handlesAlerts=true, hasTouchScreen=false, version=56.0.2924.87, platform=XP, browserConnectionEnabled=false, nativeEvents=true, acceptSslCerts=true, locationContextEnabled=true, webStorageEnabled=true, browserName=chrome, takesScreenshot=true, javascriptEnabled=true, cssSelectorsEnabled=true, unexpectedAlertBehaviour=}]
Session ID: 7350ed290bfea8c7ca8028bd89260072]]>
            </message>
            <full-stacktrace>
              <![CDATA[org.openqa.selenium.WebDriverException: unknown error: cannot focus element
  (Session info: chrome=56.0.2924.87)
  (Driver info: chromedriver=2.28.455520 (cc17746adff54984afff480136733114c6b3704b),platform=Windows NT 10.0.14393 x86_64) (WARNING: The server did not provide any stacktrace information)
Command duration or timeout: 43 milliseconds
Build info: version: '3.3.1', revision: '5234b325d5', time: '2017-03-10 09:10:29 +0000'
System info: host: 'MSD001', ip: '172.17.2.178', os.name: 'Windows 10', os.arch: 'amd64', os.version: '10.0', java.version: '1.8.0_121'
Driver info: org.openqa.selenium.chrome.ChromeDriver
Capabilities [{applicationCacheEnabled=false, rotatable=false, mobileEmulationEnabled=false, networkConnectionEnabled=false, chrome={chromedriverVersion=2.28.455520 (cc17746adff54984afff480136733114c6b3704b), userDataDir=C:\Users\SANA~1.AFR\AppData\Local\Temp\scoped_dir1668_7552}, takesHeapSnapshot=true, pageLoadStrategy=normal, databaseEnabled=false, handlesAlerts=true, hasTouchScreen=false, version=56.0.2924.87, platform=XP, browserConnectionEnabled=false, nativeEvents=true, acceptSslCerts=true, locationContextEnabled=true, webStorageEnabled=true, browserName=chrome, takesScreenshot=true, javascriptEnabled=true, cssSelectorsEnabled=true, unexpectedAlertBehaviour=}]
Session ID: 7350ed290bfea8c7ca8028bd89260072
	at sun.reflect.NativeConstructorAccessorImpl.newInstance0(Native Method)
	at sun.reflect.NativeConstructorAccessorImpl.newInstance(NativeConstructorAccessorImpl.java:62)
	at sun.reflect.DelegatingConstructorAccessorImpl.newInstance(DelegatingConstructorAccessorImpl.java:45)
	at java.lang.reflect.Constructor.newInstance(Constructor.java:423)
	at org.openqa.selenium.remote.ErrorHandler.createThrowable(ErrorHandler.java:216)
	at org.openqa.selenium.remote.ErrorHandler.throwIfResponseFailed(ErrorHandler.java:168)
	at org.openqa.selenium.remote.RemoteWebDriver.execute(RemoteWebDriver.java:638)
	at org.openqa.selenium.remote.RemoteWebElement.execute(RemoteWebElement.java:274)
	at org.openqa.selenium.remote.RemoteWebElement.sendKeys(RemoteWebElement.java:98)
	at com.znodellc.admin9xqa.Znode9X.keywords.SendKeys.sendText(SendKeys.java:14)
	at com.znodellc.admin9xqa.Znode9X.executor.ExecuteKeywords.ExecuteTheKeywords(ExecuteKeywords.java:28)
	at com.znodellc.admin9xqa.Znode9X.executor.Execute.getSteps(Execute.java:19)
	at sun.reflect.GeneratedMethodAccessor2.invoke(Unknown Source)
	at sun.reflect.DelegatingMethodAccessorImpl.invoke(DelegatingMethodAccessorImpl.java:43)
	at java.lang.reflect.Method.invoke(Method.java:498)
	at org.testng.internal.MethodInvocationHelper.invokeMethod(MethodInvocationHelper.java:104)
	at org.testng.internal.Invoker.invokeMethod(Invoker.java:645)
	at org.testng.internal.Invoker.invokeTestMethod(Invoker.java:851)
	at org.testng.internal.Invoker.invokeTestMethods(Invoker.java:1177)
	at org.testng.internal.TestMethodWorker.invokeTestMethods(TestMethodWorker.java:129)
	at org.testng.internal.TestMethodWorker.run(TestMethodWorker.java:112)
	at org.testng.TestRunner.privateRun(TestRunner.java:756)
	at org.testng.TestRunner.run(TestRunner.java:610)
	at org.testng.SuiteRunner.runTest(SuiteRunner.java:387)
	at org.testng.SuiteRunner.runSequentially(SuiteRunner.java:382)
	at org.testng.SuiteRunner.privateRun(SuiteRunner.java:340)
	at org.testng.SuiteRunner.run(SuiteRunner.java:289)
	at org.testng.SuiteRunnerWorker.runSuite(SuiteRunnerWorker.java:52)
	at org.testng.SuiteRunnerWorker.run(SuiteRunnerWorker.java:86)
	at org.testng.TestNG.runSuitesSequentially(TestNG.java:1293)
	at org.testng.TestNG.runSuitesLocally(TestNG.java:1218)
	at org.testng.TestNG.runSuites(TestNG.java:1133)
	at org.testng.TestNG.run(TestNG.java:1104)
	at org.testng.remote.AbstractRemoteTestNG.run(AbstractRemoteTestNG.java:132)
	at org.testng.remote.RemoteTestNG.initAndRun(RemoteTestNG.java:236)
	at org.testng.remote.RemoteTestNG.main(RemoteTestNG.java:81)
]]>
            </full-stacktrace>
          </exception> <!-- org.openqa.selenium.WebDriverException -->
          <reporter-output>
          </reporter-output>
        </test-method> <!-- getSteps -->
        <test-method status="PASS" signature="getSteps(java.lang.String, java.lang.String, java.lang.String, java.lang.String, java.lang.String, java.lang.String, java.lang.String, java.lang.String, java.lang.String, java.lang.String)[pri:0, instance:com.znodellc.admin9xqa.Znode9X.executor.Execute@d8355a8]" name="getSteps" duration-ms="717" started-at="2017-06-07T11:58:52Z" data-provider="hybridData" finished-at="2017-06-07T11:58:53Z">
          <params>
            <param index="0">
              <value>
                <![CDATA[Login Test5]]>
              </value>
            </param>
            <param index="1">
              <value>
                <![CDATA[22.0]]>
              </value>
            </param>
            <param index="2">
              <value>
                <![CDATA[Close the browser]]>
              </value>
            </param>
            <param index="3">
              <value>
                <![CDATA[CloseBrowser]]>
              </value>
            </param>
            <param index="4">
              <value>
                <![CDATA[NA]]>
              </value>
            </param>
            <param index="5">
              <value>
                <![CDATA[NA]]>
              </value>
            </param>
            <param index="6">
              <value>
                <![CDATA[NA]]>
              </value>
            </param>
            <param index="7">
              <value>
                <![CDATA[NA]]>
              </value>
            </param>
            <param index="8">
              <value>
                <![CDATA[NA]]>
              </value>
            </param>
            <param index="9">
              <value>
                <![CDATA[NA]]>
              </value>
            </param>
          </params>
          <reporter-output>
          </reporter-output>
        </test-method> <!-- getSteps -->
        <test-method status="PASS" signature="getSteps(java.lang.String, java.lang.String, java.lang.String, java.lang.String, java.lang.String, java.lang.String, java.lang.String, java.lang.String, java.lang.String, java.lang.String)[pri:0, instance:com.znodellc.admin9xqa.Znode9X.executor.Execute@d8355a8]" name="getSteps" duration-ms="4217" started-at="2017-06-07T11:58:53Z" data-provider="hybridData" finished-at="2017-06-07T11:58:57Z">
          <params>
            <param index="0">
              <value>
                <![CDATA[Login Test6]]>
              </value>
            </param>
            <param index="1">
              <value>
                <![CDATA[23.0]]>
              </value>
            </param>
            <param index="2">
              <value>
                <![CDATA[Open the Brower]]>
              </value>
            </param>
            <param index="3">
              <value>
                <![CDATA[LaunchBrowser]]>
              </value>
            </param>
            <param index="4">
              <value>
                <![CDATA[NA]]>
              </value>
            </param>
            <param index="5">
              <value>
                <![CDATA[http://admin9xqa.znodellc.com/]]>
              </value>
            </param>
            <param index="6">
              <value>
                <![CDATA[Chrome]]>
              </value>
            </param>
            <param index="7">
              <value>
                <![CDATA[NA]]>
              </value>
            </param>
            <param index="8">
              <value>
                <![CDATA[NA]]>
              </value>
            </param>
            <param index="9">
              <value>
                <![CDATA[NA]]>
              </value>
            </param>
          </params>
          <reporter-output>
          </reporter-output>
        </test-method> <!-- getSteps -->
        <test-method status="PASS" signature="getSteps(java.lang.String, java.lang.String, java.lang.String, java.lang.String, java.lang.String, java.lang.String, java.lang.String, java.lang.String, java.lang.String, java.lang.String)[pri:0, instance:com.znodellc.admin9xqa.Znode9X.executor.Execute@d8355a8]" name="getSteps" duration-ms="107" started-at="2017-06-07T11:58:57Z" data-provider="hybridData" finished-at="2017-06-07T11:58:57Z">
          <params>
            <param index="0">
              <value>
                <![CDATA[Login Test6]]>
              </value>
            </param>
            <param index="1">
              <value>
                <![CDATA[24.0]]>
              </value>
            </param>
            <param index="2">
              <value>
                <![CDATA[Enter correct username]]>
              </value>
            </param>
            <param index="3">
              <value>
                <![CDATA[SendKeys]]>
              </value>
            </param>
            <param index="4">
              <value>
                <![CDATA[Znode9X.login.username]]>
              </value>
            </param>
            <param index="5">
              <value>
                <![CDATA[admin@znode.com]]>
              </value>
            </param>
            <param index="6">
              <value>
                <![CDATA[NA]]>
              </value>
            </param>
            <param index="7">
              <value>
                <![CDATA[NA]]>
              </value>
            </param>
            <param index="8">
              <value>
                <![CDATA[NA]]>
              </value>
            </param>
            <param index="9">
              <value>
                <![CDATA[NA]]>
              </value>
            </param>
          </params>
          <reporter-output>
          </reporter-output>
        </test-method> <!-- getSteps -->
        <test-method status="PASS" signature="getSteps(java.lang.String, java.lang.String, java.lang.String, java.lang.String, java.lang.String, java.lang.String, java.lang.String, java.lang.String, java.lang.String, java.lang.String)[pri:0, instance:com.znodellc.admin9xqa.Znode9X.executor.Execute@d8355a8]" name="getSteps" duration-ms="92" started-at="2017-06-07T11:58:57Z" data-provider="hybridData" finished-at="2017-06-07T11:58:57Z">
          <params>
            <param index="0">
              <value>
                <![CDATA[Login Test6]]>
              </value>
            </param>
            <param index="1">
              <value>
                <![CDATA[25.0]]>
              </value>
            </param>
            <param index="2">
              <value>
                <![CDATA[Enter correct password]]>
              </value>
            </param>
            <param index="3">
              <value>
                <![CDATA[SendKeys]]>
              </value>
            </param>
            <param index="4">
              <value>
                <![CDATA[Znode9X.login.password]]>
              </value>
            </param>
            <param index="5">
              <value>
                <![CDATA[admin12345]]>
              </value>
            </param>
            <param index="6">
              <value>
                <![CDATA[NA]]>
              </value>
            </param>
            <param index="7">
              <value>
                <![CDATA[NA]]>
              </value>
            </param>
            <param index="8">
              <value>
                <![CDATA[NA]]>
              </value>
            </param>
            <param index="9">
              <value>
                <![CDATA[NA]]>
              </value>
            </param>
          </params>
          <reporter-output>
          </reporter-output>
        </test-method> <!-- getSteps -->
        <test-method status="PASS" signature="getSteps(java.lang.String, java.lang.String, java.lang.String, java.lang.String, java.lang.String, java.lang.String, java.lang.String, java.lang.String, java.lang.String, java.lang.String)[pri:0, instance:com.znodellc.admin9xqa.Znode9X.executor.Execute@d8355a8]" name="getSteps" duration-ms="5205" started-at="2017-06-07T11:58:57Z" data-provider="hybridData" finished-at="2017-06-07T11:59:02Z">
          <params>
            <param index="0">
              <value>
                <![CDATA[Login Test6]]>
              </value>
            </param>
            <param index="1">
              <value>
                <![CDATA[26.0]]>
              </value>
            </param>
            <param index="2">
              <value>
                <![CDATA[click on login]]>
              </value>
            </param>
            <param index="3">
              <value>
                <![CDATA[Click]]>
              </value>
            </param>
            <param index="4">
              <value>
                <![CDATA[Znode9X.login.loginbutton]]>
              </value>
            </param>
            <param index="5">
              <value>
                <![CDATA[NA]]>
              </value>
            </param>
            <param index="6">
              <value>
                <![CDATA[NA]]>
              </value>
            </param>
            <param index="7">
              <value>
                <![CDATA[NA]]>
              </value>
            </param>
            <param index="8">
              <value>
                <![CDATA[NA]]>
              </value>
            </param>
            <param index="9">
              <value>
                <![CDATA[NA]]>
              </value>
            </param>
          </params>
          <reporter-output>
          </reporter-output>
        </test-method> <!-- getSteps -->
        <test-method status="PASS" signature="getSteps(java.lang.String, java.lang.String, java.lang.String, java.lang.String, java.lang.String, java.lang.String, java.lang.String, java.lang.String, java.lang.String, java.lang.String)[pri:0, instance:com.znodellc.admin9xqa.Znode9X.executor.Execute@d8355a8]" name="getSteps" duration-ms="23" started-at="2017-06-07T11:59:02Z" data-provider="hybridData" finished-at="2017-06-07T11:59:02Z">
          <params>
            <param index="0">
              <value>
                <![CDATA[Login Test6]]>
              </value>
            </param>
            <param index="1">
              <value>
                <![CDATA[27.0]]>
              </value>
            </param>
            <param index="2">
              <value>
                <![CDATA[Successfully logged in and dashboard page appears]]>
              </value>
            </param>
            <param index="3">
              <value>
                <![CDATA[NA]]>
              </value>
            </param>
            <param index="4">
              <value>
                <![CDATA[NA]]>
              </value>
            </param>
            <param index="5">
              <value>
                <![CDATA[Dashboard | Multifront®]]>
              </value>
            </param>
            <param index="6">
              <value>
                <![CDATA[NA]]>
              </value>
            </param>
            <param index="7">
              <value>
                <![CDATA[NA]]>
              </value>
            </param>
            <param index="8">
              <value>
                <![CDATA[NA]]>
              </value>
            </param>
            <param index="9">
              <value>
                <![CDATA[NA]]>
              </value>
            </param>
          </params>
          <reporter-output>
          </reporter-output>
        </test-method> <!-- getSteps -->
        <test-method status="PASS" signature="getSteps(java.lang.String, java.lang.String, java.lang.String, java.lang.String, java.lang.String, java.lang.String, java.lang.String, java.lang.String, java.lang.String, java.lang.String)[pri:0, instance:com.znodellc.admin9xqa.Znode9X.executor.Execute@d8355a8]" name="getSteps" duration-ms="715" started-at="2017-06-07T11:59:02Z" data-provider="hybridData" finished-at="2017-06-07T11:59:03Z">
          <params>
            <param index="0">
              <value>
                <![CDATA[Login Test6]]>
              </value>
            </param>
            <param index="1">
              <value>
                <![CDATA[28.0]]>
              </value>
            </param>
            <param index="2">
              <value>
                <![CDATA[Close the browser]]>
              </value>
            </param>
            <param index="3">
              <value>
                <![CDATA[CloseBrowser]]>
              </value>
            </param>
            <param index="4">
              <value>
                <![CDATA[NA]]>
              </value>
            </param>
            <param index="5">
              <value>
                <![CDATA[NA]]>
              </value>
            </param>
            <param index="6">
              <value>
                <![CDATA[NA]]>
              </value>
            </param>
            <param index="7">
              <value>
                <![CDATA[NA]]>
              </value>
            </param>
            <param index="8">
              <value>
                <![CDATA[NA]]>
              </value>
            </param>
            <param index="9">
              <value>
                <![CDATA[NA]]>
              </value>
            </param>
          </params>
          <reporter-output>
          </reporter-output>
        </test-method> <!-- getSteps -->
      </class> <!-- com.znodellc.admin9xqa.Znode9X.executor.Execute -->
    </test> <!-- Default test -->
  </suite> <!-- Default suite -->
</testng-results>
