<?xml version="1.0" encoding="UTF-8"?>
<testng-results skipped="0" failed="0" ignored="0" total="10" passed="10">
  <reporter-output>
  </reporter-output>
  <suite name="Default suite" duration-ms="16293" started-at="2017-06-16T11:49:42Z" finished-at="2017-06-16T11:49:58Z">
    <groups>
    </groups>
    <test name="Default test" duration-ms="16293" started-at="2017-06-16T11:49:42Z" finished-at="2017-06-16T11:49:58Z">
      <class name="com.znodellc.admin9xqa.Znode9X.executor.Execute">
        <test-method status="PASS" signature="getSteps(java.lang.String, java.lang.String, java.lang.String, java.lang.String, java.lang.String, java.lang.String, java.lang.String, java.lang.String, java.lang.String, java.lang.String)[pri:0, instance:com.znodellc.admin9xqa.Znode9X.executor.Execute@d8355a8]" name="getSteps" duration-ms="4690" started-at="2017-06-16T17:19:43Z" data-provider="hybridData" finished-at="2017-06-16T17:19:47Z">
          <params>
            <param index="0">
              <value>
                <![CDATA[Attribute Test1]]>
              </value>
            </param>
            <param index="1">
              <value>
                <![CDATA[1.0]]>
              </value>
            </param>
            <param index="2">
              <value>
                <![CDATA[Open the Brower]]>
              </value>
            </param>
            <param index="3">
              <value>
                <![CDATA[LaunchBrowser]]>
              </value>
            </param>
            <param index="4">
              <value>
                <![CDATA[NA]]>
              </value>
            </param>
            <param index="5">
              <value>
                <![CDATA[http://admin9xqa.znodellc.com/]]>
              </value>
            </param>
            <param index="6">
              <value>
                <![CDATA[Chrome]]>
              </value>
            </param>
            <param index="7">
              <value>
                <![CDATA[NA]]>
              </value>
            </param>
            <param index="8">
              <value>
                <![CDATA[]]>
              </value>
            </param>
            <param index="9">
              <value>
                <![CDATA[]]>
              </value>
            </param>
          </params>
          <reporter-output>
          </reporter-output>
        </test-method> <!-- getSteps -->
        <test-method status="PASS" signature="getSteps(java.lang.String, java.lang.String, java.lang.String, java.lang.String, java.lang.String, java.lang.String, java.lang.String, java.lang.String, java.lang.String, java.lang.String)[pri:0, instance:com.znodellc.admin9xqa.Znode9X.executor.Execute@d8355a8]" name="getSteps" duration-ms="140" started-at="2017-06-16T17:19:47Z" data-provider="hybridData" finished-at="2017-06-16T17:19:47Z">
          <params>
            <param index="0">
              <value>
                <![CDATA[Attribute Test1]]>
              </value>
            </param>
            <param index="1">
              <value>
                <![CDATA[2.0]]>
              </value>
            </param>
            <param index="2">
              <value>
                <![CDATA[Enter correct username]]>
              </value>
            </param>
            <param index="3">
              <value>
                <![CDATA[SendKeys]]>
              </value>
            </param>
            <param index="4">
              <value>
                <![CDATA[Znode9X.addNew.username]]>
              </value>
            </param>
            <param index="5">
              <value>
                <![CDATA[admin@znode.com]]>
              </value>
            </param>
            <param index="6">
              <value>
                <![CDATA[NA]]>
              </value>
            </param>
            <param index="7">
              <value>
                <![CDATA[NA]]>
              </value>
            </param>
            <param index="8">
              <value>
                <![CDATA[]]>
              </value>
            </param>
            <param index="9">
              <value>
                <![CDATA[]]>
              </value>
            </param>
          </params>
          <reporter-output>
          </reporter-output>
        </test-method> <!-- getSteps -->
        <test-method status="PASS" signature="getSteps(java.lang.String, java.lang.String, java.lang.String, java.lang.String, java.lang.String, java.lang.String, java.lang.String, java.lang.String, java.lang.String, java.lang.String)[pri:0, instance:com.znodellc.admin9xqa.Znode9X.executor.Execute@d8355a8]" name="getSteps" duration-ms="131" started-at="2017-06-16T17:19:47Z" data-provider="hybridData" finished-at="2017-06-16T17:19:48Z">
          <params>
            <param index="0">
              <value>
                <![CDATA[Attribute Test1]]>
              </value>
            </param>
            <param index="1">
              <value>
                <![CDATA[3.0]]>
              </value>
            </param>
            <param index="2">
              <value>
                <![CDATA[Enter correct password]]>
              </value>
            </param>
            <param index="3">
              <value>
                <![CDATA[SendKeys]]>
              </value>
            </param>
            <param index="4">
              <value>
                <![CDATA[Znode9X.addNew.password]]>
              </value>
            </param>
            <param index="5">
              <value>
                <![CDATA[admin12345]]>
              </value>
            </param>
            <param index="6">
              <value>
                <![CDATA[NA]]>
              </value>
            </param>
            <param index="7">
              <value>
                <![CDATA[NA]]>
              </value>
            </param>
            <param index="8">
              <value>
                <![CDATA[]]>
              </value>
            </param>
            <param index="9">
              <value>
                <![CDATA[]]>
              </value>
            </param>
          </params>
          <reporter-output>
          </reporter-output>
        </test-method> <!-- getSteps -->
        <test-method status="PASS" signature="getSteps(java.lang.String, java.lang.String, java.lang.String, java.lang.String, java.lang.String, java.lang.String, java.lang.String, java.lang.String, java.lang.String, java.lang.String)[pri:0, instance:com.znodellc.admin9xqa.Znode9X.executor.Execute@d8355a8]" name="getSteps" duration-ms="2823" started-at="2017-06-16T17:19:48Z" data-provider="hybridData" finished-at="2017-06-16T17:19:50Z">
          <params>
            <param index="0">
              <value>
                <![CDATA[Attribute Test1]]>
              </value>
            </param>
            <param index="1">
              <value>
                <![CDATA[4.0]]>
              </value>
            </param>
            <param index="2">
              <value>
                <![CDATA[click on login]]>
              </value>
            </param>
            <param index="3">
              <value>
                <![CDATA[Click]]>
              </value>
            </param>
            <param index="4">
              <value>
                <![CDATA[Znode9X.addNew.loginbutton]]>
              </value>
            </param>
            <param index="5">
              <value>
                <![CDATA[NA]]>
              </value>
            </param>
            <param index="6">
              <value>
                <![CDATA[NA]]>
              </value>
            </param>
            <param index="7">
              <value>
                <![CDATA[NA]]>
              </value>
            </param>
            <param index="8">
              <value>
                <![CDATA[]]>
              </value>
            </param>
            <param index="9">
              <value>
                <![CDATA[]]>
              </value>
            </param>
          </params>
          <reporter-output>
          </reporter-output>
        </test-method> <!-- getSteps -->
        <test-method status="PASS" signature="getSteps(java.lang.String, java.lang.String, java.lang.String, java.lang.String, java.lang.String, java.lang.String, java.lang.String, java.lang.String, java.lang.String, java.lang.String)[pri:0, instance:com.znodellc.admin9xqa.Znode9X.executor.Execute@d8355a8]" name="getSteps" duration-ms="141" started-at="2017-06-16T17:19:50Z" data-provider="hybridData" finished-at="2017-06-16T17:19:50Z">
          <params>
            <param index="0">
              <value>
                <![CDATA[Attribute Test1]]>
              </value>
            </param>
            <param index="1">
              <value>
                <![CDATA[5.0]]>
              </value>
            </param>
            <param index="2">
              <value>
                <![CDATA[Click on Menu button]]>
              </value>
            </param>
            <param index="3">
              <value>
                <![CDATA[Click]]>
              </value>
            </param>
            <param index="4">
              <value>
                <![CDATA[Znode9X.addNew.menu]]>
              </value>
            </param>
            <param index="5">
              <value>
                <![CDATA[NA]]>
              </value>
            </param>
            <param index="6">
              <value>
                <![CDATA[NA]]>
              </value>
            </param>
            <param index="7">
              <value>
                <![CDATA[NA]]>
              </value>
            </param>
            <param index="8">
              <value>
                <![CDATA[]]>
              </value>
            </param>
            <param index="9">
              <value>
                <![CDATA[]]>
              </value>
            </param>
          </params>
          <reporter-output>
          </reporter-output>
        </test-method> <!-- getSteps -->
        <test-method status="PASS" signature="getSteps(java.lang.String, java.lang.String, java.lang.String, java.lang.String, java.lang.String, java.lang.String, java.lang.String, java.lang.String, java.lang.String, java.lang.String)[pri:0, instance:com.znodellc.admin9xqa.Znode9X.executor.Execute@d8355a8]" name="getSteps" duration-ms="124" started-at="2017-06-16T17:19:50Z" data-provider="hybridData" finished-at="2017-06-16T17:19:51Z">
          <params>
            <param index="0">
              <value>
                <![CDATA[Attribute Test1]]>
              </value>
            </param>
            <param index="1">
              <value>
                <![CDATA[6.0]]>
              </value>
            </param>
            <param index="2">
              <value>
                <![CDATA[Click on products attribute in PIM module]]>
              </value>
            </param>
            <param index="3">
              <value>
                <![CDATA[Click]]>
              </value>
            </param>
            <param index="4">
              <value>
                <![CDATA[Znode9X.addNew.productAttributes]]>
              </value>
            </param>
            <param index="5">
              <value>
                <![CDATA[NA]]>
              </value>
            </param>
            <param index="6">
              <value>
                <![CDATA[NA]]>
              </value>
            </param>
            <param index="7">
              <value>
                <![CDATA[NA]]>
              </value>
            </param>
            <param index="8">
              <value>
                <![CDATA[]]>
              </value>
            </param>
            <param index="9">
              <value>
                <![CDATA[]]>
              </value>
            </param>
          </params>
          <reporter-output>
          </reporter-output>
        </test-method> <!-- getSteps -->
        <test-method status="PASS" signature="getSteps(java.lang.String, java.lang.String, java.lang.String, java.lang.String, java.lang.String, java.lang.String, java.lang.String, java.lang.String, java.lang.String, java.lang.String)[pri:0, instance:com.znodellc.admin9xqa.Znode9X.executor.Execute@d8355a8]" name="getSteps" duration-ms="2468" started-at="2017-06-16T17:19:51Z" data-provider="hybridData" finished-at="2017-06-16T17:19:53Z">
          <params>
            <param index="0">
              <value>
                <![CDATA[Attribute Test2]]>
              </value>
            </param>
            <param index="1">
              <value>
                <![CDATA[7.0]]>
              </value>
            </param>
            <param index="2">
              <value>
                <![CDATA[Click on AddNew]]>
              </value>
            </param>
            <param index="3">
              <value>
                <![CDATA[Click]]>
              </value>
            </param>
            <param index="4">
              <value>
                <![CDATA[Znode9X.addNew.addnewoption]]>
              </value>
            </param>
            <param index="5">
              <value>
                <![CDATA[NA]]>
              </value>
            </param>
            <param index="6">
              <value>
                <![CDATA[NA]]>
              </value>
            </param>
            <param index="7">
              <value>
                <![CDATA[NA]]>
              </value>
            </param>
            <param index="8">
              <value>
                <![CDATA[]]>
              </value>
            </param>
            <param index="9">
              <value>
                <![CDATA[]]>
              </value>
            </param>
          </params>
          <reporter-output>
          </reporter-output>
        </test-method> <!-- getSteps -->
        <test-method status="PASS" signature="getSteps(java.lang.String, java.lang.String, java.lang.String, java.lang.String, java.lang.String, java.lang.String, java.lang.String, java.lang.String, java.lang.String, java.lang.String)[pri:0, instance:com.znodellc.admin9xqa.Znode9X.executor.Execute@d8355a8]" name="getSteps" duration-ms="2173" started-at="2017-06-16T17:19:53Z" data-provider="hybridData" finished-at="2017-06-16T17:19:55Z">
          <params>
            <param index="0">
              <value>
                <![CDATA[Attribute Test2]]>
              </value>
            </param>
            <param index="1">
              <value>
                <![CDATA[8.0]]>
              </value>
            </param>
            <param index="2">
              <value>
                <![CDATA[Select a Date dropdown from Attribute Type]]>
              </value>
            </param>
            <param index="3">
              <value>
                <![CDATA[DropDown]]>
              </value>
            </param>
            <param index="4">
              <value>
                <![CDATA[Znode9X.addNew.attributeType]]>
              </value>
            </param>
            <param index="5">
              <value>
                <![CDATA[Image]]>
              </value>
            </param>
            <param index="6">
              <value>
                <![CDATA[NA]]>
              </value>
            </param>
            <param index="7">
              <value>
                <![CDATA[NA]]>
              </value>
            </param>
            <param index="8">
              <value>
                <![CDATA[]]>
              </value>
            </param>
            <param index="9">
              <value>
                <![CDATA[]]>
              </value>
            </param>
          </params>
          <reporter-output>
          </reporter-output>
        </test-method> <!-- getSteps -->
        <test-method status="PASS" signature="getSteps(java.lang.String, java.lang.String, java.lang.String, java.lang.String, java.lang.String, java.lang.String, java.lang.String, java.lang.String, java.lang.String, java.lang.String)[pri:0, instance:com.znodellc.admin9xqa.Znode9X.executor.Execute@d8355a8]" name="getSteps" duration-ms="648" started-at="2017-06-16T17:19:55Z" data-provider="hybridData" finished-at="2017-06-16T17:19:56Z">
          <params>
            <param index="0">
              <value>
                <![CDATA[Attribute Test2]]>
              </value>
            </param>
            <param index="1">
              <value>
                <![CDATA[9.0]]>
              </value>
            </param>
            <param index="2">
              <value>
                <![CDATA[Enter value in Code field]]>
              </value>
            </param>
            <param index="3">
              <value>
                <![CDATA[SendKeys]]>
              </value>
            </param>
            <param index="4">
              <value>
                <![CDATA[Znode9X.addNew.code]]>
              </value>
            </param>
            <param index="5">
              <value>
                <![CDATA[Abc]]>
              </value>
            </param>
            <param index="6">
              <value>
                <![CDATA[NA]]>
              </value>
            </param>
            <param index="7">
              <value>
                <![CDATA[NA]]>
              </value>
            </param>
            <param index="8">
              <value>
                <![CDATA[]]>
              </value>
            </param>
            <param index="9">
              <value>
                <![CDATA[]]>
              </value>
            </param>
          </params>
          <reporter-output>
          </reporter-output>
        </test-method> <!-- getSteps -->
        <test-method status="PASS" signature="getSteps(java.lang.String, java.lang.String, java.lang.String, java.lang.String, java.lang.String, java.lang.String, java.lang.String, java.lang.String, java.lang.String, java.lang.String)[pri:0, instance:com.znodellc.admin9xqa.Znode9X.executor.Execute@d8355a8]" name="getSteps" duration-ms="2397" started-at="2017-06-16T17:19:56Z" data-provider="hybridData" finished-at="2017-06-16T17:19:58Z">
          <params>
            <param index="0">
              <value>
                <![CDATA[Attribute Test2]]>
              </value>
            </param>
            <param index="1">
              <value>
                <![CDATA[10.0]]>
              </value>
            </param>
            <param index="2">
              <value>
                <![CDATA[Select Allowed Extension DropDown]]>
              </value>
            </param>
            <param index="3">
              <value>
                <![CDATA[DropDownWithCheckbox]]>
              </value>
            </param>
            <param index="4">
              <value>
                <![CDATA[Znode9X.addNew.allowedExtensions]]>
              </value>
            </param>
            <param index="5">
              <value>
                <![CDATA[.jpg]]>
              </value>
            </param>
            <param index="6">
              <value>
                <![CDATA[NA]]>
              </value>
            </param>
            <param index="7">
              <value>
                <![CDATA[NA]]>
              </value>
            </param>
            <param index="8">
              <value>
                <![CDATA[]]>
              </value>
            </param>
            <param index="9">
              <value>
                <![CDATA[]]>
              </value>
            </param>
          </params>
          <reporter-output>
          </reporter-output>
        </test-method> <!-- getSteps -->
      </class> <!-- com.znodellc.admin9xqa.Znode9X.executor.Execute -->
    </test> <!-- Default test -->
  </suite> <!-- Default suite -->
</testng-results>
