<?xml version="1.0" encoding="UTF-8"?>
<testng-results skipped="0" failed="76" ignored="0" total="97" passed="21">
  <reporter-output>
  </reporter-output>
  <suite name="Default suite" duration-ms="7314978" started-at="2017-06-14T10:22:19Z" finished-at="2017-06-14T12:24:14Z">
    <groups>
    </groups>
    <test name="Default test" duration-ms="7314978" started-at="2017-06-14T10:22:19Z" finished-at="2017-06-14T12:24:14Z">
      <class name="com.znodellc.admin9xqa.Znode9X.executor.Execute">
        <test-method status="PASS" signature="getSteps(java.lang.String, java.lang.String, java.lang.String, java.lang.String, java.lang.String, java.lang.String, java.lang.String, java.lang.String, java.lang.String, java.lang.String)[pri:0, instance:com.znodellc.admin9xqa.Znode9X.executor.Execute@d8355a8]" name="getSteps" duration-ms="4625" started-at="2017-06-14T15:52:20Z" data-provider="hybridData" finished-at="2017-06-14T15:52:25Z">
          <params>
            <param index="0">
              <value>
                <![CDATA[Attribute Test1]]>
              </value>
            </param>
            <param index="1">
              <value>
                <![CDATA[1.0]]>
              </value>
            </param>
            <param index="2">
              <value>
                <![CDATA[Open the Brower]]>
              </value>
            </param>
            <param index="3">
              <value>
                <![CDATA[LaunchBrowser]]>
              </value>
            </param>
            <param index="4">
              <value>
                <![CDATA[NA]]>
              </value>
            </param>
            <param index="5">
              <value>
                <![CDATA[http://admin9xqa.znodellc.com/]]>
              </value>
            </param>
            <param index="6">
              <value>
                <![CDATA[Chrome]]>
              </value>
            </param>
            <param index="7">
              <value>
                <![CDATA[NA]]>
              </value>
            </param>
            <param index="8">
              <value>
                <![CDATA[]]>
              </value>
            </param>
            <param index="9">
              <value>
                <![CDATA[]]>
              </value>
            </param>
          </params>
          <reporter-output>
          </reporter-output>
        </test-method> <!-- getSteps -->
        <test-method status="PASS" signature="getSteps(java.lang.String, java.lang.String, java.lang.String, java.lang.String, java.lang.String, java.lang.String, java.lang.String, java.lang.String, java.lang.String, java.lang.String)[pri:0, instance:com.znodellc.admin9xqa.Znode9X.executor.Execute@d8355a8]" name="getSteps" duration-ms="155" started-at="2017-06-14T15:52:25Z" data-provider="hybridData" finished-at="2017-06-14T15:52:25Z">
          <params>
            <param index="0">
              <value>
                <![CDATA[Attribute Test1]]>
              </value>
            </param>
            <param index="1">
              <value>
                <![CDATA[2.0]]>
              </value>
            </param>
            <param index="2">
              <value>
                <![CDATA[Enter correct username]]>
              </value>
            </param>
            <param index="3">
              <value>
                <![CDATA[SendKeys]]>
              </value>
            </param>
            <param index="4">
              <value>
                <![CDATA[Znode9X.addNew.username]]>
              </value>
            </param>
            <param index="5">
              <value>
                <![CDATA[admin@znode.com]]>
              </value>
            </param>
            <param index="6">
              <value>
                <![CDATA[NA]]>
              </value>
            </param>
            <param index="7">
              <value>
                <![CDATA[NA]]>
              </value>
            </param>
            <param index="8">
              <value>
                <![CDATA[]]>
              </value>
            </param>
            <param index="9">
              <value>
                <![CDATA[]]>
              </value>
            </param>
          </params>
          <reporter-output>
          </reporter-output>
        </test-method> <!-- getSteps -->
        <test-method status="PASS" signature="getSteps(java.lang.String, java.lang.String, java.lang.String, java.lang.String, java.lang.String, java.lang.String, java.lang.String, java.lang.String, java.lang.String, java.lang.String)[pri:0, instance:com.znodellc.admin9xqa.Znode9X.executor.Execute@d8355a8]" name="getSteps" duration-ms="125" started-at="2017-06-14T15:52:25Z" data-provider="hybridData" finished-at="2017-06-14T15:52:25Z">
          <params>
            <param index="0">
              <value>
                <![CDATA[Attribute Test1]]>
              </value>
            </param>
            <param index="1">
              <value>
                <![CDATA[3.0]]>
              </value>
            </param>
            <param index="2">
              <value>
                <![CDATA[Enter correct password]]>
              </value>
            </param>
            <param index="3">
              <value>
                <![CDATA[SendKeys]]>
              </value>
            </param>
            <param index="4">
              <value>
                <![CDATA[Znode9X.addNew.password]]>
              </value>
            </param>
            <param index="5">
              <value>
                <![CDATA[admin12345]]>
              </value>
            </param>
            <param index="6">
              <value>
                <![CDATA[NA]]>
              </value>
            </param>
            <param index="7">
              <value>
                <![CDATA[NA]]>
              </value>
            </param>
            <param index="8">
              <value>
                <![CDATA[]]>
              </value>
            </param>
            <param index="9">
              <value>
                <![CDATA[]]>
              </value>
            </param>
          </params>
          <reporter-output>
          </reporter-output>
        </test-method> <!-- getSteps -->
        <test-method status="PASS" signature="getSteps(java.lang.String, java.lang.String, java.lang.String, java.lang.String, java.lang.String, java.lang.String, java.lang.String, java.lang.String, java.lang.String, java.lang.String)[pri:0, instance:com.znodellc.admin9xqa.Znode9X.executor.Execute@d8355a8]" name="getSteps" duration-ms="4244" started-at="2017-06-14T15:52:25Z" data-provider="hybridData" finished-at="2017-06-14T15:52:29Z">
          <params>
            <param index="0">
              <value>
                <![CDATA[Attribute Test1]]>
              </value>
            </param>
            <param index="1">
              <value>
                <![CDATA[4.0]]>
              </value>
            </param>
            <param index="2">
              <value>
                <![CDATA[click on login]]>
              </value>
            </param>
            <param index="3">
              <value>
                <![CDATA[Click]]>
              </value>
            </param>
            <param index="4">
              <value>
                <![CDATA[Znode9X.addNew.loginbutton]]>
              </value>
            </param>
            <param index="5">
              <value>
                <![CDATA[NA]]>
              </value>
            </param>
            <param index="6">
              <value>
                <![CDATA[NA]]>
              </value>
            </param>
            <param index="7">
              <value>
                <![CDATA[NA]]>
              </value>
            </param>
            <param index="8">
              <value>
                <![CDATA[]]>
              </value>
            </param>
            <param index="9">
              <value>
                <![CDATA[]]>
              </value>
            </param>
          </params>
          <reporter-output>
          </reporter-output>
        </test-method> <!-- getSteps -->
        <test-method status="PASS" signature="getSteps(java.lang.String, java.lang.String, java.lang.String, java.lang.String, java.lang.String, java.lang.String, java.lang.String, java.lang.String, java.lang.String, java.lang.String)[pri:0, instance:com.znodellc.admin9xqa.Znode9X.executor.Execute@d8355a8]" name="getSteps" duration-ms="137" started-at="2017-06-14T15:52:29Z" data-provider="hybridData" finished-at="2017-06-14T15:52:29Z">
          <params>
            <param index="0">
              <value>
                <![CDATA[Attribute Test1]]>
              </value>
            </param>
            <param index="1">
              <value>
                <![CDATA[5.0]]>
              </value>
            </param>
            <param index="2">
              <value>
                <![CDATA[Click on Menu button]]>
              </value>
            </param>
            <param index="3">
              <value>
                <![CDATA[Click]]>
              </value>
            </param>
            <param index="4">
              <value>
                <![CDATA[Znode9X.addNew.menu]]>
              </value>
            </param>
            <param index="5">
              <value>
                <![CDATA[NA]]>
              </value>
            </param>
            <param index="6">
              <value>
                <![CDATA[NA]]>
              </value>
            </param>
            <param index="7">
              <value>
                <![CDATA[NA]]>
              </value>
            </param>
            <param index="8">
              <value>
                <![CDATA[]]>
              </value>
            </param>
            <param index="9">
              <value>
                <![CDATA[]]>
              </value>
            </param>
          </params>
          <reporter-output>
          </reporter-output>
        </test-method> <!-- getSteps -->
        <test-method status="PASS" signature="getSteps(java.lang.String, java.lang.String, java.lang.String, java.lang.String, java.lang.String, java.lang.String, java.lang.String, java.lang.String, java.lang.String, java.lang.String)[pri:0, instance:com.znodellc.admin9xqa.Znode9X.executor.Execute@d8355a8]" name="getSteps" duration-ms="3359" started-at="2017-06-14T15:52:29Z" data-provider="hybridData" finished-at="2017-06-14T15:52:33Z">
          <params>
            <param index="0">
              <value>
                <![CDATA[Attribute Test1]]>
              </value>
            </param>
            <param index="1">
              <value>
                <![CDATA[6.0]]>
              </value>
            </param>
            <param index="2">
              <value>
                <![CDATA[Click on products attribute in PIM module]]>
              </value>
            </param>
            <param index="3">
              <value>
                <![CDATA[Click]]>
              </value>
            </param>
            <param index="4">
              <value>
                <![CDATA[Znode9X.addNew.productAttributes]]>
              </value>
            </param>
            <param index="5">
              <value>
                <![CDATA[NA]]>
              </value>
            </param>
            <param index="6">
              <value>
                <![CDATA[NA]]>
              </value>
            </param>
            <param index="7">
              <value>
                <![CDATA[NA]]>
              </value>
            </param>
            <param index="8">
              <value>
                <![CDATA[]]>
              </value>
            </param>
            <param index="9">
              <value>
                <![CDATA[]]>
              </value>
            </param>
          </params>
          <reporter-output>
          </reporter-output>
        </test-method> <!-- getSteps -->
        <test-method status="PASS" signature="getSteps(java.lang.String, java.lang.String, java.lang.String, java.lang.String, java.lang.String, java.lang.String, java.lang.String, java.lang.String, java.lang.String, java.lang.String)[pri:0, instance:com.znodellc.admin9xqa.Znode9X.executor.Execute@d8355a8]" name="getSteps" duration-ms="1585" started-at="2017-06-14T15:52:33Z" data-provider="hybridData" finished-at="2017-06-14T15:52:34Z">
          <params>
            <param index="0">
              <value>
                <![CDATA[Attribute Test2]]>
              </value>
            </param>
            <param index="1">
              <value>
                <![CDATA[7.0]]>
              </value>
            </param>
            <param index="2">
              <value>
                <![CDATA[Click on Add New]]>
              </value>
            </param>
            <param index="3">
              <value>
                <![CDATA[Click]]>
              </value>
            </param>
            <param index="4">
              <value>
                <![CDATA[Znode9X.addNew.addnewoption]]>
              </value>
            </param>
            <param index="5">
              <value>
                <![CDATA[NA]]>
              </value>
            </param>
            <param index="6">
              <value>
                <![CDATA[NA]]>
              </value>
            </param>
            <param index="7">
              <value>
                <![CDATA[NA]]>
              </value>
            </param>
            <param index="8">
              <value>
                <![CDATA[]]>
              </value>
            </param>
            <param index="9">
              <value>
                <![CDATA[]]>
              </value>
            </param>
          </params>
          <reporter-output>
          </reporter-output>
        </test-method> <!-- getSteps -->
        <test-method status="PASS" signature="getSteps(java.lang.String, java.lang.String, java.lang.String, java.lang.String, java.lang.String, java.lang.String, java.lang.String, java.lang.String, java.lang.String, java.lang.String)[pri:0, instance:com.znodellc.admin9xqa.Znode9X.executor.Execute@d8355a8]" name="getSteps" duration-ms="1674" started-at="2017-06-14T15:52:34Z" data-provider="hybridData" finished-at="2017-06-14T15:52:36Z">
          <params>
            <param index="0">
              <value>
                <![CDATA[Attribute Test2]]>
              </value>
            </param>
            <param index="1">
              <value>
                <![CDATA[8.0]]>
              </value>
            </param>
            <param index="2">
              <value>
                <![CDATA[Keep all the fields Blank and click on Cancel button]]>
              </value>
            </param>
            <param index="3">
              <value>
                <![CDATA[Click]]>
              </value>
            </param>
            <param index="4">
              <value>
                <![CDATA[Znode9X.addNew.cancel]]>
              </value>
            </param>
            <param index="5">
              <value>
                <![CDATA[NA]]>
              </value>
            </param>
            <param index="6">
              <value>
                <![CDATA[NA]]>
              </value>
            </param>
            <param index="7">
              <value>
                <![CDATA[NA]]>
              </value>
            </param>
            <param index="8">
              <value>
                <![CDATA[]]>
              </value>
            </param>
            <param index="9">
              <value>
                <![CDATA[]]>
              </value>
            </param>
          </params>
          <reporter-output>
          </reporter-output>
        </test-method> <!-- getSteps -->
        <test-method status="PASS" signature="getSteps(java.lang.String, java.lang.String, java.lang.String, java.lang.String, java.lang.String, java.lang.String, java.lang.String, java.lang.String, java.lang.String, java.lang.String)[pri:0, instance:com.znodellc.admin9xqa.Znode9X.executor.Execute@d8355a8]" name="getSteps" duration-ms="3261" started-at="2017-06-14T15:52:36Z" data-provider="hybridData" finished-at="2017-06-14T15:52:39Z">
          <params>
            <param index="0">
              <value>
                <![CDATA[Attribute Test2]]>
              </value>
            </param>
            <param index="1">
              <value>
                <![CDATA[9.0]]>
              </value>
            </param>
            <param index="2">
              <value>
                <![CDATA[It navigates back to Attribute page.]]>
              </value>
            </param>
            <param index="3">
              <value>
                <![CDATA[Assertion]]>
              </value>
            </param>
            <param index="4">
              <value>
                <![CDATA[Znode9X.addNew.cancelValidation]]>
              </value>
            </param>
            <param index="5">
              <value>
                <![CDATA[Attributes]]>
              </value>
            </param>
            <param index="6">
              <value>
                <![CDATA[NA]]>
              </value>
            </param>
            <param index="7">
              <value>
                <![CDATA[NA]]>
              </value>
            </param>
            <param index="8">
              <value>
                <![CDATA[]]>
              </value>
            </param>
            <param index="9">
              <value>
                <![CDATA[]]>
              </value>
            </param>
          </params>
          <reporter-output>
          </reporter-output>
        </test-method> <!-- getSteps -->
        <test-method status="PASS" signature="getSteps(java.lang.String, java.lang.String, java.lang.String, java.lang.String, java.lang.String, java.lang.String, java.lang.String, java.lang.String, java.lang.String, java.lang.String)[pri:0, instance:com.znodellc.admin9xqa.Znode9X.executor.Execute@d8355a8]" name="getSteps" duration-ms="1358" started-at="2017-06-14T15:52:39Z" data-provider="hybridData" finished-at="2017-06-14T15:52:40Z">
          <params>
            <param index="0">
              <value>
                <![CDATA[Attribute Test3]]>
              </value>
            </param>
            <param index="1">
              <value>
                <![CDATA[10.0]]>
              </value>
            </param>
            <param index="2">
              <value>
                <![CDATA[Click on Add New]]>
              </value>
            </param>
            <param index="3">
              <value>
                <![CDATA[Click]]>
              </value>
            </param>
            <param index="4">
              <value>
                <![CDATA[Znode9X.addNew.addnewoption]]>
              </value>
            </param>
            <param index="5">
              <value>
                <![CDATA[NA]]>
              </value>
            </param>
            <param index="6">
              <value>
                <![CDATA[NA]]>
              </value>
            </param>
            <param index="7">
              <value>
                <![CDATA[NA]]>
              </value>
            </param>
            <param index="8">
              <value>
                <![CDATA[]]>
              </value>
            </param>
            <param index="9">
              <value>
                <![CDATA[]]>
              </value>
            </param>
          </params>
          <reporter-output>
          </reporter-output>
        </test-method> <!-- getSteps -->
        <test-method status="PASS" signature="getSteps(java.lang.String, java.lang.String, java.lang.String, java.lang.String, java.lang.String, java.lang.String, java.lang.String, java.lang.String, java.lang.String, java.lang.String)[pri:0, instance:com.znodellc.admin9xqa.Znode9X.executor.Execute@d8355a8]" name="getSteps" duration-ms="196" started-at="2017-06-14T15:52:40Z" data-provider="hybridData" finished-at="2017-06-14T15:52:41Z">
          <params>
            <param index="0">
              <value>
                <![CDATA[Attribute Test3]]>
              </value>
            </param>
            <param index="1">
              <value>
                <![CDATA[11.0]]>
              </value>
            </param>
            <param index="2">
              <value>
                <![CDATA[Keep all the fields blank and Click on Save Button]]>
              </value>
            </param>
            <param index="3">
              <value>
                <![CDATA[Click]]>
              </value>
            </param>
            <param index="4">
              <value>
                <![CDATA[Znode9X.addNew.save]]>
              </value>
            </param>
            <param index="5">
              <value>
                <![CDATA[NA]]>
              </value>
            </param>
            <param index="6">
              <value>
                <![CDATA[NA]]>
              </value>
            </param>
            <param index="7">
              <value>
                <![CDATA[NA]]>
              </value>
            </param>
            <param index="8">
              <value>
                <![CDATA[]]>
              </value>
            </param>
            <param index="9">
              <value>
                <![CDATA[]]>
              </value>
            </param>
          </params>
          <reporter-output>
          </reporter-output>
        </test-method> <!-- getSteps -->
        <test-method status="PASS" signature="getSteps(java.lang.String, java.lang.String, java.lang.String, java.lang.String, java.lang.String, java.lang.String, java.lang.String, java.lang.String, java.lang.String, java.lang.String)[pri:0, instance:com.znodellc.admin9xqa.Znode9X.executor.Execute@d8355a8]" name="getSteps" duration-ms="3211" started-at="2017-06-14T15:52:41Z" data-provider="hybridData" finished-at="2017-06-14T15:52:44Z">
          <params>
            <param index="0">
              <value>
                <![CDATA[Attribute Test3]]>
              </value>
            </param>
            <param index="1">
              <value>
                <![CDATA[12.0]]>
              </value>
            </param>
            <param index="2">
              <value>
                <![CDATA[Check for Validation]]>
              </value>
            </param>
            <param index="3">
              <value>
                <![CDATA[Assertion]]>
              </value>
            </param>
            <param index="4">
              <value>
                <![CDATA[Znode9X.addNew.codeValidation]]>
              </value>
            </param>
            <param index="5">
              <value>
                <![CDATA[Please enter attribute code.]]>
              </value>
            </param>
            <param index="6">
              <value>
                <![CDATA[NA]]>
              </value>
            </param>
            <param index="7">
              <value>
                <![CDATA[NA]]>
              </value>
            </param>
            <param index="8">
              <value>
                <![CDATA[]]>
              </value>
            </param>
            <param index="9">
              <value>
                <![CDATA[]]>
              </value>
            </param>
          </params>
          <reporter-output>
          </reporter-output>
        </test-method> <!-- getSteps -->
        <test-method status="PASS" signature="getSteps(java.lang.String, java.lang.String, java.lang.String, java.lang.String, java.lang.String, java.lang.String, java.lang.String, java.lang.String, java.lang.String, java.lang.String)[pri:0, instance:com.znodellc.admin9xqa.Znode9X.executor.Execute@d8355a8]" name="getSteps" duration-ms="1131" started-at="2017-06-14T15:52:44Z" data-provider="hybridData" finished-at="2017-06-14T15:52:45Z">
          <params>
            <param index="0">
              <value>
                <![CDATA[Attribute Test3]]>
              </value>
            </param>
            <param index="1">
              <value>
                <![CDATA[13.0]]>
              </value>
            </param>
            <param index="2">
              <value>
                <![CDATA[Click on Cancel button]]>
              </value>
            </param>
            <param index="3">
              <value>
                <![CDATA[Click]]>
              </value>
            </param>
            <param index="4">
              <value>
                <![CDATA[Znode9X.addNew.cancel]]>
              </value>
            </param>
            <param index="5">
              <value>
                <![CDATA[NA]]>
              </value>
            </param>
            <param index="6">
              <value>
                <![CDATA[NA]]>
              </value>
            </param>
            <param index="7">
              <value>
                <![CDATA[NA]]>
              </value>
            </param>
            <param index="8">
              <value>
                <![CDATA[]]>
              </value>
            </param>
            <param index="9">
              <value>
                <![CDATA[]]>
              </value>
            </param>
          </params>
          <reporter-output>
          </reporter-output>
        </test-method> <!-- getSteps -->
        <test-method status="PASS" signature="getSteps(java.lang.String, java.lang.String, java.lang.String, java.lang.String, java.lang.String, java.lang.String, java.lang.String, java.lang.String, java.lang.String, java.lang.String)[pri:0, instance:com.znodellc.admin9xqa.Znode9X.executor.Execute@d8355a8]" name="getSteps" duration-ms="1601" started-at="2017-06-14T15:52:45Z" data-provider="hybridData" finished-at="2017-06-14T15:52:47Z">
          <params>
            <param index="0">
              <value>
                <![CDATA[Attribute Test4]]>
              </value>
            </param>
            <param index="1">
              <value>
                <![CDATA[14.0]]>
              </value>
            </param>
            <param index="2">
              <value>
                <![CDATA[Click on Add New]]>
              </value>
            </param>
            <param index="3">
              <value>
                <![CDATA[Click]]>
              </value>
            </param>
            <param index="4">
              <value>
                <![CDATA[Znode9X.addNew.addnewoption]]>
              </value>
            </param>
            <param index="5">
              <value>
                <![CDATA[NA]]>
              </value>
            </param>
            <param index="6">
              <value>
                <![CDATA[NA]]>
              </value>
            </param>
            <param index="7">
              <value>
                <![CDATA[NA]]>
              </value>
            </param>
            <param index="8">
              <value>
                <![CDATA[]]>
              </value>
            </param>
            <param index="9">
              <value>
                <![CDATA[]]>
              </value>
            </param>
          </params>
          <reporter-output>
          </reporter-output>
        </test-method> <!-- getSteps -->
        <test-method status="PASS" signature="getSteps(java.lang.String, java.lang.String, java.lang.String, java.lang.String, java.lang.String, java.lang.String, java.lang.String, java.lang.String, java.lang.String, java.lang.String)[pri:0, instance:com.znodellc.admin9xqa.Znode9X.executor.Execute@d8355a8]" name="getSteps" duration-ms="234" started-at="2017-06-14T15:52:47Z" data-provider="hybridData" finished-at="2017-06-14T15:52:47Z">
          <params>
            <param index="0">
              <value>
                <![CDATA[Attribute Test4]]>
              </value>
            </param>
            <param index="1">
              <value>
                <![CDATA[15.0]]>
              </value>
            </param>
            <param index="2">
              <value>
                <![CDATA[Keep all the fields blank and click on Save&Close Button]]>
              </value>
            </param>
            <param index="3">
              <value>
                <![CDATA[Click]]>
              </value>
            </param>
            <param index="4">
              <value>
                <![CDATA[Znode9X.addNew.save&Close]]>
              </value>
            </param>
            <param index="5">
              <value>
                <![CDATA[NA]]>
              </value>
            </param>
            <param index="6">
              <value>
                <![CDATA[NA]]>
              </value>
            </param>
            <param index="7">
              <value>
                <![CDATA[NA]]>
              </value>
            </param>
            <param index="8">
              <value>
                <![CDATA[]]>
              </value>
            </param>
            <param index="9">
              <value>
                <![CDATA[]]>
              </value>
            </param>
          </params>
          <reporter-output>
          </reporter-output>
        </test-method> <!-- getSteps -->
        <test-method status="PASS" signature="getSteps(java.lang.String, java.lang.String, java.lang.String, java.lang.String, java.lang.String, java.lang.String, java.lang.String, java.lang.String, java.lang.String, java.lang.String)[pri:0, instance:com.znodellc.admin9xqa.Znode9X.executor.Execute@d8355a8]" name="getSteps" duration-ms="3136" started-at="2017-06-14T15:52:47Z" data-provider="hybridData" finished-at="2017-06-14T15:52:50Z">
          <params>
            <param index="0">
              <value>
                <![CDATA[Attribute Test4]]>
              </value>
            </param>
            <param index="1">
              <value>
                <![CDATA[16.0]]>
              </value>
            </param>
            <param index="2">
              <value>
                <![CDATA[Check for Validation]]>
              </value>
            </param>
            <param index="3">
              <value>
                <![CDATA[Assertion]]>
              </value>
            </param>
            <param index="4">
              <value>
                <![CDATA[Znode9X.addNew.codeValidation]]>
              </value>
            </param>
            <param index="5">
              <value>
                <![CDATA[Please enter attribute code.]]>
              </value>
            </param>
            <param index="6">
              <value>
                <![CDATA[NA]]>
              </value>
            </param>
            <param index="7">
              <value>
                <![CDATA[NA]]>
              </value>
            </param>
            <param index="8">
              <value>
                <![CDATA[]]>
              </value>
            </param>
            <param index="9">
              <value>
                <![CDATA[]]>
              </value>
            </param>
          </params>
          <reporter-output>
          </reporter-output>
        </test-method> <!-- getSteps -->
        <test-method status="PASS" signature="getSteps(java.lang.String, java.lang.String, java.lang.String, java.lang.String, java.lang.String, java.lang.String, java.lang.String, java.lang.String, java.lang.String, java.lang.String)[pri:0, instance:com.znodellc.admin9xqa.Znode9X.executor.Execute@d8355a8]" name="getSteps" duration-ms="1458" started-at="2017-06-14T15:52:50Z" data-provider="hybridData" finished-at="2017-06-14T15:52:51Z">
          <params>
            <param index="0">
              <value>
                <![CDATA[Attribute Test4]]>
              </value>
            </param>
            <param index="1">
              <value>
                <![CDATA[17.0]]>
              </value>
            </param>
            <param index="2">
              <value>
                <![CDATA[Click on Cancel button]]>
              </value>
            </param>
            <param index="3">
              <value>
                <![CDATA[Click]]>
              </value>
            </param>
            <param index="4">
              <value>
                <![CDATA[Znode9X.addNew.cancel]]>
              </value>
            </param>
            <param index="5">
              <value>
                <![CDATA[NA]]>
              </value>
            </param>
            <param index="6">
              <value>
                <![CDATA[NA]]>
              </value>
            </param>
            <param index="7">
              <value>
                <![CDATA[NA]]>
              </value>
            </param>
            <param index="8">
              <value>
                <![CDATA[]]>
              </value>
            </param>
            <param index="9">
              <value>
                <![CDATA[]]>
              </value>
            </param>
          </params>
          <reporter-output>
          </reporter-output>
        </test-method> <!-- getSteps -->
        <test-method status="PASS" signature="getSteps(java.lang.String, java.lang.String, java.lang.String, java.lang.String, java.lang.String, java.lang.String, java.lang.String, java.lang.String, java.lang.String, java.lang.String)[pri:0, instance:com.znodellc.admin9xqa.Znode9X.executor.Execute@d8355a8]" name="getSteps" duration-ms="1660" started-at="2017-06-14T15:52:51Z" data-provider="hybridData" finished-at="2017-06-14T15:52:53Z">
          <params>
            <param index="0">
              <value>
                <![CDATA[Attribute Test5]]>
              </value>
            </param>
            <param index="1">
              <value>
                <![CDATA[18.0]]>
              </value>
            </param>
            <param index="2">
              <value>
                <![CDATA[Click on Add New]]>
              </value>
            </param>
            <param index="3">
              <value>
                <![CDATA[Click]]>
              </value>
            </param>
            <param index="4">
              <value>
                <![CDATA[Znode9X.addNew.addnewoption]]>
              </value>
            </param>
            <param index="5">
              <value>
                <![CDATA[NA]]>
              </value>
            </param>
            <param index="6">
              <value>
                <![CDATA[NA]]>
              </value>
            </param>
            <param index="7">
              <value>
                <![CDATA[NA]]>
              </value>
            </param>
            <param index="8">
              <value>
                <![CDATA[]]>
              </value>
            </param>
            <param index="9">
              <value>
                <![CDATA[]]>
              </value>
            </param>
          </params>
          <reporter-output>
          </reporter-output>
        </test-method> <!-- getSteps -->
        <test-method status="PASS" signature="getSteps(java.lang.String, java.lang.String, java.lang.String, java.lang.String, java.lang.String, java.lang.String, java.lang.String, java.lang.String, java.lang.String, java.lang.String)[pri:0, instance:com.znodellc.admin9xqa.Znode9X.executor.Execute@d8355a8]" name="getSteps" duration-ms="2182" started-at="2017-06-14T15:52:53Z" data-provider="hybridData" finished-at="2017-06-14T15:52:55Z">
          <params>
            <param index="0">
              <value>
                <![CDATA[Attribute Test5]]>
              </value>
            </param>
            <param index="1">
              <value>
                <![CDATA[19.0]]>
              </value>
            </param>
            <param index="2">
              <value>
                <![CDATA[Select a text dropdown in Attribute Type]]>
              </value>
            </param>
            <param index="3">
              <value>
                <![CDATA[DropDown]]>
              </value>
            </param>
            <param index="4">
              <value>
                <![CDATA[Znode9X.addNew.attributeType]]>
              </value>
            </param>
            <param index="5">
              <value>
                <![CDATA[Text]]>
              </value>
            </param>
            <param index="6">
              <value>
                <![CDATA[NA]]>
              </value>
            </param>
            <param index="7">
              <value>
                <![CDATA[NA]]>
              </value>
            </param>
            <param index="8">
              <value>
                <![CDATA[]]>
              </value>
            </param>
            <param index="9">
              <value>
                <![CDATA[]]>
              </value>
            </param>
          </params>
          <reporter-output>
          </reporter-output>
        </test-method> <!-- getSteps -->
        <test-method status="PASS" signature="getSteps(java.lang.String, java.lang.String, java.lang.String, java.lang.String, java.lang.String, java.lang.String, java.lang.String, java.lang.String, java.lang.String, java.lang.String)[pri:0, instance:com.znodellc.admin9xqa.Znode9X.executor.Execute@d8355a8]" name="getSteps" duration-ms="223" started-at="2017-06-14T15:52:55Z" data-provider="hybridData" finished-at="2017-06-14T15:52:56Z">
          <params>
            <param index="0">
              <value>
                <![CDATA[Attribute Test5]]>
              </value>
            </param>
            <param index="1">
              <value>
                <![CDATA[20.0]]>
              </value>
            </param>
            <param index="2">
              <value>
                <![CDATA[Enter the value in Code field and keep locale field Blank]]>
              </value>
            </param>
            <param index="3">
              <value>
                <![CDATA[SendKeys]]>
              </value>
            </param>
            <param index="4">
              <value>
                <![CDATA[Znode9X.addNew.code]]>
              </value>
            </param>
            <param index="5">
              <value>
                <![CDATA[Colour]]>
              </value>
            </param>
            <param index="6">
              <value>
                <![CDATA[NA]]>
              </value>
            </param>
            <param index="7">
              <value>
                <![CDATA[NA]]>
              </value>
            </param>
            <param index="8">
              <value>
                <![CDATA[]]>
              </value>
            </param>
            <param index="9">
              <value>
                <![CDATA[]]>
              </value>
            </param>
          </params>
          <reporter-output>
          </reporter-output>
        </test-method> <!-- getSteps -->
        <test-method status="PASS" signature="getSteps(java.lang.String, java.lang.String, java.lang.String, java.lang.String, java.lang.String, java.lang.String, java.lang.String, java.lang.String, java.lang.String, java.lang.String)[pri:0, instance:com.znodellc.admin9xqa.Znode9X.executor.Execute@d8355a8]" name="getSteps" duration-ms="166" started-at="2017-06-14T15:52:56Z" data-provider="hybridData" finished-at="2017-06-14T15:52:56Z">
          <params>
            <param index="0">
              <value>
                <![CDATA[Attribute Test5]]>
              </value>
            </param>
            <param index="1">
              <value>
                <![CDATA[21.0]]>
              </value>
            </param>
            <param index="2">
              <value>
                <![CDATA[Click on Save]]>
              </value>
            </param>
            <param index="3">
              <value>
                <![CDATA[Click]]>
              </value>
            </param>
            <param index="4">
              <value>
                <![CDATA[Znode9X.addNew.save]]>
              </value>
            </param>
            <param index="5">
              <value>
                <![CDATA[NA]]>
              </value>
            </param>
            <param index="6">
              <value>
                <![CDATA[NA]]>
              </value>
            </param>
            <param index="7">
              <value>
                <![CDATA[NA]]>
              </value>
            </param>
            <param index="8">
              <value>
                <![CDATA[]]>
              </value>
            </param>
            <param index="9">
              <value>
                <![CDATA[]]>
              </value>
            </param>
          </params>
          <reporter-output>
          </reporter-output>
        </test-method> <!-- getSteps -->
        <test-method status="FAIL" signature="getSteps(java.lang.String, java.lang.String, java.lang.String, java.lang.String, java.lang.String, java.lang.String, java.lang.String, java.lang.String, java.lang.String, java.lang.String)[pri:0, instance:com.znodellc.admin9xqa.Znode9X.executor.Execute@d8355a8]" name="getSteps" duration-ms="6922595" started-at="2017-06-14T15:52:56Z" data-provider="hybridData" finished-at="2017-06-14T17:48:18Z">
          <params>
            <param index="0">
              <value>
                <![CDATA[Attribute Test5]]>
              </value>
            </param>
            <param index="1">
              <value>
                <![CDATA[22.0]]>
              </value>
            </param>
            <param index="2">
              <value>
                <![CDATA[Check for Validation]]>
              </value>
            </param>
            <param index="3">
              <value>
                <![CDATA[Assertion]]>
              </value>
            </param>
            <param index="4">
              <value>
                <![CDATA[Znode9X.addNew.saveValidation]]>
              </value>
            </param>
            <param index="5">
              <value>
                <![CDATA[Record created successfully.]]>
              </value>
            </param>
            <param index="6">
              <value>
                <![CDATA[NA]]>
              </value>
            </param>
            <param index="7">
              <value>
                <![CDATA[NA]]>
              </value>
            </param>
            <param index="8">
              <value>
                <![CDATA[]]>
              </value>
            </param>
            <param index="9">
              <value>
                <![CDATA[]]>
              </value>
            </param>
          </params>
          <exception class="java.lang.NullPointerException">
            <full-stacktrace>
              <![CDATA[java.lang.NullPointerException
	at com.znodellc.admin9xqa.Znode9X.keywords.Assertion.validateSuccesMsg(Assertion.java:19)
	at com.znodellc.admin9xqa.Znode9X.executor.ExecuteKeywords.ExecuteTheKeywords(ExecuteKeywords.java:41)
	at com.znodellc.admin9xqa.Znode9X.executor.Execute.getSteps(Execute.java:19)
	at sun.reflect.GeneratedMethodAccessor2.invoke(Unknown Source)
	at sun.reflect.DelegatingMethodAccessorImpl.invoke(DelegatingMethodAccessorImpl.java:43)
	at java.lang.reflect.Method.invoke(Method.java:498)
	at org.testng.internal.MethodInvocationHelper.invokeMethod(MethodInvocationHelper.java:104)
	at org.testng.internal.Invoker.invokeMethod(Invoker.java:645)
	at org.testng.internal.Invoker.invokeTestMethod(Invoker.java:851)
	at org.testng.internal.Invoker.invokeTestMethods(Invoker.java:1177)
	at org.testng.internal.TestMethodWorker.invokeTestMethods(TestMethodWorker.java:129)
	at org.testng.internal.TestMethodWorker.run(TestMethodWorker.java:112)
	at org.testng.TestRunner.privateRun(TestRunner.java:756)
	at org.testng.TestRunner.run(TestRunner.java:610)
	at org.testng.SuiteRunner.runTest(SuiteRunner.java:387)
	at org.testng.SuiteRunner.runSequentially(SuiteRunner.java:382)
	at org.testng.SuiteRunner.privateRun(SuiteRunner.java:340)
	at org.testng.SuiteRunner.run(SuiteRunner.java:289)
	at org.testng.SuiteRunnerWorker.runSuite(SuiteRunnerWorker.java:52)
	at org.testng.SuiteRunnerWorker.run(SuiteRunnerWorker.java:86)
	at org.testng.TestNG.runSuitesSequentially(TestNG.java:1293)
	at org.testng.TestNG.runSuitesLocally(TestNG.java:1218)
	at org.testng.TestNG.runSuites(TestNG.java:1133)
	at org.testng.TestNG.run(TestNG.java:1104)
	at org.testng.remote.AbstractRemoteTestNG.run(AbstractRemoteTestNG.java:132)
	at org.testng.remote.RemoteTestNG.initAndRun(RemoteTestNG.java:236)
	at org.testng.remote.RemoteTestNG.main(RemoteTestNG.java:81)
]]>
            </full-stacktrace>
          </exception> <!-- java.lang.NullPointerException -->
          <reporter-output>
          </reporter-output>
        </test-method> <!-- getSteps -->
        <test-method status="FAIL" signature="getSteps(java.lang.String, java.lang.String, java.lang.String, java.lang.String, java.lang.String, java.lang.String, java.lang.String, java.lang.String, java.lang.String, java.lang.String)[pri:0, instance:com.znodellc.admin9xqa.Znode9X.executor.Execute@d8355a8]" name="getSteps" duration-ms="4137" started-at="2017-06-14T17:48:18Z" data-provider="hybridData" finished-at="2017-06-14T17:48:22Z">
          <params>
            <param index="0">
              <value>
                <![CDATA[Attribute Test5]]>
              </value>
            </param>
            <param index="1">
              <value>
                <![CDATA[23.0]]>
              </value>
            </param>
            <param index="2">
              <value>
                <![CDATA[Click on Cancel button]]>
              </value>
            </param>
            <param index="3">
              <value>
                <![CDATA[Click]]>
              </value>
            </param>
            <param index="4">
              <value>
                <![CDATA[Znode9X.addNew.cancel]]>
              </value>
            </param>
            <param index="5">
              <value>
                <![CDATA[NA]]>
              </value>
            </param>
            <param index="6">
              <value>
                <![CDATA[NA]]>
              </value>
            </param>
            <param index="7">
              <value>
                <![CDATA[NA]]>
              </value>
            </param>
            <param index="8">
              <value>
                <![CDATA[]]>
              </value>
            </param>
            <param index="9">
              <value>
                <![CDATA[]]>
              </value>
            </param>
          </params>
          <exception class="org.openqa.selenium.WebDriverException">
            <message>
              <![CDATA[chrome not reachable
  (Session info: chrome=56.0.2924.87)
  (Driver info: chromedriver=2.28.455520 (cc17746adff54984afff480136733114c6b3704b),platform=Windows NT 10.0.14393 x86_64) (WARNING: The server did not provide any stacktrace information)
Command duration or timeout: 4.07 seconds
Build info: version: '3.3.1', revision: '5234b325d5', time: '2017-03-10 09:10:29 +0000'
System info: host: 'MSD001', ip: '172.17.2.178', os.name: 'Windows 10', os.arch: 'amd64', os.version: '10.0', java.version: '1.8.0_121'
Driver info: org.openqa.selenium.chrome.ChromeDriver
Capabilities [{applicationCacheEnabled=false, rotatable=false, mobileEmulationEnabled=false, networkConnectionEnabled=false, chrome={chromedriverVersion=2.28.455520 (cc17746adff54984afff480136733114c6b3704b), userDataDir=C:\Users\SANA~1.AFR\AppData\Local\Temp\scoped_dir7904_17442}, takesHeapSnapshot=true, pageLoadStrategy=normal, databaseEnabled=false, handlesAlerts=true, hasTouchScreen=false, version=56.0.2924.87, platform=XP, browserConnectionEnabled=false, nativeEvents=true, acceptSslCerts=true, locationContextEnabled=true, webStorageEnabled=true, browserName=chrome, takesScreenshot=true, javascriptEnabled=true, cssSelectorsEnabled=true, unexpectedAlertBehaviour=}]
Session ID: 4e4d2a123bd9daa15dd900e9e47f8d9c
*** Element info: {Using=xpath, value=(//a[@class='btn-text-icon'])[1]}]]>
            </message>
            <full-stacktrace>
              <![CDATA[org.openqa.selenium.WebDriverException: chrome not reachable
  (Session info: chrome=56.0.2924.87)
  (Driver info: chromedriver=2.28.455520 (cc17746adff54984afff480136733114c6b3704b),platform=Windows NT 10.0.14393 x86_64) (WARNING: The server did not provide any stacktrace information)
Command duration or timeout: 4.07 seconds
Build info: version: '3.3.1', revision: '5234b325d5', time: '2017-03-10 09:10:29 +0000'
System info: host: 'MSD001', ip: '172.17.2.178', os.name: 'Windows 10', os.arch: 'amd64', os.version: '10.0', java.version: '1.8.0_121'
Driver info: org.openqa.selenium.chrome.ChromeDriver
Capabilities [{applicationCacheEnabled=false, rotatable=false, mobileEmulationEnabled=false, networkConnectionEnabled=false, chrome={chromedriverVersion=2.28.455520 (cc17746adff54984afff480136733114c6b3704b), userDataDir=C:\Users\SANA~1.AFR\AppData\Local\Temp\scoped_dir7904_17442}, takesHeapSnapshot=true, pageLoadStrategy=normal, databaseEnabled=false, handlesAlerts=true, hasTouchScreen=false, version=56.0.2924.87, platform=XP, browserConnectionEnabled=false, nativeEvents=true, acceptSslCerts=true, locationContextEnabled=true, webStorageEnabled=true, browserName=chrome, takesScreenshot=true, javascriptEnabled=true, cssSelectorsEnabled=true, unexpectedAlertBehaviour=}]
Session ID: 4e4d2a123bd9daa15dd900e9e47f8d9c
*** Element info: {Using=xpath, value=(//a[@class='btn-text-icon'])[1]}
	at sun.reflect.NativeConstructorAccessorImpl.newInstance0(Native Method)
	at sun.reflect.NativeConstructorAccessorImpl.newInstance(NativeConstructorAccessorImpl.java:62)
	at sun.reflect.DelegatingConstructorAccessorImpl.newInstance(DelegatingConstructorAccessorImpl.java:45)
	at java.lang.reflect.Constructor.newInstance(Constructor.java:423)
	at org.openqa.selenium.remote.ErrorHandler.createThrowable(ErrorHandler.java:216)
	at org.openqa.selenium.remote.ErrorHandler.throwIfResponseFailed(ErrorHandler.java:168)
	at org.openqa.selenium.remote.RemoteWebDriver.execute(RemoteWebDriver.java:638)
	at org.openqa.selenium.remote.RemoteWebDriver.findElement(RemoteWebDriver.java:371)
	at org.openqa.selenium.remote.RemoteWebDriver.findElementByXPath(RemoteWebDriver.java:476)
	at org.openqa.selenium.By$ByXPath.findElement(By.java:361)
	at org.openqa.selenium.remote.RemoteWebDriver.findElement(RemoteWebDriver.java:363)
	at com.znodellc.admin9xqa.Znode9X.baseScript.PropertiesFile.getLocator(PropertiesFile.java:64)
	at com.znodellc.admin9xqa.Znode9X.keywords.Click.clickAction(Click.java:17)
	at com.znodellc.admin9xqa.Znode9X.executor.ExecuteKeywords.ExecuteTheKeywords(ExecuteKeywords.java:36)
	at com.znodellc.admin9xqa.Znode9X.executor.Execute.getSteps(Execute.java:19)
	at sun.reflect.GeneratedMethodAccessor2.invoke(Unknown Source)
	at sun.reflect.DelegatingMethodAccessorImpl.invoke(DelegatingMethodAccessorImpl.java:43)
	at java.lang.reflect.Method.invoke(Method.java:498)
	at org.testng.internal.MethodInvocationHelper.invokeMethod(MethodInvocationHelper.java:104)
	at org.testng.internal.Invoker.invokeMethod(Invoker.java:645)
	at org.testng.internal.Invoker.invokeTestMethod(Invoker.java:851)
	at org.testng.internal.Invoker.invokeTestMethods(Invoker.java:1177)
	at org.testng.internal.TestMethodWorker.invokeTestMethods(TestMethodWorker.java:129)
	at org.testng.internal.TestMethodWorker.run(TestMethodWorker.java:112)
	at org.testng.TestRunner.privateRun(TestRunner.java:756)
	at org.testng.TestRunner.run(TestRunner.java:610)
	at org.testng.SuiteRunner.runTest(SuiteRunner.java:387)
	at org.testng.SuiteRunner.runSequentially(SuiteRunner.java:382)
	at org.testng.SuiteRunner.privateRun(SuiteRunner.java:340)
	at org.testng.SuiteRunner.run(SuiteRunner.java:289)
	at org.testng.SuiteRunnerWorker.runSuite(SuiteRunnerWorker.java:52)
	at org.testng.SuiteRunnerWorker.run(SuiteRunnerWorker.java:86)
	at org.testng.TestNG.runSuitesSequentially(TestNG.java:1293)
	at org.testng.TestNG.runSuitesLocally(TestNG.java:1218)
	at org.testng.TestNG.runSuites(TestNG.java:1133)
	at org.testng.TestNG.run(TestNG.java:1104)
	at org.testng.remote.AbstractRemoteTestNG.run(AbstractRemoteTestNG.java:132)
	at org.testng.remote.RemoteTestNG.initAndRun(RemoteTestNG.java:236)
	at org.testng.remote.RemoteTestNG.main(RemoteTestNG.java:81)
]]>
            </full-stacktrace>
          </exception> <!-- org.openqa.selenium.WebDriverException -->
          <reporter-output>
          </reporter-output>
        </test-method> <!-- getSteps -->
        <test-method status="FAIL" signature="getSteps(java.lang.String, java.lang.String, java.lang.String, java.lang.String, java.lang.String, java.lang.String, java.lang.String, java.lang.String, java.lang.String, java.lang.String)[pri:0, instance:com.znodellc.admin9xqa.Znode9X.executor.Execute@d8355a8]" name="getSteps" duration-ms="4166" started-at="2017-06-14T17:48:22Z" data-provider="hybridData" finished-at="2017-06-14T17:48:27Z">
          <params>
            <param index="0">
              <value>
                <![CDATA[Attribute Test6]]>
              </value>
            </param>
            <param index="1">
              <value>
                <![CDATA[24.0]]>
              </value>
            </param>
            <param index="2">
              <value>
                <![CDATA[Click on Add New]]>
              </value>
            </param>
            <param index="3">
              <value>
                <![CDATA[Click]]>
              </value>
            </param>
            <param index="4">
              <value>
                <![CDATA[Znode9X.addNew.addnewoption]]>
              </value>
            </param>
            <param index="5">
              <value>
                <![CDATA[NA]]>
              </value>
            </param>
            <param index="6">
              <value>
                <![CDATA[NA]]>
              </value>
            </param>
            <param index="7">
              <value>
                <![CDATA[NA]]>
              </value>
            </param>
            <param index="8">
              <value>
                <![CDATA[]]>
              </value>
            </param>
            <param index="9">
              <value>
                <![CDATA[]]>
              </value>
            </param>
          </params>
          <exception class="org.openqa.selenium.WebDriverException">
            <message>
              <![CDATA[chrome not reachable
  (Session info: chrome=56.0.2924.87)
  (Driver info: chromedriver=2.28.455520 (cc17746adff54984afff480136733114c6b3704b),platform=Windows NT 10.0.14393 x86_64) (WARNING: The server did not provide any stacktrace information)
Command duration or timeout: 4.06 seconds
Build info: version: '3.3.1', revision: '5234b325d5', time: '2017-03-10 09:10:29 +0000'
System info: host: 'MSD001', ip: '172.17.2.178', os.name: 'Windows 10', os.arch: 'amd64', os.version: '10.0', java.version: '1.8.0_121'
Driver info: org.openqa.selenium.chrome.ChromeDriver
Capabilities [{applicationCacheEnabled=false, rotatable=false, mobileEmulationEnabled=false, networkConnectionEnabled=false, chrome={chromedriverVersion=2.28.455520 (cc17746adff54984afff480136733114c6b3704b), userDataDir=C:\Users\SANA~1.AFR\AppData\Local\Temp\scoped_dir7904_17442}, takesHeapSnapshot=true, pageLoadStrategy=normal, databaseEnabled=false, handlesAlerts=true, hasTouchScreen=false, version=56.0.2924.87, platform=XP, browserConnectionEnabled=false, nativeEvents=true, acceptSslCerts=true, locationContextEnabled=true, webStorageEnabled=true, browserName=chrome, takesScreenshot=true, javascriptEnabled=true, cssSelectorsEnabled=true, unexpectedAlertBehaviour=}]
Session ID: 4e4d2a123bd9daa15dd900e9e47f8d9c
*** Element info: {Using=xpath, value=//a[@class='btn-text-icon']}]]>
            </message>
            <full-stacktrace>
              <![CDATA[org.openqa.selenium.WebDriverException: chrome not reachable
  (Session info: chrome=56.0.2924.87)
  (Driver info: chromedriver=2.28.455520 (cc17746adff54984afff480136733114c6b3704b),platform=Windows NT 10.0.14393 x86_64) (WARNING: The server did not provide any stacktrace information)
Command duration or timeout: 4.06 seconds
Build info: version: '3.3.1', revision: '5234b325d5', time: '2017-03-10 09:10:29 +0000'
System info: host: 'MSD001', ip: '172.17.2.178', os.name: 'Windows 10', os.arch: 'amd64', os.version: '10.0', java.version: '1.8.0_121'
Driver info: org.openqa.selenium.chrome.ChromeDriver
Capabilities [{applicationCacheEnabled=false, rotatable=false, mobileEmulationEnabled=false, networkConnectionEnabled=false, chrome={chromedriverVersion=2.28.455520 (cc17746adff54984afff480136733114c6b3704b), userDataDir=C:\Users\SANA~1.AFR\AppData\Local\Temp\scoped_dir7904_17442}, takesHeapSnapshot=true, pageLoadStrategy=normal, databaseEnabled=false, handlesAlerts=true, hasTouchScreen=false, version=56.0.2924.87, platform=XP, browserConnectionEnabled=false, nativeEvents=true, acceptSslCerts=true, locationContextEnabled=true, webStorageEnabled=true, browserName=chrome, takesScreenshot=true, javascriptEnabled=true, cssSelectorsEnabled=true, unexpectedAlertBehaviour=}]
Session ID: 4e4d2a123bd9daa15dd900e9e47f8d9c
*** Element info: {Using=xpath, value=//a[@class='btn-text-icon']}
	at sun.reflect.NativeConstructorAccessorImpl.newInstance0(Native Method)
	at sun.reflect.NativeConstructorAccessorImpl.newInstance(NativeConstructorAccessorImpl.java:62)
	at sun.reflect.DelegatingConstructorAccessorImpl.newInstance(DelegatingConstructorAccessorImpl.java:45)
	at java.lang.reflect.Constructor.newInstance(Constructor.java:423)
	at org.openqa.selenium.remote.ErrorHandler.createThrowable(ErrorHandler.java:216)
	at org.openqa.selenium.remote.ErrorHandler.throwIfResponseFailed(ErrorHandler.java:168)
	at org.openqa.selenium.remote.RemoteWebDriver.execute(RemoteWebDriver.java:638)
	at org.openqa.selenium.remote.RemoteWebDriver.findElement(RemoteWebDriver.java:371)
	at org.openqa.selenium.remote.RemoteWebDriver.findElementByXPath(RemoteWebDriver.java:476)
	at org.openqa.selenium.By$ByXPath.findElement(By.java:361)
	at org.openqa.selenium.remote.RemoteWebDriver.findElement(RemoteWebDriver.java:363)
	at com.znodellc.admin9xqa.Znode9X.baseScript.PropertiesFile.getLocator(PropertiesFile.java:64)
	at com.znodellc.admin9xqa.Znode9X.keywords.Click.clickAction(Click.java:17)
	at com.znodellc.admin9xqa.Znode9X.executor.ExecuteKeywords.ExecuteTheKeywords(ExecuteKeywords.java:36)
	at com.znodellc.admin9xqa.Znode9X.executor.Execute.getSteps(Execute.java:19)
	at sun.reflect.GeneratedMethodAccessor2.invoke(Unknown Source)
	at sun.reflect.DelegatingMethodAccessorImpl.invoke(DelegatingMethodAccessorImpl.java:43)
	at java.lang.reflect.Method.invoke(Method.java:498)
	at org.testng.internal.MethodInvocationHelper.invokeMethod(MethodInvocationHelper.java:104)
	at org.testng.internal.Invoker.invokeMethod(Invoker.java:645)
	at org.testng.internal.Invoker.invokeTestMethod(Invoker.java:851)
	at org.testng.internal.Invoker.invokeTestMethods(Invoker.java:1177)
	at org.testng.internal.TestMethodWorker.invokeTestMethods(TestMethodWorker.java:129)
	at org.testng.internal.TestMethodWorker.run(TestMethodWorker.java:112)
	at org.testng.TestRunner.privateRun(TestRunner.java:756)
	at org.testng.TestRunner.run(TestRunner.java:610)
	at org.testng.SuiteRunner.runTest(SuiteRunner.java:387)
	at org.testng.SuiteRunner.runSequentially(SuiteRunner.java:382)
	at org.testng.SuiteRunner.privateRun(SuiteRunner.java:340)
	at org.testng.SuiteRunner.run(SuiteRunner.java:289)
	at org.testng.SuiteRunnerWorker.runSuite(SuiteRunnerWorker.java:52)
	at org.testng.SuiteRunnerWorker.run(SuiteRunnerWorker.java:86)
	at org.testng.TestNG.runSuitesSequentially(TestNG.java:1293)
	at org.testng.TestNG.runSuitesLocally(TestNG.java:1218)
	at org.testng.TestNG.runSuites(TestNG.java:1133)
	at org.testng.TestNG.run(TestNG.java:1104)
	at org.testng.remote.AbstractRemoteTestNG.run(AbstractRemoteTestNG.java:132)
	at org.testng.remote.RemoteTestNG.initAndRun(RemoteTestNG.java:236)
	at org.testng.remote.RemoteTestNG.main(RemoteTestNG.java:81)
]]>
            </full-stacktrace>
          </exception> <!-- org.openqa.selenium.WebDriverException -->
          <reporter-output>
          </reporter-output>
        </test-method> <!-- getSteps -->
        <test-method status="FAIL" signature="getSteps(java.lang.String, java.lang.String, java.lang.String, java.lang.String, java.lang.String, java.lang.String, java.lang.String, java.lang.String, java.lang.String, java.lang.String)[pri:0, instance:com.znodellc.admin9xqa.Znode9X.executor.Execute@d8355a8]" name="getSteps" duration-ms="6040" started-at="2017-06-14T17:48:27Z" data-provider="hybridData" finished-at="2017-06-14T17:48:33Z">
          <params>
            <param index="0">
              <value>
                <![CDATA[Attribute Test6]]>
              </value>
            </param>
            <param index="1">
              <value>
                <![CDATA[25.0]]>
              </value>
            </param>
            <param index="2">
              <value>
                <![CDATA[Select a text dropdown in Attribute Type]]>
              </value>
            </param>
            <param index="3">
              <value>
                <![CDATA[DropDown]]>
              </value>
            </param>
            <param index="4">
              <value>
                <![CDATA[Znode9X.addNew.attributeType]]>
              </value>
            </param>
            <param index="5">
              <value>
                <![CDATA[Text]]>
              </value>
            </param>
            <param index="6">
              <value>
                <![CDATA[NA]]>
              </value>
            </param>
            <param index="7">
              <value>
                <![CDATA[NA]]>
              </value>
            </param>
            <param index="8">
              <value>
                <![CDATA[]]>
              </value>
            </param>
            <param index="9">
              <value>
                <![CDATA[]]>
              </value>
            </param>
          </params>
          <exception class="org.openqa.selenium.WebDriverException">
            <message>
              <![CDATA[chrome not reachable
  (Session info: chrome=56.0.2924.87)
  (Driver info: chromedriver=2.28.455520 (cc17746adff54984afff480136733114c6b3704b),platform=Windows NT 10.0.14393 x86_64) (WARNING: The server did not provide any stacktrace information)
Command duration or timeout: 4.01 seconds
Build info: version: '3.3.1', revision: '5234b325d5', time: '2017-03-10 09:10:29 +0000'
System info: host: 'MSD001', ip: '172.17.2.178', os.name: 'Windows 10', os.arch: 'amd64', os.version: '10.0', java.version: '1.8.0_121'
Driver info: org.openqa.selenium.chrome.ChromeDriver
Capabilities [{applicationCacheEnabled=false, rotatable=false, mobileEmulationEnabled=false, networkConnectionEnabled=false, chrome={chromedriverVersion=2.28.455520 (cc17746adff54984afff480136733114c6b3704b), userDataDir=C:\Users\SANA~1.AFR\AppData\Local\Temp\scoped_dir7904_17442}, takesHeapSnapshot=true, pageLoadStrategy=normal, databaseEnabled=false, handlesAlerts=true, hasTouchScreen=false, version=56.0.2924.87, platform=XP, browserConnectionEnabled=false, nativeEvents=true, acceptSslCerts=true, locationContextEnabled=true, webStorageEnabled=true, browserName=chrome, takesScreenshot=true, javascriptEnabled=true, cssSelectorsEnabled=true, unexpectedAlertBehaviour=}]
Session ID: 4e4d2a123bd9daa15dd900e9e47f8d9c
*** Element info: {Using=id, value=attributeTypeList}]]>
            </message>
            <full-stacktrace>
              <![CDATA[org.openqa.selenium.WebDriverException: chrome not reachable
  (Session info: chrome=56.0.2924.87)
  (Driver info: chromedriver=2.28.455520 (cc17746adff54984afff480136733114c6b3704b),platform=Windows NT 10.0.14393 x86_64) (WARNING: The server did not provide any stacktrace information)
Command duration or timeout: 4.01 seconds
Build info: version: '3.3.1', revision: '5234b325d5', time: '2017-03-10 09:10:29 +0000'
System info: host: 'MSD001', ip: '172.17.2.178', os.name: 'Windows 10', os.arch: 'amd64', os.version: '10.0', java.version: '1.8.0_121'
Driver info: org.openqa.selenium.chrome.ChromeDriver
Capabilities [{applicationCacheEnabled=false, rotatable=false, mobileEmulationEnabled=false, networkConnectionEnabled=false, chrome={chromedriverVersion=2.28.455520 (cc17746adff54984afff480136733114c6b3704b), userDataDir=C:\Users\SANA~1.AFR\AppData\Local\Temp\scoped_dir7904_17442}, takesHeapSnapshot=true, pageLoadStrategy=normal, databaseEnabled=false, handlesAlerts=true, hasTouchScreen=false, version=56.0.2924.87, platform=XP, browserConnectionEnabled=false, nativeEvents=true, acceptSslCerts=true, locationContextEnabled=true, webStorageEnabled=true, browserName=chrome, takesScreenshot=true, javascriptEnabled=true, cssSelectorsEnabled=true, unexpectedAlertBehaviour=}]
Session ID: 4e4d2a123bd9daa15dd900e9e47f8d9c
*** Element info: {Using=id, value=attributeTypeList}
	at sun.reflect.NativeConstructorAccessorImpl.newInstance0(Native Method)
	at sun.reflect.NativeConstructorAccessorImpl.newInstance(NativeConstructorAccessorImpl.java:62)
	at sun.reflect.DelegatingConstructorAccessorImpl.newInstance(DelegatingConstructorAccessorImpl.java:45)
	at java.lang.reflect.Constructor.newInstance(Constructor.java:423)
	at org.openqa.selenium.remote.ErrorHandler.createThrowable(ErrorHandler.java:216)
	at org.openqa.selenium.remote.ErrorHandler.throwIfResponseFailed(ErrorHandler.java:168)
	at org.openqa.selenium.remote.RemoteWebDriver.execute(RemoteWebDriver.java:638)
	at org.openqa.selenium.remote.RemoteWebDriver.findElement(RemoteWebDriver.java:371)
	at org.openqa.selenium.remote.RemoteWebDriver.findElementById(RemoteWebDriver.java:420)
	at org.openqa.selenium.By$ById.findElement(By.java:218)
	at org.openqa.selenium.remote.RemoteWebDriver.findElement(RemoteWebDriver.java:363)
	at com.znodellc.admin9xqa.Znode9X.baseScript.PropertiesFile.getLocator(PropertiesFile.java:36)
	at com.znodellc.admin9xqa.Znode9X.keywords.DropDown.handleDropDown(DropDown.java:13)
	at com.znodellc.admin9xqa.Znode9X.executor.ExecuteKeywords.ExecuteTheKeywords(ExecuteKeywords.java:49)
	at com.znodellc.admin9xqa.Znode9X.executor.Execute.getSteps(Execute.java:19)
	at sun.reflect.GeneratedMethodAccessor2.invoke(Unknown Source)
	at sun.reflect.DelegatingMethodAccessorImpl.invoke(DelegatingMethodAccessorImpl.java:43)
	at java.lang.reflect.Method.invoke(Method.java:498)
	at org.testng.internal.MethodInvocationHelper.invokeMethod(MethodInvocationHelper.java:104)
	at org.testng.internal.Invoker.invokeMethod(Invoker.java:645)
	at org.testng.internal.Invoker.invokeTestMethod(Invoker.java:851)
	at org.testng.internal.Invoker.invokeTestMethods(Invoker.java:1177)
	at org.testng.internal.TestMethodWorker.invokeTestMethods(TestMethodWorker.java:129)
	at org.testng.internal.TestMethodWorker.run(TestMethodWorker.java:112)
	at org.testng.TestRunner.privateRun(TestRunner.java:756)
	at org.testng.TestRunner.run(TestRunner.java:610)
	at org.testng.SuiteRunner.runTest(SuiteRunner.java:387)
	at org.testng.SuiteRunner.runSequentially(SuiteRunner.java:382)
	at org.testng.SuiteRunner.privateRun(SuiteRunner.java:340)
	at org.testng.SuiteRunner.run(SuiteRunner.java:289)
	at org.testng.SuiteRunnerWorker.runSuite(SuiteRunnerWorker.java:52)
	at org.testng.SuiteRunnerWorker.run(SuiteRunnerWorker.java:86)
	at org.testng.TestNG.runSuitesSequentially(TestNG.java:1293)
	at org.testng.TestNG.runSuitesLocally(TestNG.java:1218)
	at org.testng.TestNG.runSuites(TestNG.java:1133)
	at org.testng.TestNG.run(TestNG.java:1104)
	at org.testng.remote.AbstractRemoteTestNG.run(AbstractRemoteTestNG.java:132)
	at org.testng.remote.RemoteTestNG.initAndRun(RemoteTestNG.java:236)
	at org.testng.remote.RemoteTestNG.main(RemoteTestNG.java:81)
]]>
            </full-stacktrace>
          </exception> <!-- org.openqa.selenium.WebDriverException -->
          <reporter-output>
          </reporter-output>
        </test-method> <!-- getSteps -->
        <test-method status="FAIL" signature="getSteps(java.lang.String, java.lang.String, java.lang.String, java.lang.String, java.lang.String, java.lang.String, java.lang.String, java.lang.String, java.lang.String, java.lang.String)[pri:0, instance:com.znodellc.admin9xqa.Znode9X.executor.Execute@d8355a8]" name="getSteps" duration-ms="4060" started-at="2017-06-14T17:48:33Z" data-provider="hybridData" finished-at="2017-06-14T17:48:37Z">
          <params>
            <param index="0">
              <value>
                <![CDATA[Attribute Test6]]>
              </value>
            </param>
            <param index="1">
              <value>
                <![CDATA[26.0]]>
              </value>
            </param>
            <param index="2">
              <value>
                <![CDATA[Enter already available code in code field]]>
              </value>
            </param>
            <param index="3">
              <value>
                <![CDATA[SendKeys]]>
              </value>
            </param>
            <param index="4">
              <value>
                <![CDATA[Znode9X.addNew.code]]>
              </value>
            </param>
            <param index="5">
              <value>
                <![CDATA[Colour]]>
              </value>
            </param>
            <param index="6">
              <value>
                <![CDATA[NA]]>
              </value>
            </param>
            <param index="7">
              <value>
                <![CDATA[NA]]>
              </value>
            </param>
            <param index="8">
              <value>
                <![CDATA[]]>
              </value>
            </param>
            <param index="9">
              <value>
                <![CDATA[]]>
              </value>
            </param>
          </params>
          <exception class="org.openqa.selenium.WebDriverException">
            <message>
              <![CDATA[chrome not reachable
  (Session info: chrome=56.0.2924.87)
  (Driver info: chromedriver=2.28.455520 (cc17746adff54984afff480136733114c6b3704b),platform=Windows NT 10.0.14393 x86_64) (WARNING: The server did not provide any stacktrace information)
Command duration or timeout: 4.04 seconds
Build info: version: '3.3.1', revision: '5234b325d5', time: '2017-03-10 09:10:29 +0000'
System info: host: 'MSD001', ip: '172.17.2.178', os.name: 'Windows 10', os.arch: 'amd64', os.version: '10.0', java.version: '1.8.0_121'
Driver info: org.openqa.selenium.chrome.ChromeDriver
Capabilities [{applicationCacheEnabled=false, rotatable=false, mobileEmulationEnabled=false, networkConnectionEnabled=false, chrome={chromedriverVersion=2.28.455520 (cc17746adff54984afff480136733114c6b3704b), userDataDir=C:\Users\SANA~1.AFR\AppData\Local\Temp\scoped_dir7904_17442}, takesHeapSnapshot=true, pageLoadStrategy=normal, databaseEnabled=false, handlesAlerts=true, hasTouchScreen=false, version=56.0.2924.87, platform=XP, browserConnectionEnabled=false, nativeEvents=true, acceptSslCerts=true, locationContextEnabled=true, webStorageEnabled=true, browserName=chrome, takesScreenshot=true, javascriptEnabled=true, cssSelectorsEnabled=true, unexpectedAlertBehaviour=}]
Session ID: 4e4d2a123bd9daa15dd900e9e47f8d9c
*** Element info: {Using=id, value=AttributeCode}]]>
            </message>
            <full-stacktrace>
              <![CDATA[org.openqa.selenium.WebDriverException: chrome not reachable
  (Session info: chrome=56.0.2924.87)
  (Driver info: chromedriver=2.28.455520 (cc17746adff54984afff480136733114c6b3704b),platform=Windows NT 10.0.14393 x86_64) (WARNING: The server did not provide any stacktrace information)
Command duration or timeout: 4.04 seconds
Build info: version: '3.3.1', revision: '5234b325d5', time: '2017-03-10 09:10:29 +0000'
System info: host: 'MSD001', ip: '172.17.2.178', os.name: 'Windows 10', os.arch: 'amd64', os.version: '10.0', java.version: '1.8.0_121'
Driver info: org.openqa.selenium.chrome.ChromeDriver
Capabilities [{applicationCacheEnabled=false, rotatable=false, mobileEmulationEnabled=false, networkConnectionEnabled=false, chrome={chromedriverVersion=2.28.455520 (cc17746adff54984afff480136733114c6b3704b), userDataDir=C:\Users\SANA~1.AFR\AppData\Local\Temp\scoped_dir7904_17442}, takesHeapSnapshot=true, pageLoadStrategy=normal, databaseEnabled=false, handlesAlerts=true, hasTouchScreen=false, version=56.0.2924.87, platform=XP, browserConnectionEnabled=false, nativeEvents=true, acceptSslCerts=true, locationContextEnabled=true, webStorageEnabled=true, browserName=chrome, takesScreenshot=true, javascriptEnabled=true, cssSelectorsEnabled=true, unexpectedAlertBehaviour=}]
Session ID: 4e4d2a123bd9daa15dd900e9e47f8d9c
*** Element info: {Using=id, value=AttributeCode}
	at sun.reflect.NativeConstructorAccessorImpl.newInstance0(Native Method)
	at sun.reflect.NativeConstructorAccessorImpl.newInstance(NativeConstructorAccessorImpl.java:62)
	at sun.reflect.DelegatingConstructorAccessorImpl.newInstance(DelegatingConstructorAccessorImpl.java:45)
	at java.lang.reflect.Constructor.newInstance(Constructor.java:423)
	at org.openqa.selenium.remote.ErrorHandler.createThrowable(ErrorHandler.java:216)
	at org.openqa.selenium.remote.ErrorHandler.throwIfResponseFailed(ErrorHandler.java:168)
	at org.openqa.selenium.remote.RemoteWebDriver.execute(RemoteWebDriver.java:638)
	at org.openqa.selenium.remote.RemoteWebDriver.findElement(RemoteWebDriver.java:371)
	at org.openqa.selenium.remote.RemoteWebDriver.findElementById(RemoteWebDriver.java:420)
	at org.openqa.selenium.By$ById.findElement(By.java:218)
	at org.openqa.selenium.remote.RemoteWebDriver.findElement(RemoteWebDriver.java:363)
	at com.znodellc.admin9xqa.Znode9X.baseScript.PropertiesFile.getLocator(PropertiesFile.java:36)
	at com.znodellc.admin9xqa.Znode9X.keywords.SendKeys.sendText(SendKeys.java:14)
	at com.znodellc.admin9xqa.Znode9X.executor.ExecuteKeywords.ExecuteTheKeywords(ExecuteKeywords.java:31)
	at com.znodellc.admin9xqa.Znode9X.executor.Execute.getSteps(Execute.java:19)
	at sun.reflect.GeneratedMethodAccessor2.invoke(Unknown Source)
	at sun.reflect.DelegatingMethodAccessorImpl.invoke(DelegatingMethodAccessorImpl.java:43)
	at java.lang.reflect.Method.invoke(Method.java:498)
	at org.testng.internal.MethodInvocationHelper.invokeMethod(MethodInvocationHelper.java:104)
	at org.testng.internal.Invoker.invokeMethod(Invoker.java:645)
	at org.testng.internal.Invoker.invokeTestMethod(Invoker.java:851)
	at org.testng.internal.Invoker.invokeTestMethods(Invoker.java:1177)
	at org.testng.internal.TestMethodWorker.invokeTestMethods(TestMethodWorker.java:129)
	at org.testng.internal.TestMethodWorker.run(TestMethodWorker.java:112)
	at org.testng.TestRunner.privateRun(TestRunner.java:756)
	at org.testng.TestRunner.run(TestRunner.java:610)
	at org.testng.SuiteRunner.runTest(SuiteRunner.java:387)
	at org.testng.SuiteRunner.runSequentially(SuiteRunner.java:382)
	at org.testng.SuiteRunner.privateRun(SuiteRunner.java:340)
	at org.testng.SuiteRunner.run(SuiteRunner.java:289)
	at org.testng.SuiteRunnerWorker.runSuite(SuiteRunnerWorker.java:52)
	at org.testng.SuiteRunnerWorker.run(SuiteRunnerWorker.java:86)
	at org.testng.TestNG.runSuitesSequentially(TestNG.java:1293)
	at org.testng.TestNG.runSuitesLocally(TestNG.java:1218)
	at org.testng.TestNG.runSuites(TestNG.java:1133)
	at org.testng.TestNG.run(TestNG.java:1104)
	at org.testng.remote.AbstractRemoteTestNG.run(AbstractRemoteTestNG.java:132)
	at org.testng.remote.RemoteTestNG.initAndRun(RemoteTestNG.java:236)
	at org.testng.remote.RemoteTestNG.main(RemoteTestNG.java:81)
]]>
            </full-stacktrace>
          </exception> <!-- org.openqa.selenium.WebDriverException -->
          <reporter-output>
          </reporter-output>
        </test-method> <!-- getSteps -->
        <test-method status="FAIL" signature="getSteps(java.lang.String, java.lang.String, java.lang.String, java.lang.String, java.lang.String, java.lang.String, java.lang.String, java.lang.String, java.lang.String, java.lang.String)[pri:0, instance:com.znodellc.admin9xqa.Znode9X.executor.Execute@d8355a8]" name="getSteps" duration-ms="4074" started-at="2017-06-14T17:48:37Z" data-provider="hybridData" finished-at="2017-06-14T17:48:41Z">
          <params>
            <param index="0">
              <value>
                <![CDATA[Attribute Test6]]>
              </value>
            </param>
            <param index="1">
              <value>
                <![CDATA[27.0]]>
              </value>
            </param>
            <param index="2">
              <value>
                <![CDATA[Click on Save]]>
              </value>
            </param>
            <param index="3">
              <value>
                <![CDATA[Click]]>
              </value>
            </param>
            <param index="4">
              <value>
                <![CDATA[Znode9X.addNew.save]]>
              </value>
            </param>
            <param index="5">
              <value>
                <![CDATA[NA]]>
              </value>
            </param>
            <param index="6">
              <value>
                <![CDATA[NA]]>
              </value>
            </param>
            <param index="7">
              <value>
                <![CDATA[NA]]>
              </value>
            </param>
            <param index="8">
              <value>
                <![CDATA[]]>
              </value>
            </param>
            <param index="9">
              <value>
                <![CDATA[]]>
              </value>
            </param>
          </params>
          <exception class="org.openqa.selenium.WebDriverException">
            <message>
              <![CDATA[chrome not reachable
  (Session info: chrome=56.0.2924.87)
  (Driver info: chromedriver=2.28.455520 (cc17746adff54984afff480136733114c6b3704b),platform=Windows NT 10.0.14393 x86_64) (WARNING: The server did not provide any stacktrace information)
Command duration or timeout: 4.04 seconds
Build info: version: '3.3.1', revision: '5234b325d5', time: '2017-03-10 09:10:29 +0000'
[...]
Command duration or timeout: 4.07 seconds
Build info: version: '3.3.1', revision: '5234b325d5', time: '2017-03-10 09:10:29 +0000'
System info: host: 'MSD001', ip: '172.17.2.178', os.name: 'Windows 10', os.arch: 'amd64', os.version: '10.0', java.version: '1.8.0_121'
Driver info: org.openqa.selenium.chrome.ChromeDriver
Capabilities [{applicationCacheEnabled=false, rotatable=false, mobileEmulationEnabled=false, networkConnectionEnabled=false, chrome={chromedriverVersion=2.28.455520 (cc17746adff54984afff480136733114c6b3704b), userDataDir=C:\Users\SANA~1.AFR\AppData\Local\Temp\scoped_dir7904_17442}, takesHeapSnapshot=true, pageLoadStrategy=normal, databaseEnabled=false, handlesAlerts=true, hasTouchScreen=false, version=56.0.2924.87, platform=XP, browserConnectionEnabled=false, nativeEvents=true, acceptSslCerts=true, locationContextEnabled=true, webStorageEnabled=true, browserName=chrome, takesScreenshot=true, javascriptEnabled=true, cssSelectorsEnabled=true, unexpectedAlertBehaviour=}]
Session ID: 4e4d2a123bd9daa15dd900e9e47f8d9c
*** Element info: {Using=id, value=dvSave}
	at sun.reflect.GeneratedConstructorAccessor55.newInstance(Unknown Source)
	at sun.reflect.DelegatingConstructorAccessorImpl.newInstance(DelegatingConstructorAccessorImpl.java:45)
	at java.lang.reflect.Constructor.newInstance(Constructor.java:423)
	at org.openqa.selenium.remote.ErrorHandler.createThrowable(ErrorHandler.java:216)
	at org.openqa.selenium.remote.ErrorHandler.throwIfResponseFailed(ErrorHandler.java:168)
	at org.openqa.selenium.remote.RemoteWebDriver.execute(RemoteWebDriver.java:638)
	at org.openqa.selenium.remote.RemoteWebDriver.findElement(RemoteWebDriver.java:371)
	at org.openqa.selenium.remote.RemoteWebDriver.findElementById(RemoteWebDriver.java:420)
	at org.openqa.selenium.By$ById.findElement(By.java:218)
	at org.openqa.selenium.remote.RemoteWebDriver.findElement(RemoteWebDriver.java:363)
	at com.znodellc.admin9xqa.Znode9X.baseScript.PropertiesFile.getLocator(PropertiesFile.java:36)
	at com.znodellc.admin9xqa.Znode9X.keywords.Click.clickAction(Click.java:17)
	at com.znodellc.admin9xqa.Znode9X.executor.ExecuteKeywords.ExecuteTheKeywords(ExecuteKeywords.java:36)
	at com.znodellc.admin9xqa.Znode9X.executor.Execute.getSteps(Execute.java:19)
	at sun.reflect.GeneratedMethodAccessor2.invoke(Unknown Source)
	at sun.reflect.DelegatingMethodAccessorImpl.invoke(DelegatingMethodAccessorImpl.java:43)
	at java.lang.reflect.Method.invoke(Method.java:498)
	at org.testng.internal.MethodInvocationHelper.invokeMethod(MethodInvocationHelper.java:104)
	at org.testng.internal.Invoker.invokeMethod(Invoker.java:645)
	at org.testng.internal.Invoker.invokeTestMethod(Invoker.java:851)
	at org.testng.internal.Invoker.invokeTestMethods(Invoker.java:1177)
	at org.testng.internal.TestMethodWorker.invokeTestMethods(TestMethodWorker.java:129)
	at org.testng.internal.TestMethodWorker.run(TestMethodWorker.java:112)
	at org.testng.TestRunner.privateRun(TestRunner.java:756)
	at org.testng.TestRunner.run(TestRunner.java:610)
	at org.testng.SuiteRunner.runTest(SuiteRunner.java:387)
	at org.testng.SuiteRunner.runSequentially(SuiteRunner.java:382)
	at org.testng.SuiteRunner.privateRun(SuiteRunner.java:340)
	at org.testng.SuiteRunner.run(SuiteRunner.java:289)
	at org.testng.SuiteRunnerWorker.runSuite(SuiteRunnerWorker.java:52)
	at org.testng.SuiteRunnerWorker.run(SuiteRunnerWorker.java:86)
	at org.testng.TestNG.runSuitesSequentially(TestNG.java:1293)
	at org.testng.TestNG.runSuitesLocally(TestNG.java:1218)
	at org.testng.TestNG.runSuites(TestNG.java:1133)
	at org.testng.TestNG.run(TestNG.java:1104)
	at org.testng.remote.AbstractRemoteTestNG.run(AbstractRemoteTestNG.java:132)
	at org.testng.remote.RemoteTestNG.initAndRun(RemoteTestNG.java:236)
	at org.testng.remote.RemoteTestNG.main(RemoteTestNG.java:81)
]]>
            </full-stacktrace>
          </exception> <!-- org.openqa.selenium.WebDriverException -->
          <reporter-output>
          </reporter-output>
        </test-method> <!-- getSteps -->
        <test-method status="FAIL" signature="getSteps(java.lang.String, java.lang.String, java.lang.String, java.lang.String, java.lang.String, java.lang.String, java.lang.String, java.lang.String, java.lang.String, java.lang.String)[pri:0, instance:com.znodellc.admin9xqa.Znode9X.executor.Execute@d8355a8]" name="getSteps" duration-ms="7081" started-at="2017-06-14T17:54:03Z" data-provider="hybridData" finished-at="2017-06-14T17:54:10Z">
          <params>
            <param index="0">
              <value>
                <![CDATA[Attribute Test13]]>
              </value>
            </param>
            <param index="1">
              <value>
                <![CDATA[97.0]]>
              </value>
            </param>
            <param index="2">
              <value>
                <![CDATA[Check for Validation]]>
              </value>
            </param>
            <param index="3">
              <value>
                <![CDATA[Assertion]]>
              </value>
            </param>
            <param index="4">
              <value>
                <![CDATA[Znode9X.addNew.saveValidation]]>
              </value>
            </param>
            <param index="5">
              <value>
                <![CDATA[Record created successfully.]]>
              </value>
            </param>
            <param index="6">
              <value>
                <![CDATA[NA]]>
              </value>
            </param>
            <param index="7">
              <value>
                <![CDATA[NA]]>
              </value>
            </param>
            <param index="8">
              <value>
                <![CDATA[]]>
              </value>
            </param>
            <param index="9">
              <value>
                <![CDATA[]]>
              </value>
            </param>
          </params>
          <exception class="org.openqa.selenium.WebDriverException">
            <message>
              <![CDATA[chrome not reachable
  (Session info: chrome=56.0.2924.87)
  (Driver info: chromedriver=2.28.455520 (cc17746adff54984afff480136733114c6b3704b),platform=Windows NT 10.0.14393 x86_64) (WARNING: The server did not provide any stacktrace information)
Command duration or timeout: 4.06 seconds
Build info: version: '3.3.1', revision: '5234b325d5', time: '2017-03-10 09:10:29 +0000'
System info: host: 'MSD001', ip: '172.17.2.178', os.name: 'Windows 10', os.arch: 'amd64', os.version: '10.0', java.version: '1.8.0_121'
Driver info: org.openqa.selenium.chrome.ChromeDriver
Capabilities [{applicationCacheEnabled=false, rotatable=false, mobileEmulationEnabled=false, networkConnectionEnabled=false, chrome={chromedriverVersion=2.28.455520 (cc17746adff54984afff480136733114c6b3704b), userDataDir=C:\Users\SANA~1.AFR\AppData\Local\Temp\scoped_dir7904_17442}, takesHeapSnapshot=true, pageLoadStrategy=normal, databaseEnabled=false, handlesAlerts=true, hasTouchScreen=false, version=56.0.2924.87, platform=XP, browserConnectionEnabled=false, nativeEvents=true, acceptSslCerts=true, locationContextEnabled=true, webStorageEnabled=true, browserName=chrome, takesScreenshot=true, javascriptEnabled=true, cssSelectorsEnabled=true, unexpectedAlertBehaviour=}]
Session ID: 4e4d2a123bd9daa15dd900e9e47f8d9c
*** Element info: {Using=xpath, value=//p[@class='text-center']}]]>
            </message>
            <full-stacktrace>
              <![CDATA[org.openqa.selenium.WebDriverException: chrome not reachable
  (Session info: chrome=56.0.2924.87)
  (Driver info: chromedriver=2.28.455520 (cc17746adff54984afff480136733114c6b3704b),platform=Windows NT 10.0.14393 x86_64) (WARNING: The server did not provide any stacktrace information)
Command duration or timeout: 4.06 seconds
Build info: version: '3.3.1', revision: '5234b325d5', time: '2017-03-10 09:10:29 +0000'
System info: host: 'MSD001', ip: '172.17.2.178', os.name: 'Windows 10', os.arch: 'amd64', os.version: '10.0', java.version: '1.8.0_121'
Driver info: org.openqa.selenium.chrome.ChromeDriver
Capabilities [{applicationCacheEnabled=false, rotatable=false, mobileEmulationEnabled=false, networkConnectionEnabled=false, chrome={chromedriverVersion=2.28.455520 (cc17746adff54984afff480136733114c6b3704b), userDataDir=C:\Users\SANA~1.AFR\AppData\Local\Temp\scoped_dir7904_17442}, takesHeapSnapshot=true, pageLoadStrategy=normal, databaseEnabled=false, handlesAlerts=true, hasTouchScreen=false, version=56.0.2924.87, platform=XP, browserConnectionEnabled=false, nativeEvents=true, acceptSslCerts=true, locationContextEnabled=true, webStorageEnabled=true, browserName=chrome, takesScreenshot=true, javascriptEnabled=true, cssSelectorsEnabled=true, unexpectedAlertBehaviour=}]
Session ID: 4e4d2a123bd9daa15dd900e9e47f8d9c
*** Element info: {Using=xpath, value=//p[@class='text-center']}
	at sun.reflect.GeneratedConstructorAccessor55.newInstance(Unknown Source)
	at sun.reflect.DelegatingConstructorAccessorImpl.newInstance(DelegatingConstructorAccessorImpl.java:45)
	at java.lang.reflect.Constructor.newInstance(Constructor.java:423)
	at org.openqa.selenium.remote.ErrorHandler.createThrowable(ErrorHandler.java:216)
	at org.openqa.selenium.remote.ErrorHandler.throwIfResponseFailed(ErrorHandler.java:168)
	at org.openqa.selenium.remote.RemoteWebDriver.execute(RemoteWebDriver.java:638)
	at org.openqa.selenium.remote.RemoteWebDriver.findElement(RemoteWebDriver.java:371)
	at org.openqa.selenium.remote.RemoteWebDriver.findElementByXPath(RemoteWebDriver.java:476)
	at org.openqa.selenium.By$ByXPath.findElement(By.java:361)
	at org.openqa.selenium.remote.RemoteWebDriver.findElement(RemoteWebDriver.java:363)
	at com.znodellc.admin9xqa.Znode9X.baseScript.PropertiesFile.getLocator(PropertiesFile.java:64)
	at com.znodellc.admin9xqa.Znode9X.keywords.Assertion.validateSuccesMsg(Assertion.java:19)
	at com.znodellc.admin9xqa.Znode9X.executor.ExecuteKeywords.ExecuteTheKeywords(ExecuteKeywords.java:41)
	at com.znodellc.admin9xqa.Znode9X.executor.Execute.getSteps(Execute.java:19)
	at sun.reflect.GeneratedMethodAccessor2.invoke(Unknown Source)
	at sun.reflect.DelegatingMethodAccessorImpl.invoke(DelegatingMethodAccessorImpl.java:43)
	at java.lang.reflect.Method.invoke(Method.java:498)
	at org.testng.internal.MethodInvocationHelper.invokeMethod(MethodInvocationHelper.java:104)
	at org.testng.internal.Invoker.invokeMethod(Invoker.java:645)
	at org.testng.internal.Invoker.invokeTestMethod(Invoker.java:851)
	at org.testng.internal.Invoker.invokeTestMethods(Invoker.java:1177)
	at org.testng.internal.TestMethodWorker.invokeTestMethods(TestMethodWorker.java:129)
	at org.testng.internal.TestMethodWorker.run(TestMethodWorker.java:112)
	at org.testng.TestRunner.privateRun(TestRunner.java:756)
	at org.testng.TestRunner.run(TestRunner.java:610)
	at org.testng.SuiteRunner.runTest(SuiteRunner.java:387)
	at org.testng.SuiteRunner.runSequentially(SuiteRunner.java:382)
	at org.testng.SuiteRunner.privateRun(SuiteRunner.java:340)
	at org.testng.SuiteRunner.run(SuiteRunner.java:289)
	at org.testng.SuiteRunnerWorker.runSuite(SuiteRunnerWorker.java:52)
	at org.testng.SuiteRunnerWorker.run(SuiteRunnerWorker.java:86)
	at org.testng.TestNG.runSuitesSequentially(TestNG.java:1293)
	at org.testng.TestNG.runSuitesLocally(TestNG.java:1218)
	at org.testng.TestNG.runSuites(TestNG.java:1133)
	at org.testng.TestNG.run(TestNG.java:1104)
	at org.testng.remote.AbstractRemoteTestNG.run(AbstractRemoteTestNG.java:132)
	at org.testng.remote.RemoteTestNG.initAndRun(RemoteTestNG.java:236)
	at org.testng.remote.RemoteTestNG.main(RemoteTestNG.java:81)
]]>
            </full-stacktrace>
          </exception> <!-- org.openqa.selenium.WebDriverException -->
          <reporter-output>
          </reporter-output>
        </test-method> <!-- getSteps -->
        <test-method status="FAIL" signature="getSteps(java.lang.String, java.lang.String, java.lang.String, java.lang.String, java.lang.String, java.lang.String, java.lang.String, java.lang.String, java.lang.String, java.lang.String)[pri:0, instance:com.znodellc.admin9xqa.Znode9X.executor.Execute@d8355a8]" name="getSteps" duration-ms="4117" started-at="2017-06-14T17:54:10Z" data-provider="hybridData" finished-at="2017-06-14T17:54:14Z">
          <params>
            <param index="0">
              <value>
                <![CDATA[Attribute Test13]]>
              </value>
            </param>
            <param index="1">
              <value>
                <![CDATA[98.0]]>
              </value>
            </param>
            <param index="2">
              <value>
                <![CDATA[Click on Cancel button]]>
              </value>
            </param>
            <param index="3">
              <value>
                <![CDATA[Click]]>
              </value>
            </param>
            <param index="4">
              <value>
                <![CDATA[Znode9X.addNew.cancel]]>
              </value>
            </param>
            <param index="5">
              <value>
                <![CDATA[NA]]>
              </value>
            </param>
            <param index="6">
              <value>
                <![CDATA[NA]]>
              </value>
            </param>
            <param index="7">
              <value>
                <![CDATA[NA]]>
              </value>
            </param>
            <param index="8">
              <value>
                <![CDATA[]]>
              </value>
            </param>
            <param index="9">
              <value>
                <![CDATA[]]>
              </value>
            </param>
          </params>
          <exception class="org.openqa.selenium.WebDriverException">
            <message>
              <![CDATA[chrome not reachable
  (Session info: chrome=56.0.2924.87)
  (Driver info: chromedriver=2.28.455520 (cc17746adff54984afff480136733114c6b3704b),platform=Windows NT 10.0.14393 x86_64) (WARNING: The server did not provide any stacktrace information)
Command duration or timeout: 4.08 seconds
Build info: version: '3.3.1', revision: '5234b325d5', time: '2017-03-10 09:10:29 +0000'
System info: host: 'MSD001', ip: '172.17.2.178', os.name: 'Windows 10', os.arch: 'amd64', os.version: '10.0', java.version: '1.8.0_121'
Driver info: org.openqa.selenium.chrome.ChromeDriver
Capabilities [{applicationCacheEnabled=false, rotatable=false, mobileEmulationEnabled=false, networkConnectionEnabled=false, chrome={chromedriverVersion=2.28.455520 (cc17746adff54984afff480136733114c6b3704b), userDataDir=C:\Users\SANA~1.AFR\AppData\Local\Temp\scoped_dir7904_17442}, takesHeapSnapshot=true, pageLoadStrategy=normal, databaseEnabled=false, handlesAlerts=true, hasTouchScreen=false, version=56.0.2924.87, platform=XP, browserConnectionEnabled=false, nativeEvents=true, acceptSslCerts=true, locationContextEnabled=true, webStorageEnabled=true, browserName=chrome, takesScreenshot=true, javascriptEnabled=true, cssSelectorsEnabled=true, unexpectedAlertBehaviour=}]
Session ID: 4e4d2a123bd9daa15dd900e9e47f8d9c
*** Element info: {Using=xpath, value=(//a[@class='btn-text-icon'])[1]}]]>
            </message>
            <full-stacktrace>
              <![CDATA[org.openqa.selenium.WebDriverException: chrome not reachable
  (Session info: chrome=56.0.2924.87)
  (Driver info: chromedriver=2.28.455520 (cc17746adff54984afff480136733114c6b3704b),platform=Windows NT 10.0.14393 x86_64) (WARNING: The server did not provide any stacktrace information)
Command duration or timeout: 4.08 seconds
Build info: version: '3.3.1', revision: '5234b325d5', time: '2017-03-10 09:10:29 +0000'
System info: host: 'MSD001', ip: '172.17.2.178', os.name: 'Windows 10', os.arch: 'amd64', os.version: '10.0', java.version: '1.8.0_121'
Driver info: org.openqa.selenium.chrome.ChromeDriver
Capabilities [{applicationCacheEnabled=false, rotatable=false, mobileEmulationEnabled=false, networkConnectionEnabled=false, chrome={chromedriverVersion=2.28.455520 (cc17746adff54984afff480136733114c6b3704b), userDataDir=C:\Users\SANA~1.AFR\AppData\Local\Temp\scoped_dir7904_17442}, takesHeapSnapshot=true, pageLoadStrategy=normal, databaseEnabled=false, handlesAlerts=true, hasTouchScreen=false, version=56.0.2924.87, platform=XP, browserConnectionEnabled=false, nativeEvents=true, acceptSslCerts=true, locationContextEnabled=true, webStorageEnabled=true, browserName=chrome, takesScreenshot=true, javascriptEnabled=true, cssSelectorsEnabled=true, unexpectedAlertBehaviour=}]
Session ID: 4e4d2a123bd9daa15dd900e9e47f8d9c
*** Element info: {Using=xpath, value=(//a[@class='btn-text-icon'])[1]}
	at sun.reflect.GeneratedConstructorAccessor55.newInstance(Unknown Source)
	at sun.reflect.DelegatingConstructorAccessorImpl.newInstance(DelegatingConstructorAccessorImpl.java:45)
	at java.lang.reflect.Constructor.newInstance(Constructor.java:423)
	at org.openqa.selenium.remote.ErrorHandler.createThrowable(ErrorHandler.java:216)
	at org.openqa.selenium.remote.ErrorHandler.throwIfResponseFailed(ErrorHandler.java:168)
	at org.openqa.selenium.remote.RemoteWebDriver.execute(RemoteWebDriver.java:638)
	at org.openqa.selenium.remote.RemoteWebDriver.findElement(RemoteWebDriver.java:371)
	at org.openqa.selenium.remote.RemoteWebDriver.findElementByXPath(RemoteWebDriver.java:476)
	at org.openqa.selenium.By$ByXPath.findElement(By.java:361)
	at org.openqa.selenium.remote.RemoteWebDriver.findElement(RemoteWebDriver.java:363)
	at com.znodellc.admin9xqa.Znode9X.baseScript.PropertiesFile.getLocator(PropertiesFile.java:64)
	at com.znodellc.admin9xqa.Znode9X.keywords.Click.clickAction(Click.java:17)
	at com.znodellc.admin9xqa.Znode9X.executor.ExecuteKeywords.ExecuteTheKeywords(ExecuteKeywords.java:36)
	at com.znodellc.admin9xqa.Znode9X.executor.Execute.getSteps(Execute.java:19)
	at sun.reflect.GeneratedMethodAccessor2.invoke(Unknown Source)
	at sun.reflect.DelegatingMethodAccessorImpl.invoke(DelegatingMethodAccessorImpl.java:43)
	at java.lang.reflect.Method.invoke(Method.java:498)
	at org.testng.internal.MethodInvocationHelper.invokeMethod(MethodInvocationHelper.java:104)
	at org.testng.internal.Invoker.invokeMethod(Invoker.java:645)
	at org.testng.internal.Invoker.invokeTestMethod(Invoker.java:851)
	at org.testng.internal.Invoker.invokeTestMethods(Invoker.java:1177)
	at org.testng.internal.TestMethodWorker.invokeTestMethods(TestMethodWorker.java:129)
	at org.testng.internal.TestMethodWorker.run(TestMethodWorker.java:112)
	at org.testng.TestRunner.privateRun(TestRunner.java:756)
	at org.testng.TestRunner.run(TestRunner.java:610)
	at org.testng.SuiteRunner.runTest(SuiteRunner.java:387)
	at org.testng.SuiteRunner.runSequentially(SuiteRunner.java:382)
	at org.testng.SuiteRunner.privateRun(SuiteRunner.java:340)
	at org.testng.SuiteRunner.run(SuiteRunner.java:289)
	at org.testng.SuiteRunnerWorker.runSuite(SuiteRunnerWorker.java:52)
	at org.testng.SuiteRunnerWorker.run(SuiteRunnerWorker.java:86)
	at org.testng.TestNG.runSuitesSequentially(TestNG.java:1293)
	at org.testng.TestNG.runSuitesLocally(TestNG.java:1218)
	at org.testng.TestNG.runSuites(TestNG.java:1133)
	at org.testng.TestNG.run(TestNG.java:1104)
	at org.testng.remote.AbstractRemoteTestNG.run(AbstractRemoteTestNG.java:132)
	at org.testng.remote.RemoteTestNG.initAndRun(RemoteTestNG.java:236)
	at org.testng.remote.RemoteTestNG.main(RemoteTestNG.java:81)
]]>
            </full-stacktrace>
          </exception> <!-- org.openqa.selenium.WebDriverException -->
          <reporter-output>
          </reporter-output>
        </test-method> <!-- getSteps -->
      </class> <!-- com.znodellc.admin9xqa.Znode9X.executor.Execute -->
    </test> <!-- Default test -->
  </suite> <!-- Default suite -->
</testng-results>
