<?xml version="1.0" encoding="UTF-8"?>
<testng-results skipped="0" failed="16" ignored="0" total="82" passed="66">
  <reporter-output>
  </reporter-output>
  <suite name="Default suite" duration-ms="77976" started-at="2017-06-13T12:33:25Z" finished-at="2017-06-13T12:34:43Z">
    <groups>
    </groups>
    <test name="Default test" duration-ms="77976" started-at="2017-06-13T12:33:25Z" finished-at="2017-06-13T12:34:43Z">
      <class name="com.znodellc.admin9xqa.Znode9X.executor.Execute">
        <test-method status="PASS" signature="getSteps(java.lang.String, java.lang.String, java.lang.String, java.lang.String, java.lang.String, java.lang.String, java.lang.String, java.lang.String, java.lang.String, java.lang.String)[pri:0, instance:com.znodellc.admin9xqa.Znode9X.executor.Execute@d8355a8]" name="getSteps" duration-ms="4514" started-at="2017-06-13T18:03:26Z" data-provider="hybridData" finished-at="2017-06-13T18:03:30Z">
          <params>
            <param index="0">
              <value>
                <![CDATA[Attribute Test1]]>
              </value>
            </param>
            <param index="1">
              <value>
                <![CDATA[1.0]]>
              </value>
            </param>
            <param index="2">
              <value>
                <![CDATA[Open the Brower]]>
              </value>
            </param>
            <param index="3">
              <value>
                <![CDATA[LaunchBrowser]]>
              </value>
            </param>
            <param index="4">
              <value>
                <![CDATA[NA]]>
              </value>
            </param>
            <param index="5">
              <value>
                <![CDATA[http://admin9xqa.znodellc.com/]]>
              </value>
            </param>
            <param index="6">
              <value>
                <![CDATA[Chrome]]>
              </value>
            </param>
            <param index="7">
              <value>
                <![CDATA[NA]]>
              </value>
            </param>
            <param index="8">
              <value>
                <![CDATA[]]>
              </value>
            </param>
            <param index="9">
              <value>
                <![CDATA[]]>
              </value>
            </param>
          </params>
          <reporter-output>
          </reporter-output>
        </test-method> <!-- getSteps -->
        <test-method status="PASS" signature="getSteps(java.lang.String, java.lang.String, java.lang.String, java.lang.String, java.lang.String, java.lang.String, java.lang.String, java.lang.String, java.lang.String, java.lang.String)[pri:0, instance:com.znodellc.admin9xqa.Znode9X.executor.Execute@d8355a8]" name="getSteps" duration-ms="147" started-at="2017-06-13T18:03:30Z" data-provider="hybridData" finished-at="2017-06-13T18:03:31Z">
          <params>
            <param index="0">
              <value>
                <![CDATA[Attribute Test1]]>
              </value>
            </param>
            <param index="1">
              <value>
                <![CDATA[2.0]]>
              </value>
            </param>
            <param index="2">
              <value>
                <![CDATA[Enter correct username]]>
              </value>
            </param>
            <param index="3">
              <value>
                <![CDATA[SendKeys]]>
              </value>
            </param>
            <param index="4">
              <value>
                <![CDATA[Znode9X.addNew.username]]>
              </value>
            </param>
            <param index="5">
              <value>
                <![CDATA[admin@znode.com]]>
              </value>
            </param>
            <param index="6">
              <value>
                <![CDATA[NA]]>
              </value>
            </param>
            <param index="7">
              <value>
                <![CDATA[NA]]>
              </value>
            </param>
            <param index="8">
              <value>
                <![CDATA[]]>
              </value>
            </param>
            <param index="9">
              <value>
                <![CDATA[]]>
              </value>
            </param>
          </params>
          <reporter-output>
          </reporter-output>
        </test-method> <!-- getSteps -->
        <test-method status="PASS" signature="getSteps(java.lang.String, java.lang.String, java.lang.String, java.lang.String, java.lang.String, java.lang.String, java.lang.String, java.lang.String, java.lang.String, java.lang.String)[pri:0, instance:com.znodellc.admin9xqa.Znode9X.executor.Execute@d8355a8]" name="getSteps" duration-ms="133" started-at="2017-06-13T18:03:31Z" data-provider="hybridData" finished-at="2017-06-13T18:03:31Z">
          <params>
            <param index="0">
              <value>
                <![CDATA[Attribute Test1]]>
              </value>
            </param>
            <param index="1">
              <value>
                <![CDATA[3.0]]>
              </value>
            </param>
            <param index="2">
              <value>
                <![CDATA[Enter correct password]]>
              </value>
            </param>
            <param index="3">
              <value>
                <![CDATA[SendKeys]]>
              </value>
            </param>
            <param index="4">
              <value>
                <![CDATA[Znode9X.addNew.password]]>
              </value>
            </param>
            <param index="5">
              <value>
                <![CDATA[admin12345]]>
              </value>
            </param>
            <param index="6">
              <value>
                <![CDATA[NA]]>
              </value>
            </param>
            <param index="7">
              <value>
                <![CDATA[NA]]>
              </value>
            </param>
            <param index="8">
              <value>
                <![CDATA[]]>
              </value>
            </param>
            <param index="9">
              <value>
                <![CDATA[]]>
              </value>
            </param>
          </params>
          <reporter-output>
          </reporter-output>
        </test-method> <!-- getSteps -->
        <test-method status="PASS" signature="getSteps(java.lang.String, java.lang.String, java.lang.String, java.lang.String, java.lang.String, java.lang.String, java.lang.String, java.lang.String, java.lang.String, java.lang.String)[pri:0, instance:com.znodellc.admin9xqa.Znode9X.executor.Execute@d8355a8]" name="getSteps" duration-ms="2655" started-at="2017-06-13T18:03:31Z" data-provider="hybridData" finished-at="2017-06-13T18:03:33Z">
          <params>
            <param index="0">
              <value>
                <![CDATA[Attribute Test1]]>
              </value>
            </param>
            <param index="1">
              <value>
                <![CDATA[4.0]]>
              </value>
            </param>
            <param index="2">
              <value>
                <![CDATA[click on login]]>
              </value>
            </param>
            <param index="3">
              <value>
                <![CDATA[Click]]>
              </value>
            </param>
            <param index="4">
              <value>
                <![CDATA[Znode9X.addNew.loginbutton]]>
              </value>
            </param>
            <param index="5">
              <value>
                <![CDATA[NA]]>
              </value>
            </param>
            <param index="6">
              <value>
                <![CDATA[NA]]>
              </value>
            </param>
            <param index="7">
              <value>
                <![CDATA[NA]]>
              </value>
            </param>
            <param index="8">
              <value>
                <![CDATA[]]>
              </value>
            </param>
            <param index="9">
              <value>
                <![CDATA[]]>
              </value>
            </param>
          </params>
          <reporter-output>
          </reporter-output>
        </test-method> <!-- getSteps -->
        <test-method status="PASS" signature="getSteps(java.lang.String, java.lang.String, java.lang.String, java.lang.String, java.lang.String, java.lang.String, java.lang.String, java.lang.String, java.lang.String, java.lang.String)[pri:0, instance:com.znodellc.admin9xqa.Znode9X.executor.Execute@d8355a8]" name="getSteps" duration-ms="134" started-at="2017-06-13T18:03:33Z" data-provider="hybridData" finished-at="2017-06-13T18:03:34Z">
          <params>
            <param index="0">
              <value>
                <![CDATA[Attribute Test1]]>
              </value>
            </param>
            <param index="1">
              <value>
                <![CDATA[5.0]]>
              </value>
            </param>
            <param index="2">
              <value>
                <![CDATA[Click on Menu button]]>
              </value>
            </param>
            <param index="3">
              <value>
                <![CDATA[Click]]>
              </value>
            </param>
            <param index="4">
              <value>
                <![CDATA[Znode9X.addNew.menu]]>
              </value>
            </param>
            <param index="5">
              <value>
                <![CDATA[NA]]>
              </value>
            </param>
            <param index="6">
              <value>
                <![CDATA[NA]]>
              </value>
            </param>
            <param index="7">
              <value>
                <![CDATA[NA]]>
              </value>
            </param>
            <param index="8">
              <value>
                <![CDATA[]]>
              </value>
            </param>
            <param index="9">
              <value>
                <![CDATA[]]>
              </value>
            </param>
          </params>
          <reporter-output>
          </reporter-output>
        </test-method> <!-- getSteps -->
        <test-method status="PASS" signature="getSteps(java.lang.String, java.lang.String, java.lang.String, java.lang.String, java.lang.String, java.lang.String, java.lang.String, java.lang.String, java.lang.String, java.lang.String)[pri:0, instance:com.znodellc.admin9xqa.Znode9X.executor.Execute@d8355a8]" name="getSteps" duration-ms="2668" started-at="2017-06-13T18:03:34Z" data-provider="hybridData" finished-at="2017-06-13T18:03:36Z">
          <params>
            <param index="0">
              <value>
                <![CDATA[Attribute Test1]]>
              </value>
            </param>
            <param index="1">
              <value>
                <![CDATA[6.0]]>
              </value>
            </param>
            <param index="2">
              <value>
                <![CDATA[Click on products attribute in PIM module]]>
              </value>
            </param>
            <param index="3">
              <value>
                <![CDATA[Click]]>
              </value>
            </param>
            <param index="4">
              <value>
                <![CDATA[Znode9X.addNew.productAttributes]]>
              </value>
            </param>
            <param index="5">
              <value>
                <![CDATA[NA]]>
              </value>
            </param>
            <param index="6">
              <value>
                <![CDATA[NA]]>
              </value>
            </param>
            <param index="7">
              <value>
                <![CDATA[NA]]>
              </value>
            </param>
            <param index="8">
              <value>
                <![CDATA[]]>
              </value>
            </param>
            <param index="9">
              <value>
                <![CDATA[]]>
              </value>
            </param>
          </params>
          <reporter-output>
          </reporter-output>
        </test-method> <!-- getSteps -->
        <test-method status="PASS" signature="getSteps(java.lang.String, java.lang.String, java.lang.String, java.lang.String, java.lang.String, java.lang.String, java.lang.String, java.lang.String, java.lang.String, java.lang.String)[pri:0, instance:com.znodellc.admin9xqa.Znode9X.executor.Execute@d8355a8]" name="getSteps" duration-ms="27" started-at="2017-06-13T18:03:36Z" data-provider="hybridData" finished-at="2017-06-13T18:03:36Z">
          <params>
            <param index="0">
              <value>
                <![CDATA[Attribute Test2]]>
              </value>
            </param>
            <param index="1">
              <value>
                <![CDATA[7.0]]>
              </value>
            </param>
            <param index="2">
              <value>
                <![CDATA[Click on Add New]]>
              </value>
            </param>
            <param index="3">
              <value>
                <![CDATA[Click]]>
              </value>
            </param>
            <param index="4">
              <value>
                <![CDATA[Znode9X.addNew.addnewoption]]>
              </value>
            </param>
            <param index="5">
              <value>
                <![CDATA[NA]]>
              </value>
            </param>
            <param index="6">
              <value>
                <![CDATA[NA]]>
              </value>
            </param>
            <param index="7">
              <value>
                <![CDATA[NA]]>
              </value>
            </param>
            <param index="8">
              <value>
                <![CDATA[]]>
              </value>
            </param>
            <param index="9">
              <value>
                <![CDATA[]]>
              </value>
            </param>
          </params>
          <reporter-output>
          </reporter-output>
        </test-method> <!-- getSteps -->
        <test-method status="PASS" signature="getSteps(java.lang.String, java.lang.String, java.lang.String, java.lang.String, java.lang.String, java.lang.String, java.lang.String, java.lang.String, java.lang.String, java.lang.String)[pri:0, instance:com.znodellc.admin9xqa.Znode9X.executor.Execute@d8355a8]" name="getSteps" duration-ms="34" started-at="2017-06-13T18:03:36Z" data-provider="hybridData" finished-at="2017-06-13T18:03:36Z">
          <params>
            <param index="0">
              <value>
                <![CDATA[Attribute Test2]]>
              </value>
            </param>
            <param index="1">
              <value>
                <![CDATA[8.0]]>
              </value>
            </param>
            <param index="2">
              <value>
                <![CDATA[Keep all the fields Blank and click on Cancel button]]>
              </value>
            </param>
            <param index="3">
              <value>
                <![CDATA[Click]]>
              </value>
            </param>
            <param index="4">
              <value>
                <![CDATA[Znode9X.addNew.cancel]]>
              </value>
            </param>
            <param index="5">
              <value>
                <![CDATA[NA]]>
              </value>
            </param>
            <param index="6">
              <value>
                <![CDATA[NA]]>
              </value>
            </param>
            <param index="7">
              <value>
                <![CDATA[NA]]>
              </value>
            </param>
            <param index="8">
              <value>
                <![CDATA[]]>
              </value>
            </param>
            <param index="9">
              <value>
                <![CDATA[]]>
              </value>
            </param>
          </params>
          <reporter-output>
          </reporter-output>
        </test-method> <!-- getSteps -->
        <test-method status="PASS" signature="getSteps(java.lang.String, java.lang.String, java.lang.String, java.lang.String, java.lang.String, java.lang.String, java.lang.String, java.lang.String, java.lang.String, java.lang.String)[pri:0, instance:com.znodellc.admin9xqa.Znode9X.executor.Execute@d8355a8]" name="getSteps" duration-ms="30" started-at="2017-06-13T18:03:36Z" data-provider="hybridData" finished-at="2017-06-13T18:03:36Z">
          <params>
            <param index="0">
              <value>
                <![CDATA[Attribute Test2]]>
              </value>
            </param>
            <param index="1">
              <value>
                <![CDATA[9.0]]>
              </value>
            </param>
            <param index="2">
              <value>
                <![CDATA[It navigates back to Attribute page.]]>
              </value>
            </param>
            <param index="3">
              <value>
                <![CDATA[AssertPageTitle]]>
              </value>
            </param>
            <param index="4">
              <value>
                <![CDATA[Znode9X.addNew.Validation]]>
              </value>
            </param>
            <param index="5">
              <value>
                <![CDATA[PIM | Multifront®]]>
              </value>
            </param>
            <param index="6">
              <value>
                <![CDATA[NA]]>
              </value>
            </param>
            <param index="7">
              <value>
                <![CDATA[NA]]>
              </value>
            </param>
            <param index="8">
              <value>
                <![CDATA[]]>
              </value>
            </param>
            <param index="9">
              <value>
                <![CDATA[]]>
              </value>
            </param>
          </params>
          <reporter-output>
          </reporter-output>
        </test-method> <!-- getSteps -->
        <test-method status="PASS" signature="getSteps(java.lang.String, java.lang.String, java.lang.String, java.lang.String, java.lang.String, java.lang.String, java.lang.String, java.lang.String, java.lang.String, java.lang.String)[pri:0, instance:com.znodellc.admin9xqa.Znode9X.executor.Execute@d8355a8]" name="getSteps" duration-ms="25" started-at="2017-06-13T18:03:36Z" data-provider="hybridData" finished-at="2017-06-13T18:03:36Z">
          <params>
            <param index="0">
              <value>
                <![CDATA[Attribute Test3]]>
              </value>
            </param>
            <param index="1">
              <value>
                <![CDATA[10.0]]>
              </value>
            </param>
            <param index="2">
              <value>
                <![CDATA[Click on Add New]]>
              </value>
            </param>
            <param index="3">
              <value>
                <![CDATA[Click]]>
              </value>
            </param>
            <param index="4">
              <value>
                <![CDATA[Znode9X.addNew.addnewoption]]>
              </value>
            </param>
            <param index="5">
              <value>
                <![CDATA[NA]]>
              </value>
            </param>
            <param index="6">
              <value>
                <![CDATA[NA]]>
              </value>
            </param>
            <param index="7">
              <value>
                <![CDATA[NA]]>
              </value>
            </param>
            <param index="8">
              <value>
                <![CDATA[]]>
              </value>
            </param>
            <param index="9">
              <value>
                <![CDATA[]]>
              </value>
            </param>
          </params>
          <reporter-output>
          </reporter-output>
        </test-method> <!-- getSteps -->
        <test-method status="PASS" signature="getSteps(java.lang.String, java.lang.String, java.lang.String, java.lang.String, java.lang.String, java.lang.String, java.lang.String, java.lang.String, java.lang.String, java.lang.String)[pri:0, instance:com.znodellc.admin9xqa.Znode9X.executor.Execute@d8355a8]" name="getSteps" duration-ms="32" started-at="2017-06-13T18:03:36Z" data-provider="hybridData" finished-at="2017-06-13T18:03:36Z">
          <params>
            <param index="0">
              <value>
                <![CDATA[Attribute Test3]]>
              </value>
            </param>
            <param index="1">
              <value>
                <![CDATA[11.0]]>
              </value>
            </param>
            <param index="2">
              <value>
                <![CDATA[Keep all the fields blank and Click on Save Button]]>
              </value>
            </param>
            <param index="3">
              <value>
                <![CDATA[Click]]>
              </value>
            </param>
            <param index="4">
              <value>
                <![CDATA[Znode9X.addNew.save]]>
              </value>
            </param>
            <param index="5">
              <value>
                <![CDATA[NA]]>
              </value>
            </param>
            <param index="6">
              <value>
                <![CDATA[NA]]>
              </value>
            </param>
            <param index="7">
              <value>
                <![CDATA[NA]]>
              </value>
            </param>
            <param index="8">
              <value>
                <![CDATA[]]>
              </value>
            </param>
            <param index="9">
              <value>
                <![CDATA[]]>
              </value>
            </param>
          </params>
          <reporter-output>
          </reporter-output>
        </test-method> <!-- getSteps -->
        <test-method status="PASS" signature="getSteps(java.lang.String, java.lang.String, java.lang.String, java.lang.String, java.lang.String, java.lang.String, java.lang.String, java.lang.String, java.lang.String, java.lang.String)[pri:0, instance:com.znodellc.admin9xqa.Znode9X.executor.Execute@d8355a8]" name="getSteps" duration-ms="8" started-at="2017-06-13T18:03:36Z" data-provider="hybridData" finished-at="2017-06-13T18:03:36Z">
          <params>
            <param index="0">
              <value>
                <![CDATA[Attribute Test3]]>
              </value>
            </param>
            <param index="1">
              <value>
                <![CDATA[12.0]]>
              </value>
            </param>
            <param index="2">
              <value>
                <![CDATA[Check for Validation]]>
              </value>
            </param>
            <param index="3">
              <value>
                <![CDATA[Assertion]]>
              </value>
            </param>
            <param index="4">
              <value>
                <![CDATA[Znode9X.addNew.codeValidation]]>
              </value>
            </param>
            <param index="5">
              <value>
                <![CDATA[Please enter attribute code.]]>
              </value>
            </param>
            <param index="6">
              <value>
                <![CDATA[NA]]>
              </value>
            </param>
            <param index="7">
              <value>
                <![CDATA[NA]]>
              </value>
            </param>
            <param index="8">
              <value>
                <![CDATA[]]>
              </value>
            </param>
            <param index="9">
              <value>
                <![CDATA[]]>
              </value>
            </param>
          </params>
          <reporter-output>
          </reporter-output>
        </test-method> <!-- getSteps -->
        <test-method status="PASS" signature="getSteps(java.lang.String, java.lang.String, java.lang.String, java.lang.String, java.lang.String, java.lang.String, java.lang.String, java.lang.String, java.lang.String, java.lang.String)[pri:0, instance:com.znodellc.admin9xqa.Znode9X.executor.Execute@d8355a8]" name="getSteps" duration-ms="31" started-at="2017-06-13T18:03:36Z" data-provider="hybridData" finished-at="2017-06-13T18:03:36Z">
          <params>
            <param index="0">
              <value>
                <![CDATA[Attribute Test3]]>
              </value>
            </param>
            <param index="1">
              <value>
                <![CDATA[13.0]]>
              </value>
            </param>
            <param index="2">
              <value>
                <![CDATA[Click on Cancel button]]>
              </value>
            </param>
            <param index="3">
              <value>
                <![CDATA[Click]]>
              </value>
            </param>
            <param index="4">
              <value>
                <![CDATA[Znode9X.addNew.cancel]]>
              </value>
            </param>
            <param index="5">
              <value>
                <![CDATA[NA]]>
              </value>
            </param>
            <param index="6">
              <value>
                <![CDATA[NA]]>
              </value>
            </param>
            <param index="7">
              <value>
                <![CDATA[NA]]>
              </value>
            </param>
            <param index="8">
              <value>
                <![CDATA[]]>
              </value>
            </param>
            <param index="9">
              <value>
                <![CDATA[]]>
              </value>
            </param>
          </params>
          <reporter-output>
          </reporter-output>
        </test-method> <!-- getSteps -->
        <test-method status="PASS" signature="getSteps(java.lang.String, java.lang.String, java.lang.String, java.lang.String, java.lang.String, java.lang.String, java.lang.String, java.lang.String, java.lang.String, java.lang.String)[pri:0, instance:com.znodellc.admin9xqa.Znode9X.executor.Execute@d8355a8]" name="getSteps" duration-ms="36" started-at="2017-06-13T18:03:36Z" data-provider="hybridData" finished-at="2017-06-13T18:03:36Z">
          <params>
            <param index="0">
              <value>
                <![CDATA[Attribute Test4]]>
              </value>
            </param>
            <param index="1">
              <value>
                <![CDATA[14.0]]>
              </value>
            </param>
            <param index="2">
              <value>
                <![CDATA[Click on Add New]]>
              </value>
            </param>
            <param index="3">
              <value>
                <![CDATA[Click]]>
              </value>
            </param>
            <param index="4">
              <value>
                <![CDATA[Znode9X.addNew.addnewoption]]>
              </value>
            </param>
            <param index="5">
              <value>
                <![CDATA[NA]]>
              </value>
            </param>
            <param index="6">
              <value>
                <![CDATA[NA]]>
              </value>
            </param>
            <param index="7">
              <value>
                <![CDATA[NA]]>
              </value>
            </param>
            <param index="8">
              <value>
                <![CDATA[]]>
              </value>
            </param>
            <param index="9">
              <value>
                <![CDATA[]]>
              </value>
            </param>
          </params>
          <reporter-output>
          </reporter-output>
        </test-method> <!-- getSteps -->
        <test-method status="PASS" signature="getSteps(java.lang.String, java.lang.String, java.lang.String, java.lang.String, java.lang.String, java.lang.String, java.lang.String, java.lang.String, java.lang.String, java.lang.String)[pri:0, instance:com.znodellc.admin9xqa.Znode9X.executor.Execute@d8355a8]" name="getSteps" duration-ms="22" started-at="2017-06-13T18:03:36Z" data-provider="hybridData" finished-at="2017-06-13T18:03:36Z">
          <params>
            <param index="0">
              <value>
                <![CDATA[Attribute Test4]]>
              </value>
            </param>
            <param index="1">
              <value>
                <![CDATA[15.0]]>
              </value>
            </param>
            <param index="2">
              <value>
                <![CDATA[Keep all the fields blank and click on Save&Close Button]]>
              </value>
            </param>
            <param index="3">
              <value>
                <![CDATA[Click]]>
              </value>
            </param>
            <param index="4">
              <value>
                <![CDATA[Znode9X.addNew.save&Close]]>
              </value>
            </param>
            <param index="5">
              <value>
                <![CDATA[NA]]>
              </value>
            </param>
            <param index="6">
              <value>
                <![CDATA[NA]]>
              </value>
            </param>
            <param index="7">
              <value>
                <![CDATA[NA]]>
              </value>
            </param>
            <param index="8">
              <value>
                <![CDATA[]]>
              </value>
            </param>
            <param index="9">
              <value>
                <![CDATA[]]>
              </value>
            </param>
          </params>
          <reporter-output>
          </reporter-output>
        </test-method> <!-- getSteps -->
        <test-method status="PASS" signature="getSteps(java.lang.String, java.lang.String, java.lang.String, java.lang.String, java.lang.String, java.lang.String, java.lang.String, java.lang.String, java.lang.String, java.lang.String)[pri:0, instance:com.znodellc.admin9xqa.Znode9X.executor.Execute@d8355a8]" name="getSteps" duration-ms="20" started-at="2017-06-13T18:03:36Z" data-provider="hybridData" finished-at="2017-06-13T18:03:36Z">
          <params>
            <param index="0">
              <value>
                <![CDATA[Attribute Test4]]>
              </value>
            </param>
            <param index="1">
              <value>
                <![CDATA[16.0]]>
              </value>
            </param>
            <param index="2">
              <value>
                <![CDATA[Check for Validation]]>
              </value>
            </param>
            <param index="3">
              <value>
                <![CDATA[Assertion]]>
              </value>
            </param>
            <param index="4">
              <value>
                <![CDATA[Znode9X.addNew.codeValidation]]>
              </value>
            </param>
            <param index="5">
              <value>
                <![CDATA[Please enter attribute code.]]>
              </value>
            </param>
            <param index="6">
              <value>
                <![CDATA[NA]]>
              </value>
            </param>
            <param index="7">
              <value>
                <![CDATA[NA]]>
              </value>
            </param>
            <param index="8">
              <value>
                <![CDATA[]]>
              </value>
            </param>
            <param index="9">
              <value>
                <![CDATA[]]>
              </value>
            </param>
          </params>
          <reporter-output>
          </reporter-output>
        </test-method> <!-- getSteps -->
        <test-method status="PASS" signature="getSteps(java.lang.String, java.lang.String, java.lang.String, java.lang.String, java.lang.String, java.lang.String, java.lang.String, java.lang.String, java.lang.String, java.lang.String)[pri:0, instance:com.znodellc.admin9xqa.Znode9X.executor.Execute@d8355a8]" name="getSteps" duration-ms="15" started-at="2017-06-13T18:03:36Z" data-provider="hybridData" finished-at="2017-06-13T18:03:36Z">
          <params>
            <param index="0">
              <value>
                <![CDATA[Attribute Test4]]>
              </value>
            </param>
            <param index="1">
              <value>
                <![CDATA[17.0]]>
              </value>
            </param>
            <param index="2">
              <value>
                <![CDATA[Click on Cancel button]]>
              </value>
            </param>
            <param index="3">
              <value>
                <![CDATA[Click]]>
              </value>
            </param>
            <param index="4">
              <value>
                <![CDATA[Znode9X.addNew.cancel]]>
              </value>
            </param>
            <param index="5">
              <value>
                <![CDATA[NA]]>
              </value>
            </param>
            <param index="6">
              <value>
                <![CDATA[NA]]>
              </value>
            </param>
            <param index="7">
              <value>
                <![CDATA[NA]]>
              </value>
            </param>
            <param index="8">
              <value>
                <![CDATA[]]>
              </value>
            </param>
            <param index="9">
              <value>
                <![CDATA[]]>
              </value>
            </param>
          </params>
          <reporter-output>
          </reporter-output>
        </test-method> <!-- getSteps -->
        <test-method status="PASS" signature="getSteps(java.lang.String, java.lang.String, java.lang.String, java.lang.String, java.lang.String, java.lang.String, java.lang.String, java.lang.String, java.lang.String, java.lang.String)[pri:0, instance:com.znodellc.admin9xqa.Znode9X.executor.Execute@d8355a8]" name="getSteps" duration-ms="34" started-at="2017-06-13T18:03:36Z" data-provider="hybridData" finished-at="2017-06-13T18:03:37Z">
          <params>
            <param index="0">
              <value>
                <![CDATA[Attribute Test5]]>
              </value>
            </param>
            <param index="1">
              <value>
                <![CDATA[18.0]]>
              </value>
            </param>
            <param index="2">
              <value>
                <![CDATA[Click on Add New]]>
              </value>
            </param>
            <param index="3">
              <value>
                <![CDATA[Click]]>
              </value>
            </param>
            <param index="4">
              <value>
                <![CDATA[Znode9X.addNew.addnewoption]]>
              </value>
            </param>
            <param index="5">
              <value>
                <![CDATA[NA]]>
              </value>
            </param>
            <param index="6">
              <value>
                <![CDATA[NA]]>
              </value>
            </param>
            <param index="7">
              <value>
                <![CDATA[NA]]>
              </value>
            </param>
            <param index="8">
              <value>
                <![CDATA[]]>
              </value>
            </param>
            <param index="9">
              <value>
                <![CDATA[]]>
              </value>
            </param>
          </params>
          <reporter-output>
          </reporter-output>
        </test-method> <!-- getSteps -->
        <test-method status="PASS" signature="getSteps(java.lang.String, java.lang.String, java.lang.String, java.lang.String, java.lang.String, java.lang.String, java.lang.String, java.lang.String, java.lang.String, java.lang.String)[pri:0, instance:com.znodellc.admin9xqa.Znode9X.executor.Execute@d8355a8]" name="getSteps" duration-ms="15" started-at="2017-06-13T18:03:37Z" data-provider="hybridData" finished-at="2017-06-13T18:03:37Z">
          <params>
            <param index="0">
              <value>
                <![CDATA[Attribute Test5]]>
              </value>
            </param>
            <param index="1">
              <value>
                <![CDATA[19.0]]>
              </value>
            </param>
            <param index="2">
              <value>
                <![CDATA[Select a text dropdown in Attribute Type]]>
              </value>
            </param>
            <param index="3">
              <value>
                <![CDATA[DropDown]]>
              </value>
            </param>
            <param index="4">
              <value>
                <![CDATA[Znode9X.addNew.attributeType]]>
              </value>
            </param>
            <param index="5">
              <value>
                <![CDATA[Text]]>
              </value>
            </param>
            <param index="6">
              <value>
                <![CDATA[NA]]>
              </value>
            </param>
            <param index="7">
              <value>
                <![CDATA[NA]]>
              </value>
            </param>
            <param index="8">
              <value>
                <![CDATA[]]>
              </value>
            </param>
            <param index="9">
              <value>
                <![CDATA[]]>
              </value>
            </param>
          </params>
          <reporter-output>
          </reporter-output>
        </test-method> <!-- getSteps -->
        <test-method status="PASS" signature="getSteps(java.lang.String, java.lang.String, java.lang.String, java.lang.String, java.lang.String, java.lang.String, java.lang.String, java.lang.String, java.lang.String, java.lang.String)[pri:0, instance:com.znodellc.admin9xqa.Znode9X.executor.Execute@d8355a8]" name="getSteps" duration-ms="23" started-at="2017-06-13T18:03:37Z" data-provider="hybridData" finished-at="2017-06-13T18:03:37Z">
          <params>
            <param index="0">
              <value>
                <![CDATA[Attribute Test5]]>
              </value>
            </param>
            <param index="1">
              <value>
                <![CDATA[20.0]]>
              </value>
            </param>
            <param index="2">
              <value>
                <![CDATA[Enter the value in Code field and keep locale field Blank]]>
              </value>
            </param>
            <param index="3">
              <value>
                <![CDATA[SendKeys]]>
              </value>
            </param>
            <param index="4">
              <value>
                <![CDATA[Znode9X.addNew.code]]>
              </value>
            </param>
            <param index="5">
              <value>
                <![CDATA[Colour]]>
              </value>
            </param>
            <param index="6">
              <value>
                <![CDATA[NA]]>
              </value>
            </param>
            <param index="7">
              <value>
                <![CDATA[NA]]>
              </value>
            </param>
            <param index="8">
              <value>
                <![CDATA[]]>
              </value>
            </param>
            <param index="9">
              <value>
                <![CDATA[]]>
              </value>
            </param>
          </params>
          <reporter-output>
          </reporter-output>
        </test-method> <!-- getSteps -->
        <test-method status="PASS" signature="getSteps(java.lang.String, java.lang.String, java.lang.String, java.lang.String, java.lang.String, java.lang.String, java.lang.String, java.lang.String, java.lang.String, java.lang.String)[pri:0, instance:com.znodellc.admin9xqa.Znode9X.executor.Execute@d8355a8]" name="getSteps" duration-ms="13" started-at="2017-06-13T18:03:37Z" data-provider="hybridData" finished-at="2017-06-13T18:03:37Z">
          <params>
            <param index="0">
              <value>
                <![CDATA[Attribute Test5]]>
              </value>
            </param>
            <param index="1">
              <value>
                <![CDATA[21.0]]>
              </value>
            </param>
            <param index="2">
              <value>
                <![CDATA[Click on Save]]>
              </value>
            </param>
            <param index="3">
              <value>
                <![CDATA[Click]]>
              </value>
            </param>
            <param index="4">
              <value>
                <![CDATA[Znode9X.addNew.save]]>
              </value>
            </param>
            <param index="5">
              <value>
                <![CDATA[NA]]>
              </value>
            </param>
            <param index="6">
              <value>
                <![CDATA[NA]]>
              </value>
            </param>
            <param index="7">
              <value>
                <![CDATA[NA]]>
              </value>
            </param>
            <param index="8">
              <value>
                <![CDATA[]]>
              </value>
            </param>
            <param index="9">
              <value>
                <![CDATA[]]>
              </value>
            </param>
          </params>
          <reporter-output>
          </reporter-output>
        </test-method> <!-- getSteps -->
        <test-method status="PASS" signature="getSteps(java.lang.String, java.lang.String, java.lang.String, java.lang.String, java.lang.String, java.lang.String, java.lang.String, java.lang.String, java.lang.String, java.lang.String)[pri:0, instance:com.znodellc.admin9xqa.Znode9X.executor.Execute@d8355a8]" name="getSteps" duration-ms="15" started-at="2017-06-13T18:03:37Z" data-provider="hybridData" finished-at="2017-06-13T18:03:37Z">
          <params>
            <param index="0">
              <value>
                <![CDATA[Attribute Test5]]>
              </value>
            </param>
            <param index="1">
              <value>
                <![CDATA[22.0]]>
              </value>
            </param>
            <param index="2">
              <value>
                <![CDATA[Check for Validation]]>
              </value>
            </param>
            <param index="3">
              <value>
                <![CDATA[Assertion]]>
              </value>
            </param>
            <param index="4">
              <value>
                <![CDATA[Znode9X.addNew.saveValidation]]>
              </value>
            </param>
            <param index="5">
              <value>
                <![CDATA[Record created successfully.]]>
              </value>
            </param>
            <param index="6">
              <value>
                <![CDATA[NA]]>
              </value>
            </param>
            <param index="7">
              <value>
                <![CDATA[NA]]>
              </value>
            </param>
            <param index="8">
              <value>
                <![CDATA[]]>
              </value>
            </param>
            <param index="9">
              <value>
                <![CDATA[]]>
              </value>
            </param>
          </params>
          <reporter-output>
          </reporter-output>
        </test-method> <!-- getSteps -->
        <test-method status="PASS" signature="getSteps(java.lang.String, java.lang.String, java.lang.String, java.lang.String, java.lang.String, java.lang.String, java.lang.String, java.lang.String, java.lang.String, java.lang.String)[pri:0, instance:com.znodellc.admin9xqa.Znode9X.executor.Execute@d8355a8]" name="getSteps" duration-ms="29" started-at="2017-06-13T18:03:37Z" data-provider="hybridData" finished-at="2017-06-13T18:03:37Z">
          <params>
            <param index="0">
              <value>
                <![CDATA[Attribute Test5]]>
              </value>
            </param>
            <param index="1">
              <value>
                <![CDATA[23.0]]>
              </value>
            </param>
            <param index="2">
              <value>
                <![CDATA[Click on Cancel button]]>
              </value>
            </param>
            <param index="3">
              <value>
                <![CDATA[Click]]>
              </value>
            </param>
            <param index="4">
              <value>
                <![CDATA[Znode9X.addNew.cancel]]>
              </value>
            </param>
            <param index="5">
              <value>
                <![CDATA[NA]]>
              </value>
            </param>
            <param index="6">
              <value>
                <![CDATA[NA]]>
              </value>
            </param>
            <param index="7">
              <value>
                <![CDATA[NA]]>
              </value>
            </param>
            <param index="8">
              <value>
                <![CDATA[]]>
              </value>
            </param>
            <param index="9">
              <value>
                <![CDATA[]]>
              </value>
            </param>
          </params>
          <reporter-output>
          </reporter-output>
        </test-method> <!-- getSteps -->
        <test-method status="PASS" signature="getSteps(java.lang.String, java.lang.String, java.lang.String, java.lang.String, java.lang.String, java.lang.String, java.lang.String, java.lang.String, java.lang.String, java.lang.String)[pri:0, instance:com.znodellc.admin9xqa.Znode9X.executor.Execute@d8355a8]" name="getSteps" duration-ms="19" started-at="2017-06-13T18:03:37Z" data-provider="hybridData" finished-at="2017-06-13T18:03:37Z">
          <params>
            <param index="0">
              <value>
                <![CDATA[Attribute Test6]]>
              </value>
            </param>
            <param index="1">
              <value>
                <![CDATA[24.0]]>
              </value>
            </param>
            <param index="2">
              <value>
                <![CDATA[Click on Add New]]>
              </value>
            </param>
            <param index="3">
              <value>
                <![CDATA[Click]]>
              </value>
            </param>
            <param index="4">
              <value>
                <![CDATA[Znode9X.addNew.addnewoption]]>
              </value>
            </param>
            <param index="5">
              <value>
                <![CDATA[NA]]>
              </value>
            </param>
            <param index="6">
              <value>
                <![CDATA[NA]]>
              </value>
            </param>
            <param index="7">
              <value>
                <![CDATA[NA]]>
              </value>
            </param>
            <param index="8">
              <value>
                <![CDATA[]]>
              </value>
            </param>
            <param index="9">
              <value>
                <![CDATA[]]>
              </value>
            </param>
          </params>
          <reporter-output>
          </reporter-output>
        </test-method> <!-- getSteps -->
        <test-method status="PASS" signature="getSteps(java.lang.String, java.lang.String, java.lang.String, java.lang.String, java.lang.String, java.lang.String, java.lang.String, java.lang.String, java.lang.String, java.lang.String)[pri:0, instance:com.znodellc.admin9xqa.Znode9X.executor.Execute@d8355a8]" name="getSteps" duration-ms="24" started-at="2017-06-13T18:03:37Z" data-provider="hybridData" finished-at="2017-06-13T18:03:37Z">
          <params>
            <param index="0">
              <value>
                <![CDATA[Attribute Test6]]>
              </value>
            </param>
            <param index="1">
              <value>
                <![CDATA[25.0]]>
              </value>
            </param>
            <param index="2">
              <value>
                <![CDATA[Select a text dropdown in Attribute Type]]>
              </value>
            </param>
            <param index="3">
              <value>
                <![CDATA[DropDown]]>
              </value>
            </param>
            <param index="4">
              <value>
                <![CDATA[Znode9X.addNew.attributeType]]>
              </value>
            </param>
            <param index="5">
              <value>
                <![CDATA[Text]]>
              </value>
            </param>
            <param index="6">
              <value>
                <![CDATA[NA]]>
              </value>
            </param>
            <param index="7">
              <value>
                <![CDATA[NA]]>
              </value>
            </param>
            <param index="8">
              <value>
                <![CDATA[]]>
              </value>
            </param>
            <param index="9">
              <value>
                <![CDATA[]]>
              </value>
            </param>
          </params>
          <reporter-output>
          </reporter-output>
        </test-method> <!-- getSteps -->
        <test-method status="PASS" signature="getSteps(java.lang.String, java.lang.String, java.lang.String, java.lang.String, java.lang.String, java.lang.String, java.lang.String, java.lang.String, java.lang.String, java.lang.String)[pri:0, instance:com.znodellc.admin9xqa.Znode9X.executor.Execute@d8355a8]" name="getSteps" duration-ms="16" started-at="2017-06-13T18:03:37Z" data-provider="hybridData" finished-at="2017-06-13T18:03:37Z">
          <params>
            <param index="0">
              <value>
                <![CDATA[Attribute Test6]]>
              </value>
            </param>
            <param index="1">
              <value>
                <![CDATA[26.0]]>
              </value>
            </param>
            <param index="2">
              <value>
                <![CDATA[Enter already available code in code field]]>
              </value>
            </param>
            <param index="3">
              <value>
                <![CDATA[SendKeys]]>
              </value>
            </param>
            <param index="4">
              <value>
                <![CDATA[Znode9X.addNew.code]]>
              </value>
            </param>
            <param index="5">
              <value>
                <![CDATA[Colour]]>
              </value>
            </param>
            <param index="6">
              <value>
                <![CDATA[NA]]>
              </value>
            </param>
            <param index="7">
              <value>
                <![CDATA[NA]]>
              </value>
            </param>
            <param index="8">
              <value>
                <![CDATA[]]>
              </value>
            </param>
            <param index="9">
              <value>
                <![CDATA[]]>
              </value>
            </param>
          </params>
          <reporter-output>
          </reporter-output>
        </test-method> <!-- getSteps -->
        <test-method status="PASS" signature="getSteps(java.lang.String, java.lang.String, java.lang.String, java.lang.String, java.lang.String, java.lang.String, java.lang.String, java.lang.String, java.lang.String, java.lang.String)[pri:0, instance:com.znodellc.admin9xqa.Znode9X.executor.Execute@d8355a8]" name="getSteps" duration-ms="16" started-at="2017-06-13T18:03:37Z" data-provider="hybridData" finished-at="2017-06-13T18:03:37Z">
          <params>
            <param index="0">
              <value>
                <![CDATA[Attribute Test6]]>
              </value>
            </param>
            <param index="1">
              <value>
                <![CDATA[27.0]]>
              </value>
            </param>
            <param index="2">
              <value>
                <![CDATA[Click on Save]]>
              </value>
            </param>
            <param index="3">
              <value>
                <![CDATA[Click]]>
              </value>
            </param>
            <param index="4">
              <value>
                <![CDATA[Znode9X.addNew.save]]>
              </value>
            </param>
            <param index="5">
              <value>
                <![CDATA[NA]]>
              </value>
            </param>
            <param index="6">
              <value>
                <![CDATA[NA]]>
              </value>
            </param>
            <param index="7">
              <value>
                <![CDATA[NA]]>
              </value>
            </param>
            <param index="8">
              <value>
                <![CDATA[]]>
              </value>
            </param>
            <param index="9">
              <value>
                <![CDATA[]]>
              </value>
            </param>
          </params>
          <reporter-output>
          </reporter-output>
        </test-method> <!-- getSteps -->
        <test-method status="PASS" signature="getSteps(java.lang.String, java.lang.String, java.lang.String, java.lang.String, java.lang.String, java.lang.String, java.lang.String, java.lang.String, java.lang.String, java.lang.String)[pri:0, instance:com.znodellc.admin9xqa.Znode9X.executor.Execute@d8355a8]" name="getSteps" duration-ms="15" started-at="2017-06-13T18:03:37Z" data-provider="hybridData" finished-at="2017-06-13T18:03:37Z">
          <params>
            <param index="0">
              <value>
                <![CDATA[Attribute Test6]]>
              </value>
            </param>
            <param index="1">
              <value>
                <![CDATA[28.0]]>
              </value>
            </param>
            <param index="2">
              <value>
                <![CDATA[Check for Validation]]>
              </value>
            </param>
            <param index="3">
              <value>
                <![CDATA[Assertion]]>
              </value>
            </param>
            <param index="4">
              <value>
                <![CDATA[Znode9X.addNew.duplicateCodeValidation]]>
              </value>
            </param>
            <param index="5">
              <value>
                <![CDATA[Attribute Code Already exist.]]>
              </value>
            </param>
            <param index="6">
              <value>
                <![CDATA[NA]]>
              </value>
            </param>
            <param index="7">
              <value>
                <![CDATA[NA]]>
              </value>
            </param>
            <param index="8">
              <value>
                <![CDATA[]]>
              </value>
            </param>
            <param index="9">
              <value>
                <![CDATA[]]>
              </value>
            </param>
          </params>
          <reporter-output>
          </reporter-output>
        </test-method> <!-- getSteps -->
        <test-method status="PASS" signature="getSteps(java.lang.String, java.lang.String, java.lang.String, java.lang.String, java.lang.String, java.lang.String, java.lang.String, java.lang.String, java.lang.String, java.lang.String)[pri:0, instance:com.znodellc.admin9xqa.Znode9X.executor.Execute@d8355a8]" name="getSteps" duration-ms="24" started-at="2017-06-13T18:03:37Z" data-provider="hybridData" finished-at="2017-06-13T18:03:37Z">
          <params>
            <param index="0">
              <value>
                <![CDATA[Attribute Test6]]>
              </value>
            </param>
            <param index="1">
              <value>
                <![CDATA[29.0]]>
              </value>
            </param>
            <param index="2">
              <value>
                <![CDATA[Click on Cancel button]]>
              </value>
            </param>
            <param index="3">
              <value>
                <![CDATA[Click]]>
              </value>
            </param>
            <param index="4">
              <value>
                <![CDATA[Znode9X.addNew.cancel]]>
              </value>
            </param>
            <param index="5">
              <value>
                <![CDATA[NA]]>
              </value>
            </param>
            <param index="6">
              <value>
                <![CDATA[NA]]>
              </value>
            </param>
            <param index="7">
              <value>
                <![CDATA[NA]]>
              </value>
            </param>
            <param index="8">
              <value>
                <![CDATA[]]>
              </value>
            </param>
            <param index="9">
              <value>
                <![CDATA[]]>
              </value>
            </param>
          </params>
          <reporter-output>
          </reporter-output>
        </test-method> <!-- getSteps -->
        <test-method status="PASS" signature="getSteps(java.lang.String, java.lang.String, java.lang.String, java.lang.String, java.lang.String, java.lang.String, java.lang.String, java.lang.String, java.lang.String, java.lang.String)[pri:0, instance:com.znodellc.admin9xqa.Znode9X.executor.Execute@d8355a8]" name="getSteps" duration-ms="16" started-at="2017-06-13T18:03:37Z" data-provider="hybridData" finished-at="2017-06-13T18:03:37Z">
          <params>
            <param index="0">
              <value>
                <![CDATA[Attribute Test7]]>
              </value>
            </param>
            <param index="1">
              <value>
                <![CDATA[30.0]]>
              </value>
            </param>
            <param index="2">
              <value>
                <![CDATA[Click on Add New]]>
              </value>
            </param>
            <param index="3">
              <value>
                <![CDATA[Click]]>
              </value>
            </param>
            <param index="4">
              <value>
                <![CDATA[Znode9X.addNew.addnewoption]]>
              </value>
            </param>
            <param index="5">
              <value>
                <![CDATA[NA]]>
              </value>
            </param>
            <param index="6">
              <value>
                <![CDATA[NA]]>
              </value>
            </param>
            <param index="7">
              <value>
                <![CDATA[NA]]>
              </value>
            </param>
            <param index="8">
              <value>
                <![CDATA[]]>
              </value>
            </param>
            <param index="9">
              <value>
                <![CDATA[]]>
              </value>
            </param>
          </params>
          <reporter-output>
          </reporter-output>
        </test-method> <!-- getSteps -->
        <test-method status="PASS" signature="getSteps(java.lang.String, java.lang.String, java.lang.String, java.lang.String, java.lang.String, java.lang.String, java.lang.String, java.lang.String, java.lang.String, java.lang.String)[pri:0, instance:com.znodellc.admin9xqa.Znode9X.executor.Execute@d8355a8]" name="getSteps" duration-ms="15" started-at="2017-06-13T18:03:37Z" data-provider="hybridData" finished-at="2017-06-13T18:03:37Z">
          <params>
            <param index="0">
              <value>
                <![CDATA[Attribute Test7]]>
              </value>
            </param>
            <param index="1">
              <value>
                <![CDATA[31.0]]>
              </value>
            </param>
            <param index="2">
              <value>
                <![CDATA[Select a Yes/No dropdown in Attribute Type]]>
              </value>
            </param>
            <param index="3">
              <value>
                <![CDATA[DropDown]]>
              </value>
            </param>
            <param index="4">
              <value>
                <![CDATA[Znode9X.addNew.attributeType]]>
              </value>
            </param>
            <param index="5">
              <value>
                <![CDATA[Yes/No]]>
              </value>
            </param>
            <param index="6">
              <value>
                <![CDATA[NA]]>
              </value>
            </param>
            <param index="7">
              <value>
                <![CDATA[NA]]>
              </value>
            </param>
            <param index="8">
              <value>
                <![CDATA[]]>
              </value>
            </param>
            <param index="9">
              <value>
                <![CDATA[]]>
              </value>
            </param>
          </params>
          <reporter-output>
          </reporter-output>
        </test-method> <!-- getSteps -->
        <test-method status="PASS" signature="getSteps(java.lang.String, java.lang.String, java.lang.String, java.lang.String, java.lang.String, java.lang.String, java.lang.String, java.lang.String, java.lang.String, java.lang.String)[pri:0, instance:com.znodellc.admin9xqa.Znode9X.executor.Execute@d8355a8]" name="getSteps" duration-ms="22" started-at="2017-06-13T18:03:37Z" data-provider="hybridData" finished-at="2017-06-13T18:03:37Z">
          <params>
            <param index="0">
              <value>
                <![CDATA[Attribute Test7]]>
              </value>
            </param>
            <param index="1">
              <value>
                <![CDATA[32.0]]>
              </value>
            </param>
            <param index="2">
              <value>
                <![CDATA[Enter value in Code field]]>
              </value>
            </param>
            <param index="3">
              <value>
                <![CDATA[SendKeys]]>
              </value>
            </param>
            <param index="4">
              <value>
                <![CDATA[Znode9X.addNew.code]]>
              </value>
            </param>
            <param index="5">
              <value>
                <![CDATA[Support]]>
              </value>
            </param>
            <param index="6">
              <value>
                <![CDATA[NA]]>
              </value>
            </param>
            <param index="7">
              <value>
                <![CDATA[NA]]>
              </value>
            </param>
            <param index="8">
              <value>
                <![CDATA[]]>
              </value>
            </param>
            <param index="9">
              <value>
                <![CDATA[]]>
              </value>
            </param>
          </params>
          <reporter-output>
          </reporter-output>
        </test-method> <!-- getSteps -->
        <test-method status="PASS" signature="getSteps(java.lang.String, java.lang.String, java.lang.String, java.lang.String, java.lang.String, java.lang.String, java.lang.String, java.lang.String, java.lang.String, java.lang.String)[pri:0, instance:com.znodellc.admin9xqa.Znode9X.executor.Execute@d8355a8]" name="getSteps" duration-ms="16" started-at="2017-06-13T18:03:37Z" data-provider="hybridData" finished-at="2017-06-13T18:03:37Z">
          <params>
            <param index="0">
              <value>
                <![CDATA[Attribute Test7]]>
              </value>
            </param>
            <param index="1">
              <value>
                <![CDATA[33.0]]>
              </value>
            </param>
            <param index="2">
              <value>
                <![CDATA[Select Attribute Group DropDown]]>
              </value>
            </param>
            <param index="3">
              <value>
                <![CDATA[DropDown]]>
              </value>
            </param>
            <param index="4">
              <value>
                <![CDATA[Znode9X.addNew.attributeGroup]]>
              </value>
            </param>
            <param index="5">
              <value>
                <![CDATA[ProductInfo]]>
              </value>
            </param>
            <param index="6">
              <value>
                <![CDATA[NA]]>
              </value>
            </param>
            <param index="7">
              <value>
                <![CDATA[NA]]>
              </value>
            </param>
            <param index="8">
              <value>
                <![CDATA[]]>
              </value>
            </param>
            <param index="9">
              <value>
                <![CDATA[]]>
              </value>
            </param>
          </params>
          <reporter-output>
          </reporter-output>
        </test-method> <!-- getSteps -->
        <test-method status="PASS" signature="getSteps(java.lang.String, java.lang.String, java.lang.String, java.lang.String, java.lang.String, java.lang.String, java.lang.String, java.lang.String, java.lang.String, java.lang.String)[pri:0, instance:com.znodellc.admin9xqa.Znode9X.executor.Execute@d8355a8]" name="getSteps" duration-ms="16" started-at="2017-06-13T18:03:37Z" data-provider="hybridData" finished-at="2017-06-13T18:03:37Z">
          <params>
            <param index="0">
              <value>
                <![CDATA[Attribute Test7]]>
              </value>
            </param>
            <param index="1">
              <value>
                <![CDATA[34.0]]>
              </value>
            </param>
            <param index="2">
              <value>
                <![CDATA[Enter value in Help Description field]]>
              </value>
            </param>
            <param index="3">
              <value>
                <![CDATA[SendKeys]]>
              </value>
            </param>
            <param index="4">
              <value>
                <![CDATA[Znode9X.addNew.helpDescription]]>
              </value>
            </param>
            <param index="5">
              <value>
                <![CDATA[abc]]>
              </value>
            </param>
            <param index="6">
              <value>
                <![CDATA[NA]]>
              </value>
            </param>
            <param index="7">
              <value>
                <![CDATA[NA]]>
              </value>
            </param>
            <param index="8">
              <value>
                <![CDATA[]]>
              </value>
            </param>
            <param index="9">
              <value>
                <![CDATA[]]>
              </value>
            </param>
          </params>
          <reporter-output>
          </reporter-output>
        </test-method> <!-- getSteps -->
        <test-method status="PASS" signature="getSteps(java.lang.String, java.lang.String, java.lang.String, java.lang.String, java.lang.String, java.lang.String, java.lang.String, java.lang.String, java.lang.String, java.lang.String)[pri:0, instance:com.znodellc.admin9xqa.Znode9X.executor.Execute@d8355a8]" name="getSteps" duration-ms="16" started-at="2017-06-13T18:03:37Z" data-provider="hybridData" finished-at="2017-06-13T18:03:37Z">
          <params>
            <param index="0">
              <value>
                <![CDATA[Attribute Test7]]>
              </value>
            </param>
            <param index="1">
              <value>
                <![CDATA[35.0]]>
              </value>
            </param>
            <param index="2">
              <value>
                <![CDATA[Click on Save]]>
              </value>
            </param>
            <param index="3">
              <value>
                <![CDATA[Click]]>
              </value>
            </param>
            <param index="4">
              <value>
                <![CDATA[Znode9X.addNew.save]]>
              </value>
            </param>
            <param index="5">
              <value>
                <![CDATA[NA]]>
              </value>
            </param>
            <param index="6">
              <value>
                <![CDATA[NA]]>
              </value>
            </param>
            <param index="7">
              <value>
                <![CDATA[NA]]>
              </value>
            </param>
            <param index="8">
              <value>
                <![CDATA[]]>
              </value>
            </param>
            <param index="9">
              <value>
                <![CDATA[]]>
              </value>
            </param>
          </params>
          <reporter-output>
          </reporter-output>
        </test-method> <!-- getSteps -->
        <test-method status="PASS" signature="getSteps(java.lang.String, java.lang.String, java.lang.String, java.lang.String, java.lang.String, java.lang.String, java.lang.String, java.lang.String, java.lang.String, java.lang.String)[pri:0, instance:com.znodellc.admin9xqa.Znode9X.executor.Execute@d8355a8]" name="getSteps" duration-ms="13" started-at="2017-06-13T18:03:37Z" data-provider="hybridData" finished-at="2017-06-13T18:03:37Z">
          <params>
            <param index="0">
              <value>
                <![CDATA[Attribute Test7]]>
              </value>
            </param>
            <param index="1">
              <value>
                <![CDATA[36.0]]>
              </value>
            </param>
            <param index="2">
              <value>
                <![CDATA[Check for Validation]]>
              </value>
            </param>
            <param index="3">
              <value>
                <![CDATA[Assertion]]>
              </value>
            </param>
            <param index="4">
              <value>
                <![CDATA[Znode9X.addNew.saveValidation]]>
              </value>
            </param>
            <param index="5">
              <value>
                <![CDATA[Record created successfully.]]>
              </value>
            </param>
            <param index="6">
              <value>
                <![CDATA[NA]]>
              </value>
            </param>
            <param index="7">
              <value>
                <![CDATA[NA]]>
              </value>
            </param>
            <param index="8">
              <value>
                <![CDATA[]]>
              </value>
            </param>
            <param index="9">
              <value>
                <![CDATA[]]>
              </value>
            </param>
          </params>
          <reporter-output>
          </reporter-output>
        </test-method> <!-- getSteps -->
        <test-method status="PASS" signature="getSteps(java.lang.String, java.lang.String, java.lang.String, java.lang.String, java.lang.String, java.lang.String, java.lang.String, java.lang.String, java.lang.String, java.lang.String)[pri:0, instance:com.znodellc.admin9xqa.Znode9X.executor.Execute@d8355a8]" name="getSteps" duration-ms="16" started-at="2017-06-13T18:03:37Z" data-provider="hybridData" finished-at="2017-06-13T18:03:37Z">
          <params>
            <param index="0">
              <value>
                <![CDATA[Attribute Test7]]>
              </value>
            </param>
            <param index="1">
              <value>
                <![CDATA[37.0]]>
              </value>
            </param>
            <param index="2">
              <value>
                <![CDATA[Click on Cancel button]]>
              </value>
            </param>
            <param index="3">
              <value>
                <![CDATA[Click]]>
              </value>
            </param>
            <param index="4">
              <value>
                <![CDATA[Znode9X.addNew.cancel]]>
              </value>
            </param>
            <param index="5">
              <value>
                <![CDATA[NA]]>
              </value>
            </param>
            <param index="6">
              <value>
                <![CDATA[NA]]>
              </value>
            </param>
            <param index="7">
              <value>
                <![CDATA[NA]]>
              </value>
            </param>
            <param index="8">
              <value>
                <![CDATA[]]>
              </value>
            </param>
            <param index="9">
              <value>
                <![CDATA[]]>
              </value>
            </param>
          </params>
          <reporter-output>
          </reporter-output>
        </test-method> <!-- getSteps -->
        <test-method status="PASS" signature="getSteps(java.lang.String, java.lang.String, java.lang.String, java.lang.String, java.lang.String, java.lang.String, java.lang.String, java.lang.String, java.lang.String, java.lang.String)[pri:0, instance:com.znodellc.admin9xqa.Znode9X.executor.Execute@d8355a8]" name="getSteps" duration-ms="21" started-at="2017-06-13T18:03:37Z" data-provider="hybridData" finished-at="2017-06-13T18:03:37Z">
          <params>
            <param index="0">
              <value>
                <![CDATA[Attribute Test8]]>
              </value>
            </param>
            <param index="1">
              <value>
                <![CDATA[38.0]]>
              </value>
            </param>
            <param index="2">
              <value>
                <![CDATA[Click on Add New]]>
              </value>
            </param>
            <param index="3">
              <value>
                <![CDATA[Click]]>
              </value>
            </param>
            <param index="4">
              <value>
                <![CDATA[Znode9X.addNew.addnewoption]]>
              </value>
            </param>
            <param index="5">
              <value>
                <![CDATA[NA]]>
              </value>
            </param>
            <param index="6">
              <value>
                <![CDATA[NA]]>
              </value>
            </param>
            <param index="7">
              <value>
                <![CDATA[NA]]>
              </value>
            </param>
            <param index="8">
              <value>
                <![CDATA[]]>
              </value>
            </param>
            <param index="9">
              <value>
                <![CDATA[]]>
              </value>
            </param>
          </params>
          <reporter-output>
          </reporter-output>
        </test-method> <!-- getSteps -->
        <test-method status="PASS" signature="getSteps(java.lang.String, java.lang.String, java.lang.String, java.lang.String, java.lang.String, java.lang.String, java.lang.String, java.lang.String, java.lang.String, java.lang.String)[pri:0, instance:com.znodellc.admin9xqa.Znode9X.executor.Execute@d8355a8]" name="getSteps" duration-ms="15" started-at="2017-06-13T18:03:37Z" data-provider="hybridData" finished-at="2017-06-13T18:03:37Z">
          <params>
            <param index="0">
              <value>
                <![CDATA[Attribute Test8]]>
              </value>
            </param>
            <param index="1">
              <value>
                <![CDATA[39.0]]>
              </value>
            </param>
            <param index="2">
              <value>
                <![CDATA[Select a Text Area dropdown from Attribute Type]]>
              </value>
            </param>
            <param index="3">
              <value>
                <![CDATA[DropDown]]>
              </value>
            </param>
            <param index="4">
              <value>
                <![CDATA[Znode9X.addNew.attributeType]]>
              </value>
            </param>
            <param index="5">
              <value>
                <![CDATA[Text Area]]>
              </value>
            </param>
            <param index="6">
              <value>
                <![CDATA[NA]]>
              </value>
            </param>
            <param index="7">
              <value>
                <![CDATA[NA]]>
              </value>
            </param>
            <param index="8">
              <value>
                <![CDATA[]]>
              </value>
            </param>
            <param index="9">
              <value>
                <![CDATA[]]>
              </value>
            </param>
          </params>
          <reporter-output>
          </reporter-output>
        </test-method> <!-- getSteps -->
        <test-method status="PASS" signature="getSteps(java.lang.String, java.lang.String, java.lang.String, java.lang.String, java.lang.String, java.lang.String, java.lang.String, java.lang.String, java.lang.String, java.lang.String)[pri:0, instance:com.znodellc.admin9xqa.Znode9X.executor.Execute@d8355a8]" name="getSteps" duration-ms="16" started-at="2017-06-13T18:03:37Z" data-provider="hybridData" finished-at="2017-06-13T18:03:37Z">
          <params>
            <param index="0">
              <value>
                <![CDATA[Attribute Test8]]>
              </value>
            </param>
            <param index="1">
              <value>
                <![CDATA[40.0]]>
              </value>
            </param>
            <param index="2">
              <value>
                <![CDATA[Enter value in Code field]]>
              </value>
            </param>
            <param index="3">
              <value>
                <![CDATA[SendKeys]]>
              </value>
            </param>
            <param index="4">
              <value>
                <![CDATA[Znode9X.addNew.code]]>
              </value>
            </param>
            <param index="5">
              <value>
                <![CDATA[Fabric]]>
              </value>
            </param>
            <param index="6">
              <value>
                <![CDATA[NA]]>
              </value>
            </param>
            <param index="7">
              <value>
                <![CDATA[NA]]>
              </value>
            </param>
            <param index="8">
              <value>
                <![CDATA[]]>
              </value>
            </param>
            <param index="9">
              <value>
                <![CDATA[]]>
              </value>
            </param>
          </params>
          <reporter-output>
          </reporter-output>
        </test-method> <!-- getSteps -->
        <test-method status="PASS" signature="getSteps(java.lang.String, java.lang.String, java.lang.String, java.lang.String, java.lang.String, java.lang.String, java.lang.String, java.lang.String, java.lang.String, java.lang.String)[pri:0, instance:com.znodellc.admin9xqa.Znode9X.executor.Execute@d8355a8]" name="getSteps" duration-ms="16" started-at="2017-06-13T18:03:37Z" data-provider="hybridData" finished-at="2017-06-13T18:03:37Z">
          <params>
            <param index="0">
              <value>
                <![CDATA[Attribute Test8]]>
              </value>
            </param>
            <param index="1">
              <value>
[...]
Driver info: org.openqa.selenium.chrome.ChromeDriver
Capabilities [{applicationCacheEnabled=false, rotatable=false, mobileEmulationEnabled=false, networkConnectionEnabled=false, chrome={chromedriverVersion=2.28.455520 (cc17746adff54984afff480136733114c6b3704b), userDataDir=C:\Users\SANA~1.AFR\AppData\Local\Temp\scoped_dir9252_20332}, takesHeapSnapshot=true, pageLoadStrategy=normal, databaseEnabled=false, handlesAlerts=true, hasTouchScreen=false, version=56.0.2924.87, platform=XP, browserConnectionEnabled=false, nativeEvents=true, acceptSslCerts=true, locationContextEnabled=true, webStorageEnabled=true, browserName=chrome, takesScreenshot=true, javascriptEnabled=true, cssSelectorsEnabled=true, unexpectedAlertBehaviour=}]
Session ID: 4ac66c7286d825f4d3f1790243e21168
*** Element info: {Using=id, value=dvSave}
	at sun.reflect.NativeConstructorAccessorImpl.newInstance0(Native Method)
	at sun.reflect.NativeConstructorAccessorImpl.newInstance(NativeConstructorAccessorImpl.java:62)
	at sun.reflect.DelegatingConstructorAccessorImpl.newInstance(DelegatingConstructorAccessorImpl.java:45)
	at java.lang.reflect.Constructor.newInstance(Constructor.java:423)
	at org.openqa.selenium.remote.ErrorHandler.createThrowable(ErrorHandler.java:216)
	at org.openqa.selenium.remote.ErrorHandler.throwIfResponseFailed(ErrorHandler.java:168)
	at org.openqa.selenium.remote.RemoteWebDriver.execute(RemoteWebDriver.java:638)
	at org.openqa.selenium.remote.RemoteWebDriver.findElement(RemoteWebDriver.java:371)
	at org.openqa.selenium.remote.RemoteWebDriver.findElementById(RemoteWebDriver.java:420)
	at org.openqa.selenium.By$ById.findElement(By.java:218)
	at org.openqa.selenium.remote.RemoteWebDriver.findElement(RemoteWebDriver.java:363)
	at com.znodellc.admin9xqa.Znode9X.baseScript.PropertiesFile.getLocator(PropertiesFile.java:36)
	at com.znodellc.admin9xqa.Znode9X.keywords.Click.clickAction(Click.java:17)
	at com.znodellc.admin9xqa.Znode9X.executor.ExecuteKeywords.ExecuteTheKeywords(ExecuteKeywords.java:36)
	at com.znodellc.admin9xqa.Znode9X.executor.Execute.getSteps(Execute.java:19)
	at sun.reflect.GeneratedMethodAccessor2.invoke(Unknown Source)
	at sun.reflect.DelegatingMethodAccessorImpl.invoke(DelegatingMethodAccessorImpl.java:43)
	at java.lang.reflect.Method.invoke(Method.java:498)
	at org.testng.internal.MethodInvocationHelper.invokeMethod(MethodInvocationHelper.java:104)
	at org.testng.internal.Invoker.invokeMethod(Invoker.java:645)
	at org.testng.internal.Invoker.invokeTestMethod(Invoker.java:851)
	at org.testng.internal.Invoker.invokeTestMethods(Invoker.java:1177)
	at org.testng.internal.TestMethodWorker.invokeTestMethods(TestMethodWorker.java:129)
	at org.testng.internal.TestMethodWorker.run(TestMethodWorker.java:112)
	at org.testng.TestRunner.privateRun(TestRunner.java:756)
	at org.testng.TestRunner.run(TestRunner.java:610)
	at org.testng.SuiteRunner.runTest(SuiteRunner.java:387)
	at org.testng.SuiteRunner.runSequentially(SuiteRunner.java:382)
	at org.testng.SuiteRunner.privateRun(SuiteRunner.java:340)
	at org.testng.SuiteRunner.run(SuiteRunner.java:289)
	at org.testng.SuiteRunnerWorker.runSuite(SuiteRunnerWorker.java:52)
	at org.testng.SuiteRunnerWorker.run(SuiteRunnerWorker.java:86)
	at org.testng.TestNG.runSuitesSequentially(TestNG.java:1293)
	at org.testng.TestNG.runSuitesLocally(TestNG.java:1218)
	at org.testng.TestNG.runSuites(TestNG.java:1133)
	at org.testng.TestNG.run(TestNG.java:1104)
	at org.testng.remote.AbstractRemoteTestNG.run(AbstractRemoteTestNG.java:132)
	at org.testng.remote.RemoteTestNG.initAndRun(RemoteTestNG.java:236)
	at org.testng.remote.RemoteTestNG.main(RemoteTestNG.java:81)
]]>
            </full-stacktrace>
          </exception> <!-- org.openqa.selenium.WebDriverException -->
          <reporter-output>
          </reporter-output>
        </test-method> <!-- getSteps -->
        <test-method status="FAIL" signature="getSteps(java.lang.String, java.lang.String, java.lang.String, java.lang.String, java.lang.String, java.lang.String, java.lang.String, java.lang.String, java.lang.String, java.lang.String)[pri:0, instance:com.znodellc.admin9xqa.Znode9X.executor.Execute@d8355a8]" name="getSteps" duration-ms="4085" started-at="2017-06-13T18:04:35Z" data-provider="hybridData" finished-at="2017-06-13T18:04:39Z">
          <params>
            <param index="0">
              <value>
                <![CDATA[Attribute Test11]]>
              </value>
            </param>
            <param index="1">
              <value>
                <![CDATA[81.0]]>
              </value>
            </param>
            <param index="2">
              <value>
                <![CDATA[Check for Validation]]>
              </value>
            </param>
            <param index="3">
              <value>
                <![CDATA[Assertion]]>
              </value>
            </param>
            <param index="4">
              <value>
                <![CDATA[Znode9X.addNew.saveValidation]]>
              </value>
            </param>
            <param index="5">
              <value>
                <![CDATA[Record created successfully.]]>
              </value>
            </param>
            <param index="6">
              <value>
                <![CDATA[NA]]>
              </value>
            </param>
            <param index="7">
              <value>
                <![CDATA[NA]]>
              </value>
            </param>
            <param index="8">
              <value>
                <![CDATA[]]>
              </value>
            </param>
            <param index="9">
              <value>
                <![CDATA[]]>
              </value>
            </param>
          </params>
          <exception class="org.openqa.selenium.WebDriverException">
            <message>
              <![CDATA[chrome not reachable
  (Session info: chrome=56.0.2924.87)
  (Driver info: chromedriver=2.28.455520 (cc17746adff54984afff480136733114c6b3704b),platform=Windows NT 10.0.14393 x86_64) (WARNING: The server did not provide any stacktrace information)
Command duration or timeout: 4.06 seconds
Build info: version: '3.3.1', revision: '5234b325d5', time: '2017-03-10 09:10:29 +0000'
System info: host: 'MSD001', ip: '172.17.2.178', os.name: 'Windows 10', os.arch: 'amd64', os.version: '10.0', java.version: '1.8.0_121'
Driver info: org.openqa.selenium.chrome.ChromeDriver
Capabilities [{applicationCacheEnabled=false, rotatable=false, mobileEmulationEnabled=false, networkConnectionEnabled=false, chrome={chromedriverVersion=2.28.455520 (cc17746adff54984afff480136733114c6b3704b), userDataDir=C:\Users\SANA~1.AFR\AppData\Local\Temp\scoped_dir9252_20332}, takesHeapSnapshot=true, pageLoadStrategy=normal, databaseEnabled=false, handlesAlerts=true, hasTouchScreen=false, version=56.0.2924.87, platform=XP, browserConnectionEnabled=false, nativeEvents=true, acceptSslCerts=true, locationContextEnabled=true, webStorageEnabled=true, browserName=chrome, takesScreenshot=true, javascriptEnabled=true, cssSelectorsEnabled=true, unexpectedAlertBehaviour=}]
Session ID: 4ac66c7286d825f4d3f1790243e21168
*** Element info: {Using=xpath, value=//p[@class='text-center']}]]>
            </message>
            <full-stacktrace>
              <![CDATA[org.openqa.selenium.WebDriverException: chrome not reachable
  (Session info: chrome=56.0.2924.87)
  (Driver info: chromedriver=2.28.455520 (cc17746adff54984afff480136733114c6b3704b),platform=Windows NT 10.0.14393 x86_64) (WARNING: The server did not provide any stacktrace information)
Command duration or timeout: 4.06 seconds
Build info: version: '3.3.1', revision: '5234b325d5', time: '2017-03-10 09:10:29 +0000'
System info: host: 'MSD001', ip: '172.17.2.178', os.name: 'Windows 10', os.arch: 'amd64', os.version: '10.0', java.version: '1.8.0_121'
Driver info: org.openqa.selenium.chrome.ChromeDriver
Capabilities [{applicationCacheEnabled=false, rotatable=false, mobileEmulationEnabled=false, networkConnectionEnabled=false, chrome={chromedriverVersion=2.28.455520 (cc17746adff54984afff480136733114c6b3704b), userDataDir=C:\Users\SANA~1.AFR\AppData\Local\Temp\scoped_dir9252_20332}, takesHeapSnapshot=true, pageLoadStrategy=normal, databaseEnabled=false, handlesAlerts=true, hasTouchScreen=false, version=56.0.2924.87, platform=XP, browserConnectionEnabled=false, nativeEvents=true, acceptSslCerts=true, locationContextEnabled=true, webStorageEnabled=true, browserName=chrome, takesScreenshot=true, javascriptEnabled=true, cssSelectorsEnabled=true, unexpectedAlertBehaviour=}]
Session ID: 4ac66c7286d825f4d3f1790243e21168
*** Element info: {Using=xpath, value=//p[@class='text-center']}
	at sun.reflect.NativeConstructorAccessorImpl.newInstance0(Native Method)
	at sun.reflect.NativeConstructorAccessorImpl.newInstance(NativeConstructorAccessorImpl.java:62)
	at sun.reflect.DelegatingConstructorAccessorImpl.newInstance(DelegatingConstructorAccessorImpl.java:45)
	at java.lang.reflect.Constructor.newInstance(Constructor.java:423)
	at org.openqa.selenium.remote.ErrorHandler.createThrowable(ErrorHandler.java:216)
	at org.openqa.selenium.remote.ErrorHandler.throwIfResponseFailed(ErrorHandler.java:168)
	at org.openqa.selenium.remote.RemoteWebDriver.execute(RemoteWebDriver.java:638)
	at org.openqa.selenium.remote.RemoteWebDriver.findElement(RemoteWebDriver.java:371)
	at org.openqa.selenium.remote.RemoteWebDriver.findElementByXPath(RemoteWebDriver.java:476)
	at org.openqa.selenium.By$ByXPath.findElement(By.java:361)
	at org.openqa.selenium.remote.RemoteWebDriver.findElement(RemoteWebDriver.java:363)
	at com.znodellc.admin9xqa.Znode9X.baseScript.PropertiesFile.getLocator(PropertiesFile.java:64)
	at com.znodellc.admin9xqa.Znode9X.keywords.Assertion.validateSuccesMsg(Assertion.java:19)
	at com.znodellc.admin9xqa.Znode9X.executor.ExecuteKeywords.ExecuteTheKeywords(ExecuteKeywords.java:41)
	at com.znodellc.admin9xqa.Znode9X.executor.Execute.getSteps(Execute.java:19)
	at sun.reflect.GeneratedMethodAccessor2.invoke(Unknown Source)
	at sun.reflect.DelegatingMethodAccessorImpl.invoke(DelegatingMethodAccessorImpl.java:43)
	at java.lang.reflect.Method.invoke(Method.java:498)
	at org.testng.internal.MethodInvocationHelper.invokeMethod(MethodInvocationHelper.java:104)
	at org.testng.internal.Invoker.invokeMethod(Invoker.java:645)
	at org.testng.internal.Invoker.invokeTestMethod(Invoker.java:851)
	at org.testng.internal.Invoker.invokeTestMethods(Invoker.java:1177)
	at org.testng.internal.TestMethodWorker.invokeTestMethods(TestMethodWorker.java:129)
	at org.testng.internal.TestMethodWorker.run(TestMethodWorker.java:112)
	at org.testng.TestRunner.privateRun(TestRunner.java:756)
	at org.testng.TestRunner.run(TestRunner.java:610)
	at org.testng.SuiteRunner.runTest(SuiteRunner.java:387)
	at org.testng.SuiteRunner.runSequentially(SuiteRunner.java:382)
	at org.testng.SuiteRunner.privateRun(SuiteRunner.java:340)
	at org.testng.SuiteRunner.run(SuiteRunner.java:289)
	at org.testng.SuiteRunnerWorker.runSuite(SuiteRunnerWorker.java:52)
	at org.testng.SuiteRunnerWorker.run(SuiteRunnerWorker.java:86)
	at org.testng.TestNG.runSuitesSequentially(TestNG.java:1293)
	at org.testng.TestNG.runSuitesLocally(TestNG.java:1218)
	at org.testng.TestNG.runSuites(TestNG.java:1133)
	at org.testng.TestNG.run(TestNG.java:1104)
	at org.testng.remote.AbstractRemoteTestNG.run(AbstractRemoteTestNG.java:132)
	at org.testng.remote.RemoteTestNG.initAndRun(RemoteTestNG.java:236)
	at org.testng.remote.RemoteTestNG.main(RemoteTestNG.java:81)
]]>
            </full-stacktrace>
          </exception> <!-- org.openqa.selenium.WebDriverException -->
          <reporter-output>
          </reporter-output>
        </test-method> <!-- getSteps -->
        <test-method status="FAIL" signature="getSteps(java.lang.String, java.lang.String, java.lang.String, java.lang.String, java.lang.String, java.lang.String, java.lang.String, java.lang.String, java.lang.String, java.lang.String)[pri:0, instance:com.znodellc.admin9xqa.Znode9X.executor.Execute@d8355a8]" name="getSteps" duration-ms="4112" started-at="2017-06-13T18:04:39Z" data-provider="hybridData" finished-at="2017-06-13T18:04:43Z">
          <params>
            <param index="0">
              <value>
                <![CDATA[Attribute Test11]]>
              </value>
            </param>
            <param index="1">
              <value>
                <![CDATA[82.0]]>
              </value>
            </param>
            <param index="2">
              <value>
                <![CDATA[Click on Cancel button]]>
              </value>
            </param>
            <param index="3">
              <value>
                <![CDATA[Click]]>
              </value>
            </param>
            <param index="4">
              <value>
                <![CDATA[Znode9X.addNew.cancel]]>
              </value>
            </param>
            <param index="5">
              <value>
                <![CDATA[NA]]>
              </value>
            </param>
            <param index="6">
              <value>
                <![CDATA[NA]]>
              </value>
            </param>
            <param index="7">
              <value>
                <![CDATA[NA]]>
              </value>
            </param>
            <param index="8">
              <value>
                <![CDATA[]]>
              </value>
            </param>
            <param index="9">
              <value>
                <![CDATA[]]>
              </value>
            </param>
          </params>
          <exception class="org.openqa.selenium.WebDriverException">
            <message>
              <![CDATA[chrome not reachable
  (Session info: chrome=56.0.2924.87)
  (Driver info: chromedriver=2.28.455520 (cc17746adff54984afff480136733114c6b3704b),platform=Windows NT 10.0.14393 x86_64) (WARNING: The server did not provide any stacktrace information)
Command duration or timeout: 4.08 seconds
Build info: version: '3.3.1', revision: '5234b325d5', time: '2017-03-10 09:10:29 +0000'
System info: host: 'MSD001', ip: '172.17.2.178', os.name: 'Windows 10', os.arch: 'amd64', os.version: '10.0', java.version: '1.8.0_121'
Driver info: org.openqa.selenium.chrome.ChromeDriver
Capabilities [{applicationCacheEnabled=false, rotatable=false, mobileEmulationEnabled=false, networkConnectionEnabled=false, chrome={chromedriverVersion=2.28.455520 (cc17746adff54984afff480136733114c6b3704b), userDataDir=C:\Users\SANA~1.AFR\AppData\Local\Temp\scoped_dir9252_20332}, takesHeapSnapshot=true, pageLoadStrategy=normal, databaseEnabled=false, handlesAlerts=true, hasTouchScreen=false, version=56.0.2924.87, platform=XP, browserConnectionEnabled=false, nativeEvents=true, acceptSslCerts=true, locationContextEnabled=true, webStorageEnabled=true, browserName=chrome, takesScreenshot=true, javascriptEnabled=true, cssSelectorsEnabled=true, unexpectedAlertBehaviour=}]
Session ID: 4ac66c7286d825f4d3f1790243e21168
*** Element info: {Using=xpath, value=(//a[@class='btn-text-icon'])[1]}]]>
            </message>
            <full-stacktrace>
              <![CDATA[org.openqa.selenium.WebDriverException: chrome not reachable
  (Session info: chrome=56.0.2924.87)
  (Driver info: chromedriver=2.28.455520 (cc17746adff54984afff480136733114c6b3704b),platform=Windows NT 10.0.14393 x86_64) (WARNING: The server did not provide any stacktrace information)
Command duration or timeout: 4.08 seconds
Build info: version: '3.3.1', revision: '5234b325d5', time: '2017-03-10 09:10:29 +0000'
System info: host: 'MSD001', ip: '172.17.2.178', os.name: 'Windows 10', os.arch: 'amd64', os.version: '10.0', java.version: '1.8.0_121'
Driver info: org.openqa.selenium.chrome.ChromeDriver
Capabilities [{applicationCacheEnabled=false, rotatable=false, mobileEmulationEnabled=false, networkConnectionEnabled=false, chrome={chromedriverVersion=2.28.455520 (cc17746adff54984afff480136733114c6b3704b), userDataDir=C:\Users\SANA~1.AFR\AppData\Local\Temp\scoped_dir9252_20332}, takesHeapSnapshot=true, pageLoadStrategy=normal, databaseEnabled=false, handlesAlerts=true, hasTouchScreen=false, version=56.0.2924.87, platform=XP, browserConnectionEnabled=false, nativeEvents=true, acceptSslCerts=true, locationContextEnabled=true, webStorageEnabled=true, browserName=chrome, takesScreenshot=true, javascriptEnabled=true, cssSelectorsEnabled=true, unexpectedAlertBehaviour=}]
Session ID: 4ac66c7286d825f4d3f1790243e21168
*** Element info: {Using=xpath, value=(//a[@class='btn-text-icon'])[1]}
	at sun.reflect.NativeConstructorAccessorImpl.newInstance0(Native Method)
	at sun.reflect.NativeConstructorAccessorImpl.newInstance(NativeConstructorAccessorImpl.java:62)
	at sun.reflect.DelegatingConstructorAccessorImpl.newInstance(DelegatingConstructorAccessorImpl.java:45)
	at java.lang.reflect.Constructor.newInstance(Constructor.java:423)
	at org.openqa.selenium.remote.ErrorHandler.createThrowable(ErrorHandler.java:216)
	at org.openqa.selenium.remote.ErrorHandler.throwIfResponseFailed(ErrorHandler.java:168)
	at org.openqa.selenium.remote.RemoteWebDriver.execute(RemoteWebDriver.java:638)
	at org.openqa.selenium.remote.RemoteWebDriver.findElement(RemoteWebDriver.java:371)
	at org.openqa.selenium.remote.RemoteWebDriver.findElementByXPath(RemoteWebDriver.java:476)
	at org.openqa.selenium.By$ByXPath.findElement(By.java:361)
	at org.openqa.selenium.remote.RemoteWebDriver.findElement(RemoteWebDriver.java:363)
	at com.znodellc.admin9xqa.Znode9X.baseScript.PropertiesFile.getLocator(PropertiesFile.java:64)
	at com.znodellc.admin9xqa.Znode9X.keywords.Click.clickAction(Click.java:17)
	at com.znodellc.admin9xqa.Znode9X.executor.ExecuteKeywords.ExecuteTheKeywords(ExecuteKeywords.java:36)
	at com.znodellc.admin9xqa.Znode9X.executor.Execute.getSteps(Execute.java:19)
	at sun.reflect.GeneratedMethodAccessor2.invoke(Unknown Source)
	at sun.reflect.DelegatingMethodAccessorImpl.invoke(DelegatingMethodAccessorImpl.java:43)
	at java.lang.reflect.Method.invoke(Method.java:498)
	at org.testng.internal.MethodInvocationHelper.invokeMethod(MethodInvocationHelper.java:104)
	at org.testng.internal.Invoker.invokeMethod(Invoker.java:645)
	at org.testng.internal.Invoker.invokeTestMethod(Invoker.java:851)
	at org.testng.internal.Invoker.invokeTestMethods(Invoker.java:1177)
	at org.testng.internal.TestMethodWorker.invokeTestMethods(TestMethodWorker.java:129)
	at org.testng.internal.TestMethodWorker.run(TestMethodWorker.java:112)
	at org.testng.TestRunner.privateRun(TestRunner.java:756)
	at org.testng.TestRunner.run(TestRunner.java:610)
	at org.testng.SuiteRunner.runTest(SuiteRunner.java:387)
	at org.testng.SuiteRunner.runSequentially(SuiteRunner.java:382)
	at org.testng.SuiteRunner.privateRun(SuiteRunner.java:340)
	at org.testng.SuiteRunner.run(SuiteRunner.java:289)
	at org.testng.SuiteRunnerWorker.runSuite(SuiteRunnerWorker.java:52)
	at org.testng.SuiteRunnerWorker.run(SuiteRunnerWorker.java:86)
	at org.testng.TestNG.runSuitesSequentially(TestNG.java:1293)
	at org.testng.TestNG.runSuitesLocally(TestNG.java:1218)
	at org.testng.TestNG.runSuites(TestNG.java:1133)
	at org.testng.TestNG.run(TestNG.java:1104)
	at org.testng.remote.AbstractRemoteTestNG.run(AbstractRemoteTestNG.java:132)
	at org.testng.remote.RemoteTestNG.initAndRun(RemoteTestNG.java:236)
	at org.testng.remote.RemoteTestNG.main(RemoteTestNG.java:81)
]]>
            </full-stacktrace>
          </exception> <!-- org.openqa.selenium.WebDriverException -->
          <reporter-output>
          </reporter-output>
        </test-method> <!-- getSteps -->
      </class> <!-- com.znodellc.admin9xqa.Znode9X.executor.Execute -->
    </test> <!-- Default test -->
  </suite> <!-- Default suite -->
</testng-results>
