<?xml version="1.0" encoding="UTF-8"?>
<!-- Generated by org.testng.reporters.JUnitXMLReporter -->
<testsuite hostname="MSD001" ignored="0" name="Default test" tests="5" failures="0" timestamp="05 Jun 2017 07:28:30 GMT" time="15.02" errors="0">
  <testcase name="getSteps" time="8.292" classname="Executor.Execute"/>
  <testcase name="getSteps" time="0.124" classname="Executor.Execute"/>
  <testcase name="getSteps" time="3.257" classname="Executor.Execute"/>
  <testcase name="getSteps" time="2.66" classname="Executor.Execute"/>
  <testcase name="getSteps" time="0.181" classname="Executor.Execute"/>
</testsuite> <!-- Default test -->
