<?xml version="1.0" encoding="UTF-8"?>
<testng-results skipped="0" failed="0" ignored="0" total="5" passed="5">
  <reporter-output>
  </reporter-output>
  <suite name="Default suite" duration-ms="25805" started-at="2017-06-01T10:22:16Z" finished-at="2017-06-01T10:22:41Z">
    <groups>
    </groups>
    <test name="Default test" duration-ms="25805" started-at="2017-06-01T10:22:16Z" finished-at="2017-06-01T10:22:41Z">
      <class name="Executor.Execute">
        <test-method status="PASS" signature="getSteps(java.lang.String, java.lang.String, java.lang.String, java.lang.String, java.lang.String, java.lang.String, java.lang.String, java.lang.String, java.lang.String, java.lang.String)[pri:0, instance:Executor.Execute@1e88b3c]" name="getSteps" duration-ms="14913" started-at="2017-06-01T15:52:16Z" data-provider="hybridData" finished-at="2017-06-01T15:52:31Z">
          <params>
            <param index="0">
              <value>
                <![CDATA[DemoTest]]>
              </value>
            </param>
            <param index="1">
              <value>
                <![CDATA[1.0]]>
              </value>
            </param>
            <param index="2">
              <value>
                <![CDATA[Open the Brower]]>
              </value>
            </param>
            <param index="3">
              <value>
                <![CDATA[LaunchBrowser]]>
              </value>
            </param>
            <param index="4">
              <value>
                <![CDATA[NA]]>
              </value>
            </param>
            <param index="5">
              <value>
                <![CDATA[http://admin9xqa.znodellc.com/]]>
              </value>
            </param>
            <param index="6">
              <value>
                <![CDATA[Chrome]]>
              </value>
            </param>
            <param index="7">
              <value>
                <![CDATA[admin@znode.com]]>
              </value>
            </param>
            <param index="8">
              <value>
                <![CDATA[admin12345]]>
              </value>
            </param>
            <param index="9">
              <value>
                <![CDATA[NA]]>
              </value>
            </param>
          </params>
          <reporter-output>
          </reporter-output>
        </test-method> <!-- getSteps -->
        <test-method status="PASS" signature="getSteps(java.lang.String, java.lang.String, java.lang.String, java.lang.String, java.lang.String, java.lang.String, java.lang.String, java.lang.String, java.lang.String, java.lang.String)[pri:0, instance:Executor.Execute@1e88b3c]" name="getSteps" duration-ms="109" started-at="2017-06-01T15:52:31Z" data-provider="hybridData" finished-at="2017-06-01T15:52:31Z">
          <params>
            <param index="0">
              <value>
                <![CDATA[DemoTest]]>
              </value>
            </param>
            <param index="1">
              <value>
                <![CDATA[2.0]]>
              </value>
            </param>
            <param index="2">
              <value>
                <![CDATA[Click on Menu icon]]>
              </value>
            </param>
            <param index="3">
              <value>
                <![CDATA[Click]]>
              </value>
            </param>
            <param index="4">
              <value>
                <![CDATA[//i[@class='z-nav-menu']]]>
              </value>
            </param>
            <param index="5">
              <value>
                <![CDATA[NA]]>
              </value>
            </param>
            <param index="6">
              <value>
                <![CDATA[NA]]>
              </value>
            </param>
            <param index="7">
              <value>
                <![CDATA[NA]]>
              </value>
            </param>
            <param index="8">
              <value>
                <![CDATA[NA]]>
              </value>
            </param>
            <param index="9">
              <value>
                <![CDATA[NA]]>
              </value>
            </param>
          </params>
          <reporter-output>
          </reporter-output>
        </test-method> <!-- getSteps -->
        <test-method status="PASS" signature="getSteps(java.lang.String, java.lang.String, java.lang.String, java.lang.String, java.lang.String, java.lang.String, java.lang.String, java.lang.String, java.lang.String, java.lang.String)[pri:0, instance:Executor.Execute@1e88b3c]" name="getSteps" duration-ms="7207" started-at="2017-06-01T15:52:31Z" data-provider="hybridData" finished-at="2017-06-01T15:52:38Z">
          <params>
            <param index="0">
              <value>
                <![CDATA[DemoTest]]>
              </value>
            </param>
            <param index="1">
              <value>
                <![CDATA[3.0]]>
              </value>
            </param>
            <param index="2">
              <value>
                <![CDATA[Click on Products in PIM Module]]>
              </value>
            </param>
            <param index="3">
              <value>
                <![CDATA[Click]]>
              </value>
            </param>
            <param index="4">
              <value>
                <![CDATA[//a[@id='20']]]>
              </value>
            </param>
            <param index="5">
              <value>
                <![CDATA[NA]]>
              </value>
            </param>
            <param index="6">
              <value>
                <![CDATA[NA]]>
              </value>
            </param>
            <param index="7">
              <value>
                <![CDATA[NA]]>
              </value>
            </param>
            <param index="8">
              <value>
                <![CDATA[NA]]>
              </value>
            </param>
            <param index="9">
              <value>
                <![CDATA[NA]]>
              </value>
            </param>
          </params>
          <reporter-output>
          </reporter-output>
        </test-method> <!-- getSteps -->
        <test-method status="PASS" signature="getSteps(java.lang.String, java.lang.String, java.lang.String, java.lang.String, java.lang.String, java.lang.String, java.lang.String, java.lang.String, java.lang.String, java.lang.String)[pri:0, instance:Executor.Execute@1e88b3c]" name="getSteps" duration-ms="2847" started-at="2017-06-01T15:52:38Z" data-provider="hybridData" finished-at="2017-06-01T15:52:41Z">
          <params>
            <param index="0">
              <value>
                <![CDATA[DemoTest]]>
              </value>
            </param>
            <param index="1">
              <value>
                <![CDATA[4.0]]>
              </value>
            </param>
            <param index="2">
              <value>
                <![CDATA[Click on Add New option in Products Page]]>
              </value>
            </param>
            <param index="3">
              <value>
                <![CDATA[Click]]>
              </value>
            </param>
            <param index="4">
              <value>
                <![CDATA[//a[@class='btn-text-icon']]]>
              </value>
            </param>
            <param index="5">
              <value>
                <![CDATA[NA]]>
              </value>
            </param>
            <param index="6">
              <value>
                <![CDATA[NA]]>
              </value>
            </param>
            <param index="7">
              <value>
                <![CDATA[NA]]>
              </value>
            </param>
            <param index="8">
              <value>
                <![CDATA[NA]]>
              </value>
            </param>
            <param index="9">
              <value>
                <![CDATA[NA]]>
              </value>
            </param>
          </params>
          <reporter-output>
          </reporter-output>
        </test-method> <!-- getSteps -->
        <test-method status="PASS" signature="getSteps(java.lang.String, java.lang.String, java.lang.String, java.lang.String, java.lang.String, java.lang.String, java.lang.String, java.lang.String, java.lang.String, java.lang.String)[pri:0, instance:Executor.Execute@1e88b3c]" name="getSteps" duration-ms="218" started-at="2017-06-01T15:52:41Z" data-provider="hybridData" finished-at="2017-06-01T15:52:41Z">
          <params>
            <param index="0">
              <value>
                <![CDATA[DemoTest]]>
              </value>
            </param>
            <param index="1">
              <value>
                <![CDATA[5.0]]>
              </value>
            </param>
            <param index="2">
              <value>
                <![CDATA[Enter Product Name in Add Product page]]>
              </value>
            </param>
            <param index="3">
              <value>
                <![CDATA[SendKeys]]>
              </value>
            </param>
            <param index="4">
              <value>
                <![CDATA[//input[@id='ProductName_11_0_0_1_attr']]]>
              </value>
            </param>
            <param index="5">
              <value>
                <![CDATA[Apple]]>
              </value>
            </param>
            <param index="6">
              <value>
                <![CDATA[NA]]>
              </value>
            </param>
            <param index="7">
              <value>
                <![CDATA[NA]]>
              </value>
            </param>
            <param index="8">
              <value>
                <![CDATA[NA]]>
              </value>
            </param>
            <param index="9">
              <value>
                <![CDATA[NA]]>
              </value>
            </param>
          </params>
          <reporter-output>
          </reporter-output>
        </test-method> <!-- getSteps -->
      </class> <!-- Executor.Execute -->
    </test> <!-- Default test -->
  </suite> <!-- Default suite -->
</testng-results>
